[      96ms] [LOG] [PostHog.js] send "$pageleave" {uuid: 019eeb7b-60f9-7b41-b523-bd52fd663591, event: $pageleave, properties: Object, timestamp: Sun Jun 21 2026 18:39:52 GMT+0000 (heure moyenne de Greenwich)} @ http://localhost:3001/_next/static/chunks/0twy_next_dist_0w53qog._.js:1385
[     100ms] [ERROR] Failed to load resource: the server responded with a status of 500 (Internal Server Error) @ http://localhost:3001/create?style=base-nova:0
[     222ms] [INFO] %cDownload the React DevTools for a better development experience: https://react.dev/link/react-devtools font-weight:bold @ http://localhost:3001/_next/static/chunks/0~2w_react-dom_0sbm542._.js:15305
[     232ms] [LOG] [PostHog.js] set_config {config: Object, oldConfig: Object, newConfig: Object} @ http://localhost:3001/_next/static/chunks/036~_posthog-js_dist_module_0ds7ukn.js:878
[     232ms] [LOG] [PostHog.js] Persistence loaded localStorage+cookie {distinct_id: 019eea13-5def-7b1c-975b-49305a733d4a, $sesid: Array(3), $initial_person_info: Object, $initialization_time: 2026-06-21T18:38:30.129Z, $configured_session_timeout_ms: 1800000} @ http://localhost:3001/_next/static/chunks/036~_posthog-js_dist_module_0ds7ukn.js:878
[     233ms] [LOG] [PostHog.js] Persistence loaded sessionStorage {$sdk_debug_extensions_init_method: synchronous, $sdk_debug_extensions_init_time_ms: 3, $referrer: $direct, $referring_domain: $direct} @ http://localhost:3001/_next/static/chunks/036~_posthog-js_dist_module_0ds7ukn.js:878
[     233ms] [LOG] [PostHog.js] Initializing extensions synchronously @ http://localhost:3001/_next/static/chunks/036~_posthog-js_dist_module_0ds7ukn.js:878
[     233ms] [LOG] [PostHog.js] History API monitoring enabled, starting... @ http://localhost:3001/_next/static/chunks/036~_posthog-js_dist_module_0ds7ukn.js:878
[     233ms] [LOG] [PostHog.js] [Heatmaps] starting... @ http://localhost:3001/_next/static/chunks/036~_posthog-js_dist_module_0ds7ukn.js:878
[     234ms] [LOG] [PostHog.js] [Web Vitals] enabled, starting... @ http://localhost:3001/_next/static/chunks/036~_posthog-js_dist_module_0ds7ukn.js:878
[     234ms] [LOG] [PostHog.js] [ExceptionAutocapture] enabled @ http://localhost:3001/_next/static/chunks/036~_posthog-js_dist_module_0ds7ukn.js:878
[     234ms] [LOG] [PostHog.js] [ExceptionAutocapture] enabled @ http://localhost:3001/_next/static/chunks/036~_posthog-js_dist_module_0ds7ukn.js:878
[     235ms] [LOG] [PostHog.js] Starting in debug mode {this: qo, config: Object, thisC: Object, p: Object, s: Object} @ http://localhost:3001/_next/static/chunks/036~_posthog-js_dist_module_0ds7ukn.js:878
[     248ms] Error: ./apps/www/src/styles/globals.css
Error evaluating Node.js code
CssSyntaxError: tailwindcss: /Users/macbook/Documents/lUlU/audio-ui/apps/www/src/styles/globals.css:1:1: Exceeded maximum recursion depth while resolving `./globals.css` in `/Users/macbook/Documents/lUlU/audio-ui/apps/www/src/styles`)
    [at Input.error (turbopack:///[project]/node_modules/.bun/postcss@8.4.31/node_modules/postcss/lib/input.js:106:16)]
    [at Root.error (turbopack:///[project]/node_modules/.bun/postcss@8.4.31/node_modules/postcss/lib/node.js:115:32)]
    [at Object.Once (/Users/macbook/Documents/lUlU/audio-ui/node_modules/.bun/@tailwindcss+postcss@4.1.18/node_modules/@tailwindcss/postcss/dist/index.js:10:6911)]
    [at async LazyResult.runAsync (turbopack:///[project]/node_modules/.bun/postcss@8.4.31/node_modules/postcss/lib/lazy-result.js:261:11)]
    [at async transform (turbopack:///[turbopack-node]/transforms/postcss.ts:70:34)]
    [at async run (turbopack:///[turbopack-node]/child_process/evaluate.ts:89:23)]

Import trace:
  Client Component Browser:
    ./apps/www/src/styles/globals.css [Client Component Browser]
    ./apps/www/src/app/layout.tsx [Server Component]


    at Object.getCompilationErrors (file:///Users/macbook/Documents/lUlU/audio-ui/node_modules/.bun/next@16.2.6+a8e167bbfea182cf/node_modules/next/dist/server/dev/hot-reloader-turbopack.js:1186:59)
    at DevBundlerService.getCompilationError (file:///Users/macbook/Documents/lUlU/audio-ui/node_modules/.bun/next@16.2.6+a8e167bbfea182cf/node_modules/next/dist/server/lib/dev-bundler-service.js:44:55)
    at DevServer.getCompilationError (file:///Users/macbook/Documents/lUlU/audio-ui/node_modules/.bun/next@16.2.6+a8e167bbfea182cf/node_modules/next/dist/server/dev/next-dev-server.js:720:42)
    at DevServer.findPageComponents (file:///Users/macbook/Documents/lUlU/audio-ui/node_modules/.bun/next@16.2.6+a8e167bbfea182cf/node_modules/next/dist/server/dev/next-dev-server.js:690:43)
    at async DevServer.renderErrorToResponseImpl (file:///Users/macbook/Documents/lUlU/audio-ui/node_modules/.bun/next@16.2.6+a8e167bbfea182cf/node_modules/next/dist/server/base-server.js:1753:26)
[     244ms] [LOG] [PostHog.js] send "$pageview" {uuid: 019eeb7b-618f-7bf5-8893-553cf3384522, event: $pageview, properties: Object, timestamp: Sun Jun 21 2026 18:39:52 GMT+0000 (heure moyenne de Greenwich)} @ http://localhost:3001/_next/static/chunks/0twy_next_dist_0w53qog._.js:1385
[     252ms] [LOG] [HMR] connected @ http://localhost:3001/_next/static/chunks/0twy_next_dist_0w53qog._.js:1385
[     263ms] [LOG] [PostHog.js] [Dead Clicks] starting... @ http://localhost:3001/_next/static/chunks/0twy_next_dist_0w53qog._.js:1385
[     264ms] [LOG] [PostHog.js] [RemoteConfig] __preview_remote_config is disabled. Logging config instead {analytics: Object, autocaptureExceptions: true, autocapture_opt_out: false, captureDeadClicks: false, capturePerformance: Object} @ http://localhost:3001/_next/static/chunks/0twy_next_dist_0w53qog._.js:1385
[     283ms] [ERROR] ./apps/www/src/styles/globals.css
Error evaluating Node.js code
CssSyntaxError: tailwindcss: /Users/macbook/Documents/lUlU/audio-ui/apps/www/src/styles/globals.css:1:1: Exceeded maximum recursion depth while resolving `./globals.css` in `/Users/macbook/Documents/lUlU/audio-ui/apps/www/src/styles`)
    [at Input.error (turbopack:///[project]/node_modules/.bun/postcss@8.4.31/node_modules/postcss/lib/input.js:106:16)]
    [at Root.error (turbopack:///[project]/node_modules/.bun/postcss@8.4.31/node_modules/postcss/lib/node.js:115:32)]
    [at Object.Once (/Users/macbook/Documents/lUlU/audio-ui/node_modules/.bun/@tailwindcss+postcss@4.1.18/node_modules/@tailwindcss/postcss/dist/index.js:10:6911)]
    [at async LazyResult.runAsync (turbopack:///[project]/node_modules/.bun/postcss@8.4.31/node_modules/postcss/lib/lazy-result.js:261:11)]
    [at async transform (turbopack:///[turbopack-node]/transforms/postcss.ts:70:34)]
    [at async run (turbopack:///[turbopack-node]/child_process/evaluate.ts:89:23)]

Import trace:
  Client Component Browser:
    ./apps/www/src/styles/globals.css [Client Component Browser]
    ./apps/www/src/app/layout.tsx [Server Component] @ http://localhost:3001/_next/static/chunks/0twy_next_dist_0w53qog._.js:2104
[     283ms] [ERROR] ./apps/www/src/styles/globals.css
Error evaluating Node.js code
CssSyntaxError: tailwindcss: /Users/macbook/Documents/lUlU/audio-ui/apps/www/src/styles/globals.css:1:1: Exceeded maximum recursion depth while resolving `./globals.css` in `/Users/macbook/Documents/lUlU/audio-ui/apps/www/src/styles`)
    [at Input.error (turbopack:///[project]/node_modules/.bun/postcss@8.4.31/node_modules/postcss/lib/input.js:106:16)]
    [at Root.error (turbopack:///[project]/node_modules/.bun/postcss@8.4.31/node_modules/postcss/lib/node.js:115:32)]
    [at Object.Once (/Users/macbook/Documents/lUlU/audio-ui/node_modules/.bun/@tailwindcss+postcss@4.1.18/node_modules/@tailwindcss/postcss/dist/index.js:10:6911)]
    [at async LazyResult.runAsync (turbopack:///[project]/node_modules/.bun/postcss@8.4.31/node_modules/postcss/lib/lazy-result.js:261:11)]
    [at async transform (turbopack:///[turbopack-node]/transforms/postcss.ts:70:34)]
    [at async run (turbopack:///[turbopack-node]/child_process/evaluate.ts:89:23)]

Import trace:
  Client Component Browser:
    ./apps/www/src/styles/globals.css [Client Component Browser]
    ./apps/www/src/app/layout.tsx [Server Component] @ http://localhost:3001/_next/static/chunks/0twy_next_dist_0w53qog._.js:2104
[     307ms] [ERROR] ./apps/www/src/styles/globals.css
Error evaluating Node.js code
CssSyntaxError: tailwindcss: /Users/macbook/Documents/lUlU/audio-ui/apps/www/src/styles/globals.css:1:1: Exceeded maximum recursion depth while resolving `./globals.css` in `/Users/macbook/Documents/lUlU/audio-ui/apps/www/src/styles`)
    [at Input.error (turbopack:///[project]/node_modules/.bun/postcss@8.4.31/node_modules/postcss/lib/input.js:106:16)]
    [at Root.error (turbopack:///[project]/node_modules/.bun/postcss@8.4.31/node_modules/postcss/lib/node.js:115:32)]
    [at Object.Once (/Users/macbook/Documents/lUlU/audio-ui/node_modules/.bun/@tailwindcss+postcss@4.1.18/node_modules/@tailwindcss/postcss/dist/index.js:10:6911)]
    [at async LazyResult.runAsync (turbopack:///[project]/node_modules/.bun/postcss@8.4.31/node_modules/postcss/lib/lazy-result.js:261:11)]
    [at async transform (turbopack:///[turbopack-node]/transforms/postcss.ts:70:34)]
    [at async run (turbopack:///[turbopack-node]/child_process/evaluate.ts:89:23)]

Import trace:
  Client Component Browser:
    ./apps/www/src/styles/globals.css [Client Component Browser]
    ./apps/www/src/app/layout.tsx [Server Component] @ http://localhost:3001/_next/static/chunks/0twy_next_dist_0w53qog._.js:2104
[     375ms] [LOG] [Fast Refresh] rebuilding @ http://localhost:3001/_next/static/chunks/0twy_next_dist_0w53qog._.js:1385
[     706ms] [LOG] [PostHog.js] Persistence loaded sessionStorage {$sdk_debug_extensions_init_method: synchronous, $sdk_debug_extensions_init_time_ms: 2, $referrer: $direct, $referring_domain: $direct} @ http://localhost:3001/_next/static/chunks/0twy_next_dist_0w53qog._.js:1385
[     707ms] [LOG] [PostHog.js] set_config {config: Object, oldConfig: Object, newConfig: Object} @ http://localhost:3001/_next/static/chunks/0twy_next_dist_0w53qog._.js:1385
[     707ms] [LOG] [PostHog.js] [ExceptionAutocapture] enabled @ http://localhost:3001/_next/static/chunks/0twy_next_dist_0w53qog._.js:1385
[     707ms] [LOG] [PostHog.js] [Surveys] flags response received, isSurveysEnabled: false @ http://localhost:3001/_next/static/chunks/0twy_next_dist_0w53qog._.js:1385
[     707ms] [LOG] [PostHog.js] [ExceptionAutocapture] enabled @ http://localhost:3001/_next/static/chunks/0twy_next_dist_0w53qog._.js:1385
[     712ms] [LOG] [PostHog.js] [Surveys] Surveys loaded successfully @ http://localhost:3001/_next/static/chunks/0twy_next_dist_0w53qog._.js:1385
[    5402ms] [LOG] [PostHog.js] send "$web_vitals" {uuid: 019eeb7b-75b4-7e1b-b35f-5adf2b5ee2b0, event: $web_vitals, properties: Object, timestamp: Sun Jun 21 2026 18:39:57 GMT+0000 (heure moyenne de Greenwich)} @ http://localhost:3001/_next/static/chunks/0twy_next_dist_0w53qog._.js:1385
[    7753ms] [ERROR] WebSocket connection to 'ws://localhost:3001/_next/webpack-hmr' failed: Error in connection establishment: net::ERR_CONNECTION_REFUSED @ http://localhost:3001/_next/static/chunks/0twy_next_dist_client_047gx5h._.js:2342
[    8408ms] [ERROR] Failed to load resource: net::ERR_CONNECTION_REFUSED @ http://localhost:3001/ingest/i/v0/e/?ip=0&_=1782067200368&ver=1.310.1&compression=gzip-js:0
[    8409ms] [ERROR] [PostHog.js] TypeError: Failed to fetch
    at method (http://localhost:3001/_next/static/chunks/036~_posthog-js_dist_module_0ds7ukn.js:3106:9)
    at http://localhost:3001/_next/static/chunks/036~_posthog-js_dist_module_0ds7ukn.js:5682:13
    at qo._send_request (http://localhost:3001/_next/static/chunks/036~_posthog-js_dist_module_0ds7ukn.js:5683:11)
    at go.retriableRequest (http://localhost:3001/_next/static/chunks/036~_posthog-js_dist_module_0ds7ukn.js:4700:29)
    at qo.Kr (http://localhost:3001/_next/static/chunks/036~_posthog-js_dist_module_0ds7ukn.js:5692:27)
    at fo.Te (http://localhost:3001/_next/static/chunks/036~_posthog-js_dist_module_0ds7ukn.js:5531:40)
    at e (http://localhost:3001/_next/static/chunks/036~_posthog-js_dist_module_0ds7ukn.js:4663:27)
    at http://localhost:3001/_next/static/chunks/036~_posthog-js_dist_module_0ds7ukn.js:4665:32 @ http://localhost:3001/_next/static/chunks/0twy_next_dist_0w53qog._.js:2104
[    8409ms] [WARNING] [PostHog.js] Enqueued failed request for retry in 2865 @ http://localhost:3001/_next/static/chunks/0twy_next_dist_0w53qog._.js:1385
[    8410ms] [ERROR] WebSocket is already in CLOSING or CLOSED state. @ http://localhost:3001/_next/static/chunks/0twy_next_dist_0w53qog._.js:1744
[    8756ms] [ERROR] WebSocket connection to 'ws://localhost:3001/_next/webpack-hmr' failed: Error in connection establishment: net::ERR_CONNECTION_REFUSED @ http://localhost:3001/_next/static/chunks/0twy_next_dist_client_047gx5h._.js:2342
[    9758ms] [ERROR] WebSocket connection to 'ws://localhost:3001/_next/webpack-hmr' failed: Error in connection establishment: net::ERR_CONNECTION_REFUSED @ http://localhost:3001/_next/static/chunks/0twy_next_dist_client_047gx5h._.js:2342
[   10760ms] [ERROR] WebSocket connection to 'ws://localhost:3001/_next/webpack-hmr' failed: Error in connection establishment: net::ERR_CONNECTION_REFUSED @ http://localhost:3001/_next/static/chunks/0twy_next_dist_client_047gx5h._.js:2342
[   11413ms] [ERROR] Failed to load resource: net::ERR_CONNECTION_REFUSED @ http://localhost:3001/ingest/i/v0/e/?retry_count=1&ip=0&_=1782067203374&ver=1.310.1&compression=gzip-js:0
[   11413ms] [ERROR] [PostHog.js] TypeError: Failed to fetch
    at method (http://localhost:3001/_next/static/chunks/036~_posthog-js_dist_module_0ds7ukn.js:3106:9)
    at http://localhost:3001/_next/static/chunks/036~_posthog-js_dist_module_0ds7ukn.js:5682:13
    at qo._send_request (http://localhost:3001/_next/static/chunks/036~_posthog-js_dist_module_0ds7ukn.js:5683:11)
    at go.retriableRequest (http://localhost:3001/_next/static/chunks/036~_posthog-js_dist_module_0ds7ukn.js:4700:29)
    at go.Lt (http://localhost:3001/_next/static/chunks/036~_posthog-js_dist_module_0ds7ukn.js:4730:81)
    at http://localhost:3001/_next/static/chunks/036~_posthog-js_dist_module_0ds7ukn.js:4725:51 @ http://localhost:3001/_next/static/chunks/0twy_next_dist_0w53qog._.js:2104
[   11413ms] [WARNING] [PostHog.js] Enqueued failed request for retry in 5626 @ http://localhost:3001/_next/static/chunks/0twy_next_dist_0w53qog._.js:1385
[   11414ms] [ERROR] WebSocket is already in CLOSING or CLOSED state. @ http://localhost:3001/_next/static/chunks/0twy_next_dist_0w53qog._.js:1744
[   11764ms] [ERROR] WebSocket connection to 'ws://localhost:3001/_next/webpack-hmr' failed: Error in connection establishment: net::ERR_CONNECTION_REFUSED @ http://localhost:3001/_next/static/chunks/0twy_next_dist_client_047gx5h._.js:2342
[   16767ms] [ERROR] WebSocket connection to 'ws://localhost:3001/_next/webpack-hmr' failed: Error in connection establishment: net::ERR_CONNECTION_REFUSED @ http://localhost:3001/_next/static/chunks/0twy_next_dist_client_047gx5h._.js:2342
[   21773ms] [LOG] [HMR] connected @ http://localhost:3001/_next/static/chunks/0twy_next_dist_0w53qog._.js:1385
[   35453ms] [LOG] [PostHog.js] send "$pageleave" {uuid: 019eeb7b-eb10-745d-82de-96fac002e0bd, event: $pageleave, properties: Object, timestamp: Sun Jun 21 2026 18:40:27 GMT+0000 (heure moyenne de Greenwich)} @ http://localhost:3001/_next/static/chunks/0twy_next_dist_0w53qog._.js:1385
[   36483ms] [LOG] [PostHog.js] set_config {config: Object, oldConfig: Object, newConfig: Object} @ http://localhost:3001/_next/static/chunks/036~_posthog-js_dist_module_0gzr43h.js:878
[   36485ms] [LOG] [PostHog.js] Persistence loaded localStorage+cookie {distinct_id: 019eea13-5def-7b1c-975b-49305a733d4a, $sesid: Array(3), $initial_person_info: Object, $initialization_time: 2026-06-21T18:39:52.196Z, $configured_session_timeout_ms: 1800000} @ http://localhost:3001/_next/static/chunks/036~_posthog-js_dist_module_0gzr43h.js:878
[   36489ms] [LOG] [PostHog.js] Persistence loaded sessionStorage {$sdk_debug_extensions_init_method: synchronous, $sdk_debug_extensions_init_time_ms: 2, $referrer: $direct, $referring_domain: $direct} @ http://localhost:3001/_next/static/chunks/036~_posthog-js_dist_module_0gzr43h.js:878
[   36491ms] [LOG] [PostHog.js] Initializing extensions synchronously @ http://localhost:3001/_next/static/chunks/036~_posthog-js_dist_module_0gzr43h.js:878
[   36491ms] [LOG] [PostHog.js] History API monitoring enabled, starting... @ http://localhost:3001/_next/static/chunks/036~_posthog-js_dist_module_0gzr43h.js:878
[   36492ms] [LOG] [PostHog.js] [Heatmaps] starting... @ http://localhost:3001/_next/static/chunks/036~_posthog-js_dist_module_0gzr43h.js:878
[   36494ms] [LOG] [PostHog.js] [Web Vitals] enabled, starting... @ http://localhost:3001/_next/static/chunks/036~_posthog-js_dist_module_0gzr43h.js:878
[   36495ms] [LOG] [PostHog.js] [ExceptionAutocapture] enabled @ http://localhost:3001/_next/static/chunks/036~_posthog-js_dist_module_0gzr43h.js:878
[   36496ms] [LOG] [PostHog.js] [ExceptionAutocapture] enabled @ http://localhost:3001/_next/static/chunks/036~_posthog-js_dist_module_0gzr43h.js:878
[   36496ms] [LOG] [PostHog.js] Starting in debug mode {this: qo, config: Object, thisC: Object, p: Object, s: Object} @ http://localhost:3001/_next/static/chunks/036~_posthog-js_dist_module_0gzr43h.js:878
[   36501ms] [LOG] [Client Instrumentation Hook] Slow execution detected: 36ms (Note: Code download overhead is not included in this measurement) @ http://localhost:3001/_next/static/chunks/0twy_next_dist_06yi1o8._.js:1690
[   36551ms] [INFO] %cDownload the React DevTools for a better development experience: https://react.dev/link/react-devtools font-weight:bold @ http://localhost:3001/_next/static/chunks/0twy_next_dist_06yi1o8._.js:2482
[   36674ms] [LOG] [PostHog.js] send "$pageview" {uuid: 019eeb7b-efdc-7751-a1c1-65f811346d5d, event: $pageview, properties: Object, timestamp: Sun Jun 21 2026 18:40:28 GMT+0000 (heure moyenne de Greenwich)} @ http://localhost:3001/_next/static/chunks/0twy_next_dist_06yi1o8._.js:2482
[   36870ms] [LOG] [HMR] connected @ http://localhost:3001/_next/static/chunks/0twy_next_dist_06yi1o8._.js:2482
[   38701ms] [LOG] [PostHog.js] Persistence loaded sessionStorage {$sdk_debug_extensions_init_method: synchronous, $sdk_debug_extensions_init_time_ms: 5, $referrer: $direct, $referring_domain: $direct} @ http://localhost:3001/_next/static/chunks/0twy_next_dist_06yi1o8._.js:2482
[   38701ms] [LOG] [PostHog.js] set_config {config: Object, oldConfig: Object, newConfig: Object} @ http://localhost:3001/_next/static/chunks/0twy_next_dist_06yi1o8._.js:2482
[   38701ms] [LOG] [PostHog.js] [ExceptionAutocapture] enabled @ http://localhost:3001/_next/static/chunks/0twy_next_dist_06yi1o8._.js:2482
[   38702ms] [LOG] [PostHog.js] [Surveys] flags response received, isSurveysEnabled: false @ http://localhost:3001/_next/static/chunks/0twy_next_dist_06yi1o8._.js:2482
[   38702ms] [LOG] [PostHog.js] [Web Vitals] enabled, starting... @ http://localhost:3001/_next/static/chunks/0twy_next_dist_06yi1o8._.js:2482
[   38702ms] [LOG] [PostHog.js] [ExceptionAutocapture] enabled @ http://localhost:3001/_next/static/chunks/0twy_next_dist_06yi1o8._.js:2482
[   39360ms] [LOG] [PostHog.js] [Dead Clicks] starting... @ http://localhost:3001/_next/static/chunks/0twy_next_dist_06yi1o8._.js:2482
[   39362ms] [LOG] [PostHog.js] [RemoteConfig] __preview_remote_config is disabled. Logging config instead {analytics: Object, autocaptureExceptions: true, autocapture_opt_out: false, captureDeadClicks: false, capturePerformance: Object} @ http://localhost:3001/_next/static/chunks/0twy_next_dist_06yi1o8._.js:2482
[   39418ms] [LOG] [PostHog.js] [Surveys] Surveys loaded successfully @ http://localhost:3001/_next/static/chunks/0twy_next_dist_06yi1o8._.js:2482
[   39625ms] [LOG] [Fast Refresh] rebuilding @ http://localhost:3001/_next/static/chunks/0twy_next_dist_06yi1o8._.js:2482
[   40636ms] [LOG] [Fast Refresh] done in 1118ms @ http://localhost:3001/_next/static/chunks/0twy_next_dist_06yi1o8._.js:2482
[   40955ms] [LOG] [Fast Refresh] rebuilding @ http://localhost:3001/_next/static/chunks/0twy_next_dist_06yi1o8._.js:2482
[   41336ms] [LOG] [Fast Refresh] done in 694ms @ http://localhost:3001/_next/static/chunks/0twy_next_dist_06yi1o8._.js:2482
[   41440ms] [LOG] [Fast Refresh] rebuilding @ http://localhost:3001/_next/static/chunks/0twy_next_dist_06yi1o8._.js:2482
[   42212ms] [LOG] [Fast Refresh] done in 874ms @ http://localhost:3001/_next/static/chunks/0twy_next_dist_06yi1o8._.js:2482
[   44366ms] [LOG] [PostHog.js] send "$web_vitals" {uuid: 019eeb7c-0de8-73d7-8736-f6e91df397e2, event: $web_vitals, properties: Object, timestamp: Sun Jun 21 2026 18:40:36 GMT+0000 (heure moyenne de Greenwich)} @ http://localhost:3001/_next/static/chunks/0twy_next_dist_06yi1o8._.js:2482
[   61495ms] [LOG] [PostHog.js] send "$$heatmap" {uuid: 019eeb7c-50d2-78ca-b961-ee8a80977403, event: $$heatmap, properties: Object, timestamp: Sun Jun 21 2026 18:40:53 GMT+0000 (heure moyenne de Greenwich)} @ http://localhost:3001/_next/static/chunks/0twy_next_dist_06yi1o8._.js:2482
[   65727ms] [LOG] [Fast Refresh] rebuilding @ http://localhost:3001/_next/static/chunks/0twy_next_dist_06yi1o8._.js:2482
[   65967ms] [LOG] [Fast Refresh] done in 233ms @ http://localhost:3001/_next/static/chunks/0twy_next_dist_06yi1o8._.js:2482
[   66298ms] [LOG] [Fast Refresh] rebuilding @ http://localhost:3001/_next/static/chunks/0twy_next_dist_06yi1o8._.js:2482
[   66327ms] [LOG] [Fast Refresh] done in 129ms @ http://localhost:3001/_next/static/chunks/0twy_next_dist_06yi1o8._.js:2482
[   66501ms] [LOG] [PostHog.js] send "$$heatmap" {uuid: 019eeb7c-6460-799f-8da9-a708b3929d92, event: $$heatmap, properties: Object, timestamp: Sun Jun 21 2026 18:40:58 GMT+0000 (heure moyenne de Greenwich)} @ http://localhost:3001/_next/static/chunks/0twy_next_dist_06yi1o8._.js:2482
