[      96ms] [LOG] [PostHog.js] send "$pageleave" {uuid: 019eeaaf-dce9-7754-9eba-1737c42e8b20, event: $pageleave, properties: Object, timestamp: Sun Jun 21 2026 14:57:34 GMT+0000 (heure moyenne de Greenwich)} @ http://localhost:3001/_next/static/chunks/0twy_next_dist_06yi1o8._.js:2482
[     182ms] [LOG] [PostHog.js] set_config {config: Object, oldConfig: Object, newConfig: Object} @ http://localhost:3001/_next/static/chunks/036~_posthog-js_dist_module_0gzr43h.js:878
[     182ms] [LOG] [PostHog.js] Persistence loaded localStorage+cookie {distinct_id: 019eea13-5def-7b1c-975b-49305a733d4a, $sesid: Array(3), $initial_person_info: Object, $initialization_time: 2026-06-21T14:57:07.891Z, $configured_session_timeout_ms: 1800000} @ http://localhost:3001/_next/static/chunks/036~_posthog-js_dist_module_0gzr43h.js:878
[     184ms] [LOG] [PostHog.js] Persistence loaded sessionStorage {$sdk_debug_extensions_init_method: synchronous, $sdk_debug_extensions_init_time_ms: 2, $referrer: $direct, $referring_domain: $direct} @ http://localhost:3001/_next/static/chunks/036~_posthog-js_dist_module_0gzr43h.js:878
[     184ms] [LOG] [PostHog.js] Initializing extensions synchronously @ http://localhost:3001/_next/static/chunks/036~_posthog-js_dist_module_0gzr43h.js:878
[     184ms] [LOG] [PostHog.js] History API monitoring enabled, starting... @ http://localhost:3001/_next/static/chunks/036~_posthog-js_dist_module_0gzr43h.js:878
[     184ms] [LOG] [PostHog.js] [Heatmaps] starting... @ http://localhost:3001/_next/static/chunks/036~_posthog-js_dist_module_0gzr43h.js:878
[     185ms] [LOG] [PostHog.js] [Web Vitals] enabled, starting... @ http://localhost:3001/_next/static/chunks/036~_posthog-js_dist_module_0gzr43h.js:878
[     185ms] [LOG] [PostHog.js] [ExceptionAutocapture] enabled @ http://localhost:3001/_next/static/chunks/036~_posthog-js_dist_module_0gzr43h.js:878
[     185ms] [LOG] [PostHog.js] [ExceptionAutocapture] enabled @ http://localhost:3001/_next/static/chunks/036~_posthog-js_dist_module_0gzr43h.js:878
[     185ms] [LOG] [PostHog.js] Starting in debug mode {this: qo, config: Object, thisC: Object, p: Object, s: Object} @ http://localhost:3001/_next/static/chunks/036~_posthog-js_dist_module_0gzr43h.js:878
[     189ms] [INFO] %cDownload the React DevTools for a better development experience: https://react.dev/link/react-devtools font-weight:bold @ http://localhost:3001/_next/static/chunks/0twy_next_dist_06yi1o8._.js:2482
[     201ms] [LOG] [PostHog.js] [Dead Clicks] starting... @ http://localhost:3001/_next/static/chunks/0twy_next_dist_06yi1o8._.js:2482
[     202ms] [LOG] [PostHog.js] [RemoteConfig] __preview_remote_config is disabled. Logging config instead {analytics: Object, autocaptureExceptions: true, autocapture_opt_out: false, captureDeadClicks: false, capturePerformance: Object} @ http://localhost:3001/_next/static/chunks/0twy_next_dist_06yi1o8._.js:2482
[     211ms] [LOG] [PostHog.js] send "$pageview" {uuid: 019eeaaf-dd5b-7d48-8f6e-8e931045040f, event: $pageview, properties: Object, timestamp: Sun Jun 21 2026 14:57:34 GMT+0000 (heure moyenne de Greenwich)} @ http://localhost:3001/_next/static/chunks/0twy_next_dist_06yi1o8._.js:2482
[     243ms] [LOG] [HMR] connected @ http://localhost:3001/_next/static/chunks/0twy_next_dist_06yi1o8._.js:2482
[     745ms] [LOG] [PostHog.js] Persistence loaded sessionStorage {$sdk_debug_extensions_init_method: synchronous, $sdk_debug_extensions_init_time_ms: 1, $referrer: $direct, $referring_domain: $direct} @ http://localhost:3001/_next/static/chunks/0twy_next_dist_06yi1o8._.js:2482
[     745ms] [LOG] [PostHog.js] set_config {config: Object, oldConfig: Object, newConfig: Object} @ http://localhost:3001/_next/static/chunks/0twy_next_dist_06yi1o8._.js:2482
[     745ms] [LOG] [PostHog.js] [ExceptionAutocapture] enabled @ http://localhost:3001/_next/static/chunks/0twy_next_dist_06yi1o8._.js:2482
[     746ms] [LOG] [PostHog.js] [Surveys] flags response received, isSurveysEnabled: false @ http://localhost:3001/_next/static/chunks/0twy_next_dist_06yi1o8._.js:2482
[     746ms] [LOG] [PostHog.js] [ExceptionAutocapture] enabled @ http://localhost:3001/_next/static/chunks/0twy_next_dist_06yi1o8._.js:2482
[     747ms] [LOG] [PostHog.js] [Surveys] Surveys loaded successfully @ http://localhost:3001/_next/static/chunks/0twy_next_dist_06yi1o8._.js:2482
[    5216ms] [LOG] [PostHog.js] send "$web_vitals" {uuid: 019eeaaf-f0e8-78c5-9680-f4a18032782b, event: $web_vitals, properties: Object, timestamp: Sun Jun 21 2026 14:57:39 GMT+0000 (heure moyenne de Greenwich)} @ http://localhost:3001/_next/static/chunks/0twy_next_dist_06yi1o8._.js:2482
[   90187ms] [LOG] [PostHog.js] send "$$heatmap" {uuid: 019eeab1-3cd3-7e71-b8b1-0e18d02ac2f6, event: $$heatmap, properties: Object, timestamp: Sun Jun 21 2026 14:59:04 GMT+0000 (heure moyenne de Greenwich)} @ http://localhost:3001/_next/static/chunks/0twy_next_dist_06yi1o8._.js:2482
[   95189ms] [LOG] [PostHog.js] send "$$heatmap" {uuid: 019eeab1-505c-79c5-8092-a27059692010, event: $$heatmap, properties: Object, timestamp: Sun Jun 21 2026 14:59:09 GMT+0000 (heure moyenne de Greenwich)} @ http://localhost:3001/_next/static/chunks/0twy_next_dist_06yi1o8._.js:2482
[  100187ms] [LOG] [PostHog.js] send "$$heatmap" {uuid: 019eeab1-63e4-791e-9ccf-926d743d6944, event: $$heatmap, properties: Object, timestamp: Sun Jun 21 2026 14:59:14 GMT+0000 (heure moyenne de Greenwich)} @ http://localhost:3001/_next/static/chunks/0twy_next_dist_06yi1o8._.js:2482
[  102630ms] [LOG] [PostHog.js] send "$web_vitals" {uuid: 019eeab1-6d6f-72bc-8770-ea5f0a909a1d, event: $web_vitals, properties: Object, timestamp: Sun Jun 21 2026 14:59:16 GMT+0000 (heure moyenne de Greenwich)} @ http://localhost:3001/_next/static/chunks/0twy_next_dist_06yi1o8._.js:2482
[  105187ms] [LOG] [PostHog.js] send "$$heatmap" {uuid: 019eeab1-776b-7756-8450-cc990697dd29, event: $$heatmap, properties: Object, timestamp: Sun Jun 21 2026 14:59:19 GMT+0000 (heure moyenne de Greenwich)} @ http://localhost:3001/_next/static/chunks/0twy_next_dist_06yi1o8._.js:2482
[  120186ms] [LOG] [PostHog.js] send "$$heatmap" {uuid: 019eeab1-b203-7d15-a85c-30f93197079c, event: $$heatmap, properties: Object, timestamp: Sun Jun 21 2026 14:59:34 GMT+0000 (heure moyenne de Greenwich)} @ http://localhost:3001/_next/static/chunks/0twy_next_dist_06yi1o8._.js:2482
[  120573ms] [LOG] [PostHog.js] send "$autocapture" {uuid: 019eeab1-b386-76e2-b6bf-6b061634cec0, event: $autocapture, properties: Object, timestamp: Sun Jun 21 2026 14:59:34 GMT+0000 (heure moyenne de Greenwich)} @ http://localhost:3001/_next/static/chunks/0twy_next_dist_06yi1o8._.js:2482
[  125186ms] [LOG] [PostHog.js] send "$$heatmap" {uuid: 019eeab1-c58b-7d53-8af5-8e8ea42255d7, event: $$heatmap, properties: Object, timestamp: Sun Jun 21 2026 14:59:39 GMT+0000 (heure moyenne de Greenwich)} @ http://localhost:3001/_next/static/chunks/0twy_next_dist_06yi1o8._.js:2482
[  128105ms] [LOG] [Fast Refresh] rebuilding @ http://localhost:3001/_next/static/chunks/0twy_next_dist_06yi1o8._.js:2482
[  128192ms] [LOG] [Fast Refresh] done in 67ms @ http://localhost:3001/_next/static/chunks/0twy_next_dist_06yi1o8._.js:2482
[  130187ms] [LOG] [PostHog.js] send "$$heatmap" {uuid: 019eeab1-d913-7bb1-ae9e-82104a9e4f1a, event: $$heatmap, properties: Object, timestamp: Sun Jun 21 2026 14:59:44 GMT+0000 (heure moyenne de Greenwich)} @ http://localhost:3001/_next/static/chunks/0twy_next_dist_06yi1o8._.js:2482
[  135186ms] [LOG] [PostHog.js] send "$$heatmap" {uuid: 019eeab1-ec9a-7c58-9e72-02e231098eae, event: $$heatmap, properties: Object, timestamp: Sun Jun 21 2026 14:59:49 GMT+0000 (heure moyenne de Greenwich)} @ http://localhost:3001/_next/static/chunks/0twy_next_dist_06yi1o8._.js:2482
[  140185ms] [LOG] [PostHog.js] send "$$heatmap" {uuid: 019eeab2-0022-777d-b807-c195873260c4, event: $$heatmap, properties: Object, timestamp: Sun Jun 21 2026 14:59:54 GMT+0000 (heure moyenne de Greenwich)} @ http://localhost:3001/_next/static/chunks/0twy_next_dist_06yi1o8._.js:2482
[  145186ms] [LOG] [PostHog.js] send "$$heatmap" {uuid: 019eeab2-13aa-706b-b8e4-f0790aec4f36, event: $$heatmap, properties: Object, timestamp: Sun Jun 21 2026 14:59:59 GMT+0000 (heure moyenne de Greenwich)} @ http://localhost:3001/_next/static/chunks/0twy_next_dist_06yi1o8._.js:2482
[  150186ms] [LOG] [PostHog.js] send "$$heatmap" {uuid: 019eeab2-2733-71e4-818c-ef23be86634a, event: $$heatmap, properties: Object, timestamp: Sun Jun 21 2026 15:00:04 GMT+0000 (heure moyenne de Greenwich)} @ http://localhost:3001/_next/static/chunks/0twy_next_dist_06yi1o8._.js:2482
[  163141ms] [LOG] [Fast Refresh] rebuilding @ http://localhost:3001/_next/static/chunks/0twy_next_dist_06yi1o8._.js:2482
[  163185ms] [LOG] [Fast Refresh] done in 67ms @ http://localhost:3001/_next/static/chunks/0twy_next_dist_06yi1o8._.js:2482
[  165187ms] [LOG] [PostHog.js] send "$$heatmap" {uuid: 019eeab2-61cb-7699-a7e0-6516df12f857, event: $$heatmap, properties: Object, timestamp: Sun Jun 21 2026 15:00:19 GMT+0000 (heure moyenne de Greenwich)} @ http://localhost:3001/_next/static/chunks/0twy_next_dist_06yi1o8._.js:2482
[  170187ms] [LOG] [PostHog.js] send "$$heatmap" {uuid: 019eeab2-7552-7786-af76-77fc5bc156de, event: $$heatmap, properties: Object, timestamp: Sun Jun 21 2026 15:00:24 GMT+0000 (heure moyenne de Greenwich)} @ http://localhost:3001/_next/static/chunks/0twy_next_dist_06yi1o8._.js:2482
[  175187ms] [LOG] [PostHog.js] send "$$heatmap" {uuid: 019eeab2-88db-7c90-aeff-abbd03b8538a, event: $$heatmap, properties: Object, timestamp: Sun Jun 21 2026 15:00:29 GMT+0000 (heure moyenne de Greenwich)} @ http://localhost:3001/_next/static/chunks/0twy_next_dist_06yi1o8._.js:2482
[  178724ms] [LOG] [Fast Refresh] rebuilding @ http://localhost:3001/_next/static/chunks/0twy_next_dist_06yi1o8._.js:2482
[  178767ms] [LOG] [Fast Refresh] done in 57ms @ http://localhost:3001/_next/static/chunks/0twy_next_dist_06yi1o8._.js:2482
[  184213ms] [LOG] [Fast Refresh] rebuilding @ http://localhost:3001/_next/static/chunks/0twy_next_dist_06yi1o8._.js:2482
[  184284ms] [LOG] [Fast Refresh] done in 52ms @ http://localhost:3001/_next/static/chunks/0twy_next_dist_06yi1o8._.js:2482
[  185191ms] [LOG] [PostHog.js] send "$$heatmap" {uuid: 019eeab2-afef-78b8-b495-ecd1d2a0d252, event: $$heatmap, properties: Object, timestamp: Sun Jun 21 2026 15:00:39 GMT+0000 (heure moyenne de Greenwich)} @ http://localhost:3001/_next/static/chunks/0twy_next_dist_06yi1o8._.js:2482
[  205196ms] [LOG] [PostHog.js] send "$$heatmap" {uuid: 019eeab2-fe13-7285-b8e2-671ff3c2a2a4, event: $$heatmap, properties: Object, timestamp: Sun Jun 21 2026 15:00:59 GMT+0000 (heure moyenne de Greenwich)} @ http://localhost:3001/_next/static/chunks/0twy_next_dist_06yi1o8._.js:2482
[  210195ms] [LOG] [PostHog.js] send "$$heatmap" {uuid: 019eeab3-119c-7956-b8f3-b3dbdc1149fb, event: $$heatmap, properties: Object, timestamp: Sun Jun 21 2026 15:01:04 GMT+0000 (heure moyenne de Greenwich)} @ http://localhost:3001/_next/static/chunks/0twy_next_dist_06yi1o8._.js:2482
[  220197ms] [LOG] [PostHog.js] send "$$heatmap" {uuid: 019eeab3-38ad-7f10-9efc-dcae9d552bae, event: $$heatmap, properties: Object, timestamp: Sun Jun 21 2026 15:01:14 GMT+0000 (heure moyenne de Greenwich)} @ http://localhost:3001/_next/static/chunks/0twy_next_dist_06yi1o8._.js:2482
[  240198ms] [LOG] [PostHog.js] send "$$heatmap" {uuid: 019eeab3-86cd-7a7c-a3ad-495f38c87762, event: $$heatmap, properties: Object, timestamp: Sun Jun 21 2026 15:01:34 GMT+0000 (heure moyenne de Greenwich)} @ http://localhost:3001/_next/static/chunks/0twy_next_dist_06yi1o8._.js:2482
[  245197ms] [LOG] [PostHog.js] send "$$heatmap" {uuid: 019eeab3-9a56-74d5-a121-a4d86ff6da50, event: $$heatmap, properties: Object, timestamp: Sun Jun 21 2026 15:01:39 GMT+0000 (heure moyenne de Greenwich)} @ http://localhost:3001/_next/static/chunks/0twy_next_dist_06yi1o8._.js:2482
[  275197ms] [LOG] [PostHog.js] send "$$heatmap" {uuid: 019eeab4-0f85-759b-a579-5eaf85b2c393, event: $$heatmap, properties: Object, timestamp: Sun Jun 21 2026 15:02:09 GMT+0000 (heure moyenne de Greenwich)} @ http://localhost:3001/_next/static/chunks/0twy_next_dist_06yi1o8._.js:2482
[  280198ms] [LOG] [PostHog.js] send "$$heatmap" {uuid: 019eeab4-230d-778e-a812-86fcac42ed18, event: $$heatmap, properties: Object, timestamp: Sun Jun 21 2026 15:02:14 GMT+0000 (heure moyenne de Greenwich)} @ http://localhost:3001/_next/static/chunks/0twy_next_dist_06yi1o8._.js:2482
[  285197ms] [LOG] [PostHog.js] send "$$heatmap" {uuid: 019eeab4-3695-7fb1-acdb-9cb38b6ca316, event: $$heatmap, properties: Object, timestamp: Sun Jun 21 2026 15:02:19 GMT+0000 (heure moyenne de Greenwich)} @ http://localhost:3001/_next/static/chunks/0twy_next_dist_06yi1o8._.js:2482
[  290196ms] [LOG] [PostHog.js] send "$$heatmap" {uuid: 019eeab4-4a1d-789f-a815-69a845c4ae10, event: $$heatmap, properties: Object, timestamp: Sun Jun 21 2026 15:02:24 GMT+0000 (heure moyenne de Greenwich)} @ http://localhost:3001/_next/static/chunks/0twy_next_dist_06yi1o8._.js:2482
[  325197ms] [LOG] [PostHog.js] send "$$heatmap" {uuid: 019eeab4-d2d5-73c7-a21b-16c2cf382780, event: $$heatmap, properties: Object, timestamp: Sun Jun 21 2026 15:02:59 GMT+0000 (heure moyenne de Greenwich)} @ http://localhost:3001/_next/static/chunks/0twy_next_dist_06yi1o8._.js:2482
[  330197ms] [LOG] [PostHog.js] send "$$heatmap" {uuid: 019eeab4-e65d-7a84-b03e-d1109db124d0, event: $$heatmap, properties: Object, timestamp: Sun Jun 21 2026 15:03:04 GMT+0000 (heure moyenne de Greenwich)} @ http://localhost:3001/_next/static/chunks/0twy_next_dist_06yi1o8._.js:2482
[  335196ms] [LOG] [PostHog.js] send "$$heatmap" {uuid: 019eeab4-f9e5-748d-bb05-8be12cdcabf8, event: $$heatmap, properties: Object, timestamp: Sun Jun 21 2026 15:03:09 GMT+0000 (heure moyenne de Greenwich)} @ http://localhost:3001/_next/static/chunks/0twy_next_dist_06yi1o8._.js:2482
[  340195ms] [LOG] [PostHog.js] send "$$heatmap" {uuid: 019eeab5-0d6c-7272-a8e9-bc8ad7b94aa9, event: $$heatmap, properties: Object, timestamp: Sun Jun 21 2026 15:03:14 GMT+0000 (heure moyenne de Greenwich)} @ http://localhost:3001/_next/static/chunks/0twy_next_dist_06yi1o8._.js:2482
[  345196ms] [LOG] [PostHog.js] send "$$heatmap" {uuid: 019eeab5-20f4-7ac1-b47b-3fc5baed553d, event: $$heatmap, properties: Object, timestamp: Sun Jun 21 2026 15:03:19 GMT+0000 (heure moyenne de Greenwich)} @ http://localhost:3001/_next/static/chunks/0twy_next_dist_06yi1o8._.js:2482
[  350198ms] [LOG] [PostHog.js] send "$$heatmap" {uuid: 019eeab5-347d-7b13-8202-7b44c4cbc1d7, event: $$heatmap, properties: Object, timestamp: Sun Jun 21 2026 15:03:24 GMT+0000 (heure moyenne de Greenwich)} @ http://localhost:3001/_next/static/chunks/0twy_next_dist_06yi1o8._.js:2482
[  355195ms] [LOG] [PostHog.js] send "$$heatmap" {uuid: 019eeab5-4804-756c-b30f-51dc8f244177, event: $$heatmap, properties: Object, timestamp: Sun Jun 21 2026 15:03:29 GMT+0000 (heure moyenne de Greenwich)} @ http://localhost:3001/_next/static/chunks/0twy_next_dist_06yi1o8._.js:2482
[  360196ms] [LOG] [PostHog.js] send "$$heatmap" {uuid: 019eeab5-5b8c-7880-a0cb-33109c4a1509, event: $$heatmap, properties: Object, timestamp: Sun Jun 21 2026 15:03:34 GMT+0000 (heure moyenne de Greenwich)} @ http://localhost:3001/_next/static/chunks/0twy_next_dist_06yi1o8._.js:2482
[  365197ms] [LOG] [PostHog.js] send "$$heatmap" {uuid: 019eeab5-6f14-799a-8cbe-abd3998465f7, event: $$heatmap, properties: Object, timestamp: Sun Jun 21 2026 15:03:39 GMT+0000 (heure moyenne de Greenwich)} @ http://localhost:3001/_next/static/chunks/0twy_next_dist_06yi1o8._.js:2482
[  366288ms] [LOG] [PostHog.js] send "$autocapture" {uuid: 019eeab5-7359-7dab-ad2d-b570bab7c286, event: $autocapture, properties: Object, timestamp: Sun Jun 21 2026 15:03:40 GMT+0000 (heure moyenne de Greenwich)} @ http://localhost:3001/_next/static/chunks/0twy_next_dist_06yi1o8._.js:2482
[  367592ms] [LOG] [PostHog.js] send "$autocapture" {uuid: 019eeab5-7870-7f7f-938a-75424e729d62, event: $autocapture, properties: Object, timestamp: Sun Jun 21 2026 15:03:41 GMT+0000 (heure moyenne de Greenwich)} @ http://localhost:3001/_next/static/chunks/0twy_next_dist_06yi1o8._.js:2482
[  368490ms] [LOG] [PostHog.js] send "$autocapture" {uuid: 019eeab5-7bf3-7ad4-a30d-b6628eba1382, event: $autocapture, properties: Object, timestamp: Sun Jun 21 2026 15:03:42 GMT+0000 (heure moyenne de Greenwich)} @ http://localhost:3001/_next/static/chunks/0twy_next_dist_06yi1o8._.js:2482
[  370196ms] [LOG] [PostHog.js] send "$$heatmap" {uuid: 019eeab5-829c-745e-8a6c-fc74847c88ea, event: $$heatmap, properties: Object, timestamp: Sun Jun 21 2026 15:03:44 GMT+0000 (heure moyenne de Greenwich)} @ http://localhost:3001/_next/static/chunks/0twy_next_dist_06yi1o8._.js:2482
[  370271ms] [LOG] [PostHog.js] send "$autocapture" {uuid: 019eeab5-82e8-797a-b4e9-e01aad95dee0, event: $autocapture, properties: Object, timestamp: Sun Jun 21 2026 15:03:44 GMT+0000 (heure moyenne de Greenwich)} @ http://localhost:3001/_next/static/chunks/0twy_next_dist_06yi1o8._.js:2482
[  375197ms] [LOG] [PostHog.js] send "$$heatmap" {uuid: 019eeab5-9625-7a6c-819c-63b89d4266b1, event: $$heatmap, properties: Object, timestamp: Sun Jun 21 2026 15:03:49 GMT+0000 (heure moyenne de Greenwich)} @ http://localhost:3001/_next/static/chunks/0twy_next_dist_06yi1o8._.js:2482
[  380195ms] [LOG] [PostHog.js] send "$$heatmap" {uuid: 019eeab5-a9ac-7dcf-9fa0-f058915ce74c, event: $$heatmap, properties: Object, timestamp: Sun Jun 21 2026 15:03:54 GMT+0000 (heure moyenne de Greenwich)} @ http://localhost:3001/_next/static/chunks/0twy_next_dist_06yi1o8._.js:2482
[  385195ms] [LOG] [PostHog.js] send "$$heatmap" {uuid: 019eeab5-bd34-7703-85c7-259194c38566, event: $$heatmap, properties: Object, timestamp: Sun Jun 21 2026 15:03:59 GMT+0000 (heure moyenne de Greenwich)} @ http://localhost:3001/_next/static/chunks/0twy_next_dist_06yi1o8._.js:2482
[  385421ms] [LOG] [PostHog.js] send "$autocapture" {uuid: 019eeab5-be16-7019-883e-c6089201e46a, event: $autocapture, properties: Object, timestamp: Sun Jun 21 2026 15:03:59 GMT+0000 (heure moyenne de Greenwich)} @ http://localhost:3001/_next/static/chunks/0twy_next_dist_06yi1o8._.js:2482
[  390195ms] [LOG] [PostHog.js] send "$$heatmap" {uuid: 019eeab5-d0bc-771f-b8fc-3669c224fbc9, event: $$heatmap, properties: Object, timestamp: Sun Jun 21 2026 15:04:04 GMT+0000 (heure moyenne de Greenwich)} @ http://localhost:3001/_next/static/chunks/0twy_next_dist_06yi1o8._.js:2482
[  395195ms] [LOG] [PostHog.js] send "$$heatmap" {uuid: 019eeab5-e444-7d0c-9328-6dd1a3e48409, event: $$heatmap, properties: Object, timestamp: Sun Jun 21 2026 15:04:09 GMT+0000 (heure moyenne de Greenwich)} @ http://localhost:3001/_next/static/chunks/0twy_next_dist_06yi1o8._.js:2482
[  400194ms] [LOG] [PostHog.js] send "$$heatmap" {uuid: 019eeab5-f7cb-7c12-b076-36e71512d0b0, event: $$heatmap, properties: Object, timestamp: Sun Jun 21 2026 15:04:14 GMT+0000 (heure moyenne de Greenwich)} @ http://localhost:3001/_next/static/chunks/0twy_next_dist_06yi1o8._.js:2482
[  408912ms] [LOG] [Fast Refresh] rebuilding @ http://localhost:3001/_next/static/chunks/0twy_next_dist_06yi1o8._.js:2482
[  409142ms] [LOG] [Fast Refresh] done in 303ms @ http://localhost:3001/_next/static/chunks/0twy_next_dist_06yi1o8._.js:2482
[  416239ms] [LOG] [PostHog.js] send "$autocapture" {uuid: 019eeab6-3678-7a24-9618-ac95b59c73e7, event: $autocapture, properties: Object, timestamp: Sun Jun 21 2026 15:04:30 GMT+0000 (heure moyenne de Greenwich)} @ http://localhost:3001/_next/static/chunks/0twy_next_dist_06yi1o8._.js:2482
[  418022ms] [LOG] [PostHog.js] send "$autocapture" {uuid: 019eeab6-3d6f-7e3e-b523-86fe2471b5cf, event: $autocapture, properties: Object, timestamp: Sun Jun 21 2026 15:04:32 GMT+0000 (heure moyenne de Greenwich)} @ http://localhost:3001/_next/static/chunks/0twy_next_dist_06yi1o8._.js:2482
[  418719ms] [LOG] [PostHog.js] send "$$heatmap" {uuid: 019eeab6-4028-75a4-95cc-22749a62494e, event: $$heatmap, properties: Object, timestamp: Sun Jun 21 2026 15:04:33 GMT+0000 (heure moyenne de Greenwich)} @ http://localhost:3001/_next/static/chunks/0twy_next_dist_06yi1o8._.js:2482
[  418845ms] [LOG] [PostHog.js] send "$pageleave" {uuid: 019eeab6-40a6-77fd-a39a-1f832527a296, event: $pageleave, properties: Object, timestamp: Sun Jun 21 2026 15:04:33 GMT+0000 (heure moyenne de Greenwich)} @ http://localhost:3001/_next/static/chunks/0twy_next_dist_06yi1o8._.js:2482
[  418935ms] [LOG] [PostHog.js] set_config {config: Object, oldConfig: Object, newConfig: Object} @ http://localhost:3001/_next/static/chunks/036~_posthog-js_dist_module_0gzr43h.js:878
[  418936ms] [LOG] [PostHog.js] Persistence loaded localStorage+cookie {distinct_id: 019eea13-5def-7b1c-975b-49305a733d4a, $sesid: Array(3), $initial_person_info: Object, $initialization_time: 2026-06-21T14:57:34.529Z, $configured_session_timeout_ms: 1800000} @ http://localhost:3001/_next/static/chunks/036~_posthog-js_dist_module_0gzr43h.js:878
[  418937ms] [LOG] [PostHog.js] Persistence loaded sessionStorage {$sdk_debug_extensions_init_method: synchronous, $sdk_debug_extensions_init_time_ms: 1, $referrer: $direct, $referring_domain: $direct} @ http://localhost:3001/_next/static/chunks/036~_posthog-js_dist_module_0gzr43h.js:878
[  418937ms] [LOG] [PostHog.js] Initializing extensions synchronously @ http://localhost:3001/_next/static/chunks/036~_posthog-js_dist_module_0gzr43h.js:878
[  418937ms] [LOG] [PostHog.js] History API monitoring enabled, starting... @ http://localhost:3001/_next/static/chunks/036~_posthog-js_dist_module_0gzr43h.js:878
[  418938ms] [LOG] [PostHog.js] [Heatmaps] starting... @ http://localhost:3001/_next/static/chunks/036~_posthog-js_dist_module_0gzr43h.js:878
[  418939ms] [LOG] [PostHog.js] [Web Vitals] enabled, starting... @ http://localhost:3001/_next/static/chunks/036~_posthog-js_dist_module_0gzr43h.js:878
[  418939ms] [LOG] [PostHog.js] [ExceptionAutocapture] enabled @ http://localhost:3001/_next/static/chunks/036~_posthog-js_dist_module_0gzr43h.js:878
[  418939ms] [LOG] [PostHog.js] [ExceptionAutocapture] enabled @ http://localhost:3001/_next/static/chunks/036~_posthog-js_dist_module_0gzr43h.js:878
[  418939ms] [LOG] [PostHog.js] Starting in debug mode {this: qo, config: Object, thisC: Object, p: Object, s: Object} @ http://localhost:3001/_next/static/chunks/036~_posthog-js_dist_module_0gzr43h.js:878
[  418944ms] [INFO] %cDownload the React DevTools for a better development experience: https://react.dev/link/react-devtools font-weight:bold @ http://localhost:3001/_next/static/chunks/0twy_next_dist_06yi1o8._.js:2482
[  418960ms] [LOG] [PostHog.js] [Dead Clicks] starting... @ http://localhost:3001/_next/static/chunks/0twy_next_dist_06yi1o8._.js:2482
[  418966ms] [LOG] [PostHog.js] send "$pageview" {uuid: 019eeab6-411f-74cf-945d-d4bf25540ca7, event: $pageview, properties: Object, timestamp: Sun Jun 21 2026 15:04:33 GMT+0000 (heure moyenne de Greenwich)} @ http://localhost:3001/_next/static/chunks/0twy_next_dist_06yi1o8._.js:2482
[  418975ms] [LOG] [HMR] connected @ http://localhost:3001/_next/static/chunks/0twy_next_dist_06yi1o8._.js:2482
[  419419ms] [LOG] [PostHog.js] Persistence loaded sessionStorage {$sdk_debug_extensions_init_method: synchronous, $sdk_debug_extensions_init_time_ms: 2, $referrer: $direct, $referring_domain: $direct} @ http://localhost:3001/_next/static/chunks/0twy_next_dist_06yi1o8._.js:2482
[  419419ms] [LOG] [PostHog.js] set_config {config: Object, oldConfig: Object, newConfig: Object} @ http://localhost:3001/_next/static/chunks/0twy_next_dist_06yi1o8._.js:2482
[  419419ms] [LOG] [PostHog.js] [ExceptionAutocapture] enabled @ http://localhost:3001/_next/static/chunks/0twy_next_dist_06yi1o8._.js:2482
[  419419ms] [LOG] [PostHog.js] [Surveys] flags response received, isSurveysEnabled: false @ http://localhost:3001/_next/static/chunks/0twy_next_dist_06yi1o8._.js:2482
[  419420ms] [LOG] [PostHog.js] [ExceptionAutocapture] enabled @ http://localhost:3001/_next/static/chunks/0twy_next_dist_06yi1o8._.js:2482
[  419422ms] [LOG] [PostHog.js] [Surveys] Surveys loaded successfully @ http://localhost:3001/_next/static/chunks/0twy_next_dist_06yi1o8._.js:2482
[  419467ms] [LOG] [PostHog.js] [RemoteConfig] __preview_remote_config is disabled. Logging config instead {analytics: Object, autocaptureExceptions: true, autocapture_opt_out: false, captureDeadClicks: false, capturePerformance: Object} @ http://localhost:3001/_next/static/chunks/0twy_next_dist_06yi1o8._.js:2482
[  420173ms] [LOG] [PostHog.js] send "$autocapture" {uuid: 019eeab6-45d6-7985-ab5e-994b2e3a7072, event: $autocapture, properties: Object, timestamp: Sun Jun 21 2026 15:04:34 GMT+0000 (heure moyenne de Greenwich)} @ http://localhost:3001/_next/static/chunks/0twy_next_dist_06yi1o8._.js:2482
[  423941ms] [LOG] [PostHog.js] send "$$heatmap" {uuid: 019eeab6-548e-7fef-b3bb-3724c7e1e54c, event: $$heatmap, properties: Object, timestamp: Sun Jun 21 2026 15:04:38 GMT+0000 (heure moyenne de Greenwich)} @ http://localhost:3001/_next/static/chunks/0twy_next_dist_06yi1o8._.js:2482
[  423971ms] [LOG] [PostHog.js] send "$web_vitals" {uuid: 019eeab6-54ac-7728-86d9-771cf872dec9, event: $web_vitals, properties: Object, timestamp: Sun Jun 21 2026 15:04:38 GMT+0000 (heure moyenne de Greenwich)} @ http://localhost:3001/_next/static/chunks/0twy_next_dist_06yi1o8._.js:2482
[  430946ms] [LOG] [Fast Refresh] rebuilding @ http://localhost:3001/_next/static/chunks/0twy_next_dist_06yi1o8._.js:2482
[  430947ms] [WARNING] [Fast Refresh] performing full reload

Fast Refresh will perform a full reload when you edit a file that's imported by modules outside of the React rendering tree.
You might have a file which exports a React component but also exports a value that is imported by a non-React component file.
Consider migrating the non-React component export to a separate file and importing it into both files.

It is also possible the parent component of the component you edited is a class component, which disables Fast Refresh.
Fast Refresh requires at least one parent function component in your React tree. @ http://localhost:3001/_next/static/chunks/0twy_next_dist_06yi1o8._.js:2482
[  430999ms] [LOG] [Fast Refresh] done in 82ms @ http://localhost:3001/_next/static/chunks/0twy_next_dist_06yi1o8._.js:2482
[  431190ms] [LOG] [PostHog.js] send "$pageleave" {uuid: 019eeab6-70df-79c5-9d5f-0ed687b549e4, event: $pageleave, properties: Object, timestamp: Sun Jun 21 2026 15:04:45 GMT+0000 (heure moyenne de Greenwich)} @ http://localhost:3001/_next/static/chunks/0twy_next_dist_06yi1o8._.js:2482
[  431561ms] [LOG] [PostHog.js] set_config {config: Object, oldConfig: Object, newConfig: Object} @ http://localhost:3001/_next/static/chunks/036~_posthog-js_dist_module_0gzr43h.js:878
[  431561ms] [LOG] [PostHog.js] Persistence loaded localStorage+cookie {distinct_id: 019eea13-5def-7b1c-975b-49305a733d4a, $sesid: Array(3), $initial_person_info: Object, $initialization_time: 2026-06-21T15:04:33.283Z, $configured_session_timeout_ms: 1800000} @ http://localhost:3001/_next/static/chunks/036~_posthog-js_dist_module_0gzr43h.js:878
[  431563ms] [LOG] [PostHog.js] Persistence loaded sessionStorage {$sdk_debug_extensions_init_method: synchronous, $sdk_debug_extensions_init_time_ms: 2, $referrer: $direct, $referring_domain: $direct} @ http://localhost:3001/_next/static/chunks/036~_posthog-js_dist_module_0gzr43h.js:878
[  431563ms] [LOG] [PostHog.js] Initializing extensions synchronously @ http://localhost:3001/_next/static/chunks/036~_posthog-js_dist_module_0gzr43h.js:878
[  431563ms] [LOG] [PostHog.js] History API monitoring enabled, starting... @ http://localhost:3001/_next/static/chunks/036~_posthog-js_dist_module_0gzr43h.js:878
[  431563ms] [LOG] [PostHog.js] [Heatmaps] starting... @ http://localhost:3001/_next/static/chunks/036~_posthog-js_dist_module_0gzr43h.js:878
[  431564ms] [LOG] [PostHog.js] [Web Vitals] enabled, starting... @ http://localhost:3001/_next/static/chunks/036~_posthog-js_dist_module_0gzr43h.js:878
[  431564ms] [LOG] [PostHog.js] [ExceptionAutocapture] enabled @ http://localhost:3001/_next/static/chunks/036~_posthog-js_dist_module_0gzr43h.js:878
[  431564ms] [LOG] [PostHog.js] [ExceptionAutocapture] enabled @ http://localhost:3001/_next/static/chunks/036~_posthog-js_dist_module_0gzr43h.js:878
[  431565ms] [LOG] [PostHog.js] Starting in debug mode {this: qo, config: Object, thisC: Object, p: Object, s: Object} @ http://localhost:3001/_next/static/chunks/036~_posthog-js_dist_module_0gzr43h.js:878
[  431568ms] [INFO] %cDownload the React DevTools for a better development experience: https://react.dev/link/react-devtools font-weight:bold @ http://localhost:3001/_next/static/chunks/0twy_next_dist_06yi1o8._.js:2482
[  431577ms] [LOG] [PostHog.js] [Dead Clicks] starting... @ http://localhost:3001/_next/static/chunks/0twy_next_dist_06yi1o8._.js:2482
[  431578ms] [LOG] [PostHog.js] [RemoteConfig] __preview_remote_config is disabled. Logging config instead {analytics: Object, autocaptureExceptions: true, autocapture_opt_out: false, captureDeadClicks: false, capturePerformance: Object} @ http://localhost:3001/_next/static/chunks/0twy_next_dist_06yi1o8._.js:2482
[  431582ms] [LOG] [PostHog.js] send "$pageview" {uuid: 019eeab6-7266-777b-aadd-7e74be924341, event: $pageview, properties: Object, timestamp: Sun Jun 21 2026 15:04:45 GMT+0000 (heure moyenne de Greenwich)} @ http://localhost:3001/_next/static/chunks/0twy_next_dist_06yi1o8._.js:2482
[  431593ms] [LOG] [HMR] connected @ http://localhost:3001/_next/static/chunks/0twy_next_dist_06yi1o8._.js:2482
[  432148ms] [LOG] [PostHog.js] Persistence loaded sessionStorage {$sdk_debug_extensions_init_method: synchronous, $sdk_debug_extensions_init_time_ms: 1, $referrer: $direct, $referring_domain: $direct} @ http://localhost:3001/_next/static/chunks/0twy_next_dist_06yi1o8._.js:2482
[  432148ms] [LOG] [PostHog.js] set_config {config: Object, oldConfig: Object, newConfig: Object} @ http://localhost:3001/_next/static/chunks/0twy_next_dist_06yi1o8._.js:2482
[  432148ms] [LOG] [PostHog.js] [ExceptionAutocapture] enabled @ http://localhost:3001/_next/static/chunks/0twy_next_dist_06yi1o8._.js:2482
[  432149ms] [LOG] [PostHog.js] [Surveys] flags response received, isSurveysEnabled: false @ http://localhost:3001/_next/static/chunks/0twy_next_dist_06yi1o8._.js:2482
[  432149ms] [LOG] [PostHog.js] [ExceptionAutocapture] enabled @ http://localhost:3001/_next/static/chunks/0twy_next_dist_06yi1o8._.js:2482
[  432150ms] [LOG] [PostHog.js] [Surveys] Surveys loaded successfully @ http://localhost:3001/_next/static/chunks/0twy_next_dist_06yi1o8._.js:2482
[  433605ms] [LOG] [PostHog.js] send "$autocapture" {uuid: 019eeab6-7a4e-783f-b62e-13e2895d8681, event: $autocapture, properties: Object, timestamp: Sun Jun 21 2026 15:04:47 GMT+0000 (heure moyenne de Greenwich)} @ http://localhost:3001/_next/static/chunks/0twy_next_dist_06yi1o8._.js:2482
[  436567ms] [LOG] [PostHog.js] send "$$heatmap" {uuid: 019eeab6-85df-7093-83af-ea15777572d7, event: $$heatmap, properties: Object, timestamp: Sun Jun 21 2026 15:04:50 GMT+0000 (heure moyenne de Greenwich)} @ http://localhost:3001/_next/static/chunks/0twy_next_dist_06yi1o8._.js:2482
[  436587ms] [LOG] [PostHog.js] send "$web_vitals" {uuid: 019eeab6-85f3-7595-a8c2-4f8a6925c58d, event: $web_vitals, properties: Object, timestamp: Sun Jun 21 2026 15:04:50 GMT+0000 (heure moyenne de Greenwich)} @ http://localhost:3001/_next/static/chunks/0twy_next_dist_06yi1o8._.js:2482
[  445872ms] [LOG] [PostHog.js] send "$autocapture" {uuid: 019eeab6-aa39-7537-8b8a-b1368c2b5abf, event: $autocapture, properties: Object, timestamp: Sun Jun 21 2026 15:05:00 GMT+0000 (heure moyenne de Greenwich)} @ http://localhost:3001/_next/static/chunks/0twy_next_dist_06yi1o8._.js:2482
[  446566ms] [LOG] [PostHog.js] send "$$heatmap" {uuid: 019eeab6-acef-7537-8f45-e8d23fff3170, event: $$heatmap, properties: Object, timestamp: Sun Jun 21 2026 15:05:00 GMT+0000 (heure moyenne de Greenwich)} @ http://localhost:3001/_next/static/chunks/0twy_next_dist_06yi1o8._.js:2482
[  446989ms] [LOG] [PostHog.js] send "$autocapture" {uuid: 019eeab6-ae96-7d9a-9fc7-b1c0d50c4f52, event: $autocapture, properties: Object, timestamp: Sun Jun 21 2026 15:05:01 GMT+0000 (heure moyenne de Greenwich)} @ http://localhost:3001/_next/static/chunks/0twy_next_dist_06yi1o8._.js:2482
[  447909ms] [LOG] [PostHog.js] send "$autocapture" {uuid: 019eeab6-b22d-7f2f-9682-a597c5ffff82, event: $autocapture, properties: Object, timestamp: Sun Jun 21 2026 15:05:02 GMT+0000 (heure moyenne de Greenwich)} @ http://localhost:3001/_next/static/chunks/0twy_next_dist_06yi1o8._.js:2482
[  448856ms] [LOG] [PostHog.js] send "$autocapture" {uuid: 019eeab6-b5e0-7f58-a070-900414b4d0dd, event: $autocapture, properties: Object, timestamp: Sun Jun 21 2026 15:05:03 GMT+0000 (heure moyenne de Greenwich)} @ http://localhost:3001/_next/static/chunks/0twy_next_dist_06yi1o8._.js:2482
[  449622ms] [LOG] [PostHog.js] send "$autocapture" {uuid: 019eeab6-b8df-7fe8-aeeb-a24fefa386c7, event: $autocapture, properties: Object, timestamp: Sun Jun 21 2026 15:05:03 GMT+0000 (heure moyenne de Greenwich)} @ http://localhost:3001/_next/static/chunks/0twy_next_dist_06yi1o8._.js:2482
[  450283ms] [LOG] [Fast Refresh] rebuilding @ http://localhost:3001/_next/static/chunks/0twy_next_dist_06yi1o8._.js:2482
[  450398ms] [WARNING] [Fast Refresh] performing full reload

Fast Refresh will perform a full reload when you edit a file that's imported by modules outside of the React rendering tree.
You might have a file which exports a React component but also exports a value that is imported by a non-React component file.
Consider migrating the non-React component export to a separate file and importing it into both files.

It is also possible the parent component of the component you edited is a class component, which disables Fast Refresh.
Fast Refresh requires at least one parent function component in your React tree. @ http://localhost:3001/_next/static/chunks/0twy_next_dist_06yi1o8._.js:2482
[  450399ms] [LOG] [PostHog.js] send "$$heatmap" {uuid: 019eeab6-bbe8-73e7-b2a6-d70c97e49229, event: $$heatmap, properties: Object, timestamp: Sun Jun 21 2026 15:05:04 GMT+0000 (heure moyenne de Greenwich)} @ http://localhost:3001/_next/static/chunks/0twy_next_dist_06yi1o8._.js:2482
[  450429ms] [LOG] [PostHog.js] send "$autocapture" {uuid: 019eeab6-bc06-75bd-84fc-fb06459949f1, event: $autocapture, properties: Object, timestamp: Sun Jun 21 2026 15:05:04 GMT+0000 (heure moyenne de Greenwich)} @ http://localhost:3001/_next/static/chunks/0twy_next_dist_06yi1o8._.js:2482
[  450489ms] [LOG] [Fast Refresh] done in 215ms @ http://localhost:3001/_next/static/chunks/0twy_next_dist_06yi1o8._.js:2482
[  450584ms] [LOG] [PostHog.js] send "$pageleave" {uuid: 019eeab6-bca1-7d6c-99db-1b89ebaab554, event: $pageleave, properties: Object, timestamp: Sun Jun 21 2026 15:05:04 GMT+0000 (heure moyenne de Greenwich)} @ http://localhost:3001/_next/static/chunks/0twy_next_dist_06yi1o8._.js:2482
[  450798ms] [LOG] [PostHog.js] set_config {config: Object, oldConfig: Object, newConfig: Object} @ http://localhost:3001/_next/static/chunks/036~_posthog-js_dist_module_0gzr43h.js:878
[  450799ms] [LOG] [PostHog.js] Persistence loaded localStorage+cookie {distinct_id: 019eea13-5def-7b1c-975b-49305a733d4a, $sesid: Array(3), $initial_person_info: Object, $initialization_time: 2026-06-21T15:04:45.909Z, $configured_session_timeout_ms: 1800000} @ http://localhost:3001/_next/static/chunks/036~_posthog-js_dist_module_0gzr43h.js:878
[  450799ms] [LOG] [PostHog.js] Persistence loaded sessionStorage {$sdk_debug_extensions_init_method: synchronous, $sdk_debug_extensions_init_time_ms: 1, $referrer: $direct, $referring_domain: $direct} @ http://localhost:3001/_next/static/chunks/036~_posthog-js_dist_module_0gzr43h.js:878
[  450800ms] [LOG] [PostHog.js] Initializing extensions synchronously @ http://localhost:3001/_next/static/chunks/036~_posthog-js_dist_module_0gzr43h.js:878
[  450800ms] [LOG] [PostHog.js] History API monitoring enabled, starting... @ http://localhost:3001/_next/static/chunks/036~_posthog-js_dist_module_0gzr43h.js:878
[  450800ms] [LOG] [PostHog.js] [Heatmaps] starting... @ http://localhost:3001/_next/static/chunks/036~_posthog-js_dist_module_0gzr43h.js:878
[  450801ms] [LOG] [PostHog.js] [Web Vitals] enabled, starting... @ http://localhost:3001/_next/static/chunks/036~_posthog-js_dist_module_0gzr43h.js:878
[  450801ms] [LOG] [PostHog.js] [ExceptionAutocapture] enabled @ http://localhost:3001/_next/static/chunks/036~_posthog-js_dist_module_0gzr43h.js:878
[  450801ms] [LOG] [PostHog.js] [ExceptionAutocapture] enabled @ http://localhost:3001/_next/static/chunks/036~_posthog-js_dist_module_0gzr43h.js:878
[  450801ms] [LOG] [PostHog.js] Starting in debug mode {this: qo, config: Object, thisC: Object, p: Object, s: Object} @ http://localhost:3001/_next/static/chunks/036~_posthog-js_dist_module_0gzr43h.js:878
[  450804ms] [INFO] %cDownload the React DevTools for a better development experience: https://react.dev/link/react-devtools font-weight:bold @ http://localhost:3001/_next/static/chunks/0twy_next_dist_06yi1o8._.js:2482
[  450816ms] [LOG] [PostHog.js] [Dead Clicks] starting... @ http://localhost:3001/_next/static/chunks/0twy_next_dist_06yi1o8._.js:2482
[  450816ms] [LOG] [PostHog.js] [RemoteConfig] __preview_remote_config is disabled. Logging config instead {analytics: Object, autocaptureExceptions: true, autocapture_opt_out: false, captureDeadClicks: false, capturePerformance: Object} @ http://localhost:3001/_next/static/chunks/0twy_next_dist_06yi1o8._.js:2482
[  450822ms] [LOG] [PostHog.js] send "$pageview" {uuid: 019eeab6-bd8e-7cfa-afd6-8b5b61fc7ebb, event: $pageview, properties: Object, timestamp: Sun Jun 21 2026 15:05:05 GMT+0000 (heure moyenne de Greenwich)} @ http://localhost:3001/_next/static/chunks/0twy_next_dist_06yi1o8._.js:2482
[  450835ms] [LOG] [HMR] connected @ http://localhost:3001/_next/static/chunks/0twy_next_dist_06yi1o8._.js:2482
[  451401ms] [LOG] [PostHog.js] Persistence loaded sessionStorage {$sdk_debug_extensions_init_method: synchronous, $sdk_debug_extensions_init_time_ms: 1, $referrer: $direct, $referring_domain: $direct} @ http://localhost:3001/_next/static/chunks/0twy_next_dist_06yi1o8._.js:2482
[  451401ms] [LOG] [PostHog.js] set_config {config: Object, oldConfig: Object, newConfig: Object} @ http://localhost:3001/_next/static/chunks/0twy_next_dist_06yi1o8._.js:2482
[  451401ms] [LOG] [PostHog.js] [ExceptionAutocapture] enabled @ http://localhost:3001/_next/static/chunks/0twy_next_dist_06yi1o8._.js:2482
[  451402ms] [LOG] [PostHog.js] [Surveys] flags response received, isSurveysEnabled: false @ http://localhost:3001/_next/static/chunks/0twy_next_dist_06yi1o8._.js:2482
[  451402ms] [LOG] [PostHog.js] [ExceptionAutocapture] enabled @ http://localhost:3001/_next/static/chunks/0twy_next_dist_06yi1o8._.js:2482
[  451402ms] [LOG] [PostHog.js] [Surveys] Surveys loaded successfully @ http://localhost:3001/_next/static/chunks/0twy_next_dist_06yi1o8._.js:2482
[  451455ms] [LOG] [Fast Refresh] rebuilding @ http://localhost:3001/_next/static/chunks/0twy_next_dist_06yi1o8._.js:2482
[  451466ms] [LOG] [Fast Refresh] done in 113ms @ http://localhost:3001/_next/static/chunks/0twy_next_dist_06yi1o8._.js:2482
[  453790ms] [LOG] [PostHog.js] send "$autocapture" {uuid: 019eeab6-c927-7f06-a605-7fe7129ac065, event: $autocapture, properties: Object, timestamp: Sun Jun 21 2026 15:05:08 GMT+0000 (heure moyenne de Greenwich)} @ http://localhost:3001/_next/static/chunks/0twy_next_dist_06yi1o8._.js:2482
[  454705ms] [LOG] [PostHog.js] send "$autocapture" {uuid: 019eeab6-ccba-7dcf-bba9-1e2513c75cf3, event: $autocapture, properties: Object, timestamp: Sun Jun 21 2026 15:05:09 GMT+0000 (heure moyenne de Greenwich)} @ http://localhost:3001/_next/static/chunks/0twy_next_dist_06yi1o8._.js:2482
[  455522ms] [LOG] [PostHog.js] send "$autocapture" {uuid: 019eeab6-cfeb-75c0-814f-30c620c4cb11, event: $autocapture, properties: Object, timestamp: Sun Jun 21 2026 15:05:09 GMT+0000 (heure moyenne de Greenwich)} @ http://localhost:3001/_next/static/chunks/0twy_next_dist_06yi1o8._.js:2482
[  455802ms] [LOG] [PostHog.js] send "$$heatmap" {uuid: 019eeab6-d103-7c33-8b14-f3138373a368, event: $$heatmap, properties: Object, timestamp: Sun Jun 21 2026 15:05:10 GMT+0000 (heure moyenne de Greenwich)} @ http://localhost:3001/_next/static/chunks/0twy_next_dist_06yi1o8._.js:2482
[  455826ms] [LOG] [PostHog.js] send "$web_vitals" {uuid: 019eeab6-d11b-73c0-aa56-be1b3447dad7, event: $web_vitals, properties: Object, timestamp: Sun Jun 21 2026 15:05:10 GMT+0000 (heure moyenne de Greenwich)} @ http://localhost:3001/_next/static/chunks/0twy_next_dist_06yi1o8._.js:2482
[  456189ms] [LOG] [PostHog.js] send "$autocapture" {uuid: 019eeab6-d286-7fe7-aa41-70f95a6dccf1, event: $autocapture, properties: Object, timestamp: Sun Jun 21 2026 15:05:10 GMT+0000 (heure moyenne de Greenwich)} @ http://localhost:3001/_next/static/chunks/0twy_next_dist_06yi1o8._.js:2482
[  460803ms] [LOG] [PostHog.js] send "$$heatmap" {uuid: 019eeab6-e48c-79a3-87e9-47e6cd40d309, event: $$heatmap, properties: Object, timestamp: Sun Jun 21 2026 15:05:15 GMT+0000 (heure moyenne de Greenwich)} @ http://localhost:3001/_next/static/chunks/0twy_next_dist_06yi1o8._.js:2482
[  465805ms] [LOG] [PostHog.js] send "$$heatmap" {uuid: 019eeab6-f814-706e-b4f6-54c549c3b976, event: $$heatmap, properties: Object, timestamp: Sun Jun 21 2026 15:05:20 GMT+0000 (heure moyenne de Greenwich)} @ http://localhost:3001/_next/static/chunks/0twy_next_dist_06yi1o8._.js:2482
[  468647ms] [LOG] [Fast Refresh] rebuilding @ http://localhost:3001/_next/static/chunks/0twy_next_dist_06yi1o8._.js:2482
[  468673ms] [WARNING] [Fast Refresh] performing full reload

Fast Refresh will perform a full reload when you edit a file that's imported by modules outside of the React rendering tree.
You might have a file which exports a React component but also exports a value that is imported by a non-React component file.
Consider migrating the non-React component export to a separate file and importing it into both files.

It is also possible the parent component of the component you edited is a class component, which disables Fast Refresh.
Fast Refresh requires at least one parent function component in your React tree. @ http://localhost:3001/_next/static/chunks/0twy_next_dist_06yi1o8._.js:2482
[  468674ms] [LOG] [PostHog.js] send "$$heatmap" {uuid: 019eeab7-034b-7e50-b7ee-7094123f62dd, event: $$heatmap, properties: Object, timestamp: Sun Jun 21 2026 15:05:23 GMT+0000 (heure moyenne de Greenwich)} @ http://localhost:3001/_next/static/chunks/0twy_next_dist_06yi1o8._.js:2482
[  468704ms] [LOG] [Fast Refresh] done in 125ms @ http://localhost:3001/_next/static/chunks/0twy_next_dist_06yi1o8._.js:2482
[  468783ms] [LOG] [PostHog.js] send "$pageleave" {uuid: 019eeab7-03b8-70aa-9d9a-5ce071036ff6, event: $pageleave, properties: Object, timestamp: Sun Jun 21 2026 15:05:23 GMT+0000 (heure moyenne de Greenwich)} @ http://localhost:3001/_next/static/chunks/0twy_next_dist_06yi1o8._.js:2482
[  468974ms] [LOG] [PostHog.js] set_config {config: Object, oldConfig: Object, newConfig: Object} @ http://localhost:3001/_next/static/chunks/036~_posthog-js_dist_module_0gzr43h.js:878
[  468974ms] [LOG] [PostHog.js] Persistence loaded localStorage+cookie {distinct_id: 019eea13-5def-7b1c-975b-49305a733d4a, $sesid: Array(3), $initial_person_info: Object, $initialization_time: 2026-06-21T15:05:05.145Z, $configured_session_timeout_ms: 1800000} @ http://localhost:3001/_next/static/chunks/036~_posthog-js_dist_module_0gzr43h.js:878
[  468978ms] [LOG] [PostHog.js] Persistence loaded sessionStorage {$sdk_debug_extensions_init_method: synchronous, $sdk_debug_extensions_init_time_ms: 1, $referrer: $direct, $referring_domain: $direct} @ http://localhost:3001/_next/static/chunks/036~_posthog-js_dist_module_0gzr43h.js:878
[  468978ms] [LOG] [PostHog.js] Initializing extensions synchronously @ http://localhost:3001/_next/static/chunks/036~_posthog-js_dist_module_0gzr43h.js:878
[  468978ms] [LOG] [PostHog.js] History API monitoring enabled, starting... @ http://localhost:3001/_next/static/chunks/036~_posthog-js_dist_module_0gzr43h.js:878
[  468978ms] [LOG] [PostHog.js] [Heatmaps] starting... @ http://localhost:3001/_next/static/chunks/036~_posthog-js_dist_module_0gzr43h.js:878
[  468979ms] [LOG] [PostHog.js] [Web Vitals] enabled, starting... @ http://localhost:3001/_next/static/chunks/036~_posthog-js_dist_module_0gzr43h.js:878
[  468979ms] [LOG] [PostHog.js] [ExceptionAutocapture] enabled @ http://localhost:3001/_next/static/chunks/036~_posthog-js_dist_module_0gzr43h.js:878
[  468979ms] [LOG] [PostHog.js] [ExceptionAutocapture] enabled @ http://localhost:3001/_next/static/chunks/036~_posthog-js_dist_module_0gzr43h.js:878
[  468979ms] [LOG] [PostHog.js] Starting in debug mode {this: qo, config: Object, thisC: Object, p: Object, s: Object} @ http://localhost:3001/_next/static/chunks/036~_posthog-js_dist_module_0gzr43h.js:878
[  468983ms] [INFO] %cDownload the React DevTools for a better development experience: https://react.dev/link/react-devtools font-weight:bold @ http://localhost:3001/_next/static/chunks/0twy_next_dist_06yi1o8._.js:2482
[  468991ms] [LOG] [PostHog.js] [Dead Clicks] starting... @ http://localhost:3001/_next/static/chunks/0twy_next_dist_06yi1o8._.js:2482
[  468992ms] [LOG] [PostHog.js] [RemoteConfig] __preview_remote_config is disabled. Logging config instead {analytics: Object, autocaptureExceptions: true, autocapture_opt_out: false, captureDeadClicks: false, capturePerformance: Object} @ http://localhost:3001/_next/static/chunks/0twy_next_dist_06yi1o8._.js:2482
[  468996ms] [LOG] [PostHog.js] send "$pageview" {uuid: 019eeab7-048c-72c6-9745-b1f8bce14b00, event: $pageview, properties: Object, timestamp: Sun Jun 21 2026 15:05:23 GMT+0000 (heure moyenne de Greenwich)} @ http://localhost:3001/_next/static/chunks/0twy_next_dist_06yi1o8._.js:2482
[  469002ms] [LOG] [HMR] connected @ http://localhost:3001/_next/static/chunks/0twy_next_dist_06yi1o8._.js:2482
[  469510ms] [LOG] [PostHog.js] Persistence loaded sessionStorage {$sdk_debug_extensions_init_method: synchronous, $sdk_debug_extensions_init_time_ms: 1, $referrer: $direct, $referring_domain: $direct} @ http://localhost:3001/_next/static/chunks/0twy_next_dist_06yi1o8._.js:2482
[  469510ms] [LOG] [PostHog.js] set_config {config: Object, oldConfig: Object, newConfig: Object} @ http://localhost:3001/_next/static/chunks/0twy_next_dist_06yi1o8._.js:2482
[  469510ms] [LOG] [PostHog.js] [ExceptionAutocapture] enabled @ http://localhost:3001/_next/static/chunks/0twy_next_dist_06yi1o8._.js:2482
[  469511ms] [LOG] [PostHog.js] [Surveys] flags response received, isSurveysEnabled: false @ http://localhost:3001/_next/static/chunks/0twy_next_dist_06yi1o8._.js:2482
[  469511ms] [LOG] [PostHog.js] [ExceptionAutocapture] enabled @ http://localhost:3001/_next/static/chunks/0twy_next_dist_06yi1o8._.js:2482
[  469512ms] [LOG] [PostHog.js] [Surveys] Surveys loaded successfully @ http://localhost:3001/_next/static/chunks/0twy_next_dist_06yi1o8._.js:2482
[  473225ms] [LOG] [PostHog.js] send "$autocapture" {uuid: 019eeab7-1511-7529-8563-6cd9fc41da8a, event: $autocapture, properties: Object, timestamp: Sun Jun 21 2026 15:05:27 GMT+0000 (heure moyenne de Greenwich)} @ http://localhost:3001/_next/static/chunks/0twy_next_dist_06yi1o8._.js:2482
[  473981ms] [LOG] [PostHog.js] send "$$heatmap" {uuid: 019eeab7-1806-7c3f-961f-661ae0b5e23f, event: $$heatmap, properties: Object, timestamp: Sun Jun 21 2026 15:05:28 GMT+0000 (heure moyenne de Greenwich)} @ http://localhost:3001/_next/static/chunks/0twy_next_dist_06yi1o8._.js:2482
[  474000ms] [LOG] [PostHog.js] send "$web_vitals" {uuid: 019eeab7-1819-745e-9c20-5c61212003e3, event: $web_vitals, properties: Object, timestamp: Sun Jun 21 2026 15:05:28 GMT+0000 (heure moyenne de Greenwich)} @ http://localhost:3001/_next/static/chunks/0twy_next_dist_06yi1o8._.js:2482
[  478980ms] [LOG] [PostHog.js] send "$$heatmap" {uuid: 019eeab7-2b8d-7cd7-bf7e-f2660b11c162, event: $$heatmap, properties: Object, timestamp: Sun Jun 21 2026 15:05:33 GMT+0000 (heure moyenne de Greenwich)} @ http://localhost:3001/_next/static/chunks/0twy_next_dist_06yi1o8._.js:2482
[  490158ms] [LOG] [Fast Refresh] rebuilding @ http://localhost:3001/_next/static/chunks/0twy_next_dist_06yi1o8._.js:2482
[  490453ms] [LOG] [Fast Refresh] done in 319ms @ http://localhost:3001/_next/static/chunks/0twy_next_dist_06yi1o8._.js:2482
[  498982ms] [LOG] [PostHog.js] send "$$heatmap" {uuid: 019eeab7-79ae-7258-9e6b-e5d6888f25bd, event: $$heatmap, properties: Object, timestamp: Sun Jun 21 2026 15:05:53 GMT+0000 (heure moyenne de Greenwich)} @ http://localhost:3001/_next/static/chunks/0twy_next_dist_06yi1o8._.js:2482
[  502758ms] [LOG] [PostHog.js] send "$autocapture" {uuid: 019eeab7-886f-7958-af42-9302ba2e5291, event: $autocapture, properties: Object, timestamp: Sun Jun 21 2026 15:05:57 GMT+0000 (heure moyenne de Greenwich)} @ http://localhost:3001/_next/static/chunks/0twy_next_dist_06yi1o8._.js:2482
[  503790ms] [LOG] [PostHog.js] send "$autocapture" {uuid: 019eeab7-8c77-7ca0-a15d-664f0ab8cdca, event: $autocapture, properties: Object, timestamp: Sun Jun 21 2026 15:05:58 GMT+0000 (heure moyenne de Greenwich)} @ http://localhost:3001/_next/static/chunks/0twy_next_dist_06yi1o8._.js:2482
[  503981ms] [LOG] [PostHog.js] send "$$heatmap" {uuid: 019eeab7-8d36-7f3c-99da-6eff10ce4b62, event: $$heatmap, properties: Object, timestamp: Sun Jun 21 2026 15:05:58 GMT+0000 (heure moyenne de Greenwich)} @ http://localhost:3001/_next/static/chunks/0twy_next_dist_06yi1o8._.js:2482
[  504923ms] [LOG] [PostHog.js] send "$autocapture" {uuid: 019eeab7-90e4-76a1-8917-f22ea946c253, event: $autocapture, properties: Object, timestamp: Sun Jun 21 2026 15:05:59 GMT+0000 (heure moyenne de Greenwich)} @ http://localhost:3001/_next/static/chunks/0twy_next_dist_06yi1o8._.js:2482
[  505590ms] [LOG] [PostHog.js] send "$autocapture" {uuid: 019eeab7-937f-7b34-86ea-7ab48d07c587, event: $autocapture, properties: Object, timestamp: Sun Jun 21 2026 15:05:59 GMT+0000 (heure moyenne de Greenwich)} @ http://localhost:3001/_next/static/chunks/0twy_next_dist_06yi1o8._.js:2482
[  506646ms] [LOG] [Fast Refresh] rebuilding @ http://localhost:3001/_next/static/chunks/0twy_next_dist_06yi1o8._.js:2482
[  506737ms] [LOG] [Fast Refresh] done in 192ms @ http://localhost:3001/_next/static/chunks/0twy_next_dist_06yi1o8._.js:2482
[  506773ms] [LOG] [PostHog.js] send "$autocapture" {uuid: 019eeab7-981e-7606-a490-d8995f6c1455, event: $autocapture, properties: Object, timestamp: Sun Jun 21 2026 15:06:01 GMT+0000 (heure moyenne de Greenwich)} @ http://localhost:3001/_next/static/chunks/0twy_next_dist_06yi1o8._.js:2482
[  507856ms] [LOG] [PostHog.js] send "$autocapture" {uuid: 019eeab7-9c59-77f9-9a9a-52f79e20e502, event: $autocapture, properties: Object, timestamp: Sun Jun 21 2026 15:06:02 GMT+0000 (heure moyenne de Greenwich)} @ http://localhost:3001/_next/static/chunks/0twy_next_dist_06yi1o8._.js:2482
[  508689ms] [LOG] [PostHog.js] send "$autocapture" {uuid: 019eeab7-9f9a-7e1a-8188-a0c8588a9286, event: $autocapture, properties: Object, timestamp: Sun Jun 21 2026 15:06:03 GMT+0000 (heure moyenne de Greenwich)} @ http://localhost:3001/_next/static/chunks/0twy_next_dist_06yi1o8._.js:2482
[  508980ms] [LOG] [PostHog.js] send "$$heatmap" {uuid: 019eeab7-a0bd-730c-8401-9691e7b47562, event: $$heatmap, properties: Object, timestamp: Sun Jun 21 2026 15:06:03 GMT+0000 (heure moyenne de Greenwich)} @ http://localhost:3001/_next/static/chunks/0twy_next_dist_06yi1o8._.js:2482
[  509356ms] [LOG] [PostHog.js] send "$autocapture" {uuid: 019eeab7-a235-7f05-a87d-f554448d6f21, event: $autocapture, properties: Object, timestamp: Sun Jun 21 2026 15:06:03 GMT+0000 (heure moyenne de Greenwich)} @ http://localhost:3001/_next/static/chunks/0twy_next_dist_06yi1o8._.js:2482
[  510790ms] [LOG] [PostHog.js] send "$autocapture" {uuid: 019eeab7-a7cf-749a-abae-87e5cb574ebd, event: $autocapture, properties: Object, timestamp: Sun Jun 21 2026 15:06:05 GMT+0000 (heure moyenne de Greenwich)} @ http://localhost:3001/_next/static/chunks/0twy_next_dist_06yi1o8._.js:2482
[  511373ms] [LOG] [PostHog.js] send "$autocapture" {uuid: 019eeab7-aa16-7ea7-a1e0-961e80f70f52, event: $autocapture, properties: Object, timestamp: Sun Jun 21 2026 15:06:05 GMT+0000 (heure moyenne de Greenwich)} @ http://localhost:3001/_next/static/chunks/0twy_next_dist_06yi1o8._.js:2482
[  512275ms] [LOG] [PostHog.js] send "$autocapture" {uuid: 019eeab7-ad9b-7c5e-b4ae-d04359969a9e, event: $autocapture, properties: Object, timestamp: Sun Jun 21 2026 15:06:06 GMT+0000 (heure moyenne de Greenwich)} @ http://localhost:3001/_next/static/chunks/0twy_next_dist_06yi1o8._.js:2482
[  513056ms] [LOG] [PostHog.js] send "$autocapture" {uuid: 019eeab7-b0a9-7e76-b09b-91b7bee28155, event: $autocapture, properties: Object, timestamp: Sun Jun 21 2026 15:06:07 GMT+0000 (heure moyenne de Greenwich)} @ http://localhost:3001/_next/static/chunks/0twy_next_dist_06yi1o8._.js:2482
[  513980ms] [LOG] [PostHog.js] send "$$heatmap" {uuid: 019eeab7-b445-7ce6-9dba-02de99430392, event: $$heatmap, properties: Object, timestamp: Sun Jun 21 2026 15:06:08 GMT+0000 (heure moyenne de Greenwich)} @ http://localhost:3001/_next/static/chunks/0twy_next_dist_06yi1o8._.js:2482
[  513989ms] [LOG] [PostHog.js] send "$autocapture" {uuid: 019eeab7-b44e-76d5-a38c-7307ebd076ef, event: $autocapture, properties: Object, timestamp: Sun Jun 21 2026 15:06:08 GMT+0000 (heure moyenne de Greenwich)} @ http://localhost:3001/_next/static/chunks/0twy_next_dist_06yi1o8._.js:2482
[  514707ms] [LOG] [PostHog.js] send "$autocapture" {uuid: 019eeab7-b71b-7cb7-89ae-a2995c4c76e5, event: $autocapture, properties: Object, timestamp: Sun Jun 21 2026 15:06:09 GMT+0000 (heure moyenne de Greenwich)} @ http://localhost:3001/_next/static/chunks/0twy_next_dist_06yi1o8._.js:2482
[  515444ms] [LOG] [PostHog.js] send "$autocapture" {uuid: 019eeab7-b9fc-720b-a917-80a7a13c22d3, event: $autocapture, properties: Object, timestamp: Sun Jun 21 2026 15:06:09 GMT+0000 (heure moyenne de Greenwich)} @ http://localhost:3001/_next/static/chunks/0twy_next_dist_06yi1o8._.js:2482
[  515956ms] [LOG] [PostHog.js] send "$autocapture" {uuid: 019eeab7-bbfd-78e4-bfef-3fc35a9a4c64, event: $autocapture, properties: Object, timestamp: Sun Jun 21 2026 15:06:10 GMT+0000 (heure moyenne de Greenwich)} @ http://localhost:3001/_next/static/chunks/0twy_next_dist_06yi1o8._.js:2482
[  516722ms] [LOG] [PostHog.js] send "$autocapture" {uuid: 019eeab7-befb-7c29-8e6d-c8afd0759a32, event: $autocapture, properties: Object, timestamp: Sun Jun 21 2026 15:06:11 GMT+0000 (heure moyenne de Greenwich)} @ http://localhost:3001/_next/static/chunks/0twy_next_dist_06yi1o8._.js:2482
[  517323ms] [LOG] [PostHog.js] send "$autocapture" {uuid: 019eeab7-c154-7815-a490-58656553af5e, event: $autocapture, properties: Object, timestamp: Sun Jun 21 2026 15:06:11 GMT+0000 (heure moyenne de Greenwich)} @ http://localhost:3001/_next/static/chunks/0twy_next_dist_06yi1o8._.js:2482
[  518981ms] [LOG] [PostHog.js] send "$$heatmap" {uuid: 019eeab7-c7cd-77c6-a263-b1279c213ed4, event: $$heatmap, properties: Object, timestamp: Sun Jun 21 2026 15:06:13 GMT+0000 (heure moyenne de Greenwich)} @ http://localhost:3001/_next/static/chunks/0twy_next_dist_06yi1o8._.js:2482
[  519023ms] [LOG] [PostHog.js] send "$autocapture" {uuid: 019eeab7-c7f8-794b-9b22-b4a130dd6964, event: $autocapture, properties: Object, timestamp: Sun Jun 21 2026 15:06:13 GMT+0000 (heure moyenne de Greenwich)} @ http://localhost:3001/_next/static/chunks/0twy_next_dist_06yi1o8._.js:2482
[  523983ms] [LOG] [PostHog.js] send "$$heatmap" {uuid: 019eeab7-db57-7a11-9578-9067b0fb2b3e, event: $$heatmap, properties: Object, timestamp: Sun Jun 21 2026 15:06:18 GMT+0000 (heure moyenne de Greenwich)} @ http://localhost:3001/_next/static/chunks/0twy_next_dist_06yi1o8._.js:2482
[  524499ms] [LOG] [Fast Refresh] rebuilding @ http://localhost:3001/_next/static/chunks/0twy_next_dist_06yi1o8._.js:2482
[  524504ms] [LOG] [Fast Refresh] done in 105ms @ http://localhost:3001/_next/static/chunks/0twy_next_dist_06yi1o8._.js:2482
[  525556ms] [LOG] [PostHog.js] send "$autocapture" {uuid: 019eeab7-e17d-7d00-aca6-62eff40935d5, event: $autocapture, properties: Object, timestamp: Sun Jun 21 2026 15:06:19 GMT+0000 (heure moyenne de Greenwich)} @ http://localhost:3001/_next/static/chunks/0twy_next_dist_06yi1o8._.js:2482
[  528981ms] [LOG] [PostHog.js] send "$$heatmap" {uuid: 019eeab7-eedd-78b1-b938-1704bdec2fac, event: $$heatmap, properties: Object, timestamp: Sun Jun 21 2026 15:06:23 GMT+0000 (heure moyenne de Greenwich)} @ http://localhost:3001/_next/static/chunks/0twy_next_dist_06yi1o8._.js:2482
[  533982ms] [LOG] [PostHog.js] send "$$heatmap" {uuid: 019eeab8-0265-7999-9a01-31adabca477a, event: $$heatmap, properties: Object, timestamp: Sun Jun 21 2026 15:06:28 GMT+0000 (heure moyenne de Greenwich)} @ http://localhost:3001/_next/static/chunks/0twy_next_dist_06yi1o8._.js:2482
[  534476ms] [LOG] [PostHog.js] send "$autocapture" {uuid: 019eeab8-0454-73fa-8438-8f0242f8c2f7, event: $autocapture, properties: Object, timestamp: Sun Jun 21 2026 15:06:28 GMT+0000 (heure moyenne de Greenwich)} @ http://localhost:3001/_next/static/chunks/0twy_next_dist_06yi1o8._.js:2482
[  537640ms] [LOG] [PostHog.js] send "$autocapture" {uuid: 019eeab8-10b1-7591-bf41-d1f22f890bae, event: $autocapture, properties: Object, timestamp: Sun Jun 21 2026 15:06:31 GMT+0000 (heure moyenne de Greenwich)} @ http://localhost:3001/_next/static/chunks/0twy_next_dist_06yi1o8._.js:2482
[  537768ms] [LOG] [Fast Refresh] rebuilding @ http://localhost:3001/_next/static/chunks/0twy_next_dist_06yi1o8._.js:2482
[  537816ms] [LOG] [Fast Refresh] done in 150ms @ http://localhost:3001/_next/static/chunks/0twy_next_dist_06yi1o8._.js:2482
[  538980ms] [LOG] [PostHog.js] send "$$heatmap" {uuid: 019eeab8-15ed-7a2a-aa76-b2a4c72b2daf, event: $$heatmap, properties: Object, timestamp: Sun Jun 21 2026 15:06:33 GMT+0000 (heure moyenne de Greenwich)} @ http://localhost:3001/_next/static/chunks/0twy_next_dist_06yi1o8._.js:2482
[  542226ms] [LOG] [Fast Refresh] rebuilding @ http://localhost:3001/_next/static/chunks/0twy_next_dist_06yi1o8._.js:2482
[  542287ms] [LOG] [Fast Refresh] done in 133ms @ http://localhost:3001/_next/static/chunks/0twy_next_dist_06yi1o8._.js:2482
[  542590ms] [LOG] [PostHog.js] send "$autocapture" {uuid: 019eeab8-2407-7b75-82b2-ad364bab69ae, event: $autocapture, properties: Object, timestamp: Sun Jun 21 2026 15:06:36 GMT+0000 (heure moyenne de Greenwich)} @ http://localhost:3001/_next/static/chunks/0twy_next_dist_06yi1o8._.js:2482
[  543980ms] [LOG] [PostHog.js] send "$$heatmap" {uuid: 019eeab8-2975-7021-8278-16f77b882578, event: $$heatmap, properties: Object, timestamp: Sun Jun 21 2026 15:06:38 GMT+0000 (heure moyenne de Greenwich)} @ http://localhost:3001/_next/static/chunks/0twy_next_dist_06yi1o8._.js:2482
[  548855ms] [ERROR] Failed to load resource: the server responded with a status of 500 (Internal Server Error) @ http://localhost:3001/radio/live.aac?host=ice2.tuxnet.me:0
[  548980ms] [LOG] [PostHog.js] send "$$heatmap" {uuid: 019eeab8-3cfd-796c-bf84-e8218d9305a2, event: $$heatmap, properties: Object, timestamp: Sun Jun 21 2026 15:06:43 GMT+0000 (heure moyenne de Greenwich)} @ http://localhost:3001/_next/static/chunks/0twy_next_dist_06yi1o8._.js:2482
[  549156ms] [LOG] [PostHog.js] send "$autocapture" {uuid: 019eeab8-3dae-7151-9b32-80d71d3de0e3, event: $autocapture, properties: Object, timestamp: Sun Jun 21 2026 15:06:43 GMT+0000 (heure moyenne de Greenwich)} @ http://localhost:3001/_next/static/chunks/0twy_next_dist_06yi1o8._.js:2482
[  552557ms] [LOG] [PostHog.js] send "$autocapture" {uuid: 019eeab8-4af6-7324-a3a5-150046ed4ce2, event: $autocapture, properties: Object, timestamp: Sun Jun 21 2026 15:06:46 GMT+0000 (heure moyenne de Greenwich)} @ http://localhost:3001/_next/static/chunks/0twy_next_dist_06yi1o8._.js:2482
[  553980ms] [LOG] [PostHog.js] send "$$heatmap" {uuid: 019eeab8-5085-73fc-92fd-92223c67f947, event: $$heatmap, properties: Object, timestamp: Sun Jun 21 2026 15:06:48 GMT+0000 (heure moyenne de Greenwich)} @ http://localhost:3001/_next/static/chunks/0twy_next_dist_06yi1o8._.js:2482
[  558767ms] [LOG] [Fast Refresh] rebuilding @ http://localhost:3001/_next/static/chunks/0twy_next_dist_06yi1o8._.js:2482
[  558980ms] [LOG] [PostHog.js] send "$$heatmap" {uuid: 019eeab8-640d-7c3e-964e-90c3564d0440, event: $$heatmap, properties: Object, timestamp: Sun Jun 21 2026 15:06:53 GMT+0000 (heure moyenne de Greenwich)} @ http://localhost:3001/_next/static/chunks/0twy_next_dist_06yi1o8._.js:2482
[  559160ms] [LOG] [Fast Refresh] done in 369ms @ http://localhost:3001/_next/static/chunks/0twy_next_dist_06yi1o8._.js:2482
[  559265ms] [LOG] [Fast Refresh] rebuilding @ http://localhost:3001/_next/static/chunks/0twy_next_dist_06yi1o8._.js:2482
[  559565ms] [LOG] [Fast Refresh] done in 402ms @ http://localhost:3001/_next/static/chunks/0twy_next_dist_06yi1o8._.js:2482
[  560251ms] [LOG] [PostHog.js] send "$pageleave" {uuid: 019eeab8-6904-7375-8b78-0916ef7535c4, event: $pageleave, properties: Object, timestamp: Sun Jun 21 2026 15:06:54 GMT+0000 (heure moyenne de Greenwich)} @ http://localhost:3001/_next/static/chunks/0twy_next_dist_06yi1o8._.js:2482
[  560662ms] [LOG] [PostHog.js] set_config {config: Object, oldConfig: Object, newConfig: Object} @ http://localhost:3001/_next/static/chunks/036~_posthog-js_dist_module_0gzr43h.js:878
[  560663ms] [LOG] [PostHog.js] Persistence loaded localStorage+cookie {distinct_id: 019eea13-5def-7b1c-975b-49305a733d4a, $sesid: Array(3), $initial_person_info: Object, $initialization_time: 2026-06-21T15:05:23.323Z, $configured_session_timeout_ms: 1800000} @ http://localhost:3001/_next/static/chunks/036~_posthog-js_dist_module_0gzr43h.js:878
[  560665ms] [LOG] [PostHog.js] Persistence loaded sessionStorage {$sdk_debug_extensions_init_method: synchronous, $sdk_debug_extensions_init_time_ms: 1, $referrer: $direct, $referring_domain: $direct} @ http://localhost:3001/_next/static/chunks/036~_posthog-js_dist_module_0gzr43h.js:878
[  560665ms] [LOG] [PostHog.js] Initializing extensions synchronously @ http://localhost:3001/_next/static/chunks/036~_posthog-js_dist_module_0gzr43h.js:878
[  560665ms] [LOG] [PostHog.js] History API monitoring enabled, starting... @ http://localhost:3001/_next/static/chunks/036~_posthog-js_dist_module_0gzr43h.js:878
[  560666ms] [LOG] [PostHog.js] [Heatmaps] starting... @ http://localhost:3001/_next/static/chunks/036~_posthog-js_dist_module_0gzr43h.js:878
[  560667ms] [LOG] [PostHog.js] [Web Vitals] enabled, starting... @ http://localhost:3001/_next/static/chunks/036~_posthog-js_dist_module_0gzr43h.js:878
[  560667ms] [LOG] [PostHog.js] [ExceptionAutocapture] enabled @ http://localhost:3001/_next/static/chunks/036~_posthog-js_dist_module_0gzr43h.js:878
[  560667ms] [LOG] [PostHog.js] [ExceptionAutocapture] enabled @ http://localhost:3001/_next/static/chunks/036~_posthog-js_dist_module_0gzr43h.js:878
[  560667ms] [LOG] [PostHog.js] Starting in debug mode {this: qo, config: Object, thisC: Object, p: Object, s: Object} @ http://localhost:3001/_next/static/chunks/036~_posthog-js_dist_module_0gzr43h.js:878
[  560672ms] [INFO] %cDownload the React DevTools for a better development experience: https://react.dev/link/react-devtools font-weight:bold @ http://localhost:3001/_next/static/chunks/0twy_next_dist_06yi1o8._.js:2482
[  560689ms] [LOG] [PostHog.js] [Dead Clicks] starting... @ http://localhost:3001/_next/static/chunks/0twy_next_dist_06yi1o8._.js:2482
[  560690ms] [LOG] [PostHog.js] [RemoteConfig] __preview_remote_config is disabled. Logging config instead {analytics: Object, autocaptureExceptions: true, autocapture_opt_out: false, captureDeadClicks: false, capturePerformance: Object} @ http://localhost:3001/_next/static/chunks/0twy_next_dist_06yi1o8._.js:2482
[  560696ms] [LOG] [PostHog.js] send "$pageview" {uuid: 019eeab8-6ac0-7dd4-95bc-1191f3c9e13f, event: $pageview, properties: Object, timestamp: Sun Jun 21 2026 15:06:55 GMT+0000 (heure moyenne de Greenwich)} @ http://localhost:3001/_next/static/chunks/0twy_next_dist_06yi1o8._.js:2482
[  560702ms] [LOG] [HMR] connected @ http://localhost:3001/_next/static/chunks/0twy_next_dist_06yi1o8._.js:2482
[  561200ms] [LOG] [PostHog.js] Persistence loaded sessionStorage {$sdk_debug_extensions_init_method: synchronous, $sdk_debug_extensions_init_time_ms: 2, $referrer: $direct, $referring_domain: $direct} @ http://localhost:3001/_next/static/chunks/0twy_next_dist_06yi1o8._.js:2482
[  561201ms] [LOG] [PostHog.js] set_config {config: Object, oldConfig: Object, newConfig: Object} @ http://localhost:3001/_next/static/chunks/0twy_next_dist_06yi1o8._.js:2482
[  561201ms] [LOG] [PostHog.js] [ExceptionAutocapture] enabled @ http://localhost:3001/_next/static/chunks/0twy_next_dist_06yi1o8._.js:2482
[  561201ms] [LOG] [PostHog.js] [Surveys] flags response received, isSurveysEnabled: false @ http://localhost:3001/_next/static/chunks/0twy_next_dist_06yi1o8._.js:2482
[  561202ms] [LOG] [PostHog.js] [ExceptionAutocapture] enabled @ http://localhost:3001/_next/static/chunks/0twy_next_dist_06yi1o8._.js:2482
[  561203ms] [LOG] [PostHog.js] [Surveys] Surveys loaded successfully @ http://localhost:3001/_next/static/chunks/0twy_next_dist_06yi1o8._.js:2482
[  565669ms] [LOG] [PostHog.js] send "$$heatmap" {uuid: 019eeab8-7e2e-7d5f-91e4-14c699c68d30, event: $$heatmap, properties: Object, timestamp: Sun Jun 21 2026 15:07:00 GMT+0000 (heure moyenne de Greenwich)} @ http://localhost:3001/_next/static/chunks/0twy_next_dist_06yi1o8._.js:2482
[  565700ms] [LOG] [PostHog.js] send "$web_vitals" {uuid: 019eeab8-7e4d-7330-8559-1be588ce5dc6, event: $web_vitals, properties: Object, timestamp: Sun Jun 21 2026 15:07:00 GMT+0000 (heure moyenne de Greenwich)} @ http://localhost:3001/_next/static/chunks/0twy_next_dist_06yi1o8._.js:2482
[  566391ms] [LOG] [PostHog.js] send "$autocapture" {uuid: 019eeab8-8100-7a16-8015-88b77367764f, event: $autocapture, properties: Object, timestamp: Sun Jun 21 2026 15:07:00 GMT+0000 (heure moyenne de Greenwich)} @ http://localhost:3001/_next/static/chunks/0twy_next_dist_06yi1o8._.js:2482
[  570668ms] [LOG] [PostHog.js] send "$$heatmap" {uuid: 019eeab8-91b5-7347-bb7a-2f0f5bd6392f, event: $$heatmap, properties: Object, timestamp: Sun Jun 21 2026 15:07:05 GMT+0000 (heure moyenne de Greenwich)} @ http://localhost:3001/_next/static/chunks/0twy_next_dist_06yi1o8._.js:2482
[  571420ms] [LOG] [PostHog.js] send "$web_vitals" {uuid: 019eeab8-94a5-7ddf-ab0e-b7bb243e9d32, event: $web_vitals, properties: Object, timestamp: Sun Jun 21 2026 15:07:05 GMT+0000 (heure moyenne de Greenwich)} @ http://localhost:3001/_next/static/chunks/0twy_next_dist_06yi1o8._.js:2482
[  571574ms] [LOG] [PostHog.js] send "$autocapture" {uuid: 019eeab8-953f-764e-9a89-b06b58af1d04, event: $autocapture, properties: Object, timestamp: Sun Jun 21 2026 15:07:05 GMT+0000 (heure moyenne de Greenwich)} @ http://localhost:3001/_next/static/chunks/0twy_next_dist_06yi1o8._.js:2482
[  575668ms] [LOG] [PostHog.js] send "$$heatmap" {uuid: 019eeab8-a53d-767a-8710-47c21514c0b8, event: $$heatmap, properties: Object, timestamp: Sun Jun 21 2026 15:07:10 GMT+0000 (heure moyenne de Greenwich)} @ http://localhost:3001/_next/static/chunks/0twy_next_dist_06yi1o8._.js:2482
[  575782ms] [LOG] [Fast Refresh] rebuilding @ http://localhost:3001/_next/static/chunks/0twy_next_dist_06yi1o8._.js:2482
[  575807ms] [LOG] [PostHog.js] send "$autocapture" {uuid: 019eeab8-a5c8-72f1-811c-762cebe772e9, event: $autocapture, properties: Object, timestamp: Sun Jun 21 2026 15:07:10 GMT+0000 (heure moyenne de Greenwich)} @ http://localhost:3001/_next/static/chunks/0twy_next_dist_06yi1o8._.js:2482
[  575913ms] [WARNING] [Fast Refresh] performing full reload

Fast Refresh will perform a full reload when you edit a file that's imported by modules outside of the React rendering tree.
You might have a file which exports a React component but also exports a value that is imported by a non-React component file.
Consider migrating the non-React component export to a separate file and importing it into both files.

It is also possible the parent component of the component you edited is a class component, which disables Fast Refresh.
Fast Refresh requires at least one parent function component in your React tree. @ http://localhost:3001/_next/static/chunks/0twy_next_dist_06yi1o8._.js:2482
[  575915ms] [LOG] [PostHog.js] send "$$heatmap" {uuid: 019eeab8-a634-76e3-b3d5-583dfc26aabe, event: $$heatmap, properties: Object, timestamp: Sun Jun 21 2026 15:07:10 GMT+0000 (heure moyenne de Greenwich)} @ http://localhost:3001/_next/static/chunks/0twy_next_dist_06yi1o8._.js:2482
[  575945ms] [LOG] [Fast Refresh] done in 231ms @ http://localhost:3001/_next/static/chunks/0twy_next_dist_06yi1o8._.js:2482
[  576138ms] [LOG] [PostHog.js] send "$pageleave" {uuid: 019eeab8-a713-7f09-8cb5-fe07017416f6, event: $pageleave, properties: Object, timestamp: Sun Jun 21 2026 15:07:10 GMT+0000 (heure moyenne de Greenwich)} @ http://localhost:3001/_next/static/chunks/0twy_next_dist_06yi1o8._.js:2482
[  576331ms] [LOG] [PostHog.js] set_config {config: Object, oldConfig: Object, newConfig: Object} @ http://localhost:3001/_next/static/chunks/036~_posthog-js_dist_module_0gzr43h.js:878
[  576332ms] [LOG] [PostHog.js] Persistence loaded localStorage+cookie {distinct_id: 019eea13-5def-7b1c-975b-49305a733d4a, $sesid: Array(3), $initial_person_info: Object, $initialization_time: 2026-06-21T15:06:55.010Z, $configured_session_timeout_ms: 1800000} @ http://localhost:3001/_next/static/chunks/036~_posthog-js_dist_module_0gzr43h.js:878
[  576333ms] [LOG] [PostHog.js] Persistence loaded sessionStorage {$sdk_debug_extensions_init_method: synchronous, $sdk_debug_extensions_init_time_ms: 2, $referrer: $direct, $referring_domain: $direct} @ http://localhost:3001/_next/static/chunks/036~_posthog-js_dist_module_0gzr43h.js:878
[  576333ms] [LOG] [PostHog.js] Initializing extensions synchronously @ http://localhost:3001/_next/static/chunks/036~_posthog-js_dist_module_0gzr43h.js:878
[  576333ms] [LOG] [PostHog.js] History API monitoring enabled, starting... @ http://localhost:3001/_next/static/chunks/036~_posthog-js_dist_module_0gzr43h.js:878
[  576333ms] [LOG] [PostHog.js] [Heatmaps] starting... @ http://localhost:3001/_next/static/chunks/036~_posthog-js_dist_module_0gzr43h.js:878
[  576334ms] [LOG] [PostHog.js] [Web Vitals] enabled, starting... @ http://localhost:3001/_next/static/chunks/036~_posthog-js_dist_module_0gzr43h.js:878
[  576334ms] [LOG] [PostHog.js] [ExceptionAutocapture] enabled @ http://localhost:3001/_next/static/chunks/036~_posthog-js_dist_module_0gzr43h.js:878
[  576334ms] [LOG] [PostHog.js] [ExceptionAutocapture] enabled @ http://localhost:3001/_next/static/chunks/036~_posthog-js_dist_module_0gzr43h.js:878
[  576334ms] [LOG] [PostHog.js] Starting in debug mode {this: qo, config: Object, thisC: Object, p: Object, s: Object} @ http://localhost:3001/_next/static/chunks/036~_posthog-js_dist_module_0gzr43h.js:878
[  576337ms] [INFO] %cDownload the React DevTools for a better development experience: https://react.dev/link/react-devtools font-weight:bold @ http://localhost:3001/_next/static/chunks/0twy_next_dist_06yi1o8._.js:2482
[  576347ms] [LOG] [PostHog.js] [Dead Clicks] starting... @ http://localhost:3001/_next/static/chunks/0twy_next_dist_06yi1o8._.js:2482
[  576348ms] [LOG] [PostHog.js] [RemoteConfig] __preview_remote_config is disabled. Logging config instead {analytics: Object, autocaptureExceptions: true, autocapture_opt_out: false, captureDeadClicks: false, capturePerformance: Object} @ http://localhost:3001/_next/static/chunks/0twy_next_dist_06yi1o8._.js:2482
[  576352ms] [LOG] [PostHog.js] send "$pageview" {uuid: 019eeab8-a7e8-70db-a56f-fae543ed9d3a, event: $pageview, properties: Object, timestamp: Sun Jun 21 2026 15:07:10 GMT+0000 (heure moyenne de Greenwich)} @ http://localhost:3001/_next/static/chunks/0twy_next_dist_06yi1o8._.js:2482
[  576362ms] [LOG] [HMR] connected @ http://localhost:3001/_next/static/chunks/0twy_next_dist_06yi1o8._.js:2482
[  576877ms] [LOG] [PostHog.js] Persistence loaded sessionStorage {$sdk_debug_extensions_init_method: synchronous, $sdk_debug_extensions_init_time_ms: 1, $referrer: $direct, $referring_domain: $direct} @ http://localhost:3001/_next/static/chunks/0twy_next_dist_06yi1o8._.js:2482
[  576877ms] [LOG] [PostHog.js] set_config {config: Object, oldConfig: Object, newConfig: Object} @ http://localhost:3001/_next/static/chunks/0twy_next_dist_06yi1o8._.js:2482
[  576877ms] [LOG] [PostHog.js] [ExceptionAutocapture] enabled @ http://localhost:3001/_next/static/chunks/0twy_next_dist_06yi1o8._.js:2482
[  576878ms] [LOG] [PostHog.js] [Surveys] flags response received, isSurveysEnabled: false @ http://localhost:3001/_next/static/chunks/0twy_next_dist_06yi1o8._.js:2482
[  576878ms] [LOG] [PostHog.js] [ExceptionAutocapture] enabled @ http://localhost:3001/_next/static/chunks/0twy_next_dist_06yi1o8._.js:2482
[  576880ms] [LOG] [PostHog.js] [Surveys] Surveys loaded successfully @ http://localhost:3001/_next/static/chunks/0twy_next_dist_06yi1o8._.js:2482
[  580142ms] [LOG] [PostHog.js] send "$autocapture" {uuid: 019eeab8-b6b6-7311-a796-d7839c1ab8a9, event: $autocapture, properties: Object, timestamp: Sun Jun 21 2026 15:07:14 GMT+0000 (heure moyenne de Greenwich)} @ http://localhost:3001/_next/static/chunks/0twy_next_dist_06yi1o8._.js:2482
[  580907ms] [LOG] [PostHog.js] send "$autocapture" {uuid: 019eeab8-b9b4-73e6-9563-8a41f9c55db6, event: $autocapture, properties: Object, timestamp: Sun Jun 21 2026 15:07:15 GMT+0000 (heure moyenne de Greenwich)} @ http://localhost:3001/_next/static/chunks/0twy_next_dist_06yi1o8._.js:2482
[  581335ms] [LOG] [PostHog.js] send "$$heatmap" {uuid: 019eeab8-bb60-7542-81c8-bc9b07970c62, event: $$heatmap, properties: Object, timestamp: Sun Jun 21 2026 15:07:15 GMT+0000 (heure moyenne de Greenwich)} @ http://localhost:3001/_next/static/chunks/0twy_next_dist_06yi1o8._.js:2482
[  581358ms] [LOG] [PostHog.js] send "$web_vitals" {uuid: 019eeab8-bb77-70c3-9576-385115c0d083, event: $web_vitals, properties: Object, timestamp: Sun Jun 21 2026 15:07:15 GMT+0000 (heure moyenne de Greenwich)} @ http://localhost:3001/_next/static/chunks/0twy_next_dist_06yi1o8._.js:2482
[  586335ms] [LOG] [PostHog.js] send "$$heatmap" {uuid: 019eeab8-cee8-74f8-8280-d5dce79f89cd, event: $$heatmap, properties: Object, timestamp: Sun Jun 21 2026 15:07:20 GMT+0000 (heure moyenne de Greenwich)} @ http://localhost:3001/_next/static/chunks/0twy_next_dist_06yi1o8._.js:2482
[  591336ms] [LOG] [PostHog.js] send "$$heatmap" {uuid: 019eeab8-e270-7e0a-8e15-d47a4522400c, event: $$heatmap, properties: Object, timestamp: Sun Jun 21 2026 15:07:25 GMT+0000 (heure moyenne de Greenwich)} @ http://localhost:3001/_next/static/chunks/0twy_next_dist_06yi1o8._.js:2482
[  596335ms] [LOG] [PostHog.js] send "$$heatmap" {uuid: 019eeab8-f5f8-7a38-a429-74360f621a65, event: $$heatmap, properties: Object, timestamp: Sun Jun 21 2026 15:07:30 GMT+0000 (heure moyenne de Greenwich)} @ http://localhost:3001/_next/static/chunks/0twy_next_dist_06yi1o8._.js:2482
[  601336ms] [LOG] [PostHog.js] send "$$heatmap" {uuid: 019eeab9-0981-7afb-9f5c-def717589bfc, event: $$heatmap, properties: Object, timestamp: Sun Jun 21 2026 15:07:35 GMT+0000 (heure moyenne de Greenwich)} @ http://localhost:3001/_next/static/chunks/0twy_next_dist_06yi1o8._.js:2482
[  606011ms] [LOG] [Fast Refresh] rebuilding @ http://localhost:3001/_next/static/chunks/0twy_next_dist_06yi1o8._.js:2482
[  606107ms] [WARNING] [Fast Refresh] performing full reload

Fast Refresh will perform a full reload when you edit a file that's imported by modules outside of the React rendering tree.
You might have a file which exports a React component but also exports a value that is imported by a non-React component file.
Consider migrating the non-React component export to a separate file and importing it into both files.

It is also possible the parent component of the component you edited is a class component, which disables Fast Refresh.
Fast Refresh requires at least one parent function component in your React tree. @ http://localhost:3001/_next/static/chunks/0twy_next_dist_06yi1o8._.js:2482
[  606211ms] [LOG] [Fast Refresh] done in 196ms @ http://localhost:3001/_next/static/chunks/0twy_next_dist_06yi1o8._.js:2482
[  606246ms] [LOG] [PostHog.js] send "$pageleave" {uuid: 019eeab9-1caf-7692-94e8-91d63d422c54, event: $pageleave, properties: Object, timestamp: Sun Jun 21 2026 15:07:40 GMT+0000 (heure moyenne de Greenwich)} @ http://localhost:3001/_next/static/chunks/0twy_next_dist_06yi1o8._.js:2482
[  606576ms] [LOG] [PostHog.js] set_config {config: Object, oldConfig: Object, newConfig: Object} @ http://localhost:3001/_next/static/chunks/036~_posthog-js_dist_module_0gzr43h.js:878
[  606577ms] [LOG] [PostHog.js] Persistence loaded localStorage+cookie {distinct_id: 019eea13-5def-7b1c-975b-49305a733d4a, $sesid: Array(3), $initial_person_info: Object, $initialization_time: 2026-06-21T15:07:10.678Z, $configured_session_timeout_ms: 1800000} @ http://localhost:3001/_next/static/chunks/036~_posthog-js_dist_module_0gzr43h.js:878
[  606577ms] [LOG] [PostHog.js] Persistence loaded sessionStorage {$sdk_debug_extensions_init_method: synchronous, $sdk_debug_extensions_init_time_ms: 1, $referrer: $direct, $referring_domain: $direct} @ http://localhost:3001/_next/static/chunks/036~_posthog-js_dist_module_0gzr43h.js:878
[  606578ms] [LOG] [PostHog.js] Initializing extensions synchronously @ http://localhost:3001/_next/static/chunks/036~_posthog-js_dist_module_0gzr43h.js:878
[  606578ms] [LOG] [PostHog.js] History API monitoring enabled, starting... @ http://localhost:3001/_next/static/chunks/036~_posthog-js_dist_module_0gzr43h.js:878
[  606578ms] [LOG] [PostHog.js] [Heatmaps] starting... @ http://localhost:3001/_next/static/chunks/036~_posthog-js_dist_module_0gzr43h.js:878
[  606579ms] [LOG] [PostHog.js] [Web Vitals] enabled, starting... @ http://localhost:3001/_next/static/chunks/036~_posthog-js_dist_module_0gzr43h.js:878
[  606579ms] [LOG] [PostHog.js] [ExceptionAutocapture] enabled @ http://localhost:3001/_next/static/chunks/036~_posthog-js_dist_module_0gzr43h.js:878
[  606579ms] [LOG] [PostHog.js] [ExceptionAutocapture] enabled @ http://localhost:3001/_next/static/chunks/036~_posthog-js_dist_module_0gzr43h.js:878
[  606579ms] [LOG] [PostHog.js] Starting in debug mode {this: qo, config: Object, thisC: Object, p: Object, s: Object} @ http://localhost:3001/_next/static/chunks/036~_posthog-js_dist_module_0gzr43h.js:878
[  606583ms] [INFO] %cDownload the React DevTools for a better development experience: https://react.dev/link/react-devtools font-weight:bold @ http://localhost:3001/_next/static/chunks/0twy_next_dist_06yi1o8._.js:2482
[  606592ms] [LOG] [PostHog.js] [Dead Clicks] starting... @ http://localhost:3001/_next/static/chunks/0twy_next_dist_06yi1o8._.js:2482
[  606593ms] [LOG] [PostHog.js] [RemoteConfig] __preview_remote_config is disabled. Logging config instead {analytics: Object, autocaptureExceptions: true, autocapture_opt_out: false, captureDeadClicks: false, capturePerformance: Object} @ http://localhost:3001/_next/static/chunks/0twy_next_dist_06yi1o8._.js:2482
[  606597ms] [LOG] [PostHog.js] send "$pageview" {uuid: 019eeab9-1e0e-76bb-a7ad-b337ea496f0d, event: $pageview, properties: Object, timestamp: Sun Jun 21 2026 15:07:40 GMT+0000 (heure moyenne de Greenwich)} @ http://localhost:3001/_next/static/chunks/0twy_next_dist_06yi1o8._.js:2482
[  606612ms] [LOG] [HMR] connected @ http://localhost:3001/_next/static/chunks/0twy_next_dist_06yi1o8._.js:2482
[  607174ms] [LOG] [PostHog.js] Persistence loaded sessionStorage {$sdk_debug_extensions_init_method: synchronous, $sdk_debug_extensions_init_time_ms: 1, $referrer: $direct, $referring_domain: $direct} @ http://localhost:3001/_next/static/chunks/0twy_next_dist_06yi1o8._.js:2482
[  607175ms] [LOG] [PostHog.js] set_config {config: Object, oldConfig: Object, newConfig: Object} @ http://localhost:3001/_next/static/chunks/0twy_next_dist_06yi1o8._.js:2482
[  607175ms] [LOG] [PostHog.js] [ExceptionAutocapture] enabled @ http://localhost:3001/_next/static/chunks/0twy_next_dist_06yi1o8._.js:2482
[  607175ms] [LOG] [PostHog.js] [Surveys] flags response received, isSurveysEnabled: false @ http://localhost:3001/_next/static/chunks/0twy_next_dist_06yi1o8._.js:2482
[  607175ms] [LOG] [PostHog.js] [ExceptionAutocapture] enabled @ http://localhost:3001/_next/static/chunks/0twy_next_dist_06yi1o8._.js:2482
[  607177ms] [LOG] [PostHog.js] [Surveys] Surveys loaded successfully @ http://localhost:3001/_next/static/chunks/0twy_next_dist_06yi1o8._.js:2482
[  611581ms] [LOG] [PostHog.js] send "$$heatmap" {uuid: 019eeab9-3185-78a8-be6f-7a71df58f050, event: $$heatmap, properties: Object, timestamp: Sun Jun 21 2026 15:07:45 GMT+0000 (heure moyenne de Greenwich)} @ http://localhost:3001/_next/static/chunks/0twy_next_dist_06yi1o8._.js:2482
[  611601ms] [LOG] [PostHog.js] send "$web_vitals" {uuid: 019eeab9-319a-78d6-869a-ca4492325aeb, event: $web_vitals, properties: Object, timestamp: Sun Jun 21 2026 15:07:45 GMT+0000 (heure moyenne de Greenwich)} @ http://localhost:3001/_next/static/chunks/0twy_next_dist_06yi1o8._.js:2482
[  615493ms] [LOG] [PostHog.js] send "$autocapture" {uuid: 019eeab9-40ce-74e1-a2de-83a299effa94, event: $autocapture, properties: Object, timestamp: Sun Jun 21 2026 15:07:49 GMT+0000 (heure moyenne de Greenwich)} @ http://localhost:3001/_next/static/chunks/0twy_next_dist_06yi1o8._.js:2482
[  616580ms] [LOG] [PostHog.js] send "$$heatmap" {uuid: 019eeab9-450d-7153-97cb-7dad7d72548d, event: $$heatmap, properties: Object, timestamp: Sun Jun 21 2026 15:07:50 GMT+0000 (heure moyenne de Greenwich)} @ http://localhost:3001/_next/static/chunks/0twy_next_dist_06yi1o8._.js:2482
[  619925ms] [LOG] [PostHog.js] send "$autocapture" {uuid: 019eeab9-521e-7502-8ef7-eea67bc4fa5b, event: $autocapture, properties: Object, timestamp: Sun Jun 21 2026 15:07:54 GMT+0000 (heure moyenne de Greenwich)} @ http://localhost:3001/_next/static/chunks/0twy_next_dist_06yi1o8._.js:2482
[  620543ms] [LOG] [PostHog.js] send "$web_vitals" {uuid: 019eeab9-5487-7417-8519-6357d2381143, event: $web_vitals, properties: Object, timestamp: Sun Jun 21 2026 15:07:54 GMT+0000 (heure moyenne de Greenwich)} @ http://localhost:3001/_next/static/chunks/0twy_next_dist_06yi1o8._.js:2482
[  621581ms] [LOG] [PostHog.js] send "$$heatmap" {uuid: 019eeab9-5896-7d9c-ac8c-bfa13ed56d6c, event: $$heatmap, properties: Object, timestamp: Sun Jun 21 2026 15:07:55 GMT+0000 (heure moyenne de Greenwich)} @ http://localhost:3001/_next/static/chunks/0twy_next_dist_06yi1o8._.js:2482
[  626580ms] [LOG] [PostHog.js] send "$$heatmap" {uuid: 019eeab9-6c1d-76b8-bf94-2d7451b61fb2, event: $$heatmap, properties: Object, timestamp: Sun Jun 21 2026 15:08:00 GMT+0000 (heure moyenne de Greenwich)} @ http://localhost:3001/_next/static/chunks/0twy_next_dist_06yi1o8._.js:2482
[  627594ms] [LOG] [PostHog.js] send "$autocapture" {uuid: 019eeab9-7013-74ad-8488-a415079469a1, event: $autocapture, properties: Object, timestamp: Sun Jun 21 2026 15:08:01 GMT+0000 (heure moyenne de Greenwich)} @ http://localhost:3001/_next/static/chunks/0twy_next_dist_06yi1o8._.js:2482
[  630056ms] [ERROR] Failed to load resource: the server responded with a status of 500 (Internal Server Error) @ http://localhost:3001/radio/live.aac?host=ice2.tuxnet.me:0
[  631580ms] [LOG] [PostHog.js] send "$$heatmap" {uuid: 019eeab9-7fa5-7718-91a8-aceb84c4a7f4, event: $$heatmap, properties: Object, timestamp: Sun Jun 21 2026 15:08:05 GMT+0000 (heure moyenne de Greenwich)} @ http://localhost:3001/_next/static/chunks/0twy_next_dist_06yi1o8._.js:2482
[  635956ms] [LOG] [Fast Refresh] rebuilding @ http://localhost:3001/_next/static/chunks/0twy_next_dist_06yi1o8._.js:2482
[  636133ms] [LOG] [Fast Refresh] done in 248ms @ http://localhost:3001/_next/static/chunks/0twy_next_dist_06yi1o8._.js:2482
[  636580ms] [LOG] [PostHog.js] send "$$heatmap" {uuid: 019eeab9-932d-729d-822e-7a897fa9a7e5, event: $$heatmap, properties: Object, timestamp: Sun Jun 21 2026 15:08:10 GMT+0000 (heure moyenne de Greenwich)} @ http://localhost:3001/_next/static/chunks/0twy_next_dist_06yi1o8._.js:2482
[  641524ms] [LOG] [PostHog.js] send "$autocapture" {uuid: 019eeab9-a67d-708c-b78e-0a35f6498e7f, event: $autocapture, properties: Object, timestamp: Sun Jun 21 2026 15:08:15 GMT+0000 (heure moyenne de Greenwich)} @ http://localhost:3001/_next/static/chunks/0twy_next_dist_06yi1o8._.js:2482
[  641579ms] [LOG] [PostHog.js] send "$$heatmap" {uuid: 019eeab9-a6b4-72af-9e86-f6d73526d772, event: $$heatmap, properties: Object, timestamp: Sun Jun 21 2026 15:08:15 GMT+0000 (heure moyenne de Greenwich)} @ http://localhost:3001/_next/static/chunks/0twy_next_dist_06yi1o8._.js:2482
[  642407ms] [LOG] [PostHog.js] send "$autocapture" {uuid: 019eeab9-a9f0-72bb-8f4a-2cadd5936a31, event: $autocapture, properties: Object, timestamp: Sun Jun 21 2026 15:08:16 GMT+0000 (heure moyenne de Greenwich)} @ http://localhost:3001/_next/static/chunks/0twy_next_dist_06yi1o8._.js:2482
[  643107ms] [LOG] [PostHog.js] send "$autocapture" {uuid: 019eeab9-acac-7818-8134-d8911d0792c8, event: $autocapture, properties: Object, timestamp: Sun Jun 21 2026 15:08:17 GMT+0000 (heure moyenne de Greenwich)} @ http://localhost:3001/_next/static/chunks/0twy_next_dist_06yi1o8._.js:2482
[  644124ms] [LOG] [PostHog.js] send "$autocapture" {uuid: 019eeab9-b0a5-771d-aa6a-1d441c3983c1, event: $autocapture, properties: Object, timestamp: Sun Jun 21 2026 15:08:18 GMT+0000 (heure moyenne de Greenwich)} @ http://localhost:3001/_next/static/chunks/0twy_next_dist_06yi1o8._.js:2482
[  644841ms] [LOG] [PostHog.js] send "$autocapture" {uuid: 019eeab9-b372-735d-8a0b-c9fb460ff2de, event: $autocapture, properties: Object, timestamp: Sun Jun 21 2026 15:08:19 GMT+0000 (heure moyenne de Greenwich)} @ http://localhost:3001/_next/static/chunks/0twy_next_dist_06yi1o8._.js:2482
[  645758ms] [LOG] [PostHog.js] send "$autocapture" {uuid: 019eeab9-b707-7fd9-907a-e867a082eba1, event: $autocapture, properties: Object, timestamp: Sun Jun 21 2026 15:08:20 GMT+0000 (heure moyenne de Greenwich)} @ http://localhost:3001/_next/static/chunks/0twy_next_dist_06yi1o8._.js:2482
[  646581ms] [LOG] [PostHog.js] send "$$heatmap" {uuid: 019eeab9-ba3e-7c75-ac9f-9a875ace1145, event: $$heatmap, properties: Object, timestamp: Sun Jun 21 2026 15:08:20 GMT+0000 (heure moyenne de Greenwich)} @ http://localhost:3001/_next/static/chunks/0twy_next_dist_06yi1o8._.js:2482
[  647507ms] [LOG] [PostHog.js] send "$autocapture" {uuid: 019eeab9-bddc-79de-a34c-36f44afb1692, event: $autocapture, properties: Object, timestamp: Sun Jun 21 2026 15:08:21 GMT+0000 (heure moyenne de Greenwich)} @ http://localhost:3001/_next/static/chunks/0twy_next_dist_06yi1o8._.js:2482
[  648924ms] [LOG] [PostHog.js] send "$autocapture" {uuid: 019eeab9-c365-7ecd-9006-39631b235673, event: $autocapture, properties: Object, timestamp: Sun Jun 21 2026 15:08:23 GMT+0000 (heure moyenne de Greenwich)} @ http://localhost:3001/_next/static/chunks/0twy_next_dist_06yi1o8._.js:2482
[  650374ms] [LOG] [PostHog.js] send "$autocapture" {uuid: 019eeab9-c90f-79fe-86bd-5ed90dd9b70e, event: $autocapture, properties: Object, timestamp: Sun Jun 21 2026 15:08:24 GMT+0000 (heure moyenne de Greenwich)} @ http://localhost:3001/_next/static/chunks/0twy_next_dist_06yi1o8._.js:2482
[  651580ms] [LOG] [PostHog.js] send "$$heatmap" {uuid: 019eeab9-cdc5-70fd-8c03-c4be6c46d0f1, event: $$heatmap, properties: Object, timestamp: Sun Jun 21 2026 15:08:25 GMT+0000 (heure moyenne de Greenwich)} @ http://localhost:3001/_next/static/chunks/0twy_next_dist_06yi1o8._.js:2482
[  651891ms] [LOG] [PostHog.js] send "$autocapture" {uuid: 019eeab9-cefc-7d39-9ca1-1ca84df1ac18, event: $autocapture, properties: Object, timestamp: Sun Jun 21 2026 15:08:26 GMT+0000 (heure moyenne de Greenwich)} @ http://localhost:3001/_next/static/chunks/0twy_next_dist_06yi1o8._.js:2482
[  652808ms] [LOG] [PostHog.js] send "$autocapture" {uuid: 019eeab9-d291-7141-ba07-7da5c48a955b, event: $autocapture, properties: Object, timestamp: Sun Jun 21 2026 15:08:27 GMT+0000 (heure moyenne de Greenwich)} @ http://localhost:3001/_next/static/chunks/0twy_next_dist_06yi1o8._.js:2482
[  654224ms] [LOG] [PostHog.js] send "$autocapture" {uuid: 019eeab9-d819-727b-9d13-904fce67fa0e, event: $autocapture, properties: Object, timestamp: Sun Jun 21 2026 15:08:28 GMT+0000 (heure moyenne de Greenwich)} @ http://localhost:3001/_next/static/chunks/0twy_next_dist_06yi1o8._.js:2482
[  655024ms] [LOG] [PostHog.js] send "$autocapture" {uuid: 019eeab9-db39-7d80-b3a4-e6a4a15e136a, event: $autocapture, properties: Object, timestamp: Sun Jun 21 2026 15:08:29 GMT+0000 (heure moyenne de Greenwich)} @ http://localhost:3001/_next/static/chunks/0twy_next_dist_06yi1o8._.js:2482
[  655691ms] [LOG] [PostHog.js] send "$autocapture" {uuid: 019eeab9-ddd4-76c8-90df-c647d4093bb3, event: $autocapture, properties: Object, timestamp: Sun Jun 21 2026 15:08:30 GMT+0000 (heure moyenne de Greenwich)} @ http://localhost:3001/_next/static/chunks/0twy_next_dist_06yi1o8._.js:2482
[  656580ms] [LOG] [PostHog.js] send "$$heatmap" {uuid: 019eeab9-e14d-7881-a3f3-7528374e58b0, event: $$heatmap, properties: Object, timestamp: Sun Jun 21 2026 15:08:30 GMT+0000 (heure moyenne de Greenwich)} @ http://localhost:3001/_next/static/chunks/0twy_next_dist_06yi1o8._.js:2482
[  657425ms] [LOG] [PostHog.js] send "$autocapture" {uuid: 019eeab9-e49a-7ae2-ac3e-320cbf020b51, event: $autocapture, properties: Object, timestamp: Sun Jun 21 2026 15:08:31 GMT+0000 (heure moyenne de Greenwich)} @ http://localhost:3001/_next/static/chunks/0twy_next_dist_06yi1o8._.js:2482
