[       4ms] [LOG] [PostHog.js] send "$$heatmap" {uuid: 019eeab9-e590-7cec-b379-b83d98b4e0f5, event: $$heatmap, properties: Object, timestamp: Sun Jun 21 2026 15:08:32 GMT+0000 (heure moyenne de Greenwich)} @ http://localhost:3001/_next/static/chunks/0twy_next_dist_06yi1o8._.js:2482
[     105ms] [LOG] [PostHog.js] send "$pageleave" {uuid: 019eeab9-e5f5-7ec3-998d-319a99d7b008, event: $pageleave, properties: Object, timestamp: Sun Jun 21 2026 15:08:32 GMT+0000 (heure moyenne de Greenwich)} @ http://localhost:3001/_next/static/chunks/0twy_next_dist_06yi1o8._.js:2482
[     274ms] [LOG] [PostHog.js] set_config {config: Object, oldConfig: Object, newConfig: Object} @ http://localhost:3001/_next/static/chunks/036~_posthog-js_dist_module_0gzr43h.js:878
[     275ms] [LOG] [PostHog.js] Persistence loaded localStorage+cookie {distinct_id: 019eea13-5def-7b1c-975b-49305a733d4a, $sesid: Array(3), $initial_person_info: Object, $initialization_time: 2026-06-21T15:07:40.923Z, $configured_session_timeout_ms: 1800000} @ http://localhost:3001/_next/static/chunks/036~_posthog-js_dist_module_0gzr43h.js:878
[     275ms] [LOG] [PostHog.js] Persistence loaded sessionStorage {$sdk_debug_extensions_init_method: synchronous, $sdk_debug_extensions_init_time_ms: 1, $referrer: $direct, $referring_domain: $direct} @ http://localhost:3001/_next/static/chunks/036~_posthog-js_dist_module_0gzr43h.js:878
[     276ms] [LOG] [PostHog.js] Initializing extensions synchronously @ http://localhost:3001/_next/static/chunks/036~_posthog-js_dist_module_0gzr43h.js:878
[     276ms] [LOG] [PostHog.js] History API monitoring enabled, starting... @ http://localhost:3001/_next/static/chunks/036~_posthog-js_dist_module_0gzr43h.js:878
[     276ms] [LOG] [PostHog.js] [Heatmaps] starting... @ http://localhost:3001/_next/static/chunks/036~_posthog-js_dist_module_0gzr43h.js:878
[     277ms] [LOG] [PostHog.js] [Web Vitals] enabled, starting... @ http://localhost:3001/_next/static/chunks/036~_posthog-js_dist_module_0gzr43h.js:878
[     278ms] [LOG] [PostHog.js] [ExceptionAutocapture] enabled @ http://localhost:3001/_next/static/chunks/036~_posthog-js_dist_module_0gzr43h.js:878
[     278ms] [LOG] [PostHog.js] [ExceptionAutocapture] enabled @ http://localhost:3001/_next/static/chunks/036~_posthog-js_dist_module_0gzr43h.js:878
[     278ms] [LOG] [PostHog.js] Starting in debug mode {this: qo, config: Object, thisC: Object, p: Object, s: Object} @ http://localhost:3001/_next/static/chunks/036~_posthog-js_dist_module_0gzr43h.js:878
[     282ms] [INFO] %cDownload the React DevTools for a better development experience: https://react.dev/link/react-devtools font-weight:bold @ http://localhost:3001/_next/static/chunks/0twy_next_dist_06yi1o8._.js:2482
[     296ms] [LOG] [PostHog.js] [Dead Clicks] starting... @ http://localhost:3001/_next/static/chunks/0twy_next_dist_06yi1o8._.js:2482
[     296ms] [LOG] [PostHog.js] [RemoteConfig] __preview_remote_config is disabled. Logging config instead {analytics: Object, autocaptureExceptions: true, autocapture_opt_out: false, captureDeadClicks: false, capturePerformance: Object} @ http://localhost:3001/_next/static/chunks/0twy_next_dist_06yi1o8._.js:2482
[     302ms] [LOG] [PostHog.js] send "$pageview" {uuid: 019eeab9-e6b9-7ba8-9fa1-68584c0e10d5, event: $pageview, properties: Object, timestamp: Sun Jun 21 2026 15:08:32 GMT+0000 (heure moyenne de Greenwich)} @ http://localhost:3001/_next/static/chunks/0twy_next_dist_06yi1o8._.js:2482
[     312ms] [LOG] [HMR] connected @ http://localhost:3001/_next/static/chunks/0twy_next_dist_06yi1o8._.js:2482
[     740ms] [LOG] [PostHog.js] Persistence loaded sessionStorage {$sdk_debug_extensions_init_method: synchronous, $sdk_debug_extensions_init_time_ms: 2, $referrer: $direct, $referring_domain: $direct} @ http://localhost:3001/_next/static/chunks/0twy_next_dist_06yi1o8._.js:2482
[     740ms] [LOG] [PostHog.js] set_config {config: Object, oldConfig: Object, newConfig: Object} @ http://localhost:3001/_next/static/chunks/0twy_next_dist_06yi1o8._.js:2482
[     740ms] [LOG] [PostHog.js] [ExceptionAutocapture] enabled @ http://localhost:3001/_next/static/chunks/0twy_next_dist_06yi1o8._.js:2482
[     741ms] [LOG] [PostHog.js] [Surveys] flags response received, isSurveysEnabled: false @ http://localhost:3001/_next/static/chunks/0twy_next_dist_06yi1o8._.js:2482
[     741ms] [LOG] [PostHog.js] [ExceptionAutocapture] enabled @ http://localhost:3001/_next/static/chunks/0twy_next_dist_06yi1o8._.js:2482
[     743ms] [LOG] [PostHog.js] [Surveys] Surveys loaded successfully @ http://localhost:3001/_next/static/chunks/0twy_next_dist_06yi1o8._.js:2482
[    3176ms] [LOG] [PostHog.js] send "$autocapture" {uuid: 019eeab9-f1f4-7def-a7b5-5f2011406334, event: $autocapture, properties: Object, timestamp: Sun Jun 21 2026 15:08:35 GMT+0000 (heure moyenne de Greenwich)} @ http://localhost:3001/_next/static/chunks/0twy_next_dist_06yi1o8._.js:2482
[    4708ms] [LOG] [PostHog.js] send "$autocapture" {uuid: 019eeab9-f7f0-7b99-94e0-291ed48e45f4, event: $autocapture, properties: Object, timestamp: Sun Jun 21 2026 15:08:36 GMT+0000 (heure moyenne de Greenwich)} @ http://localhost:3001/_next/static/chunks/0twy_next_dist_06yi1o8._.js:2482
[    5281ms] [LOG] [PostHog.js] send "$$heatmap" {uuid: 019eeab9-fa2c-7908-8273-2fa779571a71, event: $$heatmap, properties: Object, timestamp: Sun Jun 21 2026 15:08:37 GMT+0000 (heure moyenne de Greenwich)} @ http://localhost:3001/_next/static/chunks/0twy_next_dist_06yi1o8._.js:2482
[    5306ms] [LOG] [PostHog.js] send "$web_vitals" {uuid: 019eeab9-fa46-74ba-91f1-f50628d720a8, event: $web_vitals, properties: Object, timestamp: Sun Jun 21 2026 15:08:37 GMT+0000 (heure moyenne de Greenwich)} @ http://localhost:3001/_next/static/chunks/0twy_next_dist_06yi1o8._.js:2482
[    6257ms] [LOG] [PostHog.js] send "$autocapture" {uuid: 019eeab9-fdfd-7ad5-b7b9-89b2dca4de10, event: $autocapture, properties: Object, timestamp: Sun Jun 21 2026 15:08:38 GMT+0000 (heure moyenne de Greenwich)} @ http://localhost:3001/_next/static/chunks/0twy_next_dist_06yi1o8._.js:2482
[    6791ms] [LOG] [PostHog.js] send "$autocapture" {uuid: 019eeaba-0013-7f5c-9977-e97705727690, event: $autocapture, properties: Object, timestamp: Sun Jun 21 2026 15:08:38 GMT+0000 (heure moyenne de Greenwich)} @ http://localhost:3001/_next/static/chunks/0twy_next_dist_06yi1o8._.js:2482
[    7874ms] [LOG] [PostHog.js] send "$autocapture" {uuid: 019eeaba-044e-7860-9b83-713d4a8fe03c, event: $autocapture, properties: Object, timestamp: Sun Jun 21 2026 15:08:39 GMT+0000 (heure moyenne de Greenwich)} @ http://localhost:3001/_next/static/chunks/0twy_next_dist_06yi1o8._.js:2482
[   10154ms] [LOG] [PostHog.js] send "$autocapture" {uuid: 019eeaba-0d36-7b4b-b0b9-0839bcf5bf06, event: $autocapture, properties: Object, timestamp: Sun Jun 21 2026 15:08:42 GMT+0000 (heure moyenne de Greenwich)} @ http://localhost:3001/_next/static/chunks/0twy_next_dist_06yi1o8._.js:2482
[   10279ms] [LOG] [PostHog.js] send "$$heatmap" {uuid: 019eeaba-0db3-7a23-98d0-7d83b085b82c, event: $$heatmap, properties: Object, timestamp: Sun Jun 21 2026 15:08:42 GMT+0000 (heure moyenne de Greenwich)} @ http://localhost:3001/_next/static/chunks/0twy_next_dist_06yi1o8._.js:2482
[   10541ms] [LOG] [PostHog.js] send "$autocapture" {uuid: 019eeaba-0eb9-7da4-b1cc-1073178d5166, event: $autocapture, properties: Object, timestamp: Sun Jun 21 2026 15:08:42 GMT+0000 (heure moyenne de Greenwich)} @ http://localhost:3001/_next/static/chunks/0twy_next_dist_06yi1o8._.js:2482
[   15225ms] [LOG] [PostHog.js] send "$autocapture" {uuid: 019eeaba-2104-7845-95b6-3f5439525ddd, event: $autocapture, properties: Object, timestamp: Sun Jun 21 2026 15:08:47 GMT+0000 (heure moyenne de Greenwich)} @ http://localhost:3001/_next/static/chunks/0twy_next_dist_06yi1o8._.js:2482
[   15280ms] [LOG] [PostHog.js] send "$$heatmap" {uuid: 019eeaba-213c-764b-9d46-381a085f0f3f, event: $$heatmap, properties: Object, timestamp: Sun Jun 21 2026 15:08:47 GMT+0000 (heure moyenne de Greenwich)} @ http://localhost:3001/_next/static/chunks/0twy_next_dist_06yi1o8._.js:2482
[   16458ms] [LOG] [PostHog.js] send "$autocapture" {uuid: 019eeaba-25d6-7815-9c11-aa652724477e, event: $autocapture, properties: Object, timestamp: Sun Jun 21 2026 15:08:48 GMT+0000 (heure moyenne de Greenwich)} @ http://localhost:3001/_next/static/chunks/0twy_next_dist_06yi1o8._.js:2482
[   17425ms] [LOG] [PostHog.js] send "$autocapture" {uuid: 019eeaba-299c-7bad-9099-64283435859f, event: $autocapture, properties: Object, timestamp: Sun Jun 21 2026 15:08:49 GMT+0000 (heure moyenne de Greenwich)} @ http://localhost:3001/_next/static/chunks/0twy_next_dist_06yi1o8._.js:2482
[   19724ms] [LOG] [PostHog.js] send "$autocapture" {uuid: 019eeaba-3298-72f1-81ec-336ba26fbd4a, event: $autocapture, properties: Object, timestamp: Sun Jun 21 2026 15:08:51 GMT+0000 (heure moyenne de Greenwich)} @ http://localhost:3001/_next/static/chunks/0twy_next_dist_06yi1o8._.js:2482
[   20280ms] [LOG] [PostHog.js] send "$$heatmap" {uuid: 019eeaba-34c4-7ae8-9072-48895b37632d, event: $$heatmap, properties: Object, timestamp: Sun Jun 21 2026 15:08:52 GMT+0000 (heure moyenne de Greenwich)} @ http://localhost:3001/_next/static/chunks/0twy_next_dist_06yi1o8._.js:2482
[   22574ms] [LOG] [PostHog.js] send "$autocapture" {uuid: 019eeaba-3dba-75e0-91c7-3f7aa2816033, event: $autocapture, properties: Object, timestamp: Sun Jun 21 2026 15:08:54 GMT+0000 (heure moyenne de Greenwich)} @ http://localhost:3001/_next/static/chunks/0twy_next_dist_06yi1o8._.js:2482
[   25279ms] [LOG] [PostHog.js] send "$$heatmap" {uuid: 019eeaba-484a-77c6-8712-82b0b7a5dcf9, event: $$heatmap, properties: Object, timestamp: Sun Jun 21 2026 15:08:57 GMT+0000 (heure moyenne de Greenwich)} @ http://localhost:3001/_next/static/chunks/0twy_next_dist_06yi1o8._.js:2482
[   30279ms] [LOG] [PostHog.js] send "$$heatmap" {uuid: 019eeaba-5bd3-734f-8269-88aa725c75d2, event: $$heatmap, properties: Object, timestamp: Sun Jun 21 2026 15:09:02 GMT+0000 (heure moyenne de Greenwich)} @ http://localhost:3001/_next/static/chunks/0twy_next_dist_06yi1o8._.js:2482
[   35279ms] [LOG] [PostHog.js] send "$$heatmap" {uuid: 019eeaba-6f5b-7394-9cbd-615a43b771d6, event: $$heatmap, properties: Object, timestamp: Sun Jun 21 2026 15:09:07 GMT+0000 (heure moyenne de Greenwich)} @ http://localhost:3001/_next/static/chunks/0twy_next_dist_06yi1o8._.js:2482
[   40279ms] [LOG] [PostHog.js] send "$$heatmap" {uuid: 019eeaba-82e3-79d6-80cd-906a6b34fafb, event: $$heatmap, properties: Object, timestamp: Sun Jun 21 2026 15:09:12 GMT+0000 (heure moyenne de Greenwich)} @ http://localhost:3001/_next/static/chunks/0twy_next_dist_06yi1o8._.js:2482
[   50278ms] [LOG] [PostHog.js] send "$$heatmap" {uuid: 019eeaba-a9f2-7dfd-baf6-897c2d14d746, event: $$heatmap, properties: Object, timestamp: Sun Jun 21 2026 15:09:22 GMT+0000 (heure moyenne de Greenwich)} @ http://localhost:3001/_next/static/chunks/0twy_next_dist_06yi1o8._.js:2482
[   55278ms] [LOG] [PostHog.js] send "$$heatmap" {uuid: 019eeaba-bd7a-7f01-afea-a6001c7a1c5b, event: $$heatmap, properties: Object, timestamp: Sun Jun 21 2026 15:09:27 GMT+0000 (heure moyenne de Greenwich)} @ http://localhost:3001/_next/static/chunks/0twy_next_dist_06yi1o8._.js:2482
