[     143ms] [LOG] [Fast Refresh] rebuilding @ http://localhost:3001/_next/static/chunks/0twy_next_dist_06yi1o8._.js:2482
[     155ms] [LOG] [Fast Refresh] done in 114ms @ http://localhost:3001/_next/static/chunks/0twy_next_dist_06yi1o8._.js:2482
[     209ms] [LOG] [PostHog.js] send "$pageleave" {uuid: 019eeb7e-b928-78c6-ab88-850af6a4bfbf, event: $pageleave, properties: Object, timestamp: Sun Jun 21 2026 18:43:31 GMT+0000 (heure moyenne de Greenwich)} @ http://localhost:3001/_next/static/chunks/0twy_next_dist_06yi1o8._.js:2482
[     290ms] [LOG] [PostHog.js] set_config {config: Object, oldConfig: Object, newConfig: Object} @ http://localhost:3001/_next/static/chunks/036~_posthog-js_dist_module_0gzr43h.js:878
[     290ms] [LOG] [PostHog.js] Persistence loaded localStorage+cookie {distinct_id: 019eea13-5def-7b1c-975b-49305a733d4a, $sesid: Array(3), $initial_person_info: Object, $initialization_time: 2026-06-21T18:42:12.215Z, $configured_session_timeout_ms: 1800000} @ http://localhost:3001/_next/static/chunks/036~_posthog-js_dist_module_0gzr43h.js:878
[     291ms] [LOG] [PostHog.js] Persistence loaded sessionStorage {$sdk_debug_extensions_init_method: synchronous, $sdk_debug_extensions_init_time_ms: 2, $referrer: $direct, $referring_domain: $direct} @ http://localhost:3001/_next/static/chunks/036~_posthog-js_dist_module_0gzr43h.js:878
[     291ms] [LOG] [PostHog.js] Initializing extensions synchronously @ http://localhost:3001/_next/static/chunks/036~_posthog-js_dist_module_0gzr43h.js:878
[     291ms] [LOG] [PostHog.js] History API monitoring enabled, starting... @ http://localhost:3001/_next/static/chunks/036~_posthog-js_dist_module_0gzr43h.js:878
[     292ms] [LOG] [PostHog.js] [Heatmaps] starting... @ http://localhost:3001/_next/static/chunks/036~_posthog-js_dist_module_0gzr43h.js:878
[     293ms] [LOG] [PostHog.js] [Web Vitals] enabled, starting... @ http://localhost:3001/_next/static/chunks/036~_posthog-js_dist_module_0gzr43h.js:878
[     293ms] [LOG] [PostHog.js] [ExceptionAutocapture] enabled @ http://localhost:3001/_next/static/chunks/036~_posthog-js_dist_module_0gzr43h.js:878
[     293ms] [LOG] [PostHog.js] [ExceptionAutocapture] enabled @ http://localhost:3001/_next/static/chunks/036~_posthog-js_dist_module_0gzr43h.js:878
[     293ms] [LOG] [PostHog.js] Starting in debug mode {this: qo, config: Object, thisC: Object, p: Object, s: Object} @ http://localhost:3001/_next/static/chunks/036~_posthog-js_dist_module_0gzr43h.js:878
[     297ms] [INFO] %cDownload the React DevTools for a better development experience: https://react.dev/link/react-devtools font-weight:bold @ http://localhost:3001/_next/static/chunks/0twy_next_dist_06yi1o8._.js:2482
[     308ms] [LOG] [PostHog.js] send "$pageview" {uuid: 019eeb7e-b98b-73b2-8e0e-b2317a8d58c2, event: $pageview, properties: Object, timestamp: Sun Jun 21 2026 18:43:31 GMT+0000 (heure moyenne de Greenwich)} @ http://localhost:3001/_next/static/chunks/0twy_next_dist_06yi1o8._.js:2482
[     313ms] [LOG] [HMR] connected @ http://localhost:3001/_next/static/chunks/0twy_next_dist_06yi1o8._.js:2482
[     404ms] [LOG] [PostHog.js] [Dead Clicks] starting... @ http://localhost:3001/_next/static/chunks/0twy_next_dist_06yi1o8._.js:2482
[     757ms] [LOG] [PostHog.js] Persistence loaded sessionStorage {$sdk_debug_extensions_init_method: synchronous, $sdk_debug_extensions_init_time_ms: 2, $referrer: $direct, $referring_domain: $direct} @ http://localhost:3001/_next/static/chunks/0twy_next_dist_06yi1o8._.js:2482
[     757ms] [LOG] [PostHog.js] set_config {config: Object, oldConfig: Object, newConfig: Object} @ http://localhost:3001/_next/static/chunks/0twy_next_dist_06yi1o8._.js:2482
[     758ms] [LOG] [PostHog.js] [ExceptionAutocapture] enabled @ http://localhost:3001/_next/static/chunks/0twy_next_dist_06yi1o8._.js:2482
[     758ms] [LOG] [PostHog.js] [Surveys] flags response received, isSurveysEnabled: false @ http://localhost:3001/_next/static/chunks/0twy_next_dist_06yi1o8._.js:2482
[     758ms] [LOG] [PostHog.js] [ExceptionAutocapture] enabled @ http://localhost:3001/_next/static/chunks/0twy_next_dist_06yi1o8._.js:2482
[     762ms] [LOG] [PostHog.js] [Surveys] Surveys loaded successfully @ http://localhost:3001/_next/static/chunks/0twy_next_dist_06yi1o8._.js:2482
[     828ms] [LOG] [PostHog.js] [RemoteConfig] __preview_remote_config is disabled. Logging config instead {analytics: Object, autocaptureExceptions: true, autocapture_opt_out: false, captureDeadClicks: false, capturePerformance: Object} @ http://localhost:3001/_next/static/chunks/0twy_next_dist_06yi1o8._.js:2482
[    5411ms] [LOG] [PostHog.js] send "$web_vitals" {uuid: 019eeb7e-cd77-79d7-866f-cb2cf8662295, event: $web_vitals, properties: Object, timestamp: Sun Jun 21 2026 18:43:36 GMT+0000 (heure moyenne de Greenwich)} @ http://localhost:3001/_next/static/chunks/0twy_next_dist_06yi1o8._.js:2482
[   27687ms] [LOG] [PostHog.js] send "$autocapture" {uuid: 019eeb7f-247e-78c4-a568-70abe8bd12ed, event: $autocapture, properties: Object, timestamp: Sun Jun 21 2026 18:43:58 GMT+0000 (heure moyenne de Greenwich)} @ http://localhost:3001/_next/static/chunks/0twy_next_dist_06yi1o8._.js:2482
[   29169ms] [LOG] [PostHog.js] send "$autocapture" {uuid: 019eeb7f-2a48-73c1-8440-ff00a9d07154, event: $autocapture, properties: Object, timestamp: Sun Jun 21 2026 18:44:00 GMT+0000 (heure moyenne de Greenwich)} @ http://localhost:3001/_next/static/chunks/0twy_next_dist_06yi1o8._.js:2482
[   30294ms] [LOG] [PostHog.js] send "$$heatmap" {uuid: 019eeb7f-2ead-79e9-9d9f-cbfa4577d581, event: $$heatmap, properties: Object, timestamp: Sun Jun 21 2026 18:44:01 GMT+0000 (heure moyenne de Greenwich)} @ http://localhost:3001/_next/static/chunks/0twy_next_dist_06yi1o8._.js:2482
[   30818ms] [LOG] [PostHog.js] send "$autocapture" {uuid: 019eeb7f-30b9-725d-b1cd-7fa5317ce8b3, event: $autocapture, properties: Object, timestamp: Sun Jun 21 2026 18:44:01 GMT+0000 (heure moyenne de Greenwich)} @ http://localhost:3001/_next/static/chunks/0twy_next_dist_06yi1o8._.js:2482
[   31951ms] [LOG] [PostHog.js] send "$autocapture" {uuid: 019eeb7f-3526-7063-87b4-5b117de213a5, event: $autocapture, properties: Object, timestamp: Sun Jun 21 2026 18:44:02 GMT+0000 (heure moyenne de Greenwich)} @ http://localhost:3001/_next/static/chunks/0twy_next_dist_06yi1o8._.js:2482
[   32757ms] [LOG] [PostHog.js] send "$web_vitals" {uuid: 019eeb7f-384a-7762-b6e5-c35925fb84b6, event: $web_vitals, properties: Object, timestamp: Sun Jun 21 2026 18:44:03 GMT+0000 (heure moyenne de Greenwich)} @ http://localhost:3001/_next/static/chunks/0twy_next_dist_06yi1o8._.js:2482
[   35296ms] [LOG] [PostHog.js] send "$$heatmap" {uuid: 019eeb7f-4236-7dfc-aaeb-ab7cea1c44d9, event: $$heatmap, properties: Object, timestamp: Sun Jun 21 2026 18:44:06 GMT+0000 (heure moyenne de Greenwich)} @ http://localhost:3001/_next/static/chunks/0twy_next_dist_06yi1o8._.js:2482
[   40297ms] [LOG] [PostHog.js] send "$$heatmap" {uuid: 019eeb7f-55be-7d33-8bf1-005aa2bbe09e, event: $$heatmap, properties: Object, timestamp: Sun Jun 21 2026 18:44:11 GMT+0000 (heure moyenne de Greenwich)} @ http://localhost:3001/_next/static/chunks/0twy_next_dist_06yi1o8._.js:2482
[   45295ms] [LOG] [PostHog.js] send "$$heatmap" {uuid: 019eeb7f-6945-7609-9445-c1396d7bf39c, event: $$heatmap, properties: Object, timestamp: Sun Jun 21 2026 18:44:16 GMT+0000 (heure moyenne de Greenwich)} @ http://localhost:3001/_next/static/chunks/0twy_next_dist_06yi1o8._.js:2482
[   50298ms] [LOG] [PostHog.js] send "$$heatmap" {uuid: 019eeb7f-7ccf-77b7-9d1d-c7de5395664d, event: $$heatmap, properties: Object, timestamp: Sun Jun 21 2026 18:44:21 GMT+0000 (heure moyenne de Greenwich)} @ http://localhost:3001/_next/static/chunks/0twy_next_dist_06yi1o8._.js:2482
[   55296ms] [LOG] [PostHog.js] send "$$heatmap" {uuid: 019eeb7f-9056-724c-a799-21f72e244c9b, event: $$heatmap, properties: Object, timestamp: Sun Jun 21 2026 18:44:26 GMT+0000 (heure moyenne de Greenwich)} @ http://localhost:3001/_next/static/chunks/0twy_next_dist_06yi1o8._.js:2482
[   59785ms] [LOG] [PostHog.js] send "$autocapture" {uuid: 019eeb7f-a1e0-7ef6-a8a5-68bfe5204be3, event: $autocapture, properties: Object, timestamp: Sun Jun 21 2026 18:44:30 GMT+0000 (heure moyenne de Greenwich)} @ http://localhost:3001/_next/static/chunks/0twy_next_dist_06yi1o8._.js:2482
[   60294ms] [LOG] [PostHog.js] send "$$heatmap" {uuid: 019eeb7f-a3dd-7fd3-928d-98f2a896136a, event: $$heatmap, properties: Object, timestamp: Sun Jun 21 2026 18:44:31 GMT+0000 (heure moyenne de Greenwich)} @ http://localhost:3001/_next/static/chunks/0twy_next_dist_06yi1o8._.js:2482
[   70294ms] [LOG] [PostHog.js] send "$$heatmap" {uuid: 019eeb7f-caed-7444-9eb7-9226c8e8a0d6, event: $$heatmap, properties: Object, timestamp: Sun Jun 21 2026 18:44:41 GMT+0000 (heure moyenne de Greenwich)} @ http://localhost:3001/_next/static/chunks/0twy_next_dist_06yi1o8._.js:2482
[   75294ms] [LOG] [PostHog.js] send "$$heatmap" {uuid: 019eeb7f-de75-7ebd-872a-b1d558b2e6cd, event: $$heatmap, properties: Object, timestamp: Sun Jun 21 2026 18:44:46 GMT+0000 (heure moyenne de Greenwich)} @ http://localhost:3001/_next/static/chunks/0twy_next_dist_06yi1o8._.js:2482
[ 5241842ms] [LOG] [Fast Refresh] rebuilding @ http://localhost:3001/_next/static/chunks/0twy_next_dist_06yi1o8._.js:2482
[ 5242081ms] [LOG] [Fast Refresh] done in 314ms @ http://localhost:3001/_next/static/chunks/0twy_next_dist_06yi1o8._.js:2482
[ 5249382ms] [LOG] [Fast Refresh] rebuilding @ http://localhost:3001/_next/static/chunks/0twy_next_dist_06yi1o8._.js:2482
[ 5249475ms] [LOG] [Fast Refresh] done in 167ms @ http://localhost:3001/_next/static/chunks/0twy_next_dist_06yi1o8._.js:2482
[ 5264759ms] [LOG] [Fast Refresh] rebuilding @ http://localhost:3001/_next/static/chunks/0twy_next_dist_06yi1o8._.js:2482
[ 5264779ms] [LOG] [Fast Refresh] done in 121ms @ http://localhost:3001/_next/static/chunks/0twy_next_dist_06yi1o8._.js:2482
[ 5271282ms] [LOG] [Fast Refresh] rebuilding @ http://localhost:3001/_next/static/chunks/0twy_next_dist_06yi1o8._.js:2482
[ 5271294ms] [LOG] [Fast Refresh] done in 112ms @ http://localhost:3001/_next/static/chunks/0twy_next_dist_06yi1o8._.js:2482
[ 5278585ms] [LOG] [Fast Refresh] rebuilding @ http://localhost:3001/_next/static/chunks/0twy_next_dist_06yi1o8._.js:2482
[ 5278592ms] [LOG] [Fast Refresh] done in 109ms @ http://localhost:3001/_next/static/chunks/0twy_next_dist_06yi1o8._.js:2482
[ 5285386ms] [LOG] [Fast Refresh] rebuilding @ http://localhost:3001/_next/static/chunks/0twy_next_dist_06yi1o8._.js:2482
[ 5285413ms] [LOG] [Fast Refresh] done in 129ms @ http://localhost:3001/_next/static/chunks/0twy_next_dist_06yi1o8._.js:2482
[ 5310070ms] [LOG] [Fast Refresh] rebuilding @ http://localhost:3001/_next/static/chunks/0twy_next_dist_06yi1o8._.js:2482
[ 5310317ms] [LOG] [Fast Refresh] done in 297ms @ http://localhost:3001/_next/static/chunks/0twy_next_dist_06yi1o8._.js:2482
[ 5316272ms] [LOG] [Fast Refresh] rebuilding @ http://localhost:3001/_next/static/chunks/0twy_next_dist_06yi1o8._.js:2482
[ 5316445ms] [LOG] [Fast Refresh] done in 235ms @ http://localhost:3001/_next/static/chunks/0twy_next_dist_06yi1o8._.js:2482
[ 5327525ms] [LOG] [Fast Refresh] rebuilding @ http://localhost:3001/_next/static/chunks/0twy_next_dist_06yi1o8._.js:2482
[ 5327714ms] [LOG] [Fast Refresh] done in 291ms @ http://localhost:3001/_next/static/chunks/0twy_next_dist_06yi1o8._.js:2482
[ 5330445ms] [LOG] [Fast Refresh] rebuilding @ http://localhost:3001/_next/static/chunks/0twy_next_dist_06yi1o8._.js:2482
[ 5330626ms] [LOG] [Fast Refresh] done in 282ms @ http://localhost:3001/_next/static/chunks/0twy_next_dist_06yi1o8._.js:2482
[ 5330730ms] [LOG] [Fast Refresh] rebuilding @ http://localhost:3001/_next/static/chunks/0twy_next_dist_06yi1o8._.js:2482
[ 5330780ms] [LOG] [Fast Refresh] done in 151ms @ http://localhost:3001/_next/static/chunks/0twy_next_dist_06yi1o8._.js:2482
[ 5331291ms] [LOG] [Fast Refresh] rebuilding @ http://localhost:3001/_next/static/chunks/0twy_next_dist_06yi1o8._.js:2482
[ 5331394ms] [LOG] [Fast Refresh] done in 204ms @ http://localhost:3001/_next/static/chunks/0twy_next_dist_06yi1o8._.js:2482
[ 5331495ms] [LOG] [Fast Refresh] rebuilding @ http://localhost:3001/_next/static/chunks/0twy_next_dist_06yi1o8._.js:2482
[ 5331685ms] [LOG] [Fast Refresh] done in 290ms @ http://localhost:3001/_next/static/chunks/0twy_next_dist_06yi1o8._.js:2482
[ 5332389ms] [LOG] [Fast Refresh] rebuilding @ http://localhost:3001/_next/static/chunks/0twy_next_dist_06yi1o8._.js:2482
[ 5332452ms] [LOG] [Fast Refresh] done in 165ms @ http://localhost:3001/_next/static/chunks/0twy_next_dist_06yi1o8._.js:2482
[ 5332900ms] [LOG] [Fast Refresh] rebuilding @ http://localhost:3001/_next/static/chunks/0twy_next_dist_06yi1o8._.js:2482
[ 5333138ms] [LOG] [Fast Refresh] done in 340ms @ http://localhost:3001/_next/static/chunks/0twy_next_dist_06yi1o8._.js:2482
[ 5333933ms] [LOG] [Fast Refresh] rebuilding @ http://localhost:3001/_next/static/chunks/0twy_next_dist_06yi1o8._.js:2482
[ 5333993ms] [LOG] [Fast Refresh] done in 161ms @ http://localhost:3001/_next/static/chunks/0twy_next_dist_06yi1o8._.js:2482
[ 5338967ms] [LOG] [Fast Refresh] rebuilding @ http://localhost:3001/_next/static/chunks/0twy_next_dist_06yi1o8._.js:2482
[ 5339605ms] [LOG] [Fast Refresh] done in 738ms @ http://localhost:3001/_next/static/chunks/0twy_next_dist_06yi1o8._.js:2482
[ 5346209ms] [LOG] [Fast Refresh] rebuilding @ http://localhost:3001/_next/static/chunks/0twy_next_dist_06yi1o8._.js:2482
[ 5346432ms] [LOG] [Fast Refresh] done in 192ms @ http://localhost:3001/_next/static/chunks/0twy_next_dist_06yi1o8._.js:2482
[ 5347381ms] [LOG] [PostHog.js] [SessionId] new session ID generated {sessionId: 019eebd0-508c-719f-942d-f852f6dfc2fd, windowId: 019eebd0-508c-719f-942d-f8539b395ca6, changeReason: Object} @ http://localhost:3001/_next/static/chunks/0twy_next_dist_06yi1o8._.js:2482
[ 5347382ms] [LOG] [PostHog.js] send "$pageleave" {uuid: 019eebd0-508c-719f-942d-f851ff1b6f9a, event: $pageleave, properties: Object, timestamp: Sun Jun 21 2026 20:12:38 GMT+0000 (heure moyenne de Greenwich)} @ http://localhost:3001/_next/static/chunks/0twy_next_dist_06yi1o8._.js:2482
[ 5347971ms] [LOG] [PostHog.js] set_config {config: Object, oldConfig: Object, newConfig: Object} @ http://localhost:3001/_next/static/chunks/036~_posthog-js_dist_module_0gzr43h.js:878
[ 5347971ms] [LOG] [PostHog.js] Persistence loaded localStorage+cookie {distinct_id: 019eea13-5def-7b1c-975b-49305a733d4a, $sesid: Array(3), $initial_person_info: Object, $initialization_time: 2026-06-21T18:43:31.323Z, $configured_session_timeout_ms: 1800000} @ http://localhost:3001/_next/static/chunks/036~_posthog-js_dist_module_0gzr43h.js:878
[ 5347972ms] [LOG] [PostHog.js] Persistence loaded sessionStorage {$sdk_debug_extensions_init_method: synchronous, $sdk_debug_extensions_init_time_ms: 2, $referrer: $direct, $referring_domain: $direct} @ http://localhost:3001/_next/static/chunks/036~_posthog-js_dist_module_0gzr43h.js:878
[ 5347972ms] [LOG] [PostHog.js] Initializing extensions synchronously @ http://localhost:3001/_next/static/chunks/036~_posthog-js_dist_module_0gzr43h.js:878
[ 5347972ms] [LOG] [PostHog.js] History API monitoring enabled, starting... @ http://localhost:3001/_next/static/chunks/036~_posthog-js_dist_module_0gzr43h.js:878
[ 5347973ms] [LOG] [PostHog.js] [Heatmaps] starting... @ http://localhost:3001/_next/static/chunks/036~_posthog-js_dist_module_0gzr43h.js:878
[ 5347973ms] [LOG] [PostHog.js] [Web Vitals] enabled, starting... @ http://localhost:3001/_next/static/chunks/036~_posthog-js_dist_module_0gzr43h.js:878
[ 5347973ms] [LOG] [PostHog.js] [ExceptionAutocapture] enabled @ http://localhost:3001/_next/static/chunks/036~_posthog-js_dist_module_0gzr43h.js:878
[ 5347974ms] [LOG] [PostHog.js] [ExceptionAutocapture] enabled @ http://localhost:3001/_next/static/chunks/036~_posthog-js_dist_module_0gzr43h.js:878
[ 5347974ms] [LOG] [PostHog.js] Starting in debug mode {this: qo, config: Object, thisC: Object, p: Object, s: Object} @ http://localhost:3001/_next/static/chunks/036~_posthog-js_dist_module_0gzr43h.js:878
[ 5347978ms] [INFO] %cDownload the React DevTools for a better development experience: https://react.dev/link/react-devtools font-weight:bold @ http://localhost:3001/_next/static/chunks/0twy_next_dist_06yi1o8._.js:2482
[ 5347993ms] [LOG] [PostHog.js] send "$pageview" {uuid: 019eebd0-52ef-7401-9860-2f281acfa8d3, event: $pageview, properties: Object, timestamp: Sun Jun 21 2026 20:12:39 GMT+0000 (heure moyenne de Greenwich)} @ http://localhost:3001/_next/static/chunks/0twy_next_dist_06yi1o8._.js:2482
[ 5348041ms] [LOG] [HMR] connected @ http://localhost:3001/_next/static/chunks/0twy_next_dist_06yi1o8._.js:2482
[ 5348632ms] [LOG] [PostHog.js] Persistence loaded sessionStorage {$sdk_debug_extensions_init_method: synchronous, $sdk_debug_extensions_init_time_ms: 1, $referrer: $direct, $referring_domain: $direct} @ http://localhost:3001/_next/static/chunks/0twy_next_dist_06yi1o8._.js:2482
[ 5348632ms] [LOG] [PostHog.js] set_config {config: Object, oldConfig: Object, newConfig: Object} @ http://localhost:3001/_next/static/chunks/0twy_next_dist_06yi1o8._.js:2482
[ 5348632ms] [LOG] [PostHog.js] [ExceptionAutocapture] enabled @ http://localhost:3001/_next/static/chunks/0twy_next_dist_06yi1o8._.js:2482
[ 5348632ms] [LOG] [PostHog.js] [Surveys] flags response received, isSurveysEnabled: false @ http://localhost:3001/_next/static/chunks/0twy_next_dist_06yi1o8._.js:2482
[ 5348633ms] [LOG] [PostHog.js] [Web Vitals] enabled, starting... @ http://localhost:3001/_next/static/chunks/0twy_next_dist_06yi1o8._.js:2482
[ 5348633ms] [LOG] [PostHog.js] [ExceptionAutocapture] enabled @ http://localhost:3001/_next/static/chunks/0twy_next_dist_06yi1o8._.js:2482
[ 5349405ms] [LOG] [PostHog.js] [RemoteConfig] __preview_remote_config is disabled. Logging config instead {analytics: Object, autocaptureExceptions: true, autocapture_opt_out: false, captureDeadClicks: false, capturePerformance: Object} @ http://localhost:3001/_next/static/chunks/0twy_next_dist_06yi1o8._.js:2482
[ 5349823ms] [LOG] [PostHog.js] [Dead Clicks] starting... @ http://localhost:3001/_next/static/chunks/0twy_next_dist_06yi1o8._.js:2482
[ 5349861ms] [LOG] [PostHog.js] [Surveys] Surveys loaded successfully @ http://localhost:3001/_next/static/chunks/0twy_next_dist_06yi1o8._.js:2482
[ 5354841ms] [LOG] [PostHog.js] send "$web_vitals" {uuid: 019eebd0-6dae-7521-b8a8-54fe1a76672a, event: $web_vitals, properties: Object, timestamp: Sun Jun 21 2026 20:12:45 GMT+0000 (heure moyenne de Greenwich)} @ http://localhost:3001/_next/static/chunks/0twy_next_dist_06yi1o8._.js:2482
[ 8789669ms] [LOG] [HMR] connected @ http://localhost:3001/_next/static/chunks/0twy_next_dist_06yi1o8._.js:2482
[10044349ms] [LOG] [HMR] connected @ http://localhost:3001/_next/static/chunks/0twy_next_dist_06yi1o8._.js:2482
[10238458ms] [LOG] [HMR] connected @ http://localhost:3001/_next/static/chunks/0twy_next_dist_06yi1o8._.js:2482
[10495272ms] [LOG] [HMR] connected @ http://localhost:3001/_next/static/chunks/0twy_next_dist_06yi1o8._.js:2482
[22967649ms] [LOG] [HMR] connected @ http://localhost:3001/_next/static/chunks/0twy_next_dist_06yi1o8._.js:2482
[41506102ms] [LOG] [Fast Refresh] rebuilding @ http://localhost:3001/_next/static/chunks/0twy_next_dist_06yi1o8._.js:2482
[41506525ms] [LOG] [Fast Refresh] done in 467ms @ http://localhost:3001/_next/static/chunks/0twy_next_dist_06yi1o8._.js:2482
[41515353ms] [LOG] [Fast Refresh] rebuilding @ http://localhost:3001/_next/static/chunks/0twy_next_dist_06yi1o8._.js:2482
[41515438ms] [LOG] [Fast Refresh] done in 158ms @ http://localhost:3001/_next/static/chunks/0twy_next_dist_06yi1o8._.js:2482
[41705105ms] [LOG] [Fast Refresh] rebuilding @ http://localhost:3001/_next/static/chunks/0twy_next_dist_06yi1o8._.js:2482
[41705483ms] [ERROR] ./apps/www/src/registry/default/ui/audio/elements/fader.tsx:195:32
Expected '</', got 'jsx text'
  193 |               ))}
  194 |           </FaderPrimitive.ThumbInner>
> 195 |         </FaderPrimitive.Thumb>
      |                                ^^^^^^^^^^^^^^^^^^^^^^^^^^^^^^^^^^^^^^^^^^^^^^^^^^^^^^^^^^^^^^^^^^^^^^^^^^^^^^^^^^^^^^^^^^^^^^
> 196 |       </FaderPrimitive.Slider>
      | ^^^^^^
  197 |     </FaderPrimitive.Root>
  198 |   );
  199 | }

Parsing ecmascript source code failed

Generated code of loaders [next/dist/build/babel/loader] transform of file content of apps/www/src/registry/default/ui/audio/elements/fader.tsx:
./apps/www/src/registry/default/ui/audio/elements/fader.tsx:195:32
  193 |               ))}
  194 |           </FaderPrimitive.ThumbInner>
> 195 |         </FaderPrimitive.Thumb>
      |                                ^^^^^^^^^^^^^^^^^^^^^^^^^^^^^^^^^^^^^^^^^^^^^^^^^^^^^^^^^^^^^^^^^^^^^^^^^^^^^^^^^^^^^^^^^^^^^^
> 196 |       </FaderPrimitive.Slider>
      | ^^^^^^
  197 |     </FaderPrimitive.Root>
  198 |   );
  199 | }

Import traces:
  #1 [Client Component Browser]:
    ./apps/www/src/registry/default/ui/audio/elements/fader.tsx [Client Component Browser]
    ./apps/www/src/registry/default/blocks/block-wave-shaper.tsx [Client Component Browser]
    ./apps/www/src/registry/default/blocks/block-wave-shaper.tsx [Server Component]
    ./apps/www/src/app/(home)/elements/demo-grid.tsx [Server Component]
    ./apps/www/src/app/(home)/page.tsx [Server Component]

  #2 [Client Component Browser]:
    ./apps/www/src/registry/default/ui/audio/elements/fader.tsx [Client Component Browser]
    ./apps/www/src/registry/default/ui/audio/player.tsx [Client Component Browser]
    ./apps/www/src/app/_providers/index.tsx [Client Component Browser]
    ./apps/www/src/app/_providers/index.tsx [Server Component]
    ./apps/www/src/app/layout.tsx [Server Component]

  #3 [Client Component SSR]:
    ./apps/www/src/registry/default/ui/audio/elements/fader.tsx [Client Component SSR]
    ./apps/www/src/registry/default/blocks/block-wave-shaper.tsx [Client Component SSR]
    ./apps/www/src/registry/default/blocks/block-wave-shaper.tsx [Server Component]
    ./apps/www/src/app/(home)/elements/demo-grid.tsx [Server Component]
    ./apps/www/src/app/(home)/page.tsx [Server Component]

  #4 [Client Component SSR]:
    ./apps/www/src/registry/default/ui/audio/elements/fader.tsx [Client Component SSR]
    ./apps/www/src/registry/default/ui/audio/player.tsx [Client Component SSR]
    ./apps/www/src/app/_providers/index.tsx [Client Component SSR]
    ./apps/www/src/app/_providers/index.tsx [Server Component]
    ./apps/www/src/app/layout.tsx [Server Component] @ http://localhost:3001/_next/static/chunks/0twy_next_dist_06yi1o8._.js:3323
[41705780ms] [ERROR] ./apps/www/src/registry/default/ui/audio/elements/fader.tsx:195:32
Expected '</', got 'jsx text'
  193 |               ))}
  194 |           </FaderPrimitive.ThumbInner>
> 195 |         </FaderPrimitive.Thumb>
      |                                ^^^^^^^^^^^^^^^^^^^^^^^^^^^^^^^^^^^^^^^^^^^^^^^^^^^^^^^^^^^^^^^^^^^^^^^^^^^^^^^^^^^^^^^^^^^^^^
> 196 |       </FaderPrimitive.Slider>
      | ^^^^^^
  197 |     </FaderPrimitive.Root>
  198 |   );
  199 | }

Parsing ecmascript source code failed

Generated code of loaders [next/dist/build/babel/loader] transform of file content of apps/www/src/registry/default/ui/audio/elements/fader.tsx:
./apps/www/src/registry/default/ui/audio/elements/fader.tsx:195:32
  193 |               ))}
  194 |           </FaderPrimitive.ThumbInner>
> 195 |         </FaderPrimitive.Thumb>
      |                                ^^^^^^^^^^^^^^^^^^^^^^^^^^^^^^^^^^^^^^^^^^^^^^^^^^^^^^^^^^^^^^^^^^^^^^^^^^^^^^^^^^^^^^^^^^^^^^
> 196 |       </FaderPrimitive.Slider>
      | ^^^^^^
  197 |     </FaderPrimitive.Root>
  198 |   );
  199 | }

Import traces:
  #1 [Client Component Browser]:
    ./apps/www/src/registry/default/ui/audio/elements/fader.tsx [Client Component Browser]
    ./apps/www/src/registry/default/blocks/block-wave-shaper.tsx [Client Component Browser]
    ./apps/www/src/registry/default/blocks/block-wave-shaper.tsx [Server Component]
    ./apps/www/src/app/(home)/elements/demo-grid.tsx [Server Component]
    ./apps/www/src/app/(home)/page.tsx [Server Component]

  #2 [Client Component Browser]:
    ./apps/www/src/registry/default/ui/audio/elements/fader.tsx [Client Component Browser]
    ./apps/www/src/registry/default/ui/audio/player.tsx [Client Component Browser]
    ./apps/www/src/app/_providers/index.tsx [Client Component Browser]
    ./apps/www/src/app/_providers/index.tsx [Server Component]
    ./apps/www/src/app/layout.tsx [Server Component]

  #3 [Client Component SSR]:
    ./apps/www/src/registry/default/ui/audio/elements/fader.tsx [Client Component SSR]
    ./apps/www/src/registry/default/blocks/block-wave-shaper.tsx [Client Component SSR]
    ./apps/www/src/registry/default/blocks/block-wave-shaper.tsx [Server Component]
    ./apps/www/src/app/(home)/elements/demo-grid.tsx [Server Component]
    ./apps/www/src/app/(home)/page.tsx [Server Component]

  #4 [Client Component SSR]:
    ./apps/www/src/registry/default/ui/audio/elements/fader.tsx [Client Component SSR]
    ./apps/www/src/registry/default/ui/audio/player.tsx [Client Component SSR]
    ./apps/www/src/app/_providers/index.tsx [Client Component SSR]
    ./apps/www/src/app/_providers/index.tsx [Server Component]
    ./apps/www/src/app/layout.tsx [Server Component] @ http://localhost:3001/_next/static/chunks/0twy_next_dist_06yi1o8._.js:3323
[41705834ms] [LOG] [Fast Refresh] rebuilding @ http://localhost:3001/_next/static/chunks/0twy_next_dist_06yi1o8._.js:2482
[41737008ms] [LOG] [Fast Refresh] rebuilding @ http://localhost:3001/_next/static/chunks/0twy_next_dist_06yi1o8._.js:2482
[41737270ms] [LOG] [Fast Refresh] done in 339ms @ http://localhost:3001/_next/static/chunks/0twy_next_dist_06yi1o8._.js:2482
[41737397ms] [LOG] [Fast Refresh] rebuilding @ http://localhost:3001/_next/static/chunks/0twy_next_dist_06yi1o8._.js:2482
[41737414ms] [LOG] [Fast Refresh] done in 117ms @ http://localhost:3001/_next/static/chunks/0twy_next_dist_06yi1o8._.js:2482
[41752489ms] [LOG] [Fast Refresh] rebuilding @ http://localhost:3001/_next/static/chunks/0twy_next_dist_06yi1o8._.js:2482
[41752750ms] [LOG] [Fast Refresh] done in 319ms @ http://localhost:3001/_next/static/chunks/0twy_next_dist_06yi1o8._.js:2482
[41771732ms] [LOG] [Fast Refresh] rebuilding @ http://localhost:3001/_next/static/chunks/0twy_next_dist_06yi1o8._.js:2482
[41772050ms] [LOG] [Fast Refresh] done in 351ms @ http://localhost:3001/_next/static/chunks/0twy_next_dist_06yi1o8._.js:2482
[41783436ms] [LOG] [Fast Refresh] rebuilding @ http://localhost:3001/_next/static/chunks/0twy_next_dist_06yi1o8._.js:2482
[41783862ms] [LOG] [Fast Refresh] done in 483ms @ http://localhost:3001/_next/static/chunks/0twy_next_dist_06yi1o8._.js:2482
[41799969ms] [LOG] [Fast Refresh] rebuilding @ http://localhost:3001/_next/static/chunks/0twy_next_dist_06yi1o8._.js:2482
[41800262ms] [LOG] [Fast Refresh] done in 356ms @ http://localhost:3001/_next/static/chunks/0twy_next_dist_06yi1o8._.js:2482
[41813293ms] [LOG] [Fast Refresh] rebuilding @ http://localhost:3001/_next/static/chunks/0twy_next_dist_06yi1o8._.js:2482
[41813590ms] [LOG] [Fast Refresh] done in 366ms @ http://localhost:3001/_next/static/chunks/0twy_next_dist_06yi1o8._.js:2482
[41827097ms] [LOG] [Fast Refresh] rebuilding @ http://localhost:3001/_next/static/chunks/0twy_next_dist_06yi1o8._.js:2482
[41827599ms] [LOG] [Fast Refresh] done in 571ms @ http://localhost:3001/_next/static/chunks/0twy_next_dist_06yi1o8._.js:2482
[41842517ms] [LOG] [Fast Refresh] rebuilding @ http://localhost:3001/_next/static/chunks/0twy_next_dist_06yi1o8._.js:2482
[41842913ms] [LOG] [Fast Refresh] done in 470ms @ http://localhost:3001/_next/static/chunks/0twy_next_dist_06yi1o8._.js:2482
[41858829ms] [LOG] [Fast Refresh] rebuilding @ http://localhost:3001/_next/static/chunks/0twy_next_dist_06yi1o8._.js:2482
[41859084ms] [LOG] [Fast Refresh] done in 301ms @ http://localhost:3001/_next/static/chunks/0twy_next_dist_06yi1o8._.js:2482
[41876151ms] [LOG] [Fast Refresh] rebuilding @ http://localhost:3001/_next/static/chunks/0twy_next_dist_06yi1o8._.js:2482
[41876192ms] [LOG] [Fast Refresh] done in 144ms @ http://localhost:3001/_next/static/chunks/0twy_next_dist_06yi1o8._.js:2482
[41876992ms] [LOG] [Fast Refresh] rebuilding @ http://localhost:3001/_next/static/chunks/0twy_next_dist_06yi1o8._.js:2482
[41877012ms] [LOG] [Fast Refresh] done in 120ms @ http://localhost:3001/_next/static/chunks/0twy_next_dist_06yi1o8._.js:2482
[41877114ms] [LOG] [Fast Refresh] rebuilding @ http://localhost:3001/_next/static/chunks/0twy_next_dist_06yi1o8._.js:2482
[41877124ms] [LOG] [Fast Refresh] done in 111ms @ http://localhost:3001/_next/static/chunks/0twy_next_dist_06yi1o8._.js:2482
[41877716ms] [LOG] [Fast Refresh] rebuilding @ http://localhost:3001/_next/static/chunks/0twy_next_dist_06yi1o8._.js:2482
[41877718ms] [LOG] [Fast Refresh] done in 104ms @ http://localhost:3001/_next/static/chunks/0twy_next_dist_06yi1o8._.js:2482
[41878344ms] [LOG] [Fast Refresh] rebuilding @ http://localhost:3001/_next/static/chunks/0twy_next_dist_06yi1o8._.js:2482
[41878352ms] [LOG] [Fast Refresh] done in 109ms @ http://localhost:3001/_next/static/chunks/0twy_next_dist_06yi1o8._.js:2482
[41878967ms] [LOG] [Fast Refresh] rebuilding @ http://localhost:3001/_next/static/chunks/0twy_next_dist_06yi1o8._.js:2482
[41878969ms] [LOG] [Fast Refresh] done in 104ms @ http://localhost:3001/_next/static/chunks/0twy_next_dist_06yi1o8._.js:2482
[41879609ms] [LOG] [Fast Refresh] rebuilding @ http://localhost:3001/_next/static/chunks/0twy_next_dist_06yi1o8._.js:2482
[41879621ms] [LOG] [Fast Refresh] done in 113ms @ http://localhost:3001/_next/static/chunks/0twy_next_dist_06yi1o8._.js:2482
[41880204ms] [LOG] [Fast Refresh] rebuilding @ http://localhost:3001/_next/static/chunks/0twy_next_dist_06yi1o8._.js:2482
[41880213ms] [LOG] [Fast Refresh] done in 109ms @ http://localhost:3001/_next/static/chunks/0twy_next_dist_06yi1o8._.js:2482
[41880825ms] [LOG] [Fast Refresh] rebuilding @ http://localhost:3001/_next/static/chunks/0twy_next_dist_06yi1o8._.js:2482
[41880840ms] [LOG] [Fast Refresh] done in 116ms @ http://localhost:3001/_next/static/chunks/0twy_next_dist_06yi1o8._.js:2482
[41881426ms] [LOG] [Fast Refresh] rebuilding @ http://localhost:3001/_next/static/chunks/0twy_next_dist_06yi1o8._.js:2482
[41881429ms] [LOG] [Fast Refresh] done in 105ms @ http://localhost:3001/_next/static/chunks/0twy_next_dist_06yi1o8._.js:2482
[41882277ms] [LOG] [Fast Refresh] rebuilding @ http://localhost:3001/_next/static/chunks/0twy_next_dist_06yi1o8._.js:2482
[41882408ms] [LOG] [Fast Refresh] done in 78ms @ http://localhost:3001/_next/static/chunks/0twy_next_dist_06yi1o8._.js:2482
