[     137ms] [LOG] [Fast Refresh] rebuilding @ http://localhost:3001/_next/static/chunks/0twy_next_dist_06yi1o8._.js:2482
[     333ms] [LOG] [Fast Refresh] done in 297ms @ http://localhost:3001/_next/static/chunks/0twy_next_dist_06yi1o8._.js:2482
[     340ms] [LOG] [PostHog.js] send "$pageleave" {uuid: 019eeaf0-d5ab-7e60-93d9-5153b53c35aa, event: $pageleave, properties: Object, timestamp: Sun Jun 21 2026 16:08:32 GMT+0000 (heure moyenne de Greenwich)} @ http://localhost:3001/_next/static/chunks/0twy_next_dist_06yi1o8._.js:2482
[     414ms] [LOG] [PostHog.js] set_config {config: Object, oldConfig: Object, newConfig: Object} @ http://localhost:3001/_next/static/chunks/036~_posthog-js_dist_module_0gzr43h.js:878
[     414ms] [LOG] [PostHog.js] Persistence loaded localStorage+cookie {distinct_id: 019eea13-5def-7b1c-975b-49305a733d4a, $sesid: Array(3), $initial_person_info: Object, $initialization_time: 2026-06-21T16:04:06.659Z, $configured_session_timeout_ms: 1800000} @ http://localhost:3001/_next/static/chunks/036~_posthog-js_dist_module_0gzr43h.js:878
[     415ms] [LOG] [PostHog.js] Persistence loaded sessionStorage {$sdk_debug_extensions_init_method: synchronous, $sdk_debug_extensions_init_time_ms: 1, $referrer: $direct, $referring_domain: $direct} @ http://localhost:3001/_next/static/chunks/036~_posthog-js_dist_module_0gzr43h.js:878
[     416ms] [LOG] [PostHog.js] Initializing extensions synchronously @ http://localhost:3001/_next/static/chunks/036~_posthog-js_dist_module_0gzr43h.js:878
[     416ms] [LOG] [PostHog.js] History API monitoring enabled, starting... @ http://localhost:3001/_next/static/chunks/036~_posthog-js_dist_module_0gzr43h.js:878
[     416ms] [LOG] [PostHog.js] [Heatmaps] starting... @ http://localhost:3001/_next/static/chunks/036~_posthog-js_dist_module_0gzr43h.js:878
[     417ms] [LOG] [PostHog.js] [Web Vitals] enabled, starting... @ http://localhost:3001/_next/static/chunks/036~_posthog-js_dist_module_0gzr43h.js:878
[     417ms] [LOG] [PostHog.js] [ExceptionAutocapture] enabled @ http://localhost:3001/_next/static/chunks/036~_posthog-js_dist_module_0gzr43h.js:878
[     417ms] [LOG] [PostHog.js] [ExceptionAutocapture] enabled @ http://localhost:3001/_next/static/chunks/036~_posthog-js_dist_module_0gzr43h.js:878
[     417ms] [LOG] [PostHog.js] Starting in debug mode {this: qo, config: Object, thisC: Object, p: Object, s: Object} @ http://localhost:3001/_next/static/chunks/036~_posthog-js_dist_module_0gzr43h.js:878
[     421ms] [INFO] %cDownload the React DevTools for a better development experience: https://react.dev/link/react-devtools font-weight:bold @ http://localhost:3001/_next/static/chunks/0twy_next_dist_06yi1o8._.js:2482
[     430ms] [LOG] [PostHog.js] [RemoteConfig] __preview_remote_config is disabled. Logging config instead {analytics: Object, autocaptureExceptions: true, autocapture_opt_out: false, captureDeadClicks: false, capturePerformance: Object} @ http://localhost:3001/_next/static/chunks/0twy_next_dist_06yi1o8._.js:2482
[     436ms] [LOG] [PostHog.js] send "$pageview" {uuid: 019eeaf0-d60b-7903-b1ed-0e77cbb1ad50, event: $pageview, properties: Object, timestamp: Sun Jun 21 2026 16:08:32 GMT+0000 (heure moyenne de Greenwich)} @ http://localhost:3001/_next/static/chunks/0twy_next_dist_06yi1o8._.js:2482
[     441ms] [LOG] [HMR] connected @ http://localhost:3001/_next/static/chunks/0twy_next_dist_06yi1o8._.js:2482
[     932ms] [LOG] [PostHog.js] Persistence loaded sessionStorage {$sdk_debug_extensions_init_method: synchronous, $sdk_debug_extensions_init_time_ms: 2, $referrer: $direct, $referring_domain: $direct} @ http://localhost:3001/_next/static/chunks/0twy_next_dist_06yi1o8._.js:2482
[     932ms] [LOG] [PostHog.js] set_config {config: Object, oldConfig: Object, newConfig: Object} @ http://localhost:3001/_next/static/chunks/0twy_next_dist_06yi1o8._.js:2482
[     932ms] [LOG] [PostHog.js] [ExceptionAutocapture] enabled @ http://localhost:3001/_next/static/chunks/0twy_next_dist_06yi1o8._.js:2482
[     933ms] [LOG] [PostHog.js] [Surveys] flags response received, isSurveysEnabled: false @ http://localhost:3001/_next/static/chunks/0twy_next_dist_06yi1o8._.js:2482
[     933ms] [LOG] [PostHog.js] [Web Vitals] enabled, starting... @ http://localhost:3001/_next/static/chunks/0twy_next_dist_06yi1o8._.js:2482
[     933ms] [LOG] [PostHog.js] [ExceptionAutocapture] enabled @ http://localhost:3001/_next/static/chunks/0twy_next_dist_06yi1o8._.js:2482
[    1250ms] [LOG] [PostHog.js] [Dead Clicks] starting... @ http://localhost:3001/_next/static/chunks/0twy_next_dist_06yi1o8._.js:2482
[    1436ms] [LOG] [PostHog.js] [Surveys] Surveys loaded successfully @ http://localhost:3001/_next/static/chunks/0twy_next_dist_06yi1o8._.js:2482
[    6277ms] [LOG] [PostHog.js] send "$web_vitals" {uuid: 019eeaf0-ecdb-7620-b8fa-1472b8e3bfe9, event: $web_vitals, properties: Object, timestamp: Sun Jun 21 2026 16:08:38 GMT+0000 (heure moyenne de Greenwich)} @ http://localhost:3001/_next/static/chunks/0twy_next_dist_06yi1o8._.js:2482
[   54676ms] [LOG] [Fast Refresh] rebuilding @ http://localhost:3001/_next/static/chunks/0twy_next_dist_06yi1o8._.js:2482
[   54821ms] [WARNING] [HMR] Invalid message: {"isTrusted":true}
TypeError: Cannot convert undefined or null to object
    at Object.keys (<anonymous>)
    at extractModulesFromTurbopackMessage (http://localhost:3001/_next/static/chunks/0twy_next_dist_client_0dkoe0x._.js:13653:39)
    at TurbopackHmr.onTurbopackMessage (http://localhost:3001/_next/static/chunks/0twy_next_dist_client_0dkoe0x._.js:13600:32)
    at processMessage (http://localhost:3001/_next/static/chunks/0twy_next_dist_client_0dkoe0x._.js:13951:30)
    at WebSocket.handleMessage (http://localhost:3001/_next/static/chunks/0twy_next_dist_client_0dkoe0x._.js:13357:52) @ http://localhost:3001/_next/static/chunks/0twy_next_dist_06yi1o8._.js:2482
[   54821ms] [LOG] [Fast Refresh] done in 246ms @ http://localhost:3001/_next/static/chunks/0twy_next_dist_06yi1o8._.js:2482
[   54923ms] [LOG] [Fast Refresh] rebuilding @ http://localhost:3001/_next/static/chunks/0twy_next_dist_06yi1o8._.js:2482
[   55441ms] [LOG] [Fast Refresh] done in 618ms @ http://localhost:3001/_next/static/chunks/0twy_next_dist_06yi1o8._.js:2482
[   55543ms] [LOG] [Fast Refresh] rebuilding @ http://localhost:3001/_next/static/chunks/0twy_next_dist_06yi1o8._.js:2482
[   56335ms] [LOG] [Fast Refresh] done in 893ms @ http://localhost:3001/_next/static/chunks/0twy_next_dist_06yi1o8._.js:2482
[   56436ms] [LOG] [Fast Refresh] rebuilding @ http://localhost:3001/_next/static/chunks/0twy_next_dist_06yi1o8._.js:2482
[   56815ms] [LOG] [Fast Refresh] done in 479ms @ http://localhost:3001/_next/static/chunks/0twy_next_dist_06yi1o8._.js:2482
[   56817ms] [ERROR] Failed to load resource: the server responded with a status of 500 (Internal Server Error) @ http://localhost:3001/create?_rsc=X-ptFW5p37huAS9W:0
[   57303ms] [LOG] [Fast Refresh] rebuilding @ http://localhost:3001/_next/static/chunks/0twy_next_dist_06yi1o8._.js:2482
[   57547ms] [LOG] [Fast Refresh] done in 347ms @ http://localhost:3001/_next/static/chunks/0twy_next_dist_06yi1o8._.js:2482
[   57649ms] [LOG] [Fast Refresh] rebuilding @ http://localhost:3001/_next/static/chunks/0twy_next_dist_06yi1o8._.js:2482
[   58168ms] [LOG] [Fast Refresh] done in 621ms @ http://localhost:3001/_next/static/chunks/0twy_next_dist_06yi1o8._.js:2482
[   58186ms] [ERROR] Failed to load resource: the server responded with a status of 500 (Internal Server Error) @ http://localhost:3001/create?_rsc=X-ptFW5p37huAS9W:0
[   58270ms] [LOG] [Fast Refresh] rebuilding @ http://localhost:3001/_next/static/chunks/0twy_next_dist_06yi1o8._.js:2482
[   58477ms] [LOG] [Fast Refresh] done in 308ms @ http://localhost:3001/_next/static/chunks/0twy_next_dist_06yi1o8._.js:2482
[   58497ms] [LOG] [PostHog.js] send "$pageleave" {uuid: 019eeaf1-b8d7-7637-a4d9-289bfc744bb5, event: $pageleave, properties: Object, timestamp: Sun Jun 21 2026 16:09:30 GMT+0000 (heure moyenne de Greenwich)} @ http://localhost:3001/_next/static/chunks/0twy_next_dist_06yi1o8._.js:2482
[   58500ms] [LOG] [PostHog.js] send "$web_vitals" {uuid: 019eeaf1-b8db-7452-a945-f01b728437b9, event: $web_vitals, properties: Object, timestamp: Sun Jun 21 2026 16:09:30 GMT+0000 (heure moyenne de Greenwich)} @ http://localhost:3001/_next/static/chunks/0twy_next_dist_06yi1o8._.js:2482
[   58506ms] [ERROR] Failed to load resource: the server responded with a status of 500 (Internal Server Error) @ http://localhost:3001/create:0
[   59302ms] [INFO] %cDownload the React DevTools for a better development experience: https://react.dev/link/react-devtools font-weight:bold @ http://localhost:3001/_next/static/chunks/0~2w_react-dom_0sbm542._.js:15305
[   59348ms] [LOG] [PostHog.js] set_config {config: Object, oldConfig: Object, newConfig: Object} @ http://localhost:3001/_next/static/chunks/036~_posthog-js_dist_module_0ds7ukn.js:878
[   59349ms] [LOG] [PostHog.js] Persistence loaded localStorage+cookie {distinct_id: 019eea13-5def-7b1c-975b-49305a733d4a, $sesid: Array(3), $initial_person_info: Object, $initialization_time: 2026-06-21T16:08:32.503Z, $configured_session_timeout_ms: 1800000} @ http://localhost:3001/_next/static/chunks/036~_posthog-js_dist_module_0ds7ukn.js:878
[   59350ms] [LOG] [PostHog.js] Persistence loaded sessionStorage {$sdk_debug_extensions_init_method: synchronous, $sdk_debug_extensions_init_time_ms: 2, $referrer: $direct, $referring_domain: $direct} @ http://localhost:3001/_next/static/chunks/036~_posthog-js_dist_module_0ds7ukn.js:878
[   59350ms] [LOG] [PostHog.js] Initializing extensions synchronously @ http://localhost:3001/_next/static/chunks/036~_posthog-js_dist_module_0ds7ukn.js:878
[   59350ms] [LOG] [PostHog.js] History API monitoring enabled, starting... @ http://localhost:3001/_next/static/chunks/036~_posthog-js_dist_module_0ds7ukn.js:878
[   59351ms] [LOG] [PostHog.js] [Heatmaps] starting... @ http://localhost:3001/_next/static/chunks/036~_posthog-js_dist_module_0ds7ukn.js:878
[   59352ms] [LOG] [PostHog.js] [Web Vitals] enabled, starting... @ http://localhost:3001/_next/static/chunks/036~_posthog-js_dist_module_0ds7ukn.js:878
[   59352ms] [LOG] [PostHog.js] [ExceptionAutocapture] enabled @ http://localhost:3001/_next/static/chunks/036~_posthog-js_dist_module_0ds7ukn.js:878
[   59353ms] [LOG] [PostHog.js] [ExceptionAutocapture] enabled @ http://localhost:3001/_next/static/chunks/036~_posthog-js_dist_module_0ds7ukn.js:878
[   59353ms] [LOG] [PostHog.js] Starting in debug mode {this: qo, config: Object, thisC: Object, p: Object, s: Object} @ http://localhost:3001/_next/static/chunks/036~_posthog-js_dist_module_0ds7ukn.js:878
[   59360ms] [LOG] [PostHog.js] [Dead Clicks] starting... @ http://localhost:3001/_next/static/chunks/0twy_next_dist_0w53qog._.js:1385
[   59367ms] [LOG] [PostHog.js] send "$exception" {uuid: 019eeaf1-bc3d-7490-94c4-8de1490b8d40, event: $exception, properties: Object, timestamp: Sun Jun 21 2026 16:09:31 GMT+0000 (heure moyenne de Greenwich)} @ http://localhost:3001/_next/static/chunks/0twy_next_dist_0w53qog._.js:1385
[   59368ms] ReferenceError: BlockChannelStripFaderMulti is not defined
    at module evaluation (file:///Users/macbook/Documents/lUlU/audio-ui/apps/www/.next/dev/server/chunks/ssr/[root-of-the-server]__11-yz03._.js:576:20)
    at <unknown> (file:///Users/macbook/Documents/lUlU/audio-ui/apps/www/.next/dev/server/chunks/ssr/[turbopack]_runtime.js:1291:27)
    at runWithHooks (file:///Users/macbook/Documents/lUlU/audio-ui/apps/www/.next/dev/server/chunks/ssr/[turbopack]_runtime.js:1554:9)
    at instantiateModuleShared (file:///Users/macbook/Documents/lUlU/audio-ui/apps/www/.next/dev/server/chunks/ssr/[turbopack]_runtime.js:1289:9)
    at instantiateModule (file:///Users/macbook/Documents/lUlU/audio-ui/apps/www/.next/dev/server/chunks/ssr/[turbopack]_runtime.js:1557:23)
    at getOrInstantiateModuleFromParent (file:///Users/macbook/Documents/lUlU/audio-ui/apps/www/.next/dev/server/chunks/ssr/[turbopack]_runtime.js:1593:23)
    at Context.esmImport [as i] (file:///Users/macbook/Documents/lUlU/audio-ui/apps/www/.next/dev/server/chunks/ssr/[turbopack]_runtime.js:281:20)
    at module evaluation (file:///Users/macbook/Documents/lUlU/audio-ui/apps/www/.next/dev/server/chunks/ssr/[root-of-the-server]__11-yz03._.js:643:207)
    at <unknown> (file:///Users/macbook/Documents/lUlU/audio-ui/apps/www/.next/dev/server/chunks/ssr/[turbopack]_runtime.js:1291:27)
    at runWithHooks (file:///Users/macbook/Documents/lUlU/audio-ui/apps/www/.next/dev/server/chunks/ssr/[turbopack]_runtime.js:1554:9)
    at instantiateModuleShared (file:///Users/macbook/Documents/lUlU/audio-ui/apps/www/.next/dev/server/chunks/ssr/[turbopack]_runtime.js:1289:9)
    at instantiateModule (file:///Users/macbook/Documents/lUlU/audio-ui/apps/www/.next/dev/server/chunks/ssr/[turbopack]_runtime.js:1557:23)
    at getOrInstantiateModuleFromParent (file:///Users/macbook/Documents/lUlU/audio-ui/apps/www/.next/dev/server/chunks/ssr/[turbopack]_runtime.js:1593:23)
    at Context.esmImport [as i] (file:///Users/macbook/Documents/lUlU/audio-ui/apps/www/.next/dev/server/chunks/ssr/[turbopack]_runtime.js:281:20)
    at module evaluation (file:///Users/macbook/Documents/lUlU/audio-ui/apps/www/.next/dev/server/chunks/ssr/[root-of-the-server]__11-yz03._.js:710:47)
    at <unknown> (file:///Users/macbook/Documents/lUlU/audio-ui/apps/www/.next/dev/server/chunks/ssr/[turbopack]_runtime.js:1291:27)
    at runWithHooks (file:///Users/macbook/Documents/lUlU/audio-ui/apps/www/.next/dev/server/chunks/ssr/[turbopack]_runtime.js:1554:9)
    at instantiateModuleShared (file:///Users/macbook/Documents/lUlU/audio-ui/apps/www/.next/dev/server/chunks/ssr/[turbopack]_runtime.js:1289:9)
    at instantiateModule (file:///Users/macbook/Documents/lUlU/audio-ui/apps/www/.next/dev/server/chunks/ssr/[turbopack]_runtime.js:1557:23)
    at getOrInstantiateModuleFromParent (file:///Users/macbook/Documents/lUlU/audio-ui/apps/www/.next/dev/server/chunks/ssr/[turbopack]_runtime.js:1593:23)
    at Context.commonJsRequire [as r] (file:///Users/macbook/Documents/lUlU/audio-ui/apps/www/.next/dev/server/chunks/ssr/[turbopack]_runtime.js:302:12)
    at Array.__TURBOPACK__page__$23$11__ (file:///Users/macbook/Documents/lUlU/audio-ui/apps/www/.next/dev/server/chunks/ssr/0twy_next_dist_esm_0bc9e._._.js:217:63)
    at getLayoutOrPageModule (file:///Users/macbook/Documents/lUlU/audio-ui/node_modules/.bun/next@16.2.6+a8e167bbfea182cf/node_modules/next/dist/compiled/next-server/app-page-turbo.runtime.dev.js:65:6366)
    at anySegmentHasRuntimePrefetchEnabled (file:///Users/macbook/Documents/lUlU/audio-ui/node_modules/.bun/next@16.2.6+a8e167bbfea182cf/node_modules/next/dist/compiled/next-server/app-page-turbo.runtime.dev.js:69:16701)
    at anySegmentHasRuntimePrefetchEnabled (file:///Users/macbook/Documents/lUlU/audio-ui/node_modules/.bun/next@16.2.6+a8e167bbfea182cf/node_modules/next/dist/compiled/next-server/app-page-turbo.runtime.dev.js:69:17039)
    at async anySegmentHasRuntimePrefetchEnabled (file:///Users/macbook/Documents/lUlU/audio-ui/node_modules/.bun/next@16.2.6+a8e167bbfea182cf/node_modules/next/dist/compiled/next-server/app-page-turbo.runtime.dev.js:69:17033)
    at async anySegmentHasRuntimePrefetchEnabled (file:///Users/macbook/Documents/lUlU/audio-ui/node_modules/.bun/next@16.2.6+a8e167bbfea182cf/node_modules/next/dist/compiled/next-server/app-page-turbo.runtime.dev.js:69:17033)
    at async generateDynamicRSCPayload (file:///Users/macbook/Documents/lUlU/audio-ui/node_modules/.bun/next@16.2.6+a8e167bbfea182cf/node_modules/next/dist/compiled/next-server/app-page-turbo.runtime.dev.js:69:23031)
    at async generateDynamicFlightRenderResult (file:///Users/macbook/Documents/lUlU/audio-ui/node_modules/.bun/next@16.2.6+a8e167bbfea182cf/node_modules/next/dist/compiled/next-server/app-page-turbo.runtime.dev.js:69:26329)
    at async doRender (file:///Users/macbook/Documents/lUlU/audio-ui/apps/www/.next/dev/server/chunks/ssr/0twy_next_dist_esm_0bc9e._._.js:799:28)
    at async AppPageRouteModule.handleResponse (file:///Users/macbook/Documents/lUlU/audio-ui/node_modules/.bun/next@16.2.6+a8e167bbfea182cf/node_modules/next/dist/compiled/next-server/app-page-turbo.runtime.dev.js:71:66429)
    at async handleResponse (file:///Users/macbook/Documents/lUlU/audio-ui/apps/www/.next/dev/server/chunks/ssr/0twy_next_dist_esm_0bc9e._._.js:1110:32)
    at async Module.handler (file:///Users/macbook/Documents/lUlU/audio-ui/apps/www/.next/dev/server/chunks/ssr/0twy_next_dist_esm_0bc9e._._.js:1516:20)
    at async DevServer.renderToResponseWithComponentsImpl (file:///Users/macbook/Documents/lUlU/audio-ui/node_modules/.bun/next@16.2.6+a8e167bbfea182cf/node_modules/next/dist/server/base-server.js:1462:9)
    at async DevServer.renderPageComponent (file:///Users/macbook/Documents/lUlU/audio-ui/node_modules/.bun/next@16.2.6+a8e167bbfea182cf/node_modules/next/dist/server/base-server.js:1514:24)
    at async DevServer.renderToResponseImpl (file:///Users/macbook/Documents/lUlU/audio-ui/node_modules/.bun/next@16.2.6+a8e167bbfea182cf/node_modules/next/dist/server/base-server.js:1564:32)
    at async DevServer.pipeImpl (file:///Users/macbook/Documents/lUlU/audio-ui/node_modules/.bun/next@16.2.6+a8e167bbfea182cf/node_modules/next/dist/server/base-server.js:1044:25)
    at async NextNodeServer.handleCatchallRenderRequest (file:///Users/macbook/Documents/lUlU/audio-ui/node_modules/.bun/next@16.2.6+a8e167bbfea182cf/node_modules/next/dist/server/next-server.js:338:17)
    at async DevServer.handleRequestImpl (file:///Users/macbook/Documents/lUlU/audio-ui/node_modules/.bun/next@16.2.6+a8e167bbfea182cf/node_modules/next/dist/server/base-server.js:935:17)
    at async (file:///Users/macbook/Documents/lUlU/audio-ui/node_modules/.bun/next@16.2.6+a8e167bbfea182cf/node_modules/next/dist/server/dev/next-dev-server.js:394:20)
    at async Span.traceAsyncFn (file:///Users/macbook/Documents/lUlU/audio-ui/node_modules/.bun/next@16.2.6+a8e167bbfea182cf/node_modules/next/dist/trace/trace.js:164:20)
    at async DevServer.handleRequest (file:///Users/macbook/Documents/lUlU/audio-ui/node_modules/.bun/next@16.2.6+a8e167bbfea182cf/node_modules/next/dist/server/dev/next-dev-server.js:390:24)
    at async invokeRender (file:///Users/macbook/Documents/lUlU/audio-ui/node_modules/.bun/next@16.2.6+a8e167bbfea182cf/node_modules/next/dist/server/lib/router-server.js:266:21)
    at async handleRequest (file:///Users/macbook/Documents/lUlU/audio-ui/node_modules/.bun/next@16.2.6+a8e167bbfea182cf/node_modules/next/dist/server/lib/router-server.js:465:24)
    at async requestHandlerImpl (file:///Users/macbook/Documents/lUlU/audio-ui/node_modules/.bun/next@16.2.6+a8e167bbfea182cf/node_modules/next/dist/server/lib/router-server.js:514:13)
    at async Server.requestListener (file:///Users/macbook/Documents/lUlU/audio-ui/node_modules/.bun/next@16.2.6+a8e167bbfea182cf/node_modules/next/dist/server/lib/start-server.js:225:13)
[   59369ms] [LOG] [PostHog.js] send "$pageview" {uuid: 019eeaf1-bc40-72fe-b3fb-554284ca8b12, event: $pageview, properties: Object, timestamp: Sun Jun 21 2026 16:09:31 GMT+0000 (heure moyenne de Greenwich)} @ http://localhost:3001/_next/static/chunks/0twy_next_dist_0w53qog._.js:1385
[   59418ms] [LOG] [HMR] connected @ http://localhost:3001/_next/static/chunks/0twy_next_dist_0w53qog._.js:1385
[   60003ms] [LOG] [PostHog.js] [RemoteConfig] __preview_remote_config is disabled. Logging config instead {analytics: Object, autocaptureExceptions: true, autocapture_opt_out: false, captureDeadClicks: false, capturePerformance: Object} @ http://localhost:3001/_next/static/chunks/0twy_next_dist_0w53qog._.js:1385
[   60012ms] [LOG] [PostHog.js] Persistence loaded sessionStorage {$sdk_debug_extensions_init_method: synchronous, $sdk_debug_extensions_init_time_ms: 2, $referrer: $direct, $referring_domain: $direct} @ http://localhost:3001/_next/static/chunks/0twy_next_dist_0w53qog._.js:1385
[   60012ms] [LOG] [PostHog.js] set_config {config: Object, oldConfig: Object, newConfig: Object} @ http://localhost:3001/_next/static/chunks/0twy_next_dist_0w53qog._.js:1385
[   60012ms] [LOG] [PostHog.js] [ExceptionAutocapture] enabled @ http://localhost:3001/_next/static/chunks/0twy_next_dist_0w53qog._.js:1385
[   60013ms] [LOG] [PostHog.js] [Surveys] flags response received, isSurveysEnabled: false @ http://localhost:3001/_next/static/chunks/0twy_next_dist_0w53qog._.js:1385
[   60013ms] [LOG] [PostHog.js] [ExceptionAutocapture] enabled @ http://localhost:3001/_next/static/chunks/0twy_next_dist_0w53qog._.js:1385
[   60014ms] [LOG] [PostHog.js] [Surveys] Surveys loaded successfully @ http://localhost:3001/_next/static/chunks/0twy_next_dist_0w53qog._.js:1385
[   64355ms] [LOG] [PostHog.js] send "$$heatmap" {uuid: 019eeaf1-cfba-72b2-8e17-d2b7a64b5a66, event: $$heatmap, properties: Object, timestamp: Sun Jun 21 2026 16:09:36 GMT+0000 (heure moyenne de Greenwich)} @ http://localhost:3001/_next/static/chunks/0twy_next_dist_0w53qog._.js:1385
[   64518ms] [LOG] [PostHog.js] send "$web_vitals" {uuid: 019eeaf1-d05c-7c99-b37e-a8849b19d421, event: $web_vitals, properties: Object, timestamp: Sun Jun 21 2026 16:09:36 GMT+0000 (heure moyenne de Greenwich)} @ http://localhost:3001/_next/static/chunks/0twy_next_dist_0w53qog._.js:1385
[   71663ms] [LOG] [Fast Refresh] rebuilding @ http://localhost:3001/_next/static/chunks/0twy_next_dist_0w53qog._.js:1385
[   71817ms] [LOG] [Fast Refresh] done in 127ms @ http://localhost:3001/_next/static/chunks/0twy_next_dist_0w53qog._.js:1385
[   72216ms] [LOG] [PostHog.js] send "$pageleave" {uuid: 019eeaf1-ee6f-7832-9904-f2595b141201, event: $pageleave, properties: Object, timestamp: Sun Jun 21 2026 16:09:44 GMT+0000 (heure moyenne de Greenwich)} @ http://localhost:3001/_next/static/chunks/0twy_next_dist_0w53qog._.js:1385
[   72556ms] [LOG] [PostHog.js] set_config {config: Object, oldConfig: Object, newConfig: Object} @ http://localhost:3001/_next/static/chunks/036~_posthog-js_dist_module_0gzr43h.js:878
[   72556ms] [LOG] [PostHog.js] Persistence loaded localStorage+cookie {distinct_id: 019eea13-5def-7b1c-975b-49305a733d4a, $sesid: Array(3), $initial_person_info: Object, $initialization_time: 2026-06-21T16:09:31.437Z, $configured_session_timeout_ms: 1800000} @ http://localhost:3001/_next/static/chunks/036~_posthog-js_dist_module_0gzr43h.js:878
[   72557ms] [LOG] [PostHog.js] Persistence loaded sessionStorage {$sdk_debug_extensions_init_method: synchronous, $sdk_debug_extensions_init_time_ms: 2, $referrer: $direct, $referring_domain: $direct} @ http://localhost:3001/_next/static/chunks/036~_posthog-js_dist_module_0gzr43h.js:878
[   72557ms] [LOG] [PostHog.js] Initializing extensions synchronously @ http://localhost:3001/_next/static/chunks/036~_posthog-js_dist_module_0gzr43h.js:878
[   72557ms] [LOG] [PostHog.js] History API monitoring enabled, starting... @ http://localhost:3001/_next/static/chunks/036~_posthog-js_dist_module_0gzr43h.js:878
[   72558ms] [LOG] [PostHog.js] [Heatmaps] starting... @ http://localhost:3001/_next/static/chunks/036~_posthog-js_dist_module_0gzr43h.js:878
[   72558ms] [LOG] [PostHog.js] [Web Vitals] enabled, starting... @ http://localhost:3001/_next/static/chunks/036~_posthog-js_dist_module_0gzr43h.js:878
[   72558ms] [LOG] [PostHog.js] [ExceptionAutocapture] enabled @ http://localhost:3001/_next/static/chunks/036~_posthog-js_dist_module_0gzr43h.js:878
[   72559ms] [LOG] [PostHog.js] [ExceptionAutocapture] enabled @ http://localhost:3001/_next/static/chunks/036~_posthog-js_dist_module_0gzr43h.js:878
[   72559ms] [LOG] [PostHog.js] Starting in debug mode {this: qo, config: Object, thisC: Object, p: Object, s: Object} @ http://localhost:3001/_next/static/chunks/036~_posthog-js_dist_module_0gzr43h.js:878
[   72562ms] [INFO] %cDownload the React DevTools for a better development experience: https://react.dev/link/react-devtools font-weight:bold @ http://localhost:3001/_next/static/chunks/0twy_next_dist_06yi1o8._.js:2482
[   72572ms] [LOG] [PostHog.js] [Dead Clicks] starting... @ http://localhost:3001/_next/static/chunks/0twy_next_dist_06yi1o8._.js:2482
[   72572ms] [LOG] [PostHog.js] [RemoteConfig] __preview_remote_config is disabled. Logging config instead {analytics: Object, autocaptureExceptions: true, autocapture_opt_out: false, captureDeadClicks: false, capturePerformance: Object} @ http://localhost:3001/_next/static/chunks/0twy_next_dist_06yi1o8._.js:2482
[   72576ms] [LOG] [PostHog.js] send "$pageview" {uuid: 019eeaf1-efd7-7047-acda-a7989905b167, event: $pageview, properties: Object, timestamp: Sun Jun 21 2026 16:09:44 GMT+0000 (heure moyenne de Greenwich)} @ http://localhost:3001/_next/static/chunks/0twy_next_dist_06yi1o8._.js:2482
[   72582ms] [LOG] [HMR] connected @ http://localhost:3001/_next/static/chunks/0twy_next_dist_06yi1o8._.js:2482
[   73134ms] [LOG] [PostHog.js] Persistence loaded sessionStorage {$sdk_debug_extensions_init_method: synchronous, $sdk_debug_extensions_init_time_ms: 1, $referrer: $direct, $referring_domain: $direct} @ http://localhost:3001/_next/static/chunks/0twy_next_dist_06yi1o8._.js:2482
[   73134ms] [LOG] [PostHog.js] set_config {config: Object, oldConfig: Object, newConfig: Object} @ http://localhost:3001/_next/static/chunks/0twy_next_dist_06yi1o8._.js:2482
[   73134ms] [LOG] [PostHog.js] [ExceptionAutocapture] enabled @ http://localhost:3001/_next/static/chunks/0twy_next_dist_06yi1o8._.js:2482
[   73134ms] [LOG] [PostHog.js] [Surveys] flags response received, isSurveysEnabled: false @ http://localhost:3001/_next/static/chunks/0twy_next_dist_06yi1o8._.js:2482
[   73134ms] [LOG] [PostHog.js] [ExceptionAutocapture] enabled @ http://localhost:3001/_next/static/chunks/0twy_next_dist_06yi1o8._.js:2482
[   73135ms] [LOG] [PostHog.js] [Surveys] Surveys loaded successfully @ http://localhost:3001/_next/static/chunks/0twy_next_dist_06yi1o8._.js:2482
[   77586ms] [LOG] [PostHog.js] send "$web_vitals" {uuid: 019eeaf2-0367-79c4-a3e8-eaa611444107, event: $web_vitals, properties: Object, timestamp: Sun Jun 21 2026 16:09:49 GMT+0000 (heure moyenne de Greenwich)} @ http://localhost:3001/_next/static/chunks/0twy_next_dist_06yi1o8._.js:2482
