[      96ms] [LOG] [PostHog.js] send "$pageleave" {uuid: 019eeaf2-2202-7d9c-804d-d465cff1be4a, event: $pageleave, properties: Object, timestamp: Sun Jun 21 2026 16:09:57 GMT+0000 (heure moyenne de Greenwich)} @ http://localhost:3001/_next/static/chunks/0twy_next_dist_06yi1o8._.js:2482
[     167ms] [LOG] [PostHog.js] set_config {config: Object, oldConfig: Object, newConfig: Object} @ http://localhost:3001/_next/static/chunks/036~_posthog-js_dist_module_0gzr43h.js:878
[     167ms] [LOG] [PostHog.js] Persistence loaded localStorage+cookie {distinct_id: 019eea13-5def-7b1c-975b-49305a733d4a, $sesid: Array(3), $initial_person_info: Object, $initialization_time: 2026-06-21T16:09:44.645Z, $configured_session_timeout_ms: 1800000} @ http://localhost:3001/_next/static/chunks/036~_posthog-js_dist_module_0gzr43h.js:878
[     168ms] [LOG] [PostHog.js] Persistence loaded sessionStorage {$sdk_debug_extensions_init_method: synchronous, $sdk_debug_extensions_init_time_ms: 1, $referrer: $direct, $referring_domain: $direct} @ http://localhost:3001/_next/static/chunks/036~_posthog-js_dist_module_0gzr43h.js:878
[     169ms] [LOG] [PostHog.js] Initializing extensions synchronously @ http://localhost:3001/_next/static/chunks/036~_posthog-js_dist_module_0gzr43h.js:878
[     169ms] [LOG] [PostHog.js] History API monitoring enabled, starting... @ http://localhost:3001/_next/static/chunks/036~_posthog-js_dist_module_0gzr43h.js:878
[     169ms] [LOG] [PostHog.js] [Heatmaps] starting... @ http://localhost:3001/_next/static/chunks/036~_posthog-js_dist_module_0gzr43h.js:878
[     169ms] [LOG] [PostHog.js] [Web Vitals] enabled, starting... @ http://localhost:3001/_next/static/chunks/036~_posthog-js_dist_module_0gzr43h.js:878
[     169ms] [LOG] [PostHog.js] [ExceptionAutocapture] enabled @ http://localhost:3001/_next/static/chunks/036~_posthog-js_dist_module_0gzr43h.js:878
[     170ms] [LOG] [PostHog.js] [ExceptionAutocapture] enabled @ http://localhost:3001/_next/static/chunks/036~_posthog-js_dist_module_0gzr43h.js:878
[     170ms] [LOG] [PostHog.js] Starting in debug mode {this: qo, config: Object, thisC: Object, p: Object, s: Object} @ http://localhost:3001/_next/static/chunks/036~_posthog-js_dist_module_0gzr43h.js:878
[     172ms] [INFO] %cDownload the React DevTools for a better development experience: https://react.dev/link/react-devtools font-weight:bold @ http://localhost:3001/_next/static/chunks/0twy_next_dist_06yi1o8._.js:2482
[     181ms] [LOG] [PostHog.js] [Dead Clicks] starting... @ http://localhost:3001/_next/static/chunks/0twy_next_dist_06yi1o8._.js:2482
[     181ms] [LOG] [PostHog.js] [RemoteConfig] __preview_remote_config is disabled. Logging config instead {analytics: Object, autocaptureExceptions: true, autocapture_opt_out: false, captureDeadClicks: false, capturePerformance: Object} @ http://localhost:3001/_next/static/chunks/0twy_next_dist_06yi1o8._.js:2482
[     184ms] [LOG] [PostHog.js] send "$pageview" {uuid: 019eeaf2-225a-7516-ae0c-5d576486b982, event: $pageview, properties: Object, timestamp: Sun Jun 21 2026 16:09:57 GMT+0000 (heure moyenne de Greenwich)} @ http://localhost:3001/_next/static/chunks/0twy_next_dist_06yi1o8._.js:2482
[     188ms] [LOG] [HMR] connected @ http://localhost:3001/_next/static/chunks/0twy_next_dist_06yi1o8._.js:2482
[     897ms] [LOG] [PostHog.js] Persistence loaded sessionStorage {$sdk_debug_extensions_init_method: synchronous, $sdk_debug_extensions_init_time_ms: 1, $referrer: $direct, $referring_domain: $direct} @ http://localhost:3001/_next/static/chunks/0twy_next_dist_06yi1o8._.js:2482
[     898ms] [LOG] [PostHog.js] set_config {config: Object, oldConfig: Object, newConfig: Object} @ http://localhost:3001/_next/static/chunks/0twy_next_dist_06yi1o8._.js:2482
[     898ms] [LOG] [PostHog.js] [ExceptionAutocapture] enabled @ http://localhost:3001/_next/static/chunks/0twy_next_dist_06yi1o8._.js:2482
[     898ms] [LOG] [PostHog.js] [Surveys] flags response received, isSurveysEnabled: false @ http://localhost:3001/_next/static/chunks/0twy_next_dist_06yi1o8._.js:2482
[     899ms] [LOG] [PostHog.js] [ExceptionAutocapture] enabled @ http://localhost:3001/_next/static/chunks/0twy_next_dist_06yi1o8._.js:2482
[     900ms] [LOG] [PostHog.js] [Surveys] Surveys loaded successfully @ http://localhost:3001/_next/static/chunks/0twy_next_dist_06yi1o8._.js:2482
[    5192ms] [LOG] [PostHog.js] send "$web_vitals" {uuid: 019eeaf2-35e9-70ea-8cf5-d7b51cb3a854, event: $web_vitals, properties: Object, timestamp: Sun Jun 21 2026 16:10:02 GMT+0000 (heure moyenne de Greenwich)} @ http://localhost:3001/_next/static/chunks/0twy_next_dist_06yi1o8._.js:2482
[   64809ms] [LOG] [Fast Refresh] rebuilding @ http://localhost:3001/_next/static/chunks/0twy_next_dist_06yi1o8._.js:2482
[   64980ms] [LOG] [Fast Refresh] done in 243ms @ http://localhost:3001/_next/static/chunks/0twy_next_dist_06yi1o8._.js:2482
[   77489ms] [LOG] [Fast Refresh] rebuilding @ http://localhost:3001/_next/static/chunks/0twy_next_dist_06yi1o8._.js:2482
[   77572ms] [LOG] [Fast Refresh] done in 95ms @ http://localhost:3001/_next/static/chunks/0twy_next_dist_06yi1o8._.js:2482
[   79623ms] [LOG] [Fast Refresh] rebuilding @ http://localhost:3001/_next/static/chunks/0twy_next_dist_06yi1o8._.js:2482
[   79740ms] [LOG] [Fast Refresh] done in 157ms @ http://localhost:3001/_next/static/chunks/0twy_next_dist_06yi1o8._.js:2482
[   90780ms] [LOG] [Fast Refresh] rebuilding @ http://localhost:3001/_next/static/chunks/0twy_next_dist_06yi1o8._.js:2482
[   91214ms] [LOG] [Fast Refresh] done in 81ms @ http://localhost:3001/_next/static/chunks/0twy_next_dist_06yi1o8._.js:2482
[   91264ms] [ERROR] Failed to load resource: the server responded with a status of 500 (Internal Server Error) @ http://localhost:3001/create?_rsc=X-ptFW5p37huAS9W:0
[   91348ms] [LOG] [Fast Refresh] rebuilding @ http://localhost:3001/_next/static/chunks/0twy_next_dist_06yi1o8._.js:2482
[   91736ms] [LOG] [Fast Refresh] done in 490ms @ http://localhost:3001/_next/static/chunks/0twy_next_dist_06yi1o8._.js:2482
[   91838ms] [LOG] [Fast Refresh] rebuilding @ http://localhost:3001/_next/static/chunks/0twy_next_dist_06yi1o8._.js:2482
[   92107ms] [LOG] [Fast Refresh] done in 371ms @ http://localhost:3001/_next/static/chunks/0twy_next_dist_06yi1o8._.js:2482
[   92118ms] [LOG] [PostHog.js] send "$pageleave" {uuid: 019eeaf3-8977-77ae-a813-66098dc0ce44, event: $pageleave, properties: Object, timestamp: Sun Jun 21 2026 16:11:29 GMT+0000 (heure moyenne de Greenwich)} @ http://localhost:3001/_next/static/chunks/0twy_next_dist_06yi1o8._.js:2482
[   92121ms] [ERROR] Failed to load resource: the server responded with a status of 500 (Internal Server Error) @ http://localhost:3001/create:0
[   92575ms] [INFO] %cDownload the React DevTools for a better development experience: https://react.dev/link/react-devtools font-weight:bold @ http://localhost:3001/_next/static/chunks/0~2w_react-dom_0sbm542._.js:15305
[   92582ms] [LOG] [PostHog.js] set_config {config: Object, oldConfig: Object, newConfig: Object} @ http://localhost:3001/_next/static/chunks/036~_posthog-js_dist_module_0ds7ukn.js:878
[   92582ms] [LOG] [PostHog.js] Persistence loaded localStorage+cookie {distinct_id: 019eea13-5def-7b1c-975b-49305a733d4a, $sesid: Array(3), $initial_person_info: Object, $initialization_time: 2026-06-21T16:09:57.579Z, $configured_session_timeout_ms: 1800000} @ http://localhost:3001/_next/static/chunks/036~_posthog-js_dist_module_0ds7ukn.js:878
[   92583ms] [LOG] [PostHog.js] Persistence loaded sessionStorage {$sdk_debug_extensions_init_method: synchronous, $sdk_debug_extensions_init_time_ms: 1, $referrer: $direct, $referring_domain: $direct} @ http://localhost:3001/_next/static/chunks/036~_posthog-js_dist_module_0ds7ukn.js:878
[   92583ms] [LOG] [PostHog.js] Initializing extensions synchronously @ http://localhost:3001/_next/static/chunks/036~_posthog-js_dist_module_0ds7ukn.js:878
[   92583ms] [LOG] [PostHog.js] History API monitoring enabled, starting... @ http://localhost:3001/_next/static/chunks/036~_posthog-js_dist_module_0ds7ukn.js:878
[   92584ms] [LOG] [PostHog.js] [Heatmaps] starting... @ http://localhost:3001/_next/static/chunks/036~_posthog-js_dist_module_0ds7ukn.js:878
[   92584ms] [LOG] [PostHog.js] [Web Vitals] enabled, starting... @ http://localhost:3001/_next/static/chunks/036~_posthog-js_dist_module_0ds7ukn.js:878
[   92584ms] [LOG] [PostHog.js] [ExceptionAutocapture] enabled @ http://localhost:3001/_next/static/chunks/036~_posthog-js_dist_module_0ds7ukn.js:878
[   92585ms] [LOG] [PostHog.js] [ExceptionAutocapture] enabled @ http://localhost:3001/_next/static/chunks/036~_posthog-js_dist_module_0ds7ukn.js:878
[   92585ms] [LOG] [PostHog.js] Starting in debug mode {this: qo, config: Object, thisC: Object, p: Object, s: Object} @ http://localhost:3001/_next/static/chunks/036~_posthog-js_dist_module_0ds7ukn.js:878
[   92591ms] [LOG] [PostHog.js] [Dead Clicks] starting... @ http://localhost:3001/_next/static/chunks/0twy_next_dist_0w53qog._.js:1385
[   92591ms] [LOG] [PostHog.js] [RemoteConfig] __preview_remote_config is disabled. Logging config instead {analytics: Object, autocaptureExceptions: true, autocapture_opt_out: false, captureDeadClicks: false, capturePerformance: Object} @ http://localhost:3001/_next/static/chunks/0twy_next_dist_0w53qog._.js:1385
[   92597ms] [LOG] [PostHog.js] send "$exception" {uuid: 019eeaf3-8b56-7ef1-8544-6dcd4ba5dca1, event: $exception, properties: Object, timestamp: Sun Jun 21 2026 16:11:30 GMT+0000 (heure moyenne de Greenwich)} @ http://localhost:3001/_next/static/chunks/0twy_next_dist_0w53qog._.js:1385
[   92600ms] ReferenceError: BlockTrackSortableList is not defined
    at Module.eval (file:///Users/macbook/Documents/lUlU/audio-ui/apps/www/.next/dev/server/chunks/ssr/%5Broot-of-the-server%5D__11-yz03._.js?id=%5Bproject%5D%2Fapps%2Fwww%2Fsrc%2Fapp%2F%28home%29%2Fcreate%2Fcomponents%2Fpreview-wall.tsx+%5Bapp-rsc%5D+%28ecmascript%29:81:20)
    at <unknown> (file:///Users/macbook/Documents/lUlU/audio-ui/apps/www/.next/dev/server/chunks/ssr/[turbopack]_runtime.js:1291:27)
    at runWithHooks (file:///Users/macbook/Documents/lUlU/audio-ui/apps/www/.next/dev/server/chunks/ssr/[turbopack]_runtime.js:1554:9)
    at instantiateModuleShared (file:///Users/macbook/Documents/lUlU/audio-ui/apps/www/.next/dev/server/chunks/ssr/[turbopack]_runtime.js:1289:9)
    at instantiateModule (file:///Users/macbook/Documents/lUlU/audio-ui/apps/www/.next/dev/server/chunks/ssr/[turbopack]_runtime.js:1557:23)
    at getOrInstantiateModuleFromParent (file:///Users/macbook/Documents/lUlU/audio-ui/apps/www/.next/dev/server/chunks/ssr/[turbopack]_runtime.js:1593:23)
    at Context.esmImport [as i] (file:///Users/macbook/Documents/lUlU/audio-ui/apps/www/.next/dev/server/chunks/ssr/[turbopack]_runtime.js:281:20)
    at module evaluation (file:///Users/macbook/Documents/lUlU/audio-ui/apps/www/.next/dev/server/chunks/ssr/[root-of-the-server]__11-yz03._.js:643:207)
    at <unknown> (file:///Users/macbook/Documents/lUlU/audio-ui/apps/www/.next/dev/server/chunks/ssr/[turbopack]_runtime.js:1291:27)
    at runWithHooks (file:///Users/macbook/Documents/lUlU/audio-ui/apps/www/.next/dev/server/chunks/ssr/[turbopack]_runtime.js:1554:9)
    at instantiateModuleShared (file:///Users/macbook/Documents/lUlU/audio-ui/apps/www/.next/dev/server/chunks/ssr/[turbopack]_runtime.js:1289:9)
    at instantiateModule (file:///Users/macbook/Documents/lUlU/audio-ui/apps/www/.next/dev/server/chunks/ssr/[turbopack]_runtime.js:1557:23)
    at getOrInstantiateModuleFromParent (file:///Users/macbook/Documents/lUlU/audio-ui/apps/www/.next/dev/server/chunks/ssr/[turbopack]_runtime.js:1593:23)
    at Context.esmImport [as i] (file:///Users/macbook/Documents/lUlU/audio-ui/apps/www/.next/dev/server/chunks/ssr/[turbopack]_runtime.js:281:20)
    at module evaluation (file:///Users/macbook/Documents/lUlU/audio-ui/apps/www/.next/dev/server/chunks/ssr/[root-of-the-server]__11-yz03._.js:710:47)
    at <unknown> (file:///Users/macbook/Documents/lUlU/audio-ui/apps/www/.next/dev/server/chunks/ssr/[turbopack]_runtime.js:1291:27)
    at runWithHooks (file:///Users/macbook/Documents/lUlU/audio-ui/apps/www/.next/dev/server/chunks/ssr/[turbopack]_runtime.js:1554:9)
    at instantiateModuleShared (file:///Users/macbook/Documents/lUlU/audio-ui/apps/www/.next/dev/server/chunks/ssr/[turbopack]_runtime.js:1289:9)
    at instantiateModule (file:///Users/macbook/Documents/lUlU/audio-ui/apps/www/.next/dev/server/chunks/ssr/[turbopack]_runtime.js:1557:23)
    at getOrInstantiateModuleFromParent (file:///Users/macbook/Documents/lUlU/audio-ui/apps/www/.next/dev/server/chunks/ssr/[turbopack]_runtime.js:1593:23)
    at Context.commonJsRequire [as r] (file:///Users/macbook/Documents/lUlU/audio-ui/apps/www/.next/dev/server/chunks/ssr/[turbopack]_runtime.js:302:12)
    at Array.__TURBOPACK__page__$23$11__ (file:///Users/macbook/Documents/lUlU/audio-ui/apps/www/.next/dev/server/chunks/ssr/0twy_next_dist_esm_0bc9e._._.js:217:63)
    at getLayoutOrPageModule (file:///Users/macbook/Documents/lUlU/audio-ui/node_modules/.bun/next@16.2.6+a8e167bbfea182cf/node_modules/next/dist/compiled/next-server/app-page-turbo.runtime.dev.js:65:6366)
    at anySegmentHasRuntimePrefetchEnabled (file:///Users/macbook/Documents/lUlU/audio-ui/node_modules/.bun/next@16.2.6+a8e167bbfea182cf/node_modules/next/dist/compiled/next-server/app-page-turbo.runtime.dev.js:69:16701)
    at anySegmentHasRuntimePrefetchEnabled (file:///Users/macbook/Documents/lUlU/audio-ui/node_modules/.bun/next@16.2.6+a8e167bbfea182cf/node_modules/next/dist/compiled/next-server/app-page-turbo.runtime.dev.js:69:17039)
    at async anySegmentHasRuntimePrefetchEnabled (file:///Users/macbook/Documents/lUlU/audio-ui/node_modules/.bun/next@16.2.6+a8e167bbfea182cf/node_modules/next/dist/compiled/next-server/app-page-turbo.runtime.dev.js:69:17033)
    at async anySegmentHasRuntimePrefetchEnabled (file:///Users/macbook/Documents/lUlU/audio-ui/node_modules/.bun/next@16.2.6+a8e167bbfea182cf/node_modules/next/dist/compiled/next-server/app-page-turbo.runtime.dev.js:69:17033)
    at async generateDynamicRSCPayload (file:///Users/macbook/Documents/lUlU/audio-ui/node_modules/.bun/next@16.2.6+a8e167bbfea182cf/node_modules/next/dist/compiled/next-server/app-page-turbo.runtime.dev.js:69:23031)
    at async generateDynamicFlightRenderResult (file:///Users/macbook/Documents/lUlU/audio-ui/node_modules/.bun/next@16.2.6+a8e167bbfea182cf/node_modules/next/dist/compiled/next-server/app-page-turbo.runtime.dev.js:69:26329)
    at async doRender (file:///Users/macbook/Documents/lUlU/audio-ui/apps/www/.next/dev/server/chunks/ssr/0twy_next_dist_esm_0bc9e._._.js:799:28)
    at async AppPageRouteModule.handleResponse (file:///Users/macbook/Documents/lUlU/audio-ui/node_modules/.bun/next@16.2.6+a8e167bbfea182cf/node_modules/next/dist/compiled/next-server/app-page-turbo.runtime.dev.js:71:66429)
    at async handleResponse (file:///Users/macbook/Documents/lUlU/audio-ui/apps/www/.next/dev/server/chunks/ssr/0twy_next_dist_esm_0bc9e._._.js:1110:32)
    at async Module.handler (file:///Users/macbook/Documents/lUlU/audio-ui/apps/www/.next/dev/server/chunks/ssr/0twy_next_dist_esm_0bc9e._._.js:1516:20)
    at async DevServer.renderToResponseWithComponentsImpl (file:///Users/macbook/Documents/lUlU/audio-ui/node_modules/.bun/next@16.2.6+a8e167bbfea182cf/node_modules/next/dist/server/base-server.js:1462:9)
    at async DevServer.renderPageComponent (file:///Users/macbook/Documents/lUlU/audio-ui/node_modules/.bun/next@16.2.6+a8e167bbfea182cf/node_modules/next/dist/server/base-server.js:1514:24)
    at async DevServer.renderToResponseImpl (file:///Users/macbook/Documents/lUlU/audio-ui/node_modules/.bun/next@16.2.6+a8e167bbfea182cf/node_modules/next/dist/server/base-server.js:1564:32)
    at async DevServer.pipeImpl (file:///Users/macbook/Documents/lUlU/audio-ui/node_modules/.bun/next@16.2.6+a8e167bbfea182cf/node_modules/next/dist/server/base-server.js:1044:25)
    at async NextNodeServer.handleCatchallRenderRequest (file:///Users/macbook/Documents/lUlU/audio-ui/node_modules/.bun/next@16.2.6+a8e167bbfea182cf/node_modules/next/dist/server/next-server.js:338:17)
    at async DevServer.handleRequestImpl (file:///Users/macbook/Documents/lUlU/audio-ui/node_modules/.bun/next@16.2.6+a8e167bbfea182cf/node_modules/next/dist/server/base-server.js:935:17)
    at async (file:///Users/macbook/Documents/lUlU/audio-ui/node_modules/.bun/next@16.2.6+a8e167bbfea182cf/node_modules/next/dist/server/dev/next-dev-server.js:394:20)
    at async Span.traceAsyncFn (file:///Users/macbook/Documents/lUlU/audio-ui/node_modules/.bun/next@16.2.6+a8e167bbfea182cf/node_modules/next/dist/trace/trace.js:164:20)
    at async DevServer.handleRequest (file:///Users/macbook/Documents/lUlU/audio-ui/node_modules/.bun/next@16.2.6+a8e167bbfea182cf/node_modules/next/dist/server/dev/next-dev-server.js:390:24)
    at async invokeRender (file:///Users/macbook/Documents/lUlU/audio-ui/node_modules/.bun/next@16.2.6+a8e167bbfea182cf/node_modules/next/dist/server/lib/router-server.js:266:21)
    at async handleRequest (file:///Users/macbook/Documents/lUlU/audio-ui/node_modules/.bun/next@16.2.6+a8e167bbfea182cf/node_modules/next/dist/server/lib/router-server.js:465:24)
    at async requestHandlerImpl (file:///Users/macbook/Documents/lUlU/audio-ui/node_modules/.bun/next@16.2.6+a8e167bbfea182cf/node_modules/next/dist/server/lib/router-server.js:514:13)
    at async Server.requestListener (file:///Users/macbook/Documents/lUlU/audio-ui/node_modules/.bun/next@16.2.6+a8e167bbfea182cf/node_modules/next/dist/server/lib/start-server.js:225:13)
[   92598ms] [LOG] [PostHog.js] send "$pageview" {uuid: 019eeaf3-8b58-7ff3-80dc-187f5573f99a, event: $pageview, properties: Object, timestamp: Sun Jun 21 2026 16:11:30 GMT+0000 (heure moyenne de Greenwich)} @ http://localhost:3001/_next/static/chunks/0twy_next_dist_0w53qog._.js:1385
[   92600ms] [LOG] [HMR] connected @ http://localhost:3001/_next/static/chunks/0twy_next_dist_0w53qog._.js:1385
[   93183ms] [LOG] [PostHog.js] Persistence loaded sessionStorage {$sdk_debug_extensions_init_method: synchronous, $sdk_debug_extensions_init_time_ms: 1, $referrer: $direct, $referring_domain: $direct} @ http://localhost:3001/_next/static/chunks/0twy_next_dist_0w53qog._.js:1385
[   93184ms] [LOG] [PostHog.js] set_config {config: Object, oldConfig: Object, newConfig: Object} @ http://localhost:3001/_next/static/chunks/0twy_next_dist_0w53qog._.js:1385
[   93184ms] [LOG] [PostHog.js] [ExceptionAutocapture] enabled @ http://localhost:3001/_next/static/chunks/0twy_next_dist_0w53qog._.js:1385
[   93185ms] [LOG] [PostHog.js] [Surveys] flags response received, isSurveysEnabled: false @ http://localhost:3001/_next/static/chunks/0twy_next_dist_0w53qog._.js:1385
[   93185ms] [LOG] [PostHog.js] [ExceptionAutocapture] enabled @ http://localhost:3001/_next/static/chunks/0twy_next_dist_0w53qog._.js:1385
[   93186ms] [LOG] [PostHog.js] [Surveys] Surveys loaded successfully @ http://localhost:3001/_next/static/chunks/0twy_next_dist_0w53qog._.js:1385
[   97797ms] [LOG] [PostHog.js] send "$web_vitals" {uuid: 019eeaf3-9fa5-7cb0-9da9-fc26113fe439, event: $web_vitals, properties: Object, timestamp: Sun Jun 21 2026 16:11:35 GMT+0000 (heure moyenne de Greenwich)} @ http://localhost:3001/_next/static/chunks/0twy_next_dist_0w53qog._.js:1385
[  123151ms] [LOG] [Fast Refresh] rebuilding @ http://localhost:3001/_next/static/chunks/0twy_next_dist_0w53qog._.js:1385
[  123509ms] [LOG] [Fast Refresh] done in 165ms @ http://localhost:3001/_next/static/chunks/0twy_next_dist_0w53qog._.js:1385
[  124253ms] [LOG] [PostHog.js] send "$pageleave" {uuid: 019eeaf4-06fe-7f94-8941-e0fc01326797, event: $pageleave, properties: Object, timestamp: Sun Jun 21 2026 16:12:01 GMT+0000 (heure moyenne de Greenwich)} @ http://localhost:3001/_next/static/chunks/0twy_next_dist_0w53qog._.js:1385
[  124379ms] [LOG] [PostHog.js] set_config {config: Object, oldConfig: Object, newConfig: Object} @ http://localhost:3001/_next/static/chunks/036~_posthog-js_dist_module_0gzr43h.js:878
[  124379ms] [LOG] [PostHog.js] Persistence loaded localStorage+cookie {distinct_id: 019eea13-5def-7b1c-975b-49305a733d4a, $sesid: Array(3), $initial_person_info: Object, $initialization_time: 2026-06-21T16:11:29.994Z, $configured_session_timeout_ms: 1800000} @ http://localhost:3001/_next/static/chunks/036~_posthog-js_dist_module_0gzr43h.js:878
[  124380ms] [LOG] [PostHog.js] Persistence loaded sessionStorage {$sdk_debug_extensions_init_method: synchronous, $sdk_debug_extensions_init_time_ms: 1, $referrer: $direct, $referring_domain: $direct} @ http://localhost:3001/_next/static/chunks/036~_posthog-js_dist_module_0gzr43h.js:878
[  124381ms] [LOG] [PostHog.js] Initializing extensions synchronously @ http://localhost:3001/_next/static/chunks/036~_posthog-js_dist_module_0gzr43h.js:878
[  124381ms] [LOG] [PostHog.js] History API monitoring enabled, starting... @ http://localhost:3001/_next/static/chunks/036~_posthog-js_dist_module_0gzr43h.js:878
[  124381ms] [LOG] [PostHog.js] [Heatmaps] starting... @ http://localhost:3001/_next/static/chunks/036~_posthog-js_dist_module_0gzr43h.js:878
[  124382ms] [LOG] [PostHog.js] [Web Vitals] enabled, starting... @ http://localhost:3001/_next/static/chunks/036~_posthog-js_dist_module_0gzr43h.js:878
[  124382ms] [LOG] [PostHog.js] [ExceptionAutocapture] enabled @ http://localhost:3001/_next/static/chunks/036~_posthog-js_dist_module_0gzr43h.js:878
[  124382ms] [LOG] [PostHog.js] [ExceptionAutocapture] enabled @ http://localhost:3001/_next/static/chunks/036~_posthog-js_dist_module_0gzr43h.js:878
[  124383ms] [LOG] [PostHog.js] Starting in debug mode {this: qo, config: Object, thisC: Object, p: Object, s: Object} @ http://localhost:3001/_next/static/chunks/036~_posthog-js_dist_module_0gzr43h.js:878
[  124404ms] [INFO] %cDownload the React DevTools for a better development experience: https://react.dev/link/react-devtools font-weight:bold @ http://localhost:3001/_next/static/chunks/0twy_next_dist_06yi1o8._.js:2482
[  124443ms] [LOG] [PostHog.js] [Dead Clicks] starting... @ http://localhost:3001/_next/static/chunks/0twy_next_dist_06yi1o8._.js:2482
[  124445ms] [LOG] [PostHog.js] [RemoteConfig] __preview_remote_config is disabled. Logging config instead {analytics: Object, autocaptureExceptions: true, autocapture_opt_out: false, captureDeadClicks: false, capturePerformance: Object} @ http://localhost:3001/_next/static/chunks/0twy_next_dist_06yi1o8._.js:2482
[  124454ms] [LOG] [PostHog.js] send "$pageview" {uuid: 019eeaf4-07c7-7763-81c4-d7fb731fecf5, event: $pageview, properties: Object, timestamp: Sun Jun 21 2026 16:12:01 GMT+0000 (heure moyenne de Greenwich)} @ http://localhost:3001/_next/static/chunks/0twy_next_dist_06yi1o8._.js:2482
[  124458ms] [LOG] [HMR] connected @ http://localhost:3001/_next/static/chunks/0twy_next_dist_06yi1o8._.js:2482
[  124854ms] [LOG] [PostHog.js] Persistence loaded sessionStorage {$sdk_debug_extensions_init_method: synchronous, $sdk_debug_extensions_init_time_ms: 2, $referrer: $direct, $referring_domain: $direct} @ http://localhost:3001/_next/static/chunks/0twy_next_dist_06yi1o8._.js:2482
[  124854ms] [LOG] [PostHog.js] set_config {config: Object, oldConfig: Object, newConfig: Object} @ http://localhost:3001/_next/static/chunks/0twy_next_dist_06yi1o8._.js:2482
[  124854ms] [LOG] [PostHog.js] [ExceptionAutocapture] enabled @ http://localhost:3001/_next/static/chunks/0twy_next_dist_06yi1o8._.js:2482
[  124855ms] [LOG] [PostHog.js] [Surveys] flags response received, isSurveysEnabled: false @ http://localhost:3001/_next/static/chunks/0twy_next_dist_06yi1o8._.js:2482
[  124855ms] [LOG] [PostHog.js] [ExceptionAutocapture] enabled @ http://localhost:3001/_next/static/chunks/0twy_next_dist_06yi1o8._.js:2482
[  124856ms] [LOG] [PostHog.js] [Surveys] Surveys loaded successfully @ http://localhost:3001/_next/static/chunks/0twy_next_dist_06yi1o8._.js:2482
[  129463ms] [LOG] [PostHog.js] send "$web_vitals" {uuid: 019eeaf4-1b57-7377-bb5d-2594933dbbe2, event: $web_vitals, properties: Object, timestamp: Sun Jun 21 2026 16:12:06 GMT+0000 (heure moyenne de Greenwich)} @ http://localhost:3001/_next/static/chunks/0twy_next_dist_06yi1o8._.js:2482
