[     164ms] [LOG] [Fast Refresh] rebuilding @ http://localhost:3001/_next/static/chunks/0twy_next_dist_06yi1o8._.js:2482
[     165ms] [LOG] [Fast Refresh] done in 103ms @ http://localhost:3001/_next/static/chunks/0twy_next_dist_06yi1o8._.js:2482
[     218ms] [LOG] [PostHog.js] send "$pageleave" {uuid: 019eeaca-c848-76c0-ad85-e30af052e940, event: $pageleave, properties: Object, timestamp: Sun Jun 21 2026 15:26:58 GMT+0000 (heure moyenne de Greenwich)} @ http://localhost:3001/_next/static/chunks/0twy_next_dist_06yi1o8._.js:2482
[     425ms] [LOG] [PostHog.js] set_config {config: Object, oldConfig: Object, newConfig: Object} @ http://localhost:3001/_next/static/chunks/036~_posthog-js_dist_module_0gzr43h.js:878
[     426ms] [LOG] [PostHog.js] Persistence loaded localStorage+cookie {distinct_id: 019eea13-5def-7b1c-975b-49305a733d4a, $sesid: Array(3), $initial_person_info: Object, $initialization_time: 2026-06-21T15:23:23.357Z, $configured_session_timeout_ms: 1800000} @ http://localhost:3001/_next/static/chunks/036~_posthog-js_dist_module_0gzr43h.js:878
[     429ms] [LOG] [PostHog.js] Persistence loaded sessionStorage {$sdk_debug_extensions_init_method: synchronous, $sdk_debug_extensions_init_time_ms: 2, $referrer: $direct, $referring_domain: $direct} @ http://localhost:3001/_next/static/chunks/036~_posthog-js_dist_module_0gzr43h.js:878
[     430ms] [LOG] [PostHog.js] Initializing extensions synchronously @ http://localhost:3001/_next/static/chunks/036~_posthog-js_dist_module_0gzr43h.js:878
[     430ms] [LOG] [PostHog.js] History API monitoring enabled, starting... @ http://localhost:3001/_next/static/chunks/036~_posthog-js_dist_module_0gzr43h.js:878
[     431ms] [LOG] [PostHog.js] [Heatmaps] starting... @ http://localhost:3001/_next/static/chunks/036~_posthog-js_dist_module_0gzr43h.js:878
[     432ms] [LOG] [PostHog.js] [Web Vitals] enabled, starting... @ http://localhost:3001/_next/static/chunks/036~_posthog-js_dist_module_0gzr43h.js:878
[     433ms] [LOG] [PostHog.js] [ExceptionAutocapture] enabled @ http://localhost:3001/_next/static/chunks/036~_posthog-js_dist_module_0gzr43h.js:878
[     434ms] [LOG] [PostHog.js] [ExceptionAutocapture] enabled @ http://localhost:3001/_next/static/chunks/036~_posthog-js_dist_module_0gzr43h.js:878
[     434ms] [LOG] [PostHog.js] Starting in debug mode {this: qo, config: Object, thisC: Object, p: Object, s: Object} @ http://localhost:3001/_next/static/chunks/036~_posthog-js_dist_module_0gzr43h.js:878
[     440ms] [LOG] [Client Instrumentation Hook] Slow execution detected: 20ms (Note: Code download overhead is not included in this measurement) @ http://localhost:3001/_next/static/chunks/0twy_next_dist_06yi1o8._.js:1690
[     442ms] [INFO] %cDownload the React DevTools for a better development experience: https://react.dev/link/react-devtools font-weight:bold @ http://localhost:3001/_next/static/chunks/0twy_next_dist_06yi1o8._.js:2482
[     452ms] [LOG] [PostHog.js] [Dead Clicks] starting... @ http://localhost:3001/_next/static/chunks/0twy_next_dist_06yi1o8._.js:2482
[     463ms] [LOG] [PostHog.js] send "$pageview" {uuid: 019eeaca-c93b-7a8b-ad64-10e56d341de4, event: $pageview, properties: Object, timestamp: Sun Jun 21 2026 15:26:58 GMT+0000 (heure moyenne de Greenwich)} @ http://localhost:3001/_next/static/chunks/0twy_next_dist_06yi1o8._.js:2482
[     562ms] [LOG] [HMR] connected @ http://localhost:3001/_next/static/chunks/0twy_next_dist_06yi1o8._.js:2482
[    1104ms] [LOG] [PostHog.js] [RemoteConfig] __preview_remote_config is disabled. Logging config instead {analytics: Object, autocaptureExceptions: true, autocapture_opt_out: false, captureDeadClicks: false, capturePerformance: Object} @ http://localhost:3001/_next/static/chunks/0twy_next_dist_06yi1o8._.js:2482
[    1106ms] [LOG] [PostHog.js] Persistence loaded sessionStorage {$sdk_debug_extensions_init_method: synchronous, $sdk_debug_extensions_init_time_ms: 4, $referrer: $direct, $referring_domain: $direct} @ http://localhost:3001/_next/static/chunks/0twy_next_dist_06yi1o8._.js:2482
[    1106ms] [LOG] [PostHog.js] set_config {config: Object, oldConfig: Object, newConfig: Object} @ http://localhost:3001/_next/static/chunks/0twy_next_dist_06yi1o8._.js:2482
[    1106ms] [LOG] [PostHog.js] [ExceptionAutocapture] enabled @ http://localhost:3001/_next/static/chunks/0twy_next_dist_06yi1o8._.js:2482
[    1106ms] [LOG] [PostHog.js] [Surveys] flags response received, isSurveysEnabled: false @ http://localhost:3001/_next/static/chunks/0twy_next_dist_06yi1o8._.js:2482
[    1107ms] [LOG] [PostHog.js] [ExceptionAutocapture] enabled @ http://localhost:3001/_next/static/chunks/0twy_next_dist_06yi1o8._.js:2482
[    1109ms] [LOG] [PostHog.js] [Surveys] Surveys loaded successfully @ http://localhost:3001/_next/static/chunks/0twy_next_dist_06yi1o8._.js:2482
[    5467ms] [LOG] [PostHog.js] send "$web_vitals" {uuid: 019eeaca-dcc9-7052-bd49-bcfcd9a4eca7, event: $web_vitals, properties: Object, timestamp: Sun Jun 21 2026 15:27:03 GMT+0000 (heure moyenne de Greenwich)} @ http://localhost:3001/_next/static/chunks/0twy_next_dist_06yi1o8._.js:2482
[   40435ms] [LOG] [PostHog.js] send "$$heatmap" {uuid: 019eeacb-6560-7521-851c-d5d41f822329, event: $$heatmap, properties: Object, timestamp: Sun Jun 21 2026 15:27:38 GMT+0000 (heure moyenne de Greenwich)} @ http://localhost:3001/_next/static/chunks/0twy_next_dist_06yi1o8._.js:2482
[  105045ms] [LOG] [Fast Refresh] rebuilding @ http://localhost:3001/_next/static/chunks/0twy_next_dist_06yi1o8._.js:2482
[  105183ms] [LOG] [Fast Refresh] done in 189ms @ http://localhost:3001/_next/static/chunks/0twy_next_dist_06yi1o8._.js:2482
[  320632ms] [LOG] [Fast Refresh] rebuilding @ http://localhost:3001/_next/static/chunks/0twy_next_dist_06yi1o8._.js:2482
[  320689ms] [LOG] [Fast Refresh] done in 78ms @ http://localhost:3001/_next/static/chunks/0twy_next_dist_06yi1o8._.js:2482
[  328627ms] [LOG] [Fast Refresh] rebuilding @ http://localhost:3001/_next/static/chunks/0twy_next_dist_06yi1o8._.js:2482
[  328702ms] [LOG] [Fast Refresh] done in 82ms @ http://localhost:3001/_next/static/chunks/0twy_next_dist_06yi1o8._.js:2482
[  331463ms] [LOG] [Fast Refresh] rebuilding @ http://localhost:3001/_next/static/chunks/0twy_next_dist_06yi1o8._.js:2482
[  331532ms] [LOG] [Fast Refresh] done in 68ms @ http://localhost:3001/_next/static/chunks/0twy_next_dist_06yi1o8._.js:2482
[  354818ms] [LOG] [Fast Refresh] rebuilding @ http://localhost:3001/_next/static/chunks/0twy_next_dist_06yi1o8._.js:2482
[  354856ms] [LOG] [Fast Refresh] done in 65ms @ http://localhost:3001/_next/static/chunks/0twy_next_dist_06yi1o8._.js:2482
[  367882ms] [LOG] [Fast Refresh] rebuilding @ http://localhost:3001/_next/static/chunks/0twy_next_dist_06yi1o8._.js:2482
[  367950ms] [LOG] [Fast Refresh] done in 74ms @ http://localhost:3001/_next/static/chunks/0twy_next_dist_06yi1o8._.js:2482
[  398088ms] [LOG] [Fast Refresh] rebuilding @ http://localhost:3001/_next/static/chunks/0twy_next_dist_06yi1o8._.js:2482
[  398187ms] [LOG] [Fast Refresh] done in 158ms @ http://localhost:3001/_next/static/chunks/0twy_next_dist_06yi1o8._.js:2482
[  406248ms] [LOG] [Fast Refresh] rebuilding @ http://localhost:3001/_next/static/chunks/0twy_next_dist_06yi1o8._.js:2482
[  406297ms] [LOG] [Fast Refresh] done in 72ms @ http://localhost:3001/_next/static/chunks/0twy_next_dist_06yi1o8._.js:2482
[  412298ms] [LOG] [Fast Refresh] rebuilding @ http://localhost:3001/_next/static/chunks/0twy_next_dist_06yi1o8._.js:2482
[  412386ms] [LOG] [Fast Refresh] done in 65ms @ http://localhost:3001/_next/static/chunks/0twy_next_dist_06yi1o8._.js:2482
[  434103ms] [LOG] [Fast Refresh] rebuilding @ http://localhost:3001/_next/static/chunks/0twy_next_dist_06yi1o8._.js:2482
[  434192ms] [LOG] [Fast Refresh] done in 181ms @ http://localhost:3001/_next/static/chunks/0twy_next_dist_06yi1o8._.js:2482
[  473552ms] [LOG] [Fast Refresh] rebuilding @ http://localhost:3001/_next/static/chunks/0twy_next_dist_06yi1o8._.js:2482
[  473619ms] [LOG] [Fast Refresh] done in 75ms @ http://localhost:3001/_next/static/chunks/0twy_next_dist_06yi1o8._.js:2482
[  479450ms] [LOG] [Fast Refresh] rebuilding @ http://localhost:3001/_next/static/chunks/0twy_next_dist_06yi1o8._.js:2482
[  479527ms] [LOG] [Fast Refresh] done in 63ms @ http://localhost:3001/_next/static/chunks/0twy_next_dist_06yi1o8._.js:2482
[  495155ms] [LOG] [Fast Refresh] rebuilding @ http://localhost:3001/_next/static/chunks/0twy_next_dist_06yi1o8._.js:2482
[  495248ms] [LOG] [Fast Refresh] done in 129ms @ http://localhost:3001/_next/static/chunks/0twy_next_dist_06yi1o8._.js:2482
[  525886ms] [LOG] [Fast Refresh] rebuilding @ http://localhost:3001/_next/static/chunks/0twy_next_dist_06yi1o8._.js:2482
[  525926ms] [LOG] [Fast Refresh] done in 66ms @ http://localhost:3001/_next/static/chunks/0twy_next_dist_06yi1o8._.js:2482
[  529060ms] [LOG] [Fast Refresh] rebuilding @ http://localhost:3001/_next/static/chunks/0twy_next_dist_06yi1o8._.js:2482
[  529134ms] [LOG] [Fast Refresh] done in 69ms @ http://localhost:3001/_next/static/chunks/0twy_next_dist_06yi1o8._.js:2482
[  538388ms] [LOG] [Fast Refresh] rebuilding @ http://localhost:3001/_next/static/chunks/0twy_next_dist_06yi1o8._.js:2482
[  538454ms] [LOG] [Fast Refresh] done in 63ms @ http://localhost:3001/_next/static/chunks/0twy_next_dist_06yi1o8._.js:2482
[  808611ms] [LOG] [Fast Refresh] rebuilding @ http://localhost:3001/_next/static/chunks/0twy_next_dist_06yi1o8._.js:2482
[  808758ms] [LOG] [Fast Refresh] done in 200ms @ http://localhost:3001/_next/static/chunks/0twy_next_dist_06yi1o8._.js:2482
[  827253ms] [LOG] [Fast Refresh] rebuilding @ http://localhost:3001/_next/static/chunks/0twy_next_dist_06yi1o8._.js:2482
[  827494ms] [WARNING] [HMR] Invalid message: {"isTrusted":true}
TypeError: Cannot convert undefined or null to object
    at Object.keys (<anonymous>)
    at extractModulesFromTurbopackMessage (http://localhost:3001/_next/static/chunks/0twy_next_dist_client_0dkoe0x._.js:13653:39)
    at TurbopackHmr.onTurbopackMessage (http://localhost:3001/_next/static/chunks/0twy_next_dist_client_0dkoe0x._.js:13600:32)
    at processMessage (http://localhost:3001/_next/static/chunks/0twy_next_dist_client_0dkoe0x._.js:13951:30)
    at WebSocket.handleMessage (http://localhost:3001/_next/static/chunks/0twy_next_dist_client_0dkoe0x._.js:13357:52) @ http://localhost:3001/_next/static/chunks/0twy_next_dist_06yi1o8._.js:2482
[  827495ms] [LOG] [Fast Refresh] done in 343ms @ http://localhost:3001/_next/static/chunks/0twy_next_dist_06yi1o8._.js:2482
[  828291ms] [LOG] [Fast Refresh] rebuilding @ http://localhost:3001/_next/static/chunks/0twy_next_dist_06yi1o8._.js:2482
[  828538ms] [LOG] [Fast Refresh] done in 348ms @ http://localhost:3001/_next/static/chunks/0twy_next_dist_06yi1o8._.js:2482
[  828904ms] [LOG] [PostHog.js] send "$exception" {uuid: 019eead7-6d55-784f-b936-c9b5dfcfe84a, event: $exception, properties: Object, timestamp: Sun Jun 21 2026 15:40:47 GMT+0000 (heure moyenne de Greenwich)} @ http://localhost:3001/_next/static/chunks/0twy_next_dist_06yi1o8._.js:2482
[  829047ms] ReferenceError: DemoGrid is not defined
    at CreatePage (about://React/Server/file:///Users/macbook/Documents/lUlU/audio-ui/apps/www/.next/dev/server/chunks/ssr/%5Broot-of-the-server%5D__0wj16_w._.js?85:174:364)
    at resolveErrorDev (http://localhost:3001/_next/static/chunks/0twy_next_dist_compiled_react-server-dom-turbopack_03h-vd0._.js:1919:105)
    at processFullStringRow (http://localhost:3001/_next/static/chunks/0twy_next_dist_compiled_react-server-dom-turbopack_03h-vd0._.js:2434:29)
    at processFullBinaryRow (http://localhost:3001/_next/static/chunks/0twy_next_dist_compiled_react-server-dom-turbopack_03h-vd0._.js:2393:9)
    at processBinaryChunk (http://localhost:3001/_next/static/chunks/0twy_next_dist_compiled_react-server-dom-turbopack_03h-vd0._.js:2502:221)
    at progress (http://localhost:3001/_next/static/chunks/0twy_next_dist_compiled_react-server-dom-turbopack_03h-vd0._.js:2689:13)
[  828913ms] [LOG] [PostHog.js] send "$exception" {uuid: 019eead7-6d5f-75d3-8170-6a8f1bb4464e, event: $exception, properties: Object, timestamp: Sun Jun 21 2026 15:40:47 GMT+0000 (heure moyenne de Greenwich)} @ http://localhost:3001/_next/static/chunks/0twy_next_dist_06yi1o8._.js:2482
[  828915ms] [LOG] [PostHog.js] send "$exception" {uuid: 019eead7-6d61-777a-bdfe-127f24ec5833, event: $exception, properties: Object, timestamp: Sun Jun 21 2026 15:40:47 GMT+0000 (heure moyenne de Greenwich)} @ http://localhost:3001/_next/static/chunks/0twy_next_dist_06yi1o8._.js:2482
[  829080ms] [LOG] [Fast Refresh] rebuilding @ http://localhost:3001/_next/static/chunks/0twy_next_dist_06yi1o8._.js:2482
[  829116ms] [LOG] [Fast Refresh] done in 137ms @ http://localhost:3001/_next/static/chunks/0twy_next_dist_06yi1o8._.js:2482
[  829384ms] [LOG] [Fast Refresh] rebuilding @ http://localhost:3001/_next/static/chunks/0twy_next_dist_06yi1o8._.js:2482
[  829421ms] [LOG] [Fast Refresh] done in 137ms @ http://localhost:3001/_next/static/chunks/0twy_next_dist_06yi1o8._.js:2482
[  830745ms] [LOG] [Fast Refresh] rebuilding @ http://localhost:3001/_next/static/chunks/0twy_next_dist_06yi1o8._.js:2482
[  830841ms] [LOG] [Fast Refresh] done in 151ms @ http://localhost:3001/_next/static/chunks/0twy_next_dist_06yi1o8._.js:2482
[  830889ms] [LOG] [PostHog.js] send "$pageleave" {uuid: 019eead7-7517-7c31-96b8-166b5278c9b6, event: $pageleave, properties: Object, timestamp: Sun Jun 21 2026 15:40:49 GMT+0000 (heure moyenne de Greenwich)} @ http://localhost:3001/_next/static/chunks/0twy_next_dist_06yi1o8._.js:2482
[  830898ms] [ERROR] Failed to load resource: the server responded with a status of 500 (Internal Server Error) @ http://localhost:3001/create:0
[  831108ms] [LOG] [PostHog.js] set_config {config: Object, oldConfig: Object, newConfig: Object} @ http://localhost:3001/_next/static/chunks/036~_posthog-js_dist_module_0gzr43h.js:878
[  831109ms] [LOG] [PostHog.js] Persistence loaded localStorage+cookie {distinct_id: 019eea13-5def-7b1c-975b-49305a733d4a, $sesid: Array(3), $initial_person_info: Object, $initialization_time: 2026-06-21T15:26:58.844Z, $configured_session_timeout_ms: 1800000} @ http://localhost:3001/_next/static/chunks/036~_posthog-js_dist_module_0gzr43h.js:878
[  831110ms] [LOG] [PostHog.js] Persistence loaded sessionStorage {$sdk_debug_extensions_init_method: synchronous, $sdk_debug_extensions_init_time_ms: 4, $referrer: $direct, $referring_domain: $direct} @ http://localhost:3001/_next/static/chunks/036~_posthog-js_dist_module_0gzr43h.js:878
[  831110ms] [LOG] [PostHog.js] Initializing extensions synchronously @ http://localhost:3001/_next/static/chunks/036~_posthog-js_dist_module_0gzr43h.js:878
[  831110ms] [LOG] [PostHog.js] History API monitoring enabled, starting... @ http://localhost:3001/_next/static/chunks/036~_posthog-js_dist_module_0gzr43h.js:878
[  831110ms] [LOG] [PostHog.js] [Heatmaps] starting... @ http://localhost:3001/_next/static/chunks/036~_posthog-js_dist_module_0gzr43h.js:878
[  831112ms] [LOG] [PostHog.js] [Web Vitals] enabled, starting... @ http://localhost:3001/_next/static/chunks/036~_posthog-js_dist_module_0gzr43h.js:878
[  831113ms] [LOG] [PostHog.js] [ExceptionAutocapture] enabled @ http://localhost:3001/_next/static/chunks/036~_posthog-js_dist_module_0gzr43h.js:878
[  831113ms] [LOG] [PostHog.js] [ExceptionAutocapture] enabled @ http://localhost:3001/_next/static/chunks/036~_posthog-js_dist_module_0gzr43h.js:878
[  831113ms] [LOG] [PostHog.js] Starting in debug mode {this: qo, config: Object, thisC: Object, p: Object, s: Object} @ http://localhost:3001/_next/static/chunks/036~_posthog-js_dist_module_0gzr43h.js:878
[  831117ms] [INFO] %cDownload the React DevTools for a better development experience: https://react.dev/link/react-devtools font-weight:bold @ http://localhost:3001/_next/static/chunks/0twy_next_dist_06yi1o8._.js:2482
[  831126ms] [LOG] [PostHog.js] [Dead Clicks] starting... @ http://localhost:3001/_next/static/chunks/0twy_next_dist_06yi1o8._.js:2482
[  831130ms] [LOG] [PostHog.js] send "$pageview" {uuid: 019eead7-7607-7c14-8012-c4b01e2cb0a6, event: $pageview, properties: Object, timestamp: Sun Jun 21 2026 15:40:49 GMT+0000 (heure moyenne de Greenwich)} @ http://localhost:3001/_next/static/chunks/0twy_next_dist_06yi1o8._.js:2482
[  831133ms] [LOG] [HMR] connected @ http://localhost:3001/_next/static/chunks/0twy_next_dist_06yi1o8._.js:2482
[  831276ms] [ERROR] Encountered a script tag while rendering React component. Scripts inside React components are never executed when rendering on the client. Consider using template tag instead (https://developer.mozilla.org/en-US/docs/Web/HTML/Element/template). @ http://localhost:3001/_next/static/chunks/0twy_next_dist_06yi1o8._.js:3323
[  831333ms] [LOG] [PostHog.js] send "$exception" {uuid: 019eead7-76d3-7e7e-8130-9e401b62174e, event: $exception, properties: Object, timestamp: Sun Jun 21 2026 15:40:49 GMT+0000 (heure moyenne de Greenwich)} @ http://localhost:3001/_next/static/chunks/0twy_next_dist_06yi1o8._.js:2482
[  831381ms] ReferenceError: DemoGrid is not defined
    at CreatePage (about://React/Server/file:///Users/macbook/Documents/lUlU/audio-ui/apps/www/.next/dev/server/chunks/ssr/%255Broot-of-the-server%255D__0wj16_w._.js?id=%255Bproject%255D%252Fapps%252Fwww%252Fsrc%252Fapp%252F%2528home%2529%252Fcreate%252Fpage.tsx+%255Bapp-rsc%255D+%2528ecmascript%2529?0:40:364)
    at resolveErrorDev (http://localhost:3001/_next/static/chunks/0twy_next_dist_compiled_react-server-dom-turbopack_03h-vd0._.js:1919:105)
    at processFullStringRow (http://localhost:3001/_next/static/chunks/0twy_next_dist_compiled_react-server-dom-turbopack_03h-vd0._.js:2434:29)
    at processFullBinaryRow (http://localhost:3001/_next/static/chunks/0twy_next_dist_compiled_react-server-dom-turbopack_03h-vd0._.js:2393:9)
    at processBinaryChunk (http://localhost:3001/_next/static/chunks/0twy_next_dist_compiled_react-server-dom-turbopack_03h-vd0._.js:2502:221)
    at progress (http://localhost:3001/_next/static/chunks/0twy_next_dist_compiled_react-server-dom-turbopack_03h-vd0._.js:2689:13)
[  831336ms] [LOG] [PostHog.js] send "$exception" {uuid: 019eead7-76d6-7585-b27c-d6189cfc0171, event: $exception, properties: Object, timestamp: Sun Jun 21 2026 15:40:49 GMT+0000 (heure moyenne de Greenwich)} @ http://localhost:3001/_next/static/chunks/0twy_next_dist_06yi1o8._.js:2482
[  831637ms] [LOG] [PostHog.js] Persistence loaded sessionStorage {$sdk_debug_extensions_init_method: synchronous, $sdk_debug_extensions_init_time_ms: 3, $referrer: $direct, $referring_domain: $direct} @ http://localhost:3001/_next/static/chunks/0twy_next_dist_06yi1o8._.js:2482
[  831637ms] [LOG] [PostHog.js] set_config {config: Object, oldConfig: Object, newConfig: Object} @ http://localhost:3001/_next/static/chunks/0twy_next_dist_06yi1o8._.js:2482
[  831637ms] [LOG] [PostHog.js] [ExceptionAutocapture] enabled @ http://localhost:3001/_next/static/chunks/0twy_next_dist_06yi1o8._.js:2482
[  831637ms] [LOG] [PostHog.js] [Surveys] flags response received, isSurveysEnabled: false @ http://localhost:3001/_next/static/chunks/0twy_next_dist_06yi1o8._.js:2482
[  831638ms] [LOG] [PostHog.js] [ExceptionAutocapture] enabled @ http://localhost:3001/_next/static/chunks/0twy_next_dist_06yi1o8._.js:2482
[  831639ms] [LOG] [PostHog.js] [Surveys] Surveys loaded successfully @ http://localhost:3001/_next/static/chunks/0twy_next_dist_06yi1o8._.js:2482
[  831738ms] [LOG] [PostHog.js] [RemoteConfig] __preview_remote_config is disabled. Logging config instead {analytics: Object, autocaptureExceptions: true, autocapture_opt_out: false, captureDeadClicks: false, capturePerformance: Object} @ http://localhost:3001/_next/static/chunks/0twy_next_dist_06yi1o8._.js:2482
[  831746ms] [ERROR] Failed to load resource: the server responded with a status of 404 (Not Found) @ http://localhost:3001/favicon.ico:0
[  836393ms] [LOG] [PostHog.js] send "$web_vitals" {uuid: 019eead7-8a97-7739-95ad-2ed264030c73, event: $web_vitals, properties: Object, timestamp: Sun Jun 21 2026 15:40:54 GMT+0000 (heure moyenne de Greenwich)} @ http://localhost:3001/_next/static/chunks/0twy_next_dist_06yi1o8._.js:2482
[  865910ms] [LOG] [Fast Refresh] rebuilding @ http://localhost:3001/_next/static/chunks/0twy_next_dist_06yi1o8._.js:2482
[  866911ms] [LOG] [Fast Refresh] done in 727ms @ http://localhost:3001/_next/static/chunks/0twy_next_dist_06yi1o8._.js:2482
[  867352ms] [LOG] [PostHog.js] send "$pageleave" {uuid: 019eead8-0385-7171-a5e9-b1acd32aa628, event: $pageleave, properties: Object, timestamp: Sun Jun 21 2026 15:41:25 GMT+0000 (heure moyenne de Greenwich)} @ http://localhost:3001/_next/static/chunks/0twy_next_dist_06yi1o8._.js:2482
[  867809ms] [LOG] [PostHog.js] set_config {config: Object, oldConfig: Object, newConfig: Object} @ http://localhost:3001/_next/static/chunks/036~_posthog-js_dist_module_0gzr43h.js:878
[  867809ms] [LOG] [PostHog.js] Persistence loaded localStorage+cookie {distinct_id: 019eea13-5def-7b1c-975b-49305a733d4a, $sesid: Array(3), $initial_person_info: Object, $initialization_time: 2026-06-21T15:40:49.524Z, $configured_session_timeout_ms: 1800000} @ http://localhost:3001/_next/static/chunks/036~_posthog-js_dist_module_0gzr43h.js:878
[  867810ms] [LOG] [PostHog.js] Persistence loaded sessionStorage {$sdk_debug_extensions_init_method: synchronous, $sdk_debug_extensions_init_time_ms: 3, $referrer: $direct, $referring_domain: $direct} @ http://localhost:3001/_next/static/chunks/036~_posthog-js_dist_module_0gzr43h.js:878
[  867810ms] [LOG] [PostHog.js] Initializing extensions synchronously @ http://localhost:3001/_next/static/chunks/036~_posthog-js_dist_module_0gzr43h.js:878
[  867810ms] [LOG] [PostHog.js] History API monitoring enabled, starting... @ http://localhost:3001/_next/static/chunks/036~_posthog-js_dist_module_0gzr43h.js:878
[  867811ms] [LOG] [PostHog.js] [Heatmaps] starting... @ http://localhost:3001/_next/static/chunks/036~_posthog-js_dist_module_0gzr43h.js:878
[  867811ms] [LOG] [PostHog.js] [Web Vitals] enabled, starting... @ http://localhost:3001/_next/static/chunks/036~_posthog-js_dist_module_0gzr43h.js:878
[  867812ms] [LOG] [PostHog.js] [ExceptionAutocapture] enabled @ http://localhost:3001/_next/static/chunks/036~_posthog-js_dist_module_0gzr43h.js:878
[  867812ms] [LOG] [PostHog.js] [ExceptionAutocapture] enabled @ http://localhost:3001/_next/static/chunks/036~_posthog-js_dist_module_0gzr43h.js:878
[  867812ms] [LOG] [PostHog.js] Starting in debug mode {this: qo, config: Object, thisC: Object, p: Object, s: Object} @ http://localhost:3001/_next/static/chunks/036~_posthog-js_dist_module_0gzr43h.js:878
[  867816ms] [INFO] %cDownload the React DevTools for a better development experience: https://react.dev/link/react-devtools font-weight:bold @ http://localhost:3001/_next/static/chunks/0twy_next_dist_06yi1o8._.js:2482
[  867827ms] [LOG] [PostHog.js] [Dead Clicks] starting... @ http://localhost:3001/_next/static/chunks/0twy_next_dist_06yi1o8._.js:2482
[  867827ms] [LOG] [PostHog.js] [RemoteConfig] __preview_remote_config is disabled. Logging config instead {analytics: Object, autocaptureExceptions: true, autocapture_opt_out: false, captureDeadClicks: false, capturePerformance: Object} @ http://localhost:3001/_next/static/chunks/0twy_next_dist_06yi1o8._.js:2482
[  867831ms] [LOG] [PostHog.js] send "$pageview" {uuid: 019eead8-0564-7b4c-a698-f582ac5c0d4c, event: $pageview, properties: Object, timestamp: Sun Jun 21 2026 15:41:26 GMT+0000 (heure moyenne de Greenwich)} @ http://localhost:3001/_next/static/chunks/0twy_next_dist_06yi1o8._.js:2482
[  867852ms] [LOG] [HMR] connected @ http://localhost:3001/_next/static/chunks/0twy_next_dist_06yi1o8._.js:2482
[  868650ms] [LOG] [PostHog.js] Persistence loaded sessionStorage {$sdk_debug_extensions_init_method: synchronous, $sdk_debug_extensions_init_time_ms: 2, $referrer: $direct, $referring_domain: $direct} @ http://localhost:3001/_next/static/chunks/0twy_next_dist_06yi1o8._.js:2482
[  868651ms] [LOG] [PostHog.js] set_config {config: Object, oldConfig: Object, newConfig: Object} @ http://localhost:3001/_next/static/chunks/0twy_next_dist_06yi1o8._.js:2482
[  868651ms] [LOG] [PostHog.js] [ExceptionAutocapture] enabled @ http://localhost:3001/_next/static/chunks/0twy_next_dist_06yi1o8._.js:2482
[  868651ms] [LOG] [PostHog.js] [Surveys] flags response received, isSurveysEnabled: false @ http://localhost:3001/_next/static/chunks/0twy_next_dist_06yi1o8._.js:2482
[  868651ms] [LOG] [PostHog.js] [ExceptionAutocapture] enabled @ http://localhost:3001/_next/static/chunks/0twy_next_dist_06yi1o8._.js:2482
[  868652ms] [LOG] [PostHog.js] [Surveys] Surveys loaded successfully @ http://localhost:3001/_next/static/chunks/0twy_next_dist_06yi1o8._.js:2482
[  868747ms] [LOG] [Fast Refresh] rebuilding @ http://localhost:3001/_next/static/chunks/0twy_next_dist_06yi1o8._.js:2482
[  868820ms] [LOG] [Fast Refresh] done in 173ms @ http://localhost:3001/_next/static/chunks/0twy_next_dist_06yi1o8._.js:2482
[  872835ms] [LOG] [PostHog.js] send "$web_vitals" {uuid: 019eead8-18f0-7d22-8f0a-14da6c9fe1cf, event: $web_vitals, properties: Object, timestamp: Sun Jun 21 2026 15:41:31 GMT+0000 (heure moyenne de Greenwich)} @ http://localhost:3001/_next/static/chunks/0twy_next_dist_06yi1o8._.js:2482
