[      88ms] [LOG] [PostHog.js] send "$pageleave" {uuid: 019eeb34-34d7-7f93-837a-0eb682eb1d3b, event: $pageleave, properties: Object, timestamp: Sun Jun 21 2026 17:22:07 GMT+0000 (heure moyenne de Greenwich)} @ http://localhost:3001/_next/static/chunks/0twy_next_dist_06yi1o8._.js:2482
[     213ms] [LOG] [PostHog.js] set_config {config: Object, oldConfig: Object, newConfig: Object} @ http://localhost:3001/_next/static/chunks/036~_posthog-js_dist_module_0gzr43h.js:878
[     214ms] [LOG] [PostHog.js] Persistence loaded localStorage+cookie {distinct_id: 019eea13-5def-7b1c-975b-49305a733d4a, $sesid: Array(3), $initial_person_info: Object, $initialization_time: 2026-06-21T17:19:53.404Z, $configured_session_timeout_ms: 1800000} @ http://localhost:3001/_next/static/chunks/036~_posthog-js_dist_module_0gzr43h.js:878
[     217ms] [LOG] [PostHog.js] Persistence loaded sessionStorage {$sdk_debug_extensions_init_method: synchronous, $sdk_debug_extensions_init_time_ms: 1, $referrer: $direct, $referring_domain: $direct} @ http://localhost:3001/_next/static/chunks/036~_posthog-js_dist_module_0gzr43h.js:878
[     217ms] [LOG] [PostHog.js] Initializing extensions synchronously @ http://localhost:3001/_next/static/chunks/036~_posthog-js_dist_module_0gzr43h.js:878
[     217ms] [LOG] [PostHog.js] History API monitoring enabled, starting... @ http://localhost:3001/_next/static/chunks/036~_posthog-js_dist_module_0gzr43h.js:878
[     217ms] [LOG] [PostHog.js] [Heatmaps] starting... @ http://localhost:3001/_next/static/chunks/036~_posthog-js_dist_module_0gzr43h.js:878
[     218ms] [LOG] [PostHog.js] [Web Vitals] enabled, starting... @ http://localhost:3001/_next/static/chunks/036~_posthog-js_dist_module_0gzr43h.js:878
[     218ms] [LOG] [PostHog.js] [ExceptionAutocapture] enabled @ http://localhost:3001/_next/static/chunks/036~_posthog-js_dist_module_0gzr43h.js:878
[     218ms] [LOG] [PostHog.js] [ExceptionAutocapture] enabled @ http://localhost:3001/_next/static/chunks/036~_posthog-js_dist_module_0gzr43h.js:878
[     218ms] [LOG] [PostHog.js] Starting in debug mode {this: qo, config: Object, thisC: Object, p: Object, s: Object} @ http://localhost:3001/_next/static/chunks/036~_posthog-js_dist_module_0gzr43h.js:878
[     221ms] [INFO] %cDownload the React DevTools for a better development experience: https://react.dev/link/react-devtools font-weight:bold @ http://localhost:3001/_next/static/chunks/0twy_next_dist_06yi1o8._.js:2482
[     231ms] [LOG] [PostHog.js] [Dead Clicks] starting... @ http://localhost:3001/_next/static/chunks/0twy_next_dist_06yi1o8._.js:2482
[     231ms] [LOG] [PostHog.js] [RemoteConfig] __preview_remote_config is disabled. Logging config instead {analytics: Object, autocaptureExceptions: true, autocapture_opt_out: false, captureDeadClicks: false, capturePerformance: Object} @ http://localhost:3001/_next/static/chunks/0twy_next_dist_06yi1o8._.js:2482
[     236ms] [LOG] [PostHog.js] send "$pageview" {uuid: 019eeb34-356c-76b6-a3a8-db98da1183f4, event: $pageview, properties: Object, timestamp: Sun Jun 21 2026 17:22:07 GMT+0000 (heure moyenne de Greenwich)} @ http://localhost:3001/_next/static/chunks/0twy_next_dist_06yi1o8._.js:2482
[     241ms] [LOG] [HMR] connected @ http://localhost:3001/_next/static/chunks/0twy_next_dist_06yi1o8._.js:2482
[     663ms] [LOG] [PostHog.js] Persistence loaded sessionStorage {$sdk_debug_extensions_init_method: synchronous, $sdk_debug_extensions_init_time_ms: 1, $referrer: $direct, $referring_domain: $direct} @ http://localhost:3001/_next/static/chunks/0twy_next_dist_06yi1o8._.js:2482
[     664ms] [LOG] [PostHog.js] set_config {config: Object, oldConfig: Object, newConfig: Object} @ http://localhost:3001/_next/static/chunks/0twy_next_dist_06yi1o8._.js:2482
[     664ms] [LOG] [PostHog.js] [ExceptionAutocapture] enabled @ http://localhost:3001/_next/static/chunks/0twy_next_dist_06yi1o8._.js:2482
[     664ms] [LOG] [PostHog.js] [Surveys] flags response received, isSurveysEnabled: false @ http://localhost:3001/_next/static/chunks/0twy_next_dist_06yi1o8._.js:2482
[     664ms] [LOG] [PostHog.js] [ExceptionAutocapture] enabled @ http://localhost:3001/_next/static/chunks/0twy_next_dist_06yi1o8._.js:2482
[     666ms] [LOG] [PostHog.js] [Surveys] Surveys loaded successfully @ http://localhost:3001/_next/static/chunks/0twy_next_dist_06yi1o8._.js:2482
[    5241ms] [LOG] [PostHog.js] send "$web_vitals" {uuid: 019eeb34-48f8-7a19-bfac-72fb895ed3e0, event: $web_vitals, properties: Object, timestamp: Sun Jun 21 2026 17:22:12 GMT+0000 (heure moyenne de Greenwich)} @ http://localhost:3001/_next/static/chunks/0twy_next_dist_06yi1o8._.js:2482
[    9107ms] [LOG] [Fast Refresh] rebuilding @ http://localhost:3001/_next/static/chunks/0twy_next_dist_06yi1o8._.js:2482
[    9183ms] [LOG] [Fast Refresh] done in 70ms @ http://localhost:3001/_next/static/chunks/0twy_next_dist_06yi1o8._.js:2482
