[      80ms] [LOG] [PostHog.js] send "$pageleave" {uuid: 019eeb35-2e9f-7edb-992c-bdc4f634bd6f, event: $pageleave, properties: Object, timestamp: Sun Jun 21 2026 17:23:11 GMT+0000 (heure moyenne de Greenwich)} @ http://localhost:3001/_next/static/chunks/0twy_next_dist_06yi1o8._.js:2482
[     174ms] [LOG] [PostHog.js] set_config {config: Object, oldConfig: Object, newConfig: Object} @ http://localhost:3001/_next/static/chunks/036~_posthog-js_dist_module_0gzr43h.js:878
[     174ms] [LOG] [PostHog.js] Persistence loaded localStorage+cookie {distinct_id: 019eea13-5def-7b1c-975b-49305a733d4a, $sesid: Array(3), $initial_person_info: Object, $initialization_time: 2026-06-21T17:22:07.833Z, $configured_session_timeout_ms: 1800000} @ http://localhost:3001/_next/static/chunks/036~_posthog-js_dist_module_0gzr43h.js:878
[     175ms] [LOG] [PostHog.js] Persistence loaded sessionStorage {$sdk_debug_extensions_init_method: synchronous, $sdk_debug_extensions_init_time_ms: 1, $referrer: $direct, $referring_domain: $direct} @ http://localhost:3001/_next/static/chunks/036~_posthog-js_dist_module_0gzr43h.js:878
[     175ms] [LOG] [PostHog.js] Initializing extensions synchronously @ http://localhost:3001/_next/static/chunks/036~_posthog-js_dist_module_0gzr43h.js:878
[     175ms] [LOG] [PostHog.js] History API monitoring enabled, starting... @ http://localhost:3001/_next/static/chunks/036~_posthog-js_dist_module_0gzr43h.js:878
[     176ms] [LOG] [PostHog.js] [Heatmaps] starting... @ http://localhost:3001/_next/static/chunks/036~_posthog-js_dist_module_0gzr43h.js:878
[     176ms] [LOG] [PostHog.js] [Web Vitals] enabled, starting... @ http://localhost:3001/_next/static/chunks/036~_posthog-js_dist_module_0gzr43h.js:878
[     176ms] [LOG] [PostHog.js] [ExceptionAutocapture] enabled @ http://localhost:3001/_next/static/chunks/036~_posthog-js_dist_module_0gzr43h.js:878
[     177ms] [LOG] [PostHog.js] [ExceptionAutocapture] enabled @ http://localhost:3001/_next/static/chunks/036~_posthog-js_dist_module_0gzr43h.js:878
[     177ms] [LOG] [PostHog.js] Starting in debug mode {this: qo, config: Object, thisC: Object, p: Object, s: Object} @ http://localhost:3001/_next/static/chunks/036~_posthog-js_dist_module_0gzr43h.js:878
[     180ms] [INFO] %cDownload the React DevTools for a better development experience: https://react.dev/link/react-devtools font-weight:bold @ http://localhost:3001/_next/static/chunks/0twy_next_dist_06yi1o8._.js:2482
[     190ms] [LOG] [PostHog.js] [Dead Clicks] starting... @ http://localhost:3001/_next/static/chunks/0twy_next_dist_06yi1o8._.js:2482
[     191ms] [LOG] [PostHog.js] [RemoteConfig] __preview_remote_config is disabled. Logging config instead {analytics: Object, autocaptureExceptions: true, autocapture_opt_out: false, captureDeadClicks: false, capturePerformance: Object} @ http://localhost:3001/_next/static/chunks/0twy_next_dist_06yi1o8._.js:2482
[     195ms] [LOG] [PostHog.js] send "$pageview" {uuid: 019eeb35-2f12-73cb-ad74-d95941fff1cf, event: $pageview, properties: Object, timestamp: Sun Jun 21 2026 17:23:11 GMT+0000 (heure moyenne de Greenwich)} @ http://localhost:3001/_next/static/chunks/0twy_next_dist_06yi1o8._.js:2482
[     200ms] [LOG] [HMR] connected @ http://localhost:3001/_next/static/chunks/0twy_next_dist_06yi1o8._.js:2482
[     734ms] [LOG] [PostHog.js] Persistence loaded sessionStorage {$sdk_debug_extensions_init_method: synchronous, $sdk_debug_extensions_init_time_ms: 1, $referrer: $direct, $referring_domain: $direct} @ http://localhost:3001/_next/static/chunks/0twy_next_dist_06yi1o8._.js:2482
[     734ms] [LOG] [PostHog.js] set_config {config: Object, oldConfig: Object, newConfig: Object} @ http://localhost:3001/_next/static/chunks/0twy_next_dist_06yi1o8._.js:2482
[     734ms] [LOG] [PostHog.js] [ExceptionAutocapture] enabled @ http://localhost:3001/_next/static/chunks/0twy_next_dist_06yi1o8._.js:2482
[     734ms] [LOG] [PostHog.js] [Surveys] flags response received, isSurveysEnabled: false @ http://localhost:3001/_next/static/chunks/0twy_next_dist_06yi1o8._.js:2482
[     734ms] [LOG] [PostHog.js] [ExceptionAutocapture] enabled @ http://localhost:3001/_next/static/chunks/0twy_next_dist_06yi1o8._.js:2482
[     735ms] [LOG] [PostHog.js] [Surveys] Surveys loaded successfully @ http://localhost:3001/_next/static/chunks/0twy_next_dist_06yi1o8._.js:2482
[    5200ms] [LOG] [PostHog.js] send "$web_vitals" {uuid: 019eeb35-429f-747f-b771-5c45847e8d78, event: $web_vitals, properties: Object, timestamp: Sun Jun 21 2026 17:23:16 GMT+0000 (heure moyenne de Greenwich)} @ http://localhost:3001/_next/static/chunks/0twy_next_dist_06yi1o8._.js:2482
[   61707ms] [LOG] [Fast Refresh] rebuilding @ http://localhost:3001/_next/static/chunks/0twy_next_dist_06yi1o8._.js:2482
[   62184ms] [LOG] [Fast Refresh] done in 163ms @ http://localhost:3001/_next/static/chunks/0twy_next_dist_06yi1o8._.js:2482
[  173268ms] [LOG] [Fast Refresh] rebuilding @ http://localhost:3001/_next/static/chunks/0twy_next_dist_06yi1o8._.js:2482
[  173313ms] [LOG] [Fast Refresh] done in 92ms @ http://localhost:3001/_next/static/chunks/0twy_next_dist_06yi1o8._.js:2482
[  174746ms] [LOG] [Fast Refresh] rebuilding @ http://localhost:3001/_next/static/chunks/0twy_next_dist_06yi1o8._.js:2482
[  174842ms] [LOG] [Fast Refresh] done in 118ms @ http://localhost:3001/_next/static/chunks/0twy_next_dist_06yi1o8._.js:2482
[  195163ms] [LOG] [Fast Refresh] rebuilding @ http://localhost:3001/_next/static/chunks/0twy_next_dist_06yi1o8._.js:2482
[  195238ms] [LOG] [Fast Refresh] done in 65ms @ http://localhost:3001/_next/static/chunks/0twy_next_dist_06yi1o8._.js:2482
[  242414ms] [LOG] [Fast Refresh] rebuilding @ http://localhost:3001/_next/static/chunks/0twy_next_dist_06yi1o8._.js:2482
[  242498ms] [LOG] [Fast Refresh] done in 67ms @ http://localhost:3001/_next/static/chunks/0twy_next_dist_06yi1o8._.js:2482
[  261965ms] [LOG] [Fast Refresh] rebuilding @ http://localhost:3001/_next/static/chunks/0twy_next_dist_06yi1o8._.js:2482
[  262039ms] [LOG] [Fast Refresh] done in 66ms @ http://localhost:3001/_next/static/chunks/0twy_next_dist_06yi1o8._.js:2482
[  307267ms] [LOG] [Fast Refresh] rebuilding @ http://localhost:3001/_next/static/chunks/0twy_next_dist_06yi1o8._.js:2482
[  307750ms] [WARNING] [HMR] Invalid message: {"isTrusted":true}
TypeError: Cannot convert undefined or null to object
    at Object.keys (<anonymous>)
    at extractModulesFromTurbopackMessage (http://localhost:3001/_next/static/chunks/0twy_next_dist_client_0dkoe0x._.js:13653:39)
    at TurbopackHmr.onTurbopackMessage (http://localhost:3001/_next/static/chunks/0twy_next_dist_client_0dkoe0x._.js:13600:32)
    at processMessage (http://localhost:3001/_next/static/chunks/0twy_next_dist_client_0dkoe0x._.js:13951:30)
    at WebSocket.handleMessage (http://localhost:3001/_next/static/chunks/0twy_next_dist_client_0dkoe0x._.js:13357:52) @ http://localhost:3001/_next/static/chunks/0twy_next_dist_06yi1o8._.js:2482
[  307750ms] [LOG] [Fast Refresh] done in 584ms @ http://localhost:3001/_next/static/chunks/0twy_next_dist_06yi1o8._.js:2482
[  308223ms] [LOG] [Fast Refresh] rebuilding @ http://localhost:3001/_next/static/chunks/0twy_next_dist_06yi1o8._.js:2482
[  308295ms] [LOG] [Fast Refresh] done in 172ms @ http://localhost:3001/_next/static/chunks/0twy_next_dist_06yi1o8._.js:2482
[  327253ms] [LOG] [Fast Refresh] rebuilding @ http://localhost:3001/_next/static/chunks/0twy_next_dist_06yi1o8._.js:2482
[  327329ms] [LOG] [Fast Refresh] done in 66ms @ http://localhost:3001/_next/static/chunks/0twy_next_dist_06yi1o8._.js:2482
[  339744ms] [LOG] [Fast Refresh] rebuilding @ http://localhost:3001/_next/static/chunks/0twy_next_dist_06yi1o8._.js:2482
[  339790ms] [WARNING] [HMR] Invalid message: {"isTrusted":true}
TypeError: Cannot convert undefined or null to object
    at Object.keys (<anonymous>)
    at extractModulesFromTurbopackMessage (http://localhost:3001/_next/static/chunks/0twy_next_dist_client_0dkoe0x._.js:13653:39)
    at TurbopackHmr.onTurbopackMessage (http://localhost:3001/_next/static/chunks/0twy_next_dist_client_0dkoe0x._.js:13600:32)
    at processMessage (http://localhost:3001/_next/static/chunks/0twy_next_dist_client_0dkoe0x._.js:13951:30)
    at WebSocket.handleMessage (http://localhost:3001/_next/static/chunks/0twy_next_dist_client_0dkoe0x._.js:13357:52) @ http://localhost:3001/_next/static/chunks/0twy_next_dist_06yi1o8._.js:2482
[  339834ms] [LOG] [Fast Refresh] done in 146ms @ http://localhost:3001/_next/static/chunks/0twy_next_dist_06yi1o8._.js:2482
[  339937ms] [LOG] [Fast Refresh] rebuilding @ http://localhost:3001/_next/static/chunks/0twy_next_dist_06yi1o8._.js:2482
[  340081ms] [LOG] [Fast Refresh] done in 244ms @ http://localhost:3001/_next/static/chunks/0twy_next_dist_06yi1o8._.js:2482
[  340332ms] [LOG] [Fast Refresh] rebuilding @ http://localhost:3001/_next/static/chunks/0twy_next_dist_06yi1o8._.js:2482
[  340347ms] [LOG] [Fast Refresh] done in 116ms @ http://localhost:3001/_next/static/chunks/0twy_next_dist_06yi1o8._.js:2482
[  340660ms] [LOG] [Fast Refresh] rebuilding @ http://localhost:3001/_next/static/chunks/0twy_next_dist_06yi1o8._.js:2482
[  340711ms] [LOG] [Fast Refresh] done in 74ms @ http://localhost:3001/_next/static/chunks/0twy_next_dist_06yi1o8._.js:2482
[  387038ms] [LOG] [Fast Refresh] rebuilding @ http://localhost:3001/_next/static/chunks/0twy_next_dist_06yi1o8._.js:2482
[  387190ms] [WARNING] [HMR] Invalid message: {"isTrusted":true}
TypeError: Cannot convert undefined or null to object
    at Object.keys (<anonymous>)
    at extractModulesFromTurbopackMessage (http://localhost:3001/_next/static/chunks/0twy_next_dist_client_0dkoe0x._.js:13653:39)
    at TurbopackHmr.onTurbopackMessage (http://localhost:3001/_next/static/chunks/0twy_next_dist_client_0dkoe0x._.js:13600:32)
    at processMessage (http://localhost:3001/_next/static/chunks/0twy_next_dist_client_0dkoe0x._.js:13951:30)
    at WebSocket.handleMessage (http://localhost:3001/_next/static/chunks/0twy_next_dist_client_0dkoe0x._.js:13357:52) @ http://localhost:3001/_next/static/chunks/0twy_next_dist_06yi1o8._.js:2482
[  387191ms] [LOG] [Fast Refresh] done in 253ms @ http://localhost:3001/_next/static/chunks/0twy_next_dist_06yi1o8._.js:2482
[  387295ms] [LOG] [Fast Refresh] rebuilding @ http://localhost:3001/_next/static/chunks/0twy_next_dist_06yi1o8._.js:2482
[  387500ms] [LOG] [Fast Refresh] done in 305ms @ http://localhost:3001/_next/static/chunks/0twy_next_dist_06yi1o8._.js:2482
[  399426ms] [LOG] [Fast Refresh] rebuilding @ http://localhost:3001/_next/static/chunks/0twy_next_dist_06yi1o8._.js:2482
[  399448ms] [WARNING] [HMR] Invalid message: {"isTrusted":true}
TypeError: Cannot convert undefined or null to object
    at Object.keys (<anonymous>)
    at extractModulesFromTurbopackMessage (http://localhost:3001/_next/static/chunks/0twy_next_dist_client_0dkoe0x._.js:13653:39)
    at TurbopackHmr.onTurbopackMessage (http://localhost:3001/_next/static/chunks/0twy_next_dist_client_0dkoe0x._.js:13600:32)
    at processMessage (http://localhost:3001/_next/static/chunks/0twy_next_dist_client_0dkoe0x._.js:13951:30)
    at WebSocket.handleMessage (http://localhost:3001/_next/static/chunks/0twy_next_dist_client_0dkoe0x._.js:13357:52) @ http://localhost:3001/_next/static/chunks/0twy_next_dist_06yi1o8._.js:2482
[  399490ms] [LOG] [Fast Refresh] done in 116ms @ http://localhost:3001/_next/static/chunks/0twy_next_dist_06yi1o8._.js:2482
[  399593ms] [LOG] [Fast Refresh] rebuilding @ http://localhost:3001/_next/static/chunks/0twy_next_dist_06yi1o8._.js:2482
[  399697ms] [LOG] [Fast Refresh] done in 204ms @ http://localhost:3001/_next/static/chunks/0twy_next_dist_06yi1o8._.js:2482
[  541725ms] [LOG] [Fast Refresh] rebuilding @ http://localhost:3001/_next/static/chunks/0twy_next_dist_06yi1o8._.js:2482
[  541813ms] [LOG] [Fast Refresh] done in 135ms @ http://localhost:3001/_next/static/chunks/0twy_next_dist_06yi1o8._.js:2482
[  551421ms] [LOG] [Fast Refresh] rebuilding @ http://localhost:3001/_next/static/chunks/0twy_next_dist_06yi1o8._.js:2482
[  551969ms] [WARNING] [HMR] Invalid message: {"isTrusted":true}
TypeError: Cannot convert undefined or null to object
    at Object.keys (<anonymous>)
    at extractModulesFromTurbopackMessage (http://localhost:3001/_next/static/chunks/0twy_next_dist_client_0dkoe0x._.js:13653:39)
    at TurbopackHmr.onTurbopackMessage (http://localhost:3001/_next/static/chunks/0twy_next_dist_client_0dkoe0x._.js:13600:32)
    at processMessage (http://localhost:3001/_next/static/chunks/0twy_next_dist_client_0dkoe0x._.js:13951:30)
    at WebSocket.handleMessage (http://localhost:3001/_next/static/chunks/0twy_next_dist_client_0dkoe0x._.js:13357:52) @ http://localhost:3001/_next/static/chunks/0twy_next_dist_06yi1o8._.js:2482
[  551970ms] [LOG] [Fast Refresh] done in 650ms @ http://localhost:3001/_next/static/chunks/0twy_next_dist_06yi1o8._.js:2482
[  597002ms] [LOG] [Fast Refresh] rebuilding @ http://localhost:3001/_next/static/chunks/0twy_next_dist_06yi1o8._.js:2482
[  597055ms] [LOG] [Fast Refresh] done in 80ms @ http://localhost:3001/_next/static/chunks/0twy_next_dist_06yi1o8._.js:2482
[  602441ms] [LOG] [Fast Refresh] rebuilding @ http://localhost:3001/_next/static/chunks/0twy_next_dist_06yi1o8._.js:2482
[  602496ms] [LOG] [Fast Refresh] done in 78ms @ http://localhost:3001/_next/static/chunks/0twy_next_dist_06yi1o8._.js:2482
[  607053ms] [LOG] [Fast Refresh] rebuilding @ http://localhost:3001/_next/static/chunks/0twy_next_dist_06yi1o8._.js:2482
[  607189ms] [LOG] [Fast Refresh] done in 69ms @ http://localhost:3001/_next/static/chunks/0twy_next_dist_06yi1o8._.js:2482
[  611268ms] [LOG] [Fast Refresh] rebuilding @ http://localhost:3001/_next/static/chunks/0twy_next_dist_06yi1o8._.js:2482
[  611333ms] [LOG] [Fast Refresh] done in 64ms @ http://localhost:3001/_next/static/chunks/0twy_next_dist_06yi1o8._.js:2482
[  643640ms] [LOG] [Fast Refresh] rebuilding @ http://localhost:3001/_next/static/chunks/0twy_next_dist_06yi1o8._.js:2482
[  643668ms] [WARNING] [HMR] Invalid message: {"isTrusted":true}
TypeError: Cannot convert undefined or null to object
    at Object.keys (<anonymous>)
    at extractModulesFromTurbopackMessage (http://localhost:3001/_next/static/chunks/0twy_next_dist_client_0dkoe0x._.js:13653:39)
    at TurbopackHmr.onTurbopackMessage (http://localhost:3001/_next/static/chunks/0twy_next_dist_client_0dkoe0x._.js:13600:32)
    at processMessage (http://localhost:3001/_next/static/chunks/0twy_next_dist_client_0dkoe0x._.js:13951:30)
    at WebSocket.handleMessage (http://localhost:3001/_next/static/chunks/0twy_next_dist_client_0dkoe0x._.js:13357:52) @ http://localhost:3001/_next/static/chunks/0twy_next_dist_06yi1o8._.js:2482
[  644031ms] [LOG] [Fast Refresh] done in 124ms @ http://localhost:3001/_next/static/chunks/0twy_next_dist_06yi1o8._.js:2482
[  669252ms] [LOG] [Fast Refresh] rebuilding @ http://localhost:3001/_next/static/chunks/0twy_next_dist_06yi1o8._.js:2482
[  669625ms] [LOG] [Fast Refresh] done in 85ms @ http://localhost:3001/_next/static/chunks/0twy_next_dist_06yi1o8._.js:2482
[  669727ms] [LOG] [Fast Refresh] rebuilding @ http://localhost:3001/_next/static/chunks/0twy_next_dist_06yi1o8._.js:2482
[  669971ms] [LOG] [Fast Refresh] done in 346ms @ http://localhost:3001/_next/static/chunks/0twy_next_dist_06yi1o8._.js:2482
[  669975ms] [ERROR] Failed to load resource: the server responded with a status of 500 (Internal Server Error) @ http://localhost:3001/create?_rsc=X-ptFW5p37huAS9W:0
[  670488ms] [LOG] [PostHog.js] send "$pageleave" {uuid: 019eeb3f-6966-7676-8321-57fd07ae4911, event: $pageleave, properties: Object, timestamp: Sun Jun 21 2026 17:34:22 GMT+0000 (heure moyenne de Greenwich)} @ http://localhost:3001/_next/static/chunks/0twy_next_dist_06yi1o8._.js:2482
[  670494ms] [ERROR] Failed to load resource: the server responded with a status of 500 (Internal Server Error) @ http://localhost:3001/create:0
[  671101ms] [INFO] %cDownload the React DevTools for a better development experience: https://react.dev/link/react-devtools font-weight:bold @ http://localhost:3001/_next/static/chunks/0~2w_react-dom_0sbm542._.js:15305
[  671132ms] [LOG] [PostHog.js] set_config {config: Object, oldConfig: Object, newConfig: Object} @ http://localhost:3001/_next/static/chunks/036~_posthog-js_dist_module_0ds7ukn.js:878
[  671132ms] [LOG] [PostHog.js] Persistence loaded localStorage+cookie {distinct_id: 019eea13-5def-7b1c-975b-49305a733d4a, $sesid: Array(3), $initial_person_info: Object, $initialization_time: 2026-06-21T17:23:11.743Z, $configured_session_timeout_ms: 1800000} @ http://localhost:3001/_next/static/chunks/036~_posthog-js_dist_module_0ds7ukn.js:878
[  671140ms] [LOG] [PostHog.js] Persistence loaded sessionStorage {$sdk_debug_extensions_init_method: synchronous, $sdk_debug_extensions_init_time_ms: 1, $referrer: $direct, $referring_domain: $direct} @ http://localhost:3001/_next/static/chunks/036~_posthog-js_dist_module_0ds7ukn.js:878
[  671140ms] [LOG] [PostHog.js] Initializing extensions synchronously @ http://localhost:3001/_next/static/chunks/036~_posthog-js_dist_module_0ds7ukn.js:878
[  671140ms] [LOG] [PostHog.js] History API monitoring enabled, starting... @ http://localhost:3001/_next/static/chunks/036~_posthog-js_dist_module_0ds7ukn.js:878
[  671140ms] [LOG] [PostHog.js] [Heatmaps] starting... @ http://localhost:3001/_next/static/chunks/036~_posthog-js_dist_module_0ds7ukn.js:878
[  671141ms] [LOG] [PostHog.js] [Web Vitals] enabled, starting... @ http://localhost:3001/_next/static/chunks/036~_posthog-js_dist_module_0ds7ukn.js:878
[  671141ms] [LOG] [PostHog.js] [ExceptionAutocapture] enabled @ http://localhost:3001/_next/static/chunks/036~_posthog-js_dist_module_0ds7ukn.js:878
[  671142ms] [LOG] [PostHog.js] [ExceptionAutocapture] enabled @ http://localhost:3001/_next/static/chunks/036~_posthog-js_dist_module_0ds7ukn.js:878
[  671142ms] [LOG] [PostHog.js] Starting in debug mode {this: qo, config: Object, thisC: Object, p: Object, s: Object} @ http://localhost:3001/_next/static/chunks/036~_posthog-js_dist_module_0ds7ukn.js:878
[  671143ms] [LOG] [Client Instrumentation Hook] Slow execution detected: 34ms (Note: Code download overhead is not included in this measurement) @ http://localhost:3001/_next/static/chunks/0twy_next_dist_0w53qog._.js:702
[  671144ms] [LOG] [PostHog.js] [Dead Clicks] starting... @ http://localhost:3001/_next/static/chunks/0twy_next_dist_0w53qog._.js:1385
[  671152ms] [LOG] [PostHog.js] send "$exception" {uuid: 019eeb3f-6bfe-72a7-ae91-977cde9b19e7, event: $exception, properties: Object, timestamp: Sun Jun 21 2026 17:34:22 GMT+0000 (heure moyenne de Greenwich)} @ http://localhost:3001/_next/static/chunks/0twy_next_dist_0w53qog._.js:1385
[  671170ms] ReferenceError: BlockTrackSortableListGrid is not defined
    at Module.eval (file:///Users/macbook/Documents/lUlU/audio-ui/apps/www/.next/dev/server/chunks/ssr/%5Broot-of-the-server%5D__01g1xgi._.js?id=%5Bproject%5D%2Fapps%2Fwww%2Fsrc%2Fapp%2F%28home%29%2Fcreate%2Fcomponents%2Fpreview-wall.tsx+%5Bapp-rsc%5D+%28ecmascript%29:51:28)
    at <unknown> (file:///Users/macbook/Documents/lUlU/audio-ui/apps/www/.next/dev/server/chunks/ssr/[turbopack]_runtime.js:1291:27)
    at runWithHooks (file:///Users/macbook/Documents/lUlU/audio-ui/apps/www/.next/dev/server/chunks/ssr/[turbopack]_runtime.js:1554:9)
    at instantiateModuleShared (file:///Users/macbook/Documents/lUlU/audio-ui/apps/www/.next/dev/server/chunks/ssr/[turbopack]_runtime.js:1289:9)
    at instantiateModule (file:///Users/macbook/Documents/lUlU/audio-ui/apps/www/.next/dev/server/chunks/ssr/[turbopack]_runtime.js:1557:23)
    at getOrInstantiateModuleFromParent (file:///Users/macbook/Documents/lUlU/audio-ui/apps/www/.next/dev/server/chunks/ssr/[turbopack]_runtime.js:1593:23)
    at Context.esmImport [as i] (file:///Users/macbook/Documents/lUlU/audio-ui/apps/www/.next/dev/server/chunks/ssr/[turbopack]_runtime.js:281:20)
    at module evaluation (file:///Users/macbook/Documents/lUlU/audio-ui/apps/www/.next/dev/server/chunks/ssr/[root-of-the-server]__01g1xgi._.js:444:207)
    at <unknown> (file:///Users/macbook/Documents/lUlU/audio-ui/apps/www/.next/dev/server/chunks/ssr/[turbopack]_runtime.js:1291:27)
    at runWithHooks (file:///Users/macbook/Documents/lUlU/audio-ui/apps/www/.next/dev/server/chunks/ssr/[turbopack]_runtime.js:1554:9)
    at instantiateModuleShared (file:///Users/macbook/Documents/lUlU/audio-ui/apps/www/.next/dev/server/chunks/ssr/[turbopack]_runtime.js:1289:9)
    at instantiateModule (file:///Users/macbook/Documents/lUlU/audio-ui/apps/www/.next/dev/server/chunks/ssr/[turbopack]_runtime.js:1557:23)
    at getOrInstantiateModuleFromParent (file:///Users/macbook/Documents/lUlU/audio-ui/apps/www/.next/dev/server/chunks/ssr/[turbopack]_runtime.js:1593:23)
    at Context.esmImport [as i] (file:///Users/macbook/Documents/lUlU/audio-ui/apps/www/.next/dev/server/chunks/ssr/[turbopack]_runtime.js:281:20)
    at module evaluation (file:///Users/macbook/Documents/lUlU/audio-ui/apps/www/.next/dev/server/chunks/ssr/[root-of-the-server]__01g1xgi._.js:511:47)
    at <unknown> (file:///Users/macbook/Documents/lUlU/audio-ui/apps/www/.next/dev/server/chunks/ssr/[turbopack]_runtime.js:1291:27)
    at runWithHooks (file:///Users/macbook/Documents/lUlU/audio-ui/apps/www/.next/dev/server/chunks/ssr/[turbopack]_runtime.js:1554:9)
    at instantiateModuleShared (file:///Users/macbook/Documents/lUlU/audio-ui/apps/www/.next/dev/server/chunks/ssr/[turbopack]_runtime.js:1289:9)
    at instantiateModule (file:///Users/macbook/Documents/lUlU/audio-ui/apps/www/.next/dev/server/chunks/ssr/[turbopack]_runtime.js:1557:23)
    at getOrInstantiateModuleFromParent (file:///Users/macbook/Documents/lUlU/audio-ui/apps/www/.next/dev/server/chunks/ssr/[turbopack]_runtime.js:1593:23)
    at Context.commonJsRequire [as r] (file:///Users/macbook/Documents/lUlU/audio-ui/apps/www/.next/dev/server/chunks/ssr/[turbopack]_runtime.js:302:12)
    at Array.__TURBOPACK__page__$23$11__ (file:///Users/macbook/Documents/lUlU/audio-ui/apps/www/.next/dev/server/chunks/ssr/0twy_next_dist_esm_0bc9e._._.js:217:63)
    at getLayoutOrPageModule (file:///Users/macbook/Documents/lUlU/audio-ui/node_modules/.bun/next@16.2.6+a8e167bbfea182cf/node_modules/next/dist/compiled/next-server/app-page-turbo.runtime.dev.js:65:6366)
    at anySegmentHasRuntimePrefetchEnabled (file:///Users/macbook/Documents/lUlU/audio-ui/node_modules/.bun/next@16.2.6+a8e167bbfea182cf/node_modules/next/dist/compiled/next-server/app-page-turbo.runtime.dev.js:69:16701)
    at anySegmentHasRuntimePrefetchEnabled (file:///Users/macbook/Documents/lUlU/audio-ui/node_modules/.bun/next@16.2.6+a8e167bbfea182cf/node_modules/next/dist/compiled/next-server/app-page-turbo.runtime.dev.js:69:17039)
    at async anySegmentHasRuntimePrefetchEnabled (file:///Users/macbook/Documents/lUlU/audio-ui/node_modules/.bun/next@16.2.6+a8e167bbfea182cf/node_modules/next/dist/compiled/next-server/app-page-turbo.runtime.dev.js:69:17033)
    at async anySegmentHasRuntimePrefetchEnabled (file:///Users/macbook/Documents/lUlU/audio-ui/node_modules/.bun/next@16.2.6+a8e167bbfea182cf/node_modules/next/dist/compiled/next-server/app-page-turbo.runtime.dev.js:69:17033)
    at async generateDynamicRSCPayload (file:///Users/macbook/Documents/lUlU/audio-ui/node_modules/.bun/next@16.2.6+a8e167bbfea182cf/node_modules/next/dist/compiled/next-server/app-page-turbo.runtime.dev.js:69:23031)
    at async generateDynamicFlightRenderResult (file:///Users/macbook/Documents/lUlU/audio-ui/node_modules/.bun/next@16.2.6+a8e167bbfea182cf/node_modules/next/dist/compiled/next-server/app-page-turbo.runtime.dev.js:69:26329)
    at async doRender (file:///Users/macbook/Documents/lUlU/audio-ui/apps/www/.next/dev/server/chunks/ssr/0twy_next_dist_esm_0bc9e._._.js:799:28)
    at async AppPageRouteModule.handleResponse (file:///Users/macbook/Documents/lUlU/audio-ui/node_modules/.bun/next@16.2.6+a8e167bbfea182cf/node_modules/next/dist/compiled/next-server/app-page-turbo.runtime.dev.js:71:66429)
    at async handleResponse (file:///Users/macbook/Documents/lUlU/audio-ui/apps/www/.next/dev/server/chunks/ssr/0twy_next_dist_esm_0bc9e._._.js:1110:32)
    at async Module.handler (file:///Users/macbook/Documents/lUlU/audio-ui/apps/www/.next/dev/server/chunks/ssr/0twy_next_dist_esm_0bc9e._._.js:1516:20)
    at async DevServer.renderToResponseWithComponentsImpl (file:///Users/macbook/Documents/lUlU/audio-ui/node_modules/.bun/next@16.2.6+a8e167bbfea182cf/node_modules/next/dist/server/base-server.js:1462:9)
    at async DevServer.renderPageComponent (file:///Users/macbook/Documents/lUlU/audio-ui/node_modules/.bun/next@16.2.6+a8e167bbfea182cf/node_modules/next/dist/server/base-server.js:1514:24)
    at async DevServer.renderToResponseImpl (file:///Users/macbook/Documents/lUlU/audio-ui/node_modules/.bun/next@16.2.6+a8e167bbfea182cf/node_modules/next/dist/server/base-server.js:1564:32)
    at async DevServer.pipeImpl (file:///Users/macbook/Documents/lUlU/audio-ui/node_modules/.bun/next@16.2.6+a8e167bbfea182cf/node_modules/next/dist/server/base-server.js:1044:25)
    at async NextNodeServer.handleCatchallRenderRequest (file:///Users/macbook/Documents/lUlU/audio-ui/node_modules/.bun/next@16.2.6+a8e167bbfea182cf/node_modules/next/dist/server/next-server.js:338:17)
    at async DevServer.handleRequestImpl (file:///Users/macbook/Documents/lUlU/audio-ui/node_modules/.bun/next@16.2.6+a8e167bbfea182cf/node_modules/next/dist/server/base-server.js:935:17)
    at async (file:///Users/macbook/Documents/lUlU/audio-ui/node_modules/.bun/next@16.2.6+a8e167bbfea182cf/node_modules/next/dist/server/dev/next-dev-server.js:394:20)
    at async Span.traceAsyncFn (file:///Users/macbook/Documents/lUlU/audio-ui/node_modules/.bun/next@16.2.6+a8e167bbfea182cf/node_modules/next/dist/trace/trace.js:164:20)
    at async DevServer.handleRequest (file:///Users/macbook/Documents/lUlU/audio-ui/node_modules/.bun/next@16.2.6+a8e167bbfea182cf/node_modules/next/dist/server/dev/next-dev-server.js:390:24)
    at async invokeRender (file:///Users/macbook/Documents/lUlU/audio-ui/node_modules/.bun/next@16.2.6+a8e167bbfea182cf/node_modules/next/dist/server/lib/router-server.js:266:21)
    at async handleRequest (file:///Users/macbook/Documents/lUlU/audio-ui/node_modules/.bun/next@16.2.6+a8e167bbfea182cf/node_modules/next/dist/server/lib/router-server.js:465:24)
    at async requestHandlerImpl (file:///Users/macbook/Documents/lUlU/audio-ui/node_modules/.bun/next@16.2.6+a8e167bbfea182cf/node_modules/next/dist/server/lib/router-server.js:514:13)
    at async Server.requestListener (file:///Users/macbook/Documents/lUlU/audio-ui/node_modules/.bun/next@16.2.6+a8e167bbfea182cf/node_modules/next/dist/server/lib/start-server.js:225:13)
[  671154ms] [LOG] [PostHog.js] send "$pageview" {uuid: 019eeb3f-6c01-73f3-99f2-205f46fba3a7, event: $pageview, properties: Object, timestamp: Sun Jun 21 2026 17:34:22 GMT+0000 (heure moyenne de Greenwich)} @ http://localhost:3001/_next/static/chunks/0twy_next_dist_0w53qog._.js:1385
[  671180ms] [LOG] [HMR] connected @ http://localhost:3001/_next/static/chunks/0twy_next_dist_0w53qog._.js:1385
[  671839ms] [LOG] [PostHog.js] Persistence loaded sessionStorage {$sdk_debug_extensions_init_method: synchronous, $sdk_debug_extensions_init_time_ms: 1, $referrer: $direct, $referring_domain: $direct} @ http://localhost:3001/_next/static/chunks/0twy_next_dist_0w53qog._.js:1385
[  671839ms] [LOG] [PostHog.js] set_config {config: Object, oldConfig: Object, newConfig: Object} @ http://localhost:3001/_next/static/chunks/0twy_next_dist_0w53qog._.js:1385
[  671840ms] [LOG] [PostHog.js] [ExceptionAutocapture] enabled @ http://localhost:3001/_next/static/chunks/0twy_next_dist_0w53qog._.js:1385
[  671840ms] [LOG] [PostHog.js] [Surveys] flags response received, isSurveysEnabled: false @ http://localhost:3001/_next/static/chunks/0twy_next_dist_0w53qog._.js:1385
[  671840ms] [LOG] [PostHog.js] [ExceptionAutocapture] enabled @ http://localhost:3001/_next/static/chunks/0twy_next_dist_0w53qog._.js:1385
[  671841ms] [LOG] [PostHog.js] [Surveys] Surveys loaded successfully @ http://localhost:3001/_next/static/chunks/0twy_next_dist_0w53qog._.js:1385
[  671979ms] [LOG] [PostHog.js] [RemoteConfig] __preview_remote_config is disabled. Logging config instead {analytics: Object, autocaptureExceptions: true, autocapture_opt_out: false, captureDeadClicks: false, capturePerformance: Object} @ http://localhost:3001/_next/static/chunks/0twy_next_dist_0w53qog._.js:1385
[  675128ms] [LOG] [Fast Refresh] rebuilding @ http://localhost:3001/_next/static/chunks/0twy_next_dist_0w53qog._.js:1385
[  675428ms] [LOG] [Fast Refresh] done in 135ms @ http://localhost:3001/_next/static/chunks/0twy_next_dist_0w53qog._.js:1385
[  676061ms] [LOG] [Fast Refresh] rebuilding @ http://localhost:3001/_next/static/chunks/0twy_next_dist_0w53qog._.js:1385
[  676131ms] [LOG] [Fast Refresh] done in 171ms @ http://localhost:3001/_next/static/chunks/0twy_next_dist_0w53qog._.js:1385
[  676264ms] [LOG] [Fast Refresh] rebuilding @ http://localhost:3001/_next/static/chunks/0twy_next_dist_0w53qog._.js:1385
[  676352ms] [LOG] [Fast Refresh] done in 190ms @ http://localhost:3001/_next/static/chunks/0twy_next_dist_0w53qog._.js:1385
[  676391ms] [LOG] [PostHog.js] send "$pageleave" {uuid: 019eeb3f-8075-71fc-8516-82e21059372b, event: $pageleave, properties: Object, timestamp: Sun Jun 21 2026 17:34:27 GMT+0000 (heure moyenne de Greenwich)} @ http://localhost:3001/_next/static/chunks/0twy_next_dist_0w53qog._.js:1385
[  676491ms] [LOG] [PostHog.js] set_config {config: Object, oldConfig: Object, newConfig: Object} @ http://localhost:3001/_next/static/chunks/036~_posthog-js_dist_module_0gzr43h.js:878
[  676491ms] [LOG] [PostHog.js] Persistence loaded localStorage+cookie {distinct_id: 019eea13-5def-7b1c-975b-49305a733d4a, $sesid: Array(3), $initial_person_info: Object, $initialization_time: 2026-06-21T17:34:22.708Z, $configured_session_timeout_ms: 1800000} @ http://localhost:3001/_next/static/chunks/036~_posthog-js_dist_module_0gzr43h.js:878
[  676492ms] [LOG] [PostHog.js] Persistence loaded sessionStorage {$sdk_debug_extensions_init_method: synchronous, $sdk_debug_extensions_init_time_ms: 1, $referrer: $direct, $referring_domain: $direct} @ http://localhost:3001/_next/static/chunks/036~_posthog-js_dist_module_0gzr43h.js:878
[  676492ms] [LOG] [PostHog.js] Initializing extensions synchronously @ http://localhost:3001/_next/static/chunks/036~_posthog-js_dist_module_0gzr43h.js:878
[  676492ms] [LOG] [PostHog.js] History API monitoring enabled, starting... @ http://localhost:3001/_next/static/chunks/036~_posthog-js_dist_module_0gzr43h.js:878
[  676493ms] [LOG] [PostHog.js] [Heatmaps] starting... @ http://localhost:3001/_next/static/chunks/036~_posthog-js_dist_module_0gzr43h.js:878
[  676494ms] [LOG] [PostHog.js] [Web Vitals] enabled, starting... @ http://localhost:3001/_next/static/chunks/036~_posthog-js_dist_module_0gzr43h.js:878
[  676494ms] [LOG] [PostHog.js] [ExceptionAutocapture] enabled @ http://localhost:3001/_next/static/chunks/036~_posthog-js_dist_module_0gzr43h.js:878
[  676494ms] [LOG] [PostHog.js] [ExceptionAutocapture] enabled @ http://localhost:3001/_next/static/chunks/036~_posthog-js_dist_module_0gzr43h.js:878
[  676495ms] [LOG] [PostHog.js] Starting in debug mode {this: qo, config: Object, thisC: Object, p: Object, s: Object} @ http://localhost:3001/_next/static/chunks/036~_posthog-js_dist_module_0gzr43h.js:878
[  676498ms] [INFO] %cDownload the React DevTools for a better development experience: https://react.dev/link/react-devtools font-weight:bold @ http://localhost:3001/_next/static/chunks/0twy_next_dist_06yi1o8._.js:2482
[  676515ms] [LOG] [PostHog.js] [Dead Clicks] starting... @ http://localhost:3001/_next/static/chunks/0twy_next_dist_06yi1o8._.js:2482
[  676516ms] [LOG] [PostHog.js] [RemoteConfig] __preview_remote_config is disabled. Logging config instead {analytics: Object, autocaptureExceptions: true, autocapture_opt_out: false, captureDeadClicks: false, capturePerformance: Object} @ http://localhost:3001/_next/static/chunks/0twy_next_dist_06yi1o8._.js:2482
[  676525ms] [LOG] [PostHog.js] send "$pageview" {uuid: 019eeb3f-80fb-7b1a-beb7-11ad57bbf0d3, event: $pageview, properties: Object, timestamp: Sun Jun 21 2026 17:34:28 GMT+0000 (heure moyenne de Greenwich)} @ http://localhost:3001/_next/static/chunks/0twy_next_dist_06yi1o8._.js:2482
[  676530ms] [LOG] [HMR] connected @ http://localhost:3001/_next/static/chunks/0twy_next_dist_06yi1o8._.js:2482
[  677009ms] [LOG] [PostHog.js] Persistence loaded sessionStorage {$sdk_debug_extensions_init_method: synchronous, $sdk_debug_extensions_init_time_ms: 2, $referrer: $direct, $referring_domain: $direct} @ http://localhost:3001/_next/static/chunks/0twy_next_dist_06yi1o8._.js:2482
[  677009ms] [LOG] [PostHog.js] set_config {config: Object, oldConfig: Object, newConfig: Object} @ http://localhost:3001/_next/static/chunks/0twy_next_dist_06yi1o8._.js:2482
[  677009ms] [LOG] [PostHog.js] [ExceptionAutocapture] enabled @ http://localhost:3001/_next/static/chunks/0twy_next_dist_06yi1o8._.js:2482
[  677009ms] [LOG] [PostHog.js] [Surveys] flags response received, isSurveysEnabled: false @ http://localhost:3001/_next/static/chunks/0twy_next_dist_06yi1o8._.js:2482
[  677009ms] [LOG] [PostHog.js] [ExceptionAutocapture] enabled @ http://localhost:3001/_next/static/chunks/0twy_next_dist_06yi1o8._.js:2482
[  677010ms] [LOG] [PostHog.js] [Surveys] Surveys loaded successfully @ http://localhost:3001/_next/static/chunks/0twy_next_dist_06yi1o8._.js:2482
[  681531ms] [LOG] [PostHog.js] send "$web_vitals" {uuid: 019eeb3f-948a-7ed4-88ac-ac65b157512b, event: $web_vitals, properties: Object, timestamp: Sun Jun 21 2026 17:34:33 GMT+0000 (heure moyenne de Greenwich)} @ http://localhost:3001/_next/static/chunks/0twy_next_dist_06yi1o8._.js:2482
[  690784ms] [LOG] [Fast Refresh] rebuilding @ http://localhost:3001/_next/static/chunks/0twy_next_dist_06yi1o8._.js:2482
[  690814ms] [WARNING] [HMR] Invalid message: {"isTrusted":true}
TypeError: Cannot convert undefined or null to object
    at Object.keys (<anonymous>)
    at extractModulesFromTurbopackMessage (http://localhost:3001/_next/static/chunks/0twy_next_dist_client_0dkoe0x._.js:13653:39)
    at TurbopackHmr.onTurbopackMessage (http://localhost:3001/_next/static/chunks/0twy_next_dist_client_0dkoe0x._.js:13600:32)
    at processMessage (http://localhost:3001/_next/static/chunks/0twy_next_dist_client_0dkoe0x._.js:13951:30)
    at WebSocket.handleMessage (http://localhost:3001/_next/static/chunks/0twy_next_dist_client_0dkoe0x._.js:13357:52) @ http://localhost:3001/_next/static/chunks/0twy_next_dist_06yi1o8._.js:2482
[  690870ms] [LOG] [Fast Refresh] done in 129ms @ http://localhost:3001/_next/static/chunks/0twy_next_dist_06yi1o8._.js:2482
[  690975ms] [LOG] [Fast Refresh] rebuilding @ http://localhost:3001/_next/static/chunks/0twy_next_dist_06yi1o8._.js:2482
[  691166ms] [LOG] [Fast Refresh] done in 293ms @ http://localhost:3001/_next/static/chunks/0twy_next_dist_06yi1o8._.js:2482
[  691369ms] [LOG] [Fast Refresh] rebuilding @ http://localhost:3001/_next/static/chunks/0twy_next_dist_06yi1o8._.js:2482
[  691377ms] [LOG] [Fast Refresh] done in 109ms @ http://localhost:3001/_next/static/chunks/0twy_next_dist_06yi1o8._.js:2482
[  713512ms] [LOG] [Fast Refresh] rebuilding @ http://localhost:3001/_next/static/chunks/0twy_next_dist_06yi1o8._.js:2482
[  713552ms] [LOG] [Fast Refresh] done in 66ms @ http://localhost:3001/_next/static/chunks/0twy_next_dist_06yi1o8._.js:2482
[  804852ms] [LOG] [Fast Refresh] rebuilding @ http://localhost:3001/_next/static/chunks/0twy_next_dist_06yi1o8._.js:2482
[  804925ms] [LOG] [Fast Refresh] done in 92ms @ http://localhost:3001/_next/static/chunks/0twy_next_dist_06yi1o8._.js:2482
[  827221ms] [LOG] [Fast Refresh] rebuilding @ http://localhost:3001/_next/static/chunks/0twy_next_dist_06yi1o8._.js:2482
[  827269ms] [WARNING] [HMR] Invalid message: {"isTrusted":true}
TypeError: Cannot convert undefined or null to object
    at Object.keys (<anonymous>)
    at extractModulesFromTurbopackMessage (http://localhost:3001/_next/static/chunks/0twy_next_dist_client_0dkoe0x._.js:13653:39)
    at TurbopackHmr.onTurbopackMessage (http://localhost:3001/_next/static/chunks/0twy_next_dist_client_0dkoe0x._.js:13600:32)
    at processMessage (http://localhost:3001/_next/static/chunks/0twy_next_dist_client_0dkoe0x._.js:13951:30)
    at WebSocket.handleMessage (http://localhost:3001/_next/static/chunks/0twy_next_dist_client_0dkoe0x._.js:13357:52) @ http://localhost:3001/_next/static/chunks/0twy_next_dist_06yi1o8._.js:2482
[  827328ms] [LOG] [Fast Refresh] done in 147ms @ http://localhost:3001/_next/static/chunks/0twy_next_dist_06yi1o8._.js:2482
[  829956ms] [LOG] [Fast Refresh] rebuilding @ http://localhost:3001/_next/static/chunks/0twy_next_dist_06yi1o8._.js:2482
[  830163ms] [LOG] [Fast Refresh] done in 115ms @ http://localhost:3001/_next/static/chunks/0twy_next_dist_06yi1o8._.js:2482
[  830328ms] [LOG] [Fast Refresh] rebuilding @ http://localhost:3001/_next/static/chunks/0twy_next_dist_06yi1o8._.js:2482
[  830387ms] [LOG] [Fast Refresh] done in 159ms @ http://localhost:3001/_next/static/chunks/0twy_next_dist_06yi1o8._.js:2482
[  869198ms] [LOG] [Fast Refresh] rebuilding @ http://localhost:3001/_next/static/chunks/0twy_next_dist_06yi1o8._.js:2482
[  869272ms] [LOG] [Fast Refresh] done in 73ms @ http://localhost:3001/_next/static/chunks/0twy_next_dist_06yi1o8._.js:2482
[  892903ms] [LOG] [Fast Refresh] rebuilding @ http://localhost:3001/_next/static/chunks/0twy_next_dist_06yi1o8._.js:2482
[  892953ms] [LOG] [Fast Refresh] done in 93ms @ http://localhost:3001/_next/static/chunks/0twy_next_dist_06yi1o8._.js:2482
[  947388ms] [LOG] [Fast Refresh] rebuilding @ http://localhost:3001/_next/static/chunks/0twy_next_dist_06yi1o8._.js:2482
[  947443ms] [LOG] [Fast Refresh] done in 156ms @ http://localhost:3001/_next/static/chunks/0twy_next_dist_06yi1o8._.js:2482
[  986414ms] [LOG] [Fast Refresh] rebuilding @ http://localhost:3001/_next/static/chunks/0twy_next_dist_06yi1o8._.js:2482
[  986565ms] [LOG] [Fast Refresh] done in 192ms @ http://localhost:3001/_next/static/chunks/0twy_next_dist_06yi1o8._.js:2482
[  986669ms] [LOG] [Fast Refresh] rebuilding @ http://localhost:3001/_next/static/chunks/0twy_next_dist_06yi1o8._.js:2482
[  987136ms] [LOG] [Fast Refresh] done in 568ms @ http://localhost:3001/_next/static/chunks/0twy_next_dist_06yi1o8._.js:2482
[  987409ms] [LOG] [Fast Refresh] rebuilding @ http://localhost:3001/_next/static/chunks/0twy_next_dist_06yi1o8._.js:2482
[  987503ms] [LOG] [Fast Refresh] done in 196ms @ http://localhost:3001/_next/static/chunks/0twy_next_dist_06yi1o8._.js:2482
[ 1054720ms] [LOG] [Fast Refresh] rebuilding @ http://localhost:3001/_next/static/chunks/0twy_next_dist_06yi1o8._.js:2482
[ 1058926ms] [LOG] [Fast Refresh] done in 4307ms @ http://localhost:3001/_next/static/chunks/0twy_next_dist_06yi1o8._.js:2482
[ 1100783ms] [LOG] [Fast Refresh] rebuilding @ http://localhost:3001/_next/static/chunks/0twy_next_dist_06yi1o8._.js:2482
[ 1101000ms] [LOG] [Fast Refresh] done in 182ms @ http://localhost:3001/_next/static/chunks/0twy_next_dist_06yi1o8._.js:2482
[ 1101104ms] [WARNING] [HMR] Invalid message: {"isTrusted":true}
TypeError: Cannot convert undefined or null to object
    at Object.keys (<anonymous>)
    at extractModulesFromTurbopackMessage (http://localhost:3001/_next/static/chunks/0twy_next_dist_client_0dkoe0x._.js:13653:39)
    at TurbopackHmr.onTurbopackMessage (http://localhost:3001/_next/static/chunks/0twy_next_dist_client_0dkoe0x._.js:13600:32)
    at processMessage (http://localhost:3001/_next/static/chunks/0twy_next_dist_client_0dkoe0x._.js:13951:30)
    at WebSocket.handleMessage (http://localhost:3001/_next/static/chunks/0twy_next_dist_client_0dkoe0x._.js:13357:52) @ http://localhost:3001/_next/static/chunks/0twy_next_dist_06yi1o8._.js:2482
[ 1178507ms] [LOG] [Fast Refresh] rebuilding @ http://localhost:3001/_next/static/chunks/0twy_next_dist_06yi1o8._.js:2482
[ 1178934ms] [LOG] [Fast Refresh] done in 513ms @ http://localhost:3001/_next/static/chunks/0twy_next_dist_06yi1o8._.js:2482
[ 1179112ms] [LOG] [Fast Refresh] rebuilding @ http://localhost:3001/_next/static/chunks/0twy_next_dist_06yi1o8._.js:2482
[ 1179291ms] [LOG] [Fast Refresh] done in 280ms @ http://localhost:3001/_next/static/chunks/0twy_next_dist_06yi1o8._.js:2482
[ 1179745ms] [LOG] [Fast Refresh] rebuilding @ http://localhost:3001/_next/static/chunks/0twy_next_dist_06yi1o8._.js:2482
[ 1179819ms] [LOG] [Fast Refresh] done in 175ms @ http://localhost:3001/_next/static/chunks/0twy_next_dist_06yi1o8._.js:2482
[ 1211899ms] [LOG] [Fast Refresh] rebuilding @ http://localhost:3001/_next/static/chunks/0twy_next_dist_06yi1o8._.js:2482
[ 1216730ms] [LOG] [Fast Refresh] done in 4931ms @ http://localhost:3001/_next/static/chunks/0twy_next_dist_06yi1o8._.js:2482
[ 1250342ms] [LOG] [Fast Refresh] rebuilding @ http://localhost:3001/_next/static/chunks/0twy_next_dist_06yi1o8._.js:2482
[ 1250712ms] [LOG] [Fast Refresh] done in 161ms @ http://localhost:3001/_next/static/chunks/0twy_next_dist_06yi1o8._.js:2482
[ 1285157ms] [LOG] [Fast Refresh] rebuilding @ http://localhost:3001/_next/static/chunks/0twy_next_dist_06yi1o8._.js:2482
[ 1285498ms] [LOG] [Fast Refresh] done in 145ms @ http://localhost:3001/_next/static/chunks/0twy_next_dist_06yi1o8._.js:2482
[ 1296090ms] [LOG] [Fast Refresh] rebuilding @ http://localhost:3001/_next/static/chunks/0twy_next_dist_06yi1o8._.js:2482
[ 1296203ms] [LOG] [Fast Refresh] done in 118ms @ http://localhost:3001/_next/static/chunks/0twy_next_dist_06yi1o8._.js:2482
[ 1314286ms] [LOG] [Fast Refresh] rebuilding @ http://localhost:3001/_next/static/chunks/0twy_next_dist_06yi1o8._.js:2482
[ 1314355ms] [LOG] [Fast Refresh] done in 71ms @ http://localhost:3001/_next/static/chunks/0twy_next_dist_06yi1o8._.js:2482
[ 1317720ms] [LOG] [Fast Refresh] rebuilding @ http://localhost:3001/_next/static/chunks/0twy_next_dist_06yi1o8._.js:2482
[ 1317773ms] [LOG] [Fast Refresh] done in 108ms @ http://localhost:3001/_next/static/chunks/0twy_next_dist_06yi1o8._.js:2482
[ 1333419ms] [LOG] [Fast Refresh] rebuilding @ http://localhost:3001/_next/static/chunks/0twy_next_dist_06yi1o8._.js:2482
[ 1333691ms] [LOG] [Fast Refresh] done in 183ms @ http://localhost:3001/_next/static/chunks/0twy_next_dist_06yi1o8._.js:2482
[ 1346028ms] [LOG] [Fast Refresh] rebuilding @ http://localhost:3001/_next/static/chunks/0twy_next_dist_06yi1o8._.js:2482
[ 1346527ms] [LOG] [Fast Refresh] done in 452ms @ http://localhost:3001/_next/static/chunks/0twy_next_dist_06yi1o8._.js:2482
[ 1355517ms] [LOG] [Fast Refresh] rebuilding @ http://localhost:3001/_next/static/chunks/0twy_next_dist_06yi1o8._.js:2482
[ 1355622ms] [LOG] [Fast Refresh] done in 125ms @ http://localhost:3001/_next/static/chunks/0twy_next_dist_06yi1o8._.js:2482
[ 1434771ms] [LOG] [Fast Refresh] rebuilding @ http://localhost:3001/_next/static/chunks/0twy_next_dist_06yi1o8._.js:2482
[ 1434901ms] [LOG] [Fast Refresh] done in 138ms @ http://localhost:3001/_next/static/chunks/0twy_next_dist_06yi1o8._.js:2482
[ 1448779ms] [LOG] [Fast Refresh] rebuilding @ http://localhost:3001/_next/static/chunks/0twy_next_dist_06yi1o8._.js:2482
[ 1448826ms] [LOG] [Fast Refresh] done in 84ms @ http://localhost:3001/_next/static/chunks/0twy_next_dist_06yi1o8._.js:2482
[ 1460523ms] [LOG] [Fast Refresh] rebuilding @ http://localhost:3001/_next/static/chunks/0twy_next_dist_06yi1o8._.js:2482
[ 1460777ms] [LOG] [Fast Refresh] done in 319ms @ http://localhost:3001/_next/static/chunks/0twy_next_dist_06yi1o8._.js:2482
[ 1469643ms] [LOG] [Fast Refresh] rebuilding @ http://localhost:3001/_next/static/chunks/0twy_next_dist_06yi1o8._.js:2482
[ 1469697ms] [LOG] [Fast Refresh] done in 74ms @ http://localhost:3001/_next/static/chunks/0twy_next_dist_06yi1o8._.js:2482
[ 1478889ms] [LOG] [Fast Refresh] rebuilding @ http://localhost:3001/_next/static/chunks/0twy_next_dist_06yi1o8._.js:2482
[ 1479110ms] [LOG] [Fast Refresh] done in 270ms @ http://localhost:3001/_next/static/chunks/0twy_next_dist_06yi1o8._.js:2482
[ 1493784ms] [LOG] [Fast Refresh] rebuilding @ http://localhost:3001/_next/static/chunks/0twy_next_dist_06yi1o8._.js:2482
[ 1493854ms] [LOG] [Fast Refresh] done in 114ms @ http://localhost:3001/_next/static/chunks/0twy_next_dist_06yi1o8._.js:2482
[ 1514937ms] [LOG] [Fast Refresh] rebuilding @ http://localhost:3001/_next/static/chunks/0twy_next_dist_06yi1o8._.js:2482
[ 1515099ms] [LOG] [Fast Refresh] done in 168ms @ http://localhost:3001/_next/static/chunks/0twy_next_dist_06yi1o8._.js:2482
[ 1531290ms] [LOG] [Fast Refresh] rebuilding @ http://localhost:3001/_next/static/chunks/0twy_next_dist_06yi1o8._.js:2482
[ 1531397ms] [LOG] [Fast Refresh] done in 153ms @ http://localhost:3001/_next/static/chunks/0twy_next_dist_06yi1o8._.js:2482
[ 1554677ms] [LOG] [Fast Refresh] rebuilding @ http://localhost:3001/_next/static/chunks/0twy_next_dist_06yi1o8._.js:2482
[ 1555023ms] [LOG] [Fast Refresh] done in 303ms @ http://localhost:3001/_next/static/chunks/0twy_next_dist_06yi1o8._.js:2482
[ 1595171ms] [LOG] [Fast Refresh] rebuilding @ http://localhost:3001/_next/static/chunks/0twy_next_dist_06yi1o8._.js:2482
[ 1595218ms] [LOG] [Fast Refresh] done in 98ms @ http://localhost:3001/_next/static/chunks/0twy_next_dist_06yi1o8._.js:2482
[ 1610644ms] [LOG] [Fast Refresh] rebuilding @ http://localhost:3001/_next/static/chunks/0twy_next_dist_06yi1o8._.js:2482
[ 1610784ms] [LOG] [Fast Refresh] done in 140ms @ http://localhost:3001/_next/static/chunks/0twy_next_dist_06yi1o8._.js:2482
[ 1629079ms] [LOG] [Fast Refresh] rebuilding @ http://localhost:3001/_next/static/chunks/0twy_next_dist_06yi1o8._.js:2482
[ 1629537ms] [LOG] [Fast Refresh] done in 340ms @ http://localhost:3001/_next/static/chunks/0twy_next_dist_06yi1o8._.js:2482
[ 1639987ms] [LOG] [Fast Refresh] rebuilding @ http://localhost:3001/_next/static/chunks/0twy_next_dist_06yi1o8._.js:2482
[ 1640120ms] [LOG] [Fast Refresh] done in 146ms @ http://localhost:3001/_next/static/chunks/0twy_next_dist_06yi1o8._.js:2482
[ 1689288ms] [LOG] [Fast Refresh] rebuilding @ http://localhost:3001/_next/static/chunks/0twy_next_dist_06yi1o8._.js:2482
[ 1690087ms] [LOG] [Fast Refresh] done in 901ms @ http://localhost:3001/_next/static/chunks/0twy_next_dist_06yi1o8._.js:2482
[ 1692646ms] [LOG] [Fast Refresh] rebuilding @ http://localhost:3001/_next/static/chunks/0twy_next_dist_06yi1o8._.js:2482
[ 1692810ms] [LOG] [Fast Refresh] done in 266ms @ http://localhost:3001/_next/static/chunks/0twy_next_dist_06yi1o8._.js:2482
[ 1693034ms] [LOG] [Fast Refresh] rebuilding @ http://localhost:3001/_next/static/chunks/0twy_next_dist_06yi1o8._.js:2482
[ 1693196ms] [LOG] [Fast Refresh] done in 263ms @ http://localhost:3001/_next/static/chunks/0twy_next_dist_06yi1o8._.js:2482
[ 1694426ms] [LOG] [Fast Refresh] rebuilding @ http://localhost:3001/_next/static/chunks/0twy_next_dist_06yi1o8._.js:2482
[ 1694869ms] [LOG] [Fast Refresh] done in 544ms @ http://localhost:3001/_next/static/chunks/0twy_next_dist_06yi1o8._.js:2482
[ 1695815ms] [LOG] [Fast Refresh] rebuilding @ http://localhost:3001/_next/static/chunks/0twy_next_dist_06yi1o8._.js:2482
[ 1695856ms] [LOG] [Fast Refresh] done in 144ms @ http://localhost:3001/_next/static/chunks/0twy_next_dist_06yi1o8._.js:2482
[ 1696553ms] [LOG] [Fast Refresh] rebuilding @ http://localhost:3001/_next/static/chunks/0twy_next_dist_06yi1o8._.js:2482
[ 1696556ms] [LOG] [Fast Refresh] done in 104ms @ http://localhost:3001/_next/static/chunks/0twy_next_dist_06yi1o8._.js:2482
[ 1767592ms] [LOG] [Fast Refresh] rebuilding @ http://localhost:3001/_next/static/chunks/0twy_next_dist_06yi1o8._.js:2482
[ 1767610ms] [LOG] [Fast Refresh] done in 120ms @ http://localhost:3001/_next/static/chunks/0twy_next_dist_06yi1o8._.js:2482
[ 1768161ms] [LOG] [Fast Refresh] rebuilding @ http://localhost:3001/_next/static/chunks/0twy_next_dist_06yi1o8._.js:2482
[ 1768219ms] [LOG] [Fast Refresh] done in 160ms @ http://localhost:3001/_next/static/chunks/0twy_next_dist_06yi1o8._.js:2482
[ 1769058ms] [LOG] [Fast Refresh] rebuilding @ http://localhost:3001/_next/static/chunks/0twy_next_dist_06yi1o8._.js:2482
[ 1769076ms] [LOG] [Fast Refresh] done in 120ms @ http://localhost:3001/_next/static/chunks/0twy_next_dist_06yi1o8._.js:2482
[ 2055646ms] [LOG] [Fast Refresh] rebuilding @ http://localhost:3001/_next/static/chunks/0twy_next_dist_06yi1o8._.js:2482
[ 2055671ms] [LOG] [Fast Refresh] done in 127ms @ http://localhost:3001/_next/static/chunks/0twy_next_dist_06yi1o8._.js:2482
[ 2056248ms] [LOG] [Fast Refresh] rebuilding @ http://localhost:3001/_next/static/chunks/0twy_next_dist_06yi1o8._.js:2482
[ 2056563ms] [LOG] [Fast Refresh] done in 417ms @ http://localhost:3001/_next/static/chunks/0twy_next_dist_06yi1o8._.js:2482
[ 2067882ms] [LOG] [Fast Refresh] rebuilding @ http://localhost:3001/_next/static/chunks/0twy_next_dist_06yi1o8._.js:2482
[ 2068453ms] [LOG] [Fast Refresh] done in 178ms @ http://localhost:3001/_next/static/chunks/0twy_next_dist_06yi1o8._.js:2482
[ 2077751ms] [LOG] [Fast Refresh] rebuilding @ http://localhost:3001/_next/static/chunks/0twy_next_dist_06yi1o8._.js:2482
[ 2077836ms] [LOG] [Fast Refresh] done in 147ms @ http://localhost:3001/_next/static/chunks/0twy_next_dist_06yi1o8._.js:2482
[ 2077948ms] [LOG] [Fast Refresh] rebuilding @ http://localhost:3001/_next/static/chunks/0twy_next_dist_06yi1o8._.js:2482
[ 2078212ms] [LOG] [Fast Refresh] done in 365ms @ http://localhost:3001/_next/static/chunks/0twy_next_dist_06yi1o8._.js:2482
[ 2090331ms] [LOG] [Fast Refresh] rebuilding @ http://localhost:3001/_next/static/chunks/0twy_next_dist_06yi1o8._.js:2482
[ 2090412ms] [LOG] [Fast Refresh] done in 148ms @ http://localhost:3001/_next/static/chunks/0twy_next_dist_06yi1o8._.js:2482
[ 2091843ms] [LOG] [Fast Refresh] rebuilding @ http://localhost:3001/_next/static/chunks/0twy_next_dist_06yi1o8._.js:2482
[ 2091899ms] [LOG] [Fast Refresh] done in 95ms @ http://localhost:3001/_next/static/chunks/0twy_next_dist_06yi1o8._.js:2482
[ 2097110ms] [LOG] [Fast Refresh] rebuilding @ http://localhost:3001/_next/static/chunks/0twy_next_dist_06yi1o8._.js:2482
[ 2097280ms] [LOG] [Fast Refresh] done in 150ms @ http://localhost:3001/_next/static/chunks/0twy_next_dist_06yi1o8._.js:2482
[ 2099216ms] [LOG] [Fast Refresh] rebuilding @ http://localhost:3001/_next/static/chunks/0twy_next_dist_06yi1o8._.js:2482
[ 2099279ms] [LOG] [Fast Refresh] done in 90ms @ http://localhost:3001/_next/static/chunks/0twy_next_dist_06yi1o8._.js:2482
[ 2114952ms] [LOG] [Fast Refresh] rebuilding @ http://localhost:3001/_next/static/chunks/0twy_next_dist_06yi1o8._.js:2482
[ 2115062ms] [LOG] [Fast Refresh] done in 176ms @ http://localhost:3001/_next/static/chunks/0twy_next_dist_06yi1o8._.js:2482
[ 2115164ms] [LOG] [Fast Refresh] rebuilding @ http://localhost:3001/_next/static/chunks/0twy_next_dist_06yi1o8._.js:2482
[ 2115356ms] [LOG] [Fast Refresh] done in 294ms @ http://localhost:3001/_next/static/chunks/0twy_next_dist_06yi1o8._.js:2482
[ 2129486ms] [LOG] [Fast Refresh] rebuilding @ http://localhost:3001/_next/static/chunks/0twy_next_dist_06yi1o8._.js:2482
[ 2131029ms] [LOG] [Fast Refresh] done in 1575ms @ http://localhost:3001/_next/static/chunks/0twy_next_dist_06yi1o8._.js:2482
[ 2148780ms] [LOG] [Fast Refresh] rebuilding @ http://localhost:3001/_next/static/chunks/0twy_next_dist_06yi1o8._.js:2482
[ 2148884ms] [LOG] [Fast Refresh] done in 173ms @ http://localhost:3001/_next/static/chunks/0twy_next_dist_06yi1o8._.js:2482
[ 2149106ms] [LOG] [Fast Refresh] rebuilding @ http://localhost:3001/_next/static/chunks/0twy_next_dist_06yi1o8._.js:2482
[ 2149414ms] [LOG] [Fast Refresh] done in 409ms @ http://localhost:3001/_next/static/chunks/0twy_next_dist_06yi1o8._.js:2482
[ 2157284ms] [LOG] [Fast Refresh] rebuilding @ http://localhost:3001/_next/static/chunks/0twy_next_dist_06yi1o8._.js:2482
[ 2157451ms] [LOG] [Fast Refresh] done in 231ms @ http://localhost:3001/_next/static/chunks/0twy_next_dist_06yi1o8._.js:2482
[ 2168139ms] [LOG] [Fast Refresh] rebuilding @ http://localhost:3001/_next/static/chunks/0twy_next_dist_06yi1o8._.js:2482
[ 2169095ms] [LOG] [Fast Refresh] done in 1053ms @ http://localhost:3001/_next/static/chunks/0twy_next_dist_06yi1o8._.js:2482
[ 2173903ms] [LOG] [Fast Refresh] rebuilding @ http://localhost:3001/_next/static/chunks/0twy_next_dist_06yi1o8._.js:2482
[ 2174042ms] [LOG] [Fast Refresh] done in 130ms @ http://localhost:3001/_next/static/chunks/0twy_next_dist_06yi1o8._.js:2482
[ 2189292ms] [LOG] [Fast Refresh] rebuilding @ http://localhost:3001/_next/static/chunks/0twy_next_dist_06yi1o8._.js:2482
[ 2190666ms] [LOG] [Fast Refresh] done in 1262ms @ http://localhost:3001/_next/static/chunks/0twy_next_dist_06yi1o8._.js:2482
[ 2190932ms] [LOG] [Fast Refresh] rebuilding @ http://localhost:3001/_next/static/chunks/0twy_next_dist_06yi1o8._.js:2482
[ 2191080ms] [LOG] [Fast Refresh] done in 250ms @ http://localhost:3001/_next/static/chunks/0twy_next_dist_06yi1o8._.js:2482
[ 2203083ms] [LOG] [Fast Refresh] rebuilding @ http://localhost:3001/_next/static/chunks/0twy_next_dist_06yi1o8._.js:2482
[ 2203192ms] [LOG] [Fast Refresh] done in 137ms @ http://localhost:3001/_next/static/chunks/0twy_next_dist_06yi1o8._.js:2482
[ 2227587ms] [LOG] [Fast Refresh] rebuilding @ http://localhost:3001/_next/static/chunks/0twy_next_dist_06yi1o8._.js:2482
[ 2228530ms] [LOG] [Fast Refresh] done in 645ms @ http://localhost:3001/_next/static/chunks/0twy_next_dist_06yi1o8._.js:2482
[ 2249993ms] [LOG] [Fast Refresh] rebuilding @ http://localhost:3001/_next/static/chunks/0twy_next_dist_06yi1o8._.js:2482
[ 2250160ms] [LOG] [Fast Refresh] done in 185ms @ http://localhost:3001/_next/static/chunks/0twy_next_dist_06yi1o8._.js:2482
[ 2256723ms] [LOG] [Fast Refresh] rebuilding @ http://localhost:3001/_next/static/chunks/0twy_next_dist_06yi1o8._.js:2482
[ 2256803ms] [LOG] [Fast Refresh] done in 116ms @ http://localhost:3001/_next/static/chunks/0twy_next_dist_06yi1o8._.js:2482
[ 2297348ms] [LOG] [Fast Refresh] rebuilding @ http://localhost:3001/_next/static/chunks/0twy_next_dist_06yi1o8._.js:2482
[ 2297412ms] [LOG] [Fast Refresh] done in 118ms @ http://localhost:3001/_next/static/chunks/0twy_next_dist_06yi1o8._.js:2482
[ 2450617ms] [LOG] [Fast Refresh] rebuilding @ http://localhost:3001/_next/static/chunks/0twy_next_dist_06yi1o8._.js:2482
[ 2450644ms] [LOG] [Fast Refresh] done in 129ms @ http://localhost:3001/_next/static/chunks/0twy_next_dist_06yi1o8._.js:2482
[ 2488659ms] [LOG] [Fast Refresh] rebuilding @ http://localhost:3001/_next/static/chunks/0twy_next_dist_06yi1o8._.js:2482
[ 2488838ms] [LOG] [Fast Refresh] done in 279ms @ http://localhost:3001/_next/static/chunks/0twy_next_dist_06yi1o8._.js:2482
[ 2488946ms] [LOG] [Fast Refresh] rebuilding @ http://localhost:3001/_next/static/chunks/0twy_next_dist_06yi1o8._.js:2482
[ 2489444ms] [LOG] [Fast Refresh] done in 599ms @ http://localhost:3001/_next/static/chunks/0twy_next_dist_06yi1o8._.js:2482
[ 2494655ms] [LOG] [Fast Refresh] rebuilding @ http://localhost:3001/_next/static/chunks/0twy_next_dist_06yi1o8._.js:2482
[ 2494748ms] [LOG] [Fast Refresh] done in 195ms @ http://localhost:3001/_next/static/chunks/0twy_next_dist_06yi1o8._.js:2482
[ 2494907ms] [LOG] [Fast Refresh] rebuilding @ http://localhost:3001/_next/static/chunks/0twy_next_dist_06yi1o8._.js:2482
[ 2495226ms] [LOG] [Fast Refresh] done in 420ms @ http://localhost:3001/_next/static/chunks/0twy_next_dist_06yi1o8._.js:2482
[ 2500803ms] [LOG] [Fast Refresh] rebuilding @ http://localhost:3001/_next/static/chunks/0twy_next_dist_06yi1o8._.js:2482
[ 2500972ms] [LOG] [Fast Refresh] done in 271ms @ http://localhost:3001/_next/static/chunks/0twy_next_dist_06yi1o8._.js:2482
[ 2503547ms] [LOG] [Fast Refresh] rebuilding @ http://localhost:3001/_next/static/chunks/0twy_next_dist_06yi1o8._.js:2482
[ 2503625ms] [LOG] [Fast Refresh] done in 180ms @ http://localhost:3001/_next/static/chunks/0twy_next_dist_06yi1o8._.js:2482
[ 2504387ms] [LOG] [Fast Refresh] rebuilding @ http://localhost:3001/_next/static/chunks/0twy_next_dist_06yi1o8._.js:2482
[ 2504934ms] [LOG] [Fast Refresh] done in 649ms @ http://localhost:3001/_next/static/chunks/0twy_next_dist_06yi1o8._.js:2482
[ 2505223ms] [LOG] [Fast Refresh] rebuilding @ http://localhost:3001/_next/static/chunks/0twy_next_dist_06yi1o8._.js:2482
[ 2505272ms] [LOG] [Fast Refresh] done in 150ms @ http://localhost:3001/_next/static/chunks/0twy_next_dist_06yi1o8._.js:2482
[ 2510370ms] [LOG] [Fast Refresh] rebuilding @ http://localhost:3001/_next/static/chunks/0twy_next_dist_06yi1o8._.js:2482
[ 2510427ms] [LOG] [Fast Refresh] done in 159ms @ http://localhost:3001/_next/static/chunks/0twy_next_dist_06yi1o8._.js:2482
[ 2529778ms] [LOG] [Fast Refresh] rebuilding @ http://localhost:3001/_next/static/chunks/0twy_next_dist_06yi1o8._.js:2482
[ 2529969ms] [LOG] [Fast Refresh] done in 294ms @ http://localhost:3001/_next/static/chunks/0twy_next_dist_06yi1o8._.js:2482
[ 2539806ms] [LOG] [Fast Refresh] rebuilding @ http://localhost:3001/_next/static/chunks/0twy_next_dist_06yi1o8._.js:2482
[ 2540009ms] [LOG] [Fast Refresh] done in 304ms @ http://localhost:3001/_next/static/chunks/0twy_next_dist_06yi1o8._.js:2482
[ 2596239ms] [LOG] [Fast Refresh] rebuilding @ http://localhost:3001/_next/static/chunks/0twy_next_dist_06yi1o8._.js:2482
[ 2597708ms] [LOG] [Fast Refresh] done in 1502ms @ http://localhost:3001/_next/static/chunks/0twy_next_dist_06yi1o8._.js:2482
[ 2618111ms] [LOG] [Fast Refresh] rebuilding @ http://localhost:3001/_next/static/chunks/0twy_next_dist_06yi1o8._.js:2482
[ 2618222ms] [LOG] [Fast Refresh] done in 158ms @ http://localhost:3001/_next/static/chunks/0twy_next_dist_06yi1o8._.js:2482
[ 2636586ms] [LOG] [PostHog.js] [SessionId] new session ID generated {sessionId: 019eeb5d-6978-7591-b656-17dd645152f4, windowId: 019eeb5d-6978-7591-b656-17de9f33ada6, changeReason: Object} @ http://localhost:3001/_next/static/chunks/0twy_next_dist_06yi1o8._.js:2482
[ 2636589ms] [LOG] [PostHog.js] send "$$heatmap" {uuid: 019eeb5d-6972-7a58-87db-97cfa9f74dd4, event: $$heatmap, properties: Object, timestamp: Sun Jun 21 2026 18:07:08 GMT+0000 (heure moyenne de Greenwich)} @ http://localhost:3001/_next/static/chunks/0twy_next_dist_06yi1o8._.js:2482
[ 2641550ms] [LOG] [Fast Refresh] rebuilding @ http://localhost:3001/_next/static/chunks/0twy_next_dist_06yi1o8._.js:2482
[ 2641652ms] [LOG] [Fast Refresh] done in 203ms @ http://localhost:3001/_next/static/chunks/0twy_next_dist_06yi1o8._.js:2482
[ 2642733ms] [LOG] [Fast Refresh] rebuilding @ http://localhost:3001/_next/static/chunks/0twy_next_dist_06yi1o8._.js:2482
[ 2642778ms] [LOG] [Fast Refresh] done in 146ms @ http://localhost:3001/_next/static/chunks/0twy_next_dist_06yi1o8._.js:2482
[ 2643668ms] [LOG] [Fast Refresh] rebuilding @ http://localhost:3001/_next/static/chunks/0twy_next_dist_06yi1o8._.js:2482
[ 2643712ms] [LOG] [Fast Refresh] done in 144ms @ http://localhost:3001/_next/static/chunks/0twy_next_dist_06yi1o8._.js:2482
[ 2644507ms] [LOG] [Fast Refresh] rebuilding @ http://localhost:3001/_next/static/chunks/0twy_next_dist_06yi1o8._.js:2482
[ 2644530ms] [LOG] [Fast Refresh] done in 124ms @ http://localhost:3001/_next/static/chunks/0twy_next_dist_06yi1o8._.js:2482
[ 2645263ms] [LOG] [Fast Refresh] rebuilding @ http://localhost:3001/_next/static/chunks/0twy_next_dist_06yi1o8._.js:2482
[ 2645299ms] [LOG] [Fast Refresh] done in 137ms @ http://localhost:3001/_next/static/chunks/0twy_next_dist_06yi1o8._.js:2482
[ 2646002ms] [LOG] [Fast Refresh] rebuilding @ http://localhost:3001/_next/static/chunks/0twy_next_dist_06yi1o8._.js:2482
[ 2646032ms] [LOG] [Fast Refresh] done in 132ms @ http://localhost:3001/_next/static/chunks/0twy_next_dist_06yi1o8._.js:2482
[ 2646734ms] [LOG] [Fast Refresh] rebuilding @ http://localhost:3001/_next/static/chunks/0twy_next_dist_06yi1o8._.js:2482
[ 2646767ms] [LOG] [Fast Refresh] done in 133ms @ http://localhost:3001/_next/static/chunks/0twy_next_dist_06yi1o8._.js:2482
[ 2647471ms] [LOG] [Fast Refresh] rebuilding @ http://localhost:3001/_next/static/chunks/0twy_next_dist_06yi1o8._.js:2482
[ 2647534ms] [LOG] [Fast Refresh] done in 164ms @ http://localhost:3001/_next/static/chunks/0twy_next_dist_06yi1o8._.js:2482
[ 2648672ms] [LOG] [Fast Refresh] rebuilding @ http://localhost:3001/_next/static/chunks/0twy_next_dist_06yi1o8._.js:2482
[ 2648718ms] [LOG] [Fast Refresh] done in 148ms @ http://localhost:3001/_next/static/chunks/0twy_next_dist_06yi1o8._.js:2482
[ 2665590ms] [LOG] [PostHog.js] send "$autocapture" {uuid: 019eeb5d-dac5-7d70-b02a-c407bbebd8ed, event: $autocapture, properties: Object, timestamp: Sun Jun 21 2026 18:07:37 GMT+0000 (heure moyenne de Greenwich)} @ http://localhost:3001/_next/static/chunks/0twy_next_dist_06yi1o8._.js:2482
[ 2666573ms] [LOG] [PostHog.js] send "$$heatmap" {uuid: 019eeb5d-de9c-71c5-b452-63c5ab45a643, event: $$heatmap, properties: Object, timestamp: Sun Jun 21 2026 18:07:38 GMT+0000 (heure moyenne de Greenwich)} @ http://localhost:3001/_next/static/chunks/0twy_next_dist_06yi1o8._.js:2482
[ 2666654ms] [LOG] [PostHog.js] send "$autocapture" {uuid: 019eeb5d-deed-7fe9-8766-4f85e27793f9, event: $autocapture, properties: Object, timestamp: Sun Jun 21 2026 18:07:38 GMT+0000 (heure moyenne de Greenwich)} @ http://localhost:3001/_next/static/chunks/0twy_next_dist_06yi1o8._.js:2482
[ 2668746ms] [LOG] [Fast Refresh] rebuilding @ http://localhost:3001/_next/static/chunks/0twy_next_dist_06yi1o8._.js:2482
[ 2668887ms] [LOG] [Fast Refresh] done in 198ms @ http://localhost:3001/_next/static/chunks/0twy_next_dist_06yi1o8._.js:2482
[ 2670629ms] [LOG] [PostHog.js] send "$web_vitals" {uuid: 019eeb5d-ee74-7a28-a1e7-25e27ed8d2d8, event: $web_vitals, properties: Object, timestamp: Sun Jun 21 2026 18:07:42 GMT+0000 (heure moyenne de Greenwich)} @ http://localhost:3001/_next/static/chunks/0twy_next_dist_06yi1o8._.js:2482
[ 2670821ms] [LOG] [Fast Refresh] rebuilding @ http://localhost:3001/_next/static/chunks/0twy_next_dist_06yi1o8._.js:2482
[ 2671262ms] [LOG] [Fast Refresh] done in 543ms @ http://localhost:3001/_next/static/chunks/0twy_next_dist_06yi1o8._.js:2482
[ 2671574ms] [LOG] [PostHog.js] send "$$heatmap" {uuid: 019eeb5d-f224-7905-83e1-8d836d7695ef, event: $$heatmap, properties: Object, timestamp: Sun Jun 21 2026 18:07:43 GMT+0000 (heure moyenne de Greenwich)} @ http://localhost:3001/_next/static/chunks/0twy_next_dist_06yi1o8._.js:2482
[ 2686572ms] [LOG] [PostHog.js] send "$$heatmap" {uuid: 019eeb5e-2cbb-7a77-a695-a3cdbab91606, event: $$heatmap, properties: Object, timestamp: Sun Jun 21 2026 18:07:58 GMT+0000 (heure moyenne de Greenwich)} @ http://localhost:3001/_next/static/chunks/0twy_next_dist_06yi1o8._.js:2482
[ 2687411ms] [LOG] [Fast Refresh] rebuilding @ http://localhost:3001/_next/static/chunks/0twy_next_dist_06yi1o8._.js:2482
[ 2687486ms] [LOG] [Fast Refresh] done in 135ms @ http://localhost:3001/_next/static/chunks/0twy_next_dist_06yi1o8._.js:2482
[ 2691572ms] [LOG] [PostHog.js] send "$$heatmap" {uuid: 019eeb5e-4043-784a-b829-0380581f2634, event: $$heatmap, properties: Object, timestamp: Sun Jun 21 2026 18:08:03 GMT+0000 (heure moyenne de Greenwich)} @ http://localhost:3001/_next/static/chunks/0twy_next_dist_06yi1o8._.js:2482
[ 2696572ms] [LOG] [PostHog.js] send "$$heatmap" {uuid: 019eeb5e-53cb-7554-a450-37ddafecadb4, event: $$heatmap, properties: Object, timestamp: Sun Jun 21 2026 18:08:08 GMT+0000 (heure moyenne de Greenwich)} @ http://localhost:3001/_next/static/chunks/0twy_next_dist_06yi1o8._.js:2482
[ 2701572ms] [LOG] [PostHog.js] send "$$heatmap" {uuid: 019eeb5e-6753-74c9-aefa-c98c795dbf86, event: $$heatmap, properties: Object, timestamp: Sun Jun 21 2026 18:08:13 GMT+0000 (heure moyenne de Greenwich)} @ http://localhost:3001/_next/static/chunks/0twy_next_dist_06yi1o8._.js:2482
[ 2709449ms] [LOG] [Fast Refresh] rebuilding @ http://localhost:3001/_next/static/chunks/0twy_next_dist_06yi1o8._.js:2482
[ 2709498ms] [LOG] [Fast Refresh] done in 149ms @ http://localhost:3001/_next/static/chunks/0twy_next_dist_06yi1o8._.js:2482
[ 2710168ms] [LOG] [Fast Refresh] rebuilding @ http://localhost:3001/_next/static/chunks/0twy_next_dist_06yi1o8._.js:2482
[ 2710186ms] [LOG] [Fast Refresh] done in 119ms @ http://localhost:3001/_next/static/chunks/0twy_next_dist_06yi1o8._.js:2482
[ 2710791ms] [LOG] [Fast Refresh] rebuilding @ http://localhost:3001/_next/static/chunks/0twy_next_dist_06yi1o8._.js:2482
[ 2710857ms] [LOG] [Fast Refresh] done in 167ms @ http://localhost:3001/_next/static/chunks/0twy_next_dist_06yi1o8._.js:2482
[ 2711348ms] [LOG] [Fast Refresh] rebuilding @ http://localhost:3001/_next/static/chunks/0twy_next_dist_06yi1o8._.js:2482
[ 2711375ms] [LOG] [Fast Refresh] done in 129ms @ http://localhost:3001/_next/static/chunks/0twy_next_dist_06yi1o8._.js:2482
[ 2711573ms] [LOG] [PostHog.js] send "$$heatmap" {uuid: 019eeb5e-8e64-7a3e-b0b1-c9232e926071, event: $$heatmap, properties: Object, timestamp: Sun Jun 21 2026 18:08:23 GMT+0000 (heure moyenne de Greenwich)} @ http://localhost:3001/_next/static/chunks/0twy_next_dist_06yi1o8._.js:2482
[ 2711946ms] [LOG] [Fast Refresh] rebuilding @ http://localhost:3001/_next/static/chunks/0twy_next_dist_06yi1o8._.js:2482
[ 2711965ms] [LOG] [Fast Refresh] done in 120ms @ http://localhost:3001/_next/static/chunks/0twy_next_dist_06yi1o8._.js:2482
[ 2712519ms] [LOG] [Fast Refresh] rebuilding @ http://localhost:3001/_next/static/chunks/0twy_next_dist_06yi1o8._.js:2482
[ 2712577ms] [LOG] [Fast Refresh] done in 161ms @ http://localhost:3001/_next/static/chunks/0twy_next_dist_06yi1o8._.js:2482
[ 2713081ms] [LOG] [Fast Refresh] rebuilding @ http://localhost:3001/_next/static/chunks/0twy_next_dist_06yi1o8._.js:2482
[ 2713096ms] [LOG] [Fast Refresh] done in 115ms @ http://localhost:3001/_next/static/chunks/0twy_next_dist_06yi1o8._.js:2482
[ 2713635ms] [LOG] [Fast Refresh] rebuilding @ http://localhost:3001/_next/static/chunks/0twy_next_dist_06yi1o8._.js:2482
[ 2713679ms] [LOG] [Fast Refresh] done in 145ms @ http://localhost:3001/_next/static/chunks/0twy_next_dist_06yi1o8._.js:2482
