[       5ms] [LOG] [PostHog.js] send "$$heatmap" {uuid: 019eeaba-c8ec-72ad-9bdf-f42bc30474c9, event: $$heatmap, properties: Object, timestamp: Sun Jun 21 2026 15:09:30 GMT+0000 (heure moyenne de Greenwich)} @ http://localhost:3001/_next/static/chunks/0twy_next_dist_06yi1o8._.js:2482
[     108ms] [LOG] [PostHog.js] send "$pageleave" {uuid: 019eeaba-c953-7da3-92ff-25006e232578, event: $pageleave, properties: Object, timestamp: Sun Jun 21 2026 15:09:30 GMT+0000 (heure moyenne de Greenwich)} @ http://localhost:3001/_next/static/chunks/0twy_next_dist_06yi1o8._.js:2482
[     110ms] [ERROR] [PostHog.js] TypeError: Failed to fetch
    at method (http://localhost:3001/_next/static/chunks/036~_posthog-js_dist_module_0gzr43h.js:3106:9)
    at http://localhost:3001/_next/static/chunks/036~_posthog-js_dist_module_0gzr43h.js:5682:13
    at qo._send_request (http://localhost:3001/_next/static/chunks/036~_posthog-js_dist_module_0gzr43h.js:5683:11)
    at go.retriableRequest (http://localhost:3001/_next/static/chunks/036~_posthog-js_dist_module_0gzr43h.js:4700:29)
    at qo.Kr (http://localhost:3001/_next/static/chunks/036~_posthog-js_dist_module_0gzr43h.js:5692:27)
    at fo.Te (http://localhost:3001/_next/static/chunks/036~_posthog-js_dist_module_0gzr43h.js:5531:40)
    at e (http://localhost:3001/_next/static/chunks/036~_posthog-js_dist_module_0gzr43h.js:4663:27)
    at http://localhost:3001/_next/static/chunks/036~_posthog-js_dist_module_0gzr43h.js:4665:32 @ http://localhost:3001/_next/static/chunks/0twy_next_dist_06yi1o8._.js:3323
[     111ms] [WARNING] [PostHog.js] Enqueued failed request for retry in 2696 @ http://localhost:3001/_next/static/chunks/0twy_next_dist_06yi1o8._.js:2482
[     193ms] [LOG] [PostHog.js] set_config {config: Object, oldConfig: Object, newConfig: Object} @ http://localhost:3001/_next/static/chunks/036~_posthog-js_dist_module_0gzr43h.js:878
[     194ms] [LOG] [PostHog.js] Persistence loaded localStorage+cookie {distinct_id: 019eea13-5def-7b1c-975b-49305a733d4a, $sesid: Array(3), $initial_person_info: Object, $initialization_time: 2026-06-21T15:08:32.288Z, $configured_session_timeout_ms: 1800000} @ http://localhost:3001/_next/static/chunks/036~_posthog-js_dist_module_0gzr43h.js:878
[     194ms] [LOG] [PostHog.js] Persistence loaded sessionStorage {$sdk_debug_extensions_init_method: synchronous, $sdk_debug_extensions_init_time_ms: 2, $referrer: $direct, $referring_domain: $direct} @ http://localhost:3001/_next/static/chunks/036~_posthog-js_dist_module_0gzr43h.js:878
[     195ms] [LOG] [PostHog.js] Initializing extensions synchronously @ http://localhost:3001/_next/static/chunks/036~_posthog-js_dist_module_0gzr43h.js:878
[     195ms] [LOG] [PostHog.js] History API monitoring enabled, starting... @ http://localhost:3001/_next/static/chunks/036~_posthog-js_dist_module_0gzr43h.js:878
[     195ms] [LOG] [PostHog.js] [Heatmaps] starting... @ http://localhost:3001/_next/static/chunks/036~_posthog-js_dist_module_0gzr43h.js:878
[     196ms] [LOG] [PostHog.js] [Web Vitals] enabled, starting... @ http://localhost:3001/_next/static/chunks/036~_posthog-js_dist_module_0gzr43h.js:878
[     196ms] [LOG] [PostHog.js] [ExceptionAutocapture] enabled @ http://localhost:3001/_next/static/chunks/036~_posthog-js_dist_module_0gzr43h.js:878
[     196ms] [LOG] [PostHog.js] [ExceptionAutocapture] enabled @ http://localhost:3001/_next/static/chunks/036~_posthog-js_dist_module_0gzr43h.js:878
[     196ms] [LOG] [PostHog.js] Starting in debug mode {this: qo, config: Object, thisC: Object, p: Object, s: Object} @ http://localhost:3001/_next/static/chunks/036~_posthog-js_dist_module_0gzr43h.js:878
[     200ms] [INFO] %cDownload the React DevTools for a better development experience: https://react.dev/link/react-devtools font-weight:bold @ http://localhost:3001/_next/static/chunks/0twy_next_dist_06yi1o8._.js:2482
[     210ms] [LOG] [PostHog.js] [Dead Clicks] starting... @ http://localhost:3001/_next/static/chunks/0twy_next_dist_06yi1o8._.js:2482
[     211ms] [LOG] [PostHog.js] [RemoteConfig] __preview_remote_config is disabled. Logging config instead {analytics: Object, autocaptureExceptions: true, autocapture_opt_out: false, captureDeadClicks: false, capturePerformance: Object} @ http://localhost:3001/_next/static/chunks/0twy_next_dist_06yi1o8._.js:2482
[     216ms] [LOG] [PostHog.js] send "$pageview" {uuid: 019eeaba-c9be-7e9a-86fb-2a0cca814d1d, event: $pageview, properties: Object, timestamp: Sun Jun 21 2026 15:09:30 GMT+0000 (heure moyenne de Greenwich)} @ http://localhost:3001/_next/static/chunks/0twy_next_dist_06yi1o8._.js:2482
[     228ms] [LOG] [HMR] connected @ http://localhost:3001/_next/static/chunks/0twy_next_dist_06yi1o8._.js:2482
[     674ms] [LOG] [PostHog.js] Persistence loaded sessionStorage {$sdk_debug_extensions_init_method: synchronous, $sdk_debug_extensions_init_time_ms: 2, $referrer: $direct, $referring_domain: $direct} @ http://localhost:3001/_next/static/chunks/0twy_next_dist_06yi1o8._.js:2482
[     674ms] [LOG] [PostHog.js] set_config {config: Object, oldConfig: Object, newConfig: Object} @ http://localhost:3001/_next/static/chunks/0twy_next_dist_06yi1o8._.js:2482
[     674ms] [LOG] [PostHog.js] [ExceptionAutocapture] enabled @ http://localhost:3001/_next/static/chunks/0twy_next_dist_06yi1o8._.js:2482
[     674ms] [LOG] [PostHog.js] [Surveys] flags response received, isSurveysEnabled: false @ http://localhost:3001/_next/static/chunks/0twy_next_dist_06yi1o8._.js:2482
[     675ms] [LOG] [PostHog.js] [ExceptionAutocapture] enabled @ http://localhost:3001/_next/static/chunks/0twy_next_dist_06yi1o8._.js:2482
[     676ms] [LOG] [PostHog.js] [Surveys] Surveys loaded successfully @ http://localhost:3001/_next/static/chunks/0twy_next_dist_06yi1o8._.js:2482
[    5197ms] [LOG] [PostHog.js] send "$$heatmap" {uuid: 019eeaba-dd34-79ef-a95c-1b570fd3d8ba, event: $$heatmap, properties: Object, timestamp: Sun Jun 21 2026 15:09:35 GMT+0000 (heure moyenne de Greenwich)} @ http://localhost:3001/_next/static/chunks/0twy_next_dist_06yi1o8._.js:2482
[    5221ms] [LOG] [PostHog.js] send "$web_vitals" {uuid: 019eeaba-dd4b-7e7e-a11c-89e02ee29997, event: $web_vitals, properties: Object, timestamp: Sun Jun 21 2026 15:09:35 GMT+0000 (heure moyenne de Greenwich)} @ http://localhost:3001/_next/static/chunks/0twy_next_dist_06yi1o8._.js:2482
[   10197ms] [LOG] [PostHog.js] send "$$heatmap" {uuid: 019eeaba-f0bc-734c-ae96-7abb7035b7eb, event: $$heatmap, properties: Object, timestamp: Sun Jun 21 2026 15:09:40 GMT+0000 (heure moyenne de Greenwich)} @ http://localhost:3001/_next/static/chunks/0twy_next_dist_06yi1o8._.js:2482
[   26607ms] [LOG] [PostHog.js] send "$autocapture" {uuid: 019eeabb-30d6-7ee0-8d34-58b2583da7d8, event: $autocapture, properties: Object, timestamp: Sun Jun 21 2026 15:09:56 GMT+0000 (heure moyenne de Greenwich)} @ http://localhost:3001/_next/static/chunks/0twy_next_dist_06yi1o8._.js:2482
[   30197ms] [LOG] [PostHog.js] send "$$heatmap" {uuid: 019eeabb-3edc-75dd-a1fa-0676ad3997b0, event: $$heatmap, properties: Object, timestamp: Sun Jun 21 2026 15:10:00 GMT+0000 (heure moyenne de Greenwich)} @ http://localhost:3001/_next/static/chunks/0twy_next_dist_06yi1o8._.js:2482
[   48684ms] [LOG] [PostHog.js] send "$autocapture" {uuid: 019eeabb-8713-711a-8d08-7d24070774b5, event: $autocapture, properties: Object, timestamp: Sun Jun 21 2026 15:10:18 GMT+0000 (heure moyenne de Greenwich)} @ http://localhost:3001/_next/static/chunks/0twy_next_dist_06yi1o8._.js:2482
[   50197ms] [LOG] [PostHog.js] send "$$heatmap" {uuid: 019eeabb-8cfc-7450-a457-bc566661edb0, event: $$heatmap, properties: Object, timestamp: Sun Jun 21 2026 15:10:20 GMT+0000 (heure moyenne de Greenwich)} @ http://localhost:3001/_next/static/chunks/0twy_next_dist_06yi1o8._.js:2482
[   55198ms] [LOG] [PostHog.js] send "$$heatmap" {uuid: 019eeabb-a085-7c92-a71d-cc7aaf5949b5, event: $$heatmap, properties: Object, timestamp: Sun Jun 21 2026 15:10:25 GMT+0000 (heure moyenne de Greenwich)} @ http://localhost:3001/_next/static/chunks/0twy_next_dist_06yi1o8._.js:2482
[   60197ms] [LOG] [PostHog.js] send "$$heatmap" {uuid: 019eeabb-b40c-7305-a559-c96f6ae0780f, event: $$heatmap, properties: Object, timestamp: Sun Jun 21 2026 15:10:30 GMT+0000 (heure moyenne de Greenwich)} @ http://localhost:3001/_next/static/chunks/0twy_next_dist_06yi1o8._.js:2482
[   65199ms] [LOG] [PostHog.js] send "$$heatmap" {uuid: 019eeabb-c795-758b-81ed-ca83ccaae371, event: $$heatmap, properties: Object, timestamp: Sun Jun 21 2026 15:10:35 GMT+0000 (heure moyenne de Greenwich)} @ http://localhost:3001/_next/static/chunks/0twy_next_dist_06yi1o8._.js:2482
[   94454ms] [LOG] [Fast Refresh] rebuilding @ http://localhost:3001/_next/static/chunks/0twy_next_dist_06yi1o8._.js:2482
[   94702ms] [LOG] [Fast Refresh] done in 349ms @ http://localhost:3001/_next/static/chunks/0twy_next_dist_06yi1o8._.js:2482
[   95635ms] [LOG] [Fast Refresh] rebuilding @ http://localhost:3001/_next/static/chunks/0twy_next_dist_06yi1o8._.js:2482
[   95715ms] [LOG] [Fast Refresh] done in 181ms @ http://localhost:3001/_next/static/chunks/0twy_next_dist_06yi1o8._.js:2482
[   95816ms] [LOG] [Fast Refresh] rebuilding @ http://localhost:3001/_next/static/chunks/0twy_next_dist_06yi1o8._.js:2482
[   95903ms] [LOG] [Fast Refresh] done in 188ms @ http://localhost:3001/_next/static/chunks/0twy_next_dist_06yi1o8._.js:2482
[   96507ms] [LOG] [Fast Refresh] rebuilding @ http://localhost:3001/_next/static/chunks/0twy_next_dist_06yi1o8._.js:2482
[   96989ms] [LOG] [Fast Refresh] done in 584ms @ http://localhost:3001/_next/static/chunks/0twy_next_dist_06yi1o8._.js:2482
[   97091ms] [LOG] [Fast Refresh] rebuilding @ http://localhost:3001/_next/static/chunks/0twy_next_dist_06yi1o8._.js:2482
[   97165ms] [LOG] [Fast Refresh] done in 176ms @ http://localhost:3001/_next/static/chunks/0twy_next_dist_06yi1o8._.js:2482
[   98027ms] [LOG] [Fast Refresh] rebuilding @ http://localhost:3001/_next/static/chunks/0twy_next_dist_06yi1o8._.js:2482
[   98247ms] [LOG] [Fast Refresh] done in 321ms @ http://localhost:3001/_next/static/chunks/0twy_next_dist_06yi1o8._.js:2482
[   98872ms] [LOG] [Fast Refresh] rebuilding @ http://localhost:3001/_next/static/chunks/0twy_next_dist_06yi1o8._.js:2482
[   99032ms] [LOG] [Fast Refresh] done in 262ms @ http://localhost:3001/_next/static/chunks/0twy_next_dist_06yi1o8._.js:2482
[   99137ms] [LOG] [Fast Refresh] rebuilding @ http://localhost:3001/_next/static/chunks/0twy_next_dist_06yi1o8._.js:2482
[   99340ms] [LOG] [Fast Refresh] done in 305ms @ http://localhost:3001/_next/static/chunks/0twy_next_dist_06yi1o8._.js:2482
[   99479ms] [LOG] [Fast Refresh] rebuilding @ http://localhost:3001/_next/static/chunks/0twy_next_dist_06yi1o8._.js:2482
[   99621ms] [LOG] [Fast Refresh] done in 243ms @ http://localhost:3001/_next/static/chunks/0twy_next_dist_06yi1o8._.js:2482
[  100208ms] [LOG] [Fast Refresh] rebuilding @ http://localhost:3001/_next/static/chunks/0twy_next_dist_06yi1o8._.js:2482
[  100559ms] [LOG] [Fast Refresh] done in 453ms @ http://localhost:3001/_next/static/chunks/0twy_next_dist_06yi1o8._.js:2482
[  101247ms] [LOG] [Fast Refresh] rebuilding @ http://localhost:3001/_next/static/chunks/0twy_next_dist_06yi1o8._.js:2482
[  101751ms] [LOG] [Fast Refresh] done in 604ms @ http://localhost:3001/_next/static/chunks/0twy_next_dist_06yi1o8._.js:2482
[  103255ms] [LOG] [Fast Refresh] rebuilding @ http://localhost:3001/_next/static/chunks/0twy_next_dist_06yi1o8._.js:2482
[  103270ms] [LOG] [Fast Refresh] done in 115ms @ http://localhost:3001/_next/static/chunks/0twy_next_dist_06yi1o8._.js:2482
[  104114ms] [LOG] [Fast Refresh] rebuilding @ http://localhost:3001/_next/static/chunks/0twy_next_dist_06yi1o8._.js:2482
[  105006ms] [LOG] [Fast Refresh] done in 992ms @ http://localhost:3001/_next/static/chunks/0twy_next_dist_06yi1o8._.js:2482
[  135746ms] [LOG] [Fast Refresh] rebuilding @ http://localhost:3001/_next/static/chunks/0twy_next_dist_06yi1o8._.js:2482
[  136160ms] [LOG] [Fast Refresh] done in 391ms @ http://localhost:3001/_next/static/chunks/0twy_next_dist_06yi1o8._.js:2482
[  136333ms] [LOG] [Fast Refresh] rebuilding @ http://localhost:3001/_next/static/chunks/0twy_next_dist_06yi1o8._.js:2482
[  136761ms] [LOG] [Fast Refresh] done in 528ms @ http://localhost:3001/_next/static/chunks/0twy_next_dist_06yi1o8._.js:2482
[  137668ms] [LOG] [Fast Refresh] rebuilding @ http://localhost:3001/_next/static/chunks/0twy_next_dist_06yi1o8._.js:2482
[  137859ms] [LOG] [Fast Refresh] done in 292ms @ http://localhost:3001/_next/static/chunks/0twy_next_dist_06yi1o8._.js:2482
[  138457ms] [LOG] [Fast Refresh] rebuilding @ http://localhost:3001/_next/static/chunks/0twy_next_dist_06yi1o8._.js:2482
[  138574ms] [LOG] [Fast Refresh] done in 218ms @ http://localhost:3001/_next/static/chunks/0twy_next_dist_06yi1o8._.js:2482
[  138710ms] [LOG] [Fast Refresh] rebuilding @ http://localhost:3001/_next/static/chunks/0twy_next_dist_06yi1o8._.js:2482
[  138885ms] [LOG] [Fast Refresh] done in 278ms @ http://localhost:3001/_next/static/chunks/0twy_next_dist_06yi1o8._.js:2482
[  138996ms] [LOG] [Fast Refresh] rebuilding @ http://localhost:3001/_next/static/chunks/0twy_next_dist_06yi1o8._.js:2482
[  139763ms] [LOG] [Fast Refresh] done in 867ms @ http://localhost:3001/_next/static/chunks/0twy_next_dist_06yi1o8._.js:2482
[  139811ms] [LOG] [PostHog.js] send "$pageleave" {uuid: 019eeabc-eb09-7e4b-966b-dbcb3c542b13, event: $pageleave, properties: Object, timestamp: Sun Jun 21 2026 15:11:50 GMT+0000 (heure moyenne de Greenwich)} @ http://localhost:3001/_next/static/chunks/0twy_next_dist_06yi1o8._.js:2482
[  140422ms] [LOG] [PostHog.js] set_config {config: Object, oldConfig: Object, newConfig: Object} @ http://localhost:3001/_next/static/chunks/036~_posthog-js_dist_module_0gzr43h.js:878
[  140422ms] [LOG] [PostHog.js] Persistence loaded localStorage+cookie {distinct_id: 019eea13-5def-7b1c-975b-49305a733d4a, $sesid: Array(3), $initial_person_info: Object, $initialization_time: 2026-06-21T15:09:30.410Z, $configured_session_timeout_ms: 1800000} @ http://localhost:3001/_next/static/chunks/036~_posthog-js_dist_module_0gzr43h.js:878
[  140424ms] [LOG] [PostHog.js] Persistence loaded sessionStorage {$sdk_debug_extensions_init_method: synchronous, $sdk_debug_extensions_init_time_ms: 2, $referrer: $direct, $referring_domain: $direct} @ http://localhost:3001/_next/static/chunks/036~_posthog-js_dist_module_0gzr43h.js:878
[  140424ms] [LOG] [PostHog.js] Initializing extensions synchronously @ http://localhost:3001/_next/static/chunks/036~_posthog-js_dist_module_0gzr43h.js:878
[  140424ms] [LOG] [PostHog.js] History API monitoring enabled, starting... @ http://localhost:3001/_next/static/chunks/036~_posthog-js_dist_module_0gzr43h.js:878
[  140424ms] [LOG] [PostHog.js] [Heatmaps] starting... @ http://localhost:3001/_next/static/chunks/036~_posthog-js_dist_module_0gzr43h.js:878
[  140425ms] [LOG] [PostHog.js] [Web Vitals] enabled, starting... @ http://localhost:3001/_next/static/chunks/036~_posthog-js_dist_module_0gzr43h.js:878
[  140425ms] [LOG] [PostHog.js] [ExceptionAutocapture] enabled @ http://localhost:3001/_next/static/chunks/036~_posthog-js_dist_module_0gzr43h.js:878
[  140425ms] [LOG] [PostHog.js] [ExceptionAutocapture] enabled @ http://localhost:3001/_next/static/chunks/036~_posthog-js_dist_module_0gzr43h.js:878
[  140425ms] [LOG] [PostHog.js] Starting in debug mode {this: qo, config: Object, thisC: Object, p: Object, s: Object} @ http://localhost:3001/_next/static/chunks/036~_posthog-js_dist_module_0gzr43h.js:878
[  140429ms] [INFO] %cDownload the React DevTools for a better development experience: https://react.dev/link/react-devtools font-weight:bold @ http://localhost:3001/_next/static/chunks/0twy_next_dist_06yi1o8._.js:2482
[  140444ms] [LOG] [PostHog.js] [Dead Clicks] starting... @ http://localhost:3001/_next/static/chunks/0twy_next_dist_06yi1o8._.js:2482
[  140450ms] [LOG] [PostHog.js] send "$pageview" {uuid: 019eeabc-ed87-76ef-8e4d-5c5ac43b61f3, event: $pageview, properties: Object, timestamp: Sun Jun 21 2026 15:11:50 GMT+0000 (heure moyenne de Greenwich)} @ http://localhost:3001/_next/static/chunks/0twy_next_dist_06yi1o8._.js:2482
[  140519ms] [LOG] [HMR] connected @ http://localhost:3001/_next/static/chunks/0twy_next_dist_06yi1o8._.js:2482
[  141170ms] [LOG] [PostHog.js] Persistence loaded sessionStorage {$sdk_debug_extensions_init_method: synchronous, $sdk_debug_extensions_init_time_ms: 2, $referrer: $direct, $referring_domain: $direct} @ http://localhost:3001/_next/static/chunks/0twy_next_dist_06yi1o8._.js:2482
[  141170ms] [LOG] [PostHog.js] set_config {config: Object, oldConfig: Object, newConfig: Object} @ http://localhost:3001/_next/static/chunks/0twy_next_dist_06yi1o8._.js:2482
[  141170ms] [LOG] [PostHog.js] [ExceptionAutocapture] enabled @ http://localhost:3001/_next/static/chunks/0twy_next_dist_06yi1o8._.js:2482
[  141171ms] [LOG] [PostHog.js] [Surveys] flags response received, isSurveysEnabled: false @ http://localhost:3001/_next/static/chunks/0twy_next_dist_06yi1o8._.js:2482
[  141171ms] [LOG] [PostHog.js] [ExceptionAutocapture] enabled @ http://localhost:3001/_next/static/chunks/0twy_next_dist_06yi1o8._.js:2482
[  141172ms] [LOG] [PostHog.js] [Surveys] Surveys loaded successfully @ http://localhost:3001/_next/static/chunks/0twy_next_dist_06yi1o8._.js:2482
[  141345ms] [LOG] [PostHog.js] [RemoteConfig] __preview_remote_config is disabled. Logging config instead {analytics: Object, autocaptureExceptions: true, autocapture_opt_out: false, captureDeadClicks: false, capturePerformance: Object} @ http://localhost:3001/_next/static/chunks/0twy_next_dist_06yi1o8._.js:2482
[  145458ms] [LOG] [PostHog.js] send "$web_vitals" {uuid: 019eeabd-0118-7905-894d-35fe1b0dd2ea, event: $web_vitals, properties: Object, timestamp: Sun Jun 21 2026 15:11:55 GMT+0000 (heure moyenne de Greenwich)} @ http://localhost:3001/_next/static/chunks/0twy_next_dist_06yi1o8._.js:2482
[  149108ms] [LOG] [PostHog.js] send "$autocapture" {uuid: 019eeabd-0f5b-7f26-87fd-910142a93ad3, event: $autocapture, properties: Object, timestamp: Sun Jun 21 2026 15:11:59 GMT+0000 (heure moyenne de Greenwich)} @ http://localhost:3001/_next/static/chunks/0twy_next_dist_06yi1o8._.js:2482
[  150428ms] [LOG] [PostHog.js] send "$$heatmap" {uuid: 019eeabd-1483-78b7-9507-23dbbf0ab310, event: $$heatmap, properties: Object, timestamp: Sun Jun 21 2026 15:12:00 GMT+0000 (heure moyenne de Greenwich)} @ http://localhost:3001/_next/static/chunks/0twy_next_dist_06yi1o8._.js:2482
[  152833ms] [LOG] [PostHog.js] send "$web_vitals" {uuid: 019eeabd-1de8-718f-be32-bec6d15a4e59, event: $web_vitals, properties: Object, timestamp: Sun Jun 21 2026 15:12:03 GMT+0000 (heure moyenne de Greenwich)} @ http://localhost:3001/_next/static/chunks/0twy_next_dist_06yi1o8._.js:2482
[  154605ms] [LOG] [PostHog.js] send "$autocapture" {uuid: 019eeabd-24d4-7e75-9bcc-66b4bf6f4fc9, event: $autocapture, properties: Object, timestamp: Sun Jun 21 2026 15:12:04 GMT+0000 (heure moyenne de Greenwich)} @ http://localhost:3001/_next/static/chunks/0twy_next_dist_06yi1o8._.js:2482
[  155426ms] [LOG] [PostHog.js] send "$$heatmap" {uuid: 019eeabd-2809-7324-bb9e-5d5c05fb08f4, event: $$heatmap, properties: Object, timestamp: Sun Jun 21 2026 15:12:05 GMT+0000 (heure moyenne de Greenwich)} @ http://localhost:3001/_next/static/chunks/0twy_next_dist_06yi1o8._.js:2482
[  155805ms] [LOG] [PostHog.js] send "$autocapture" {uuid: 019eeabd-2984-7c08-8401-e960541ec94c, event: $autocapture, properties: Object, timestamp: Sun Jun 21 2026 15:12:06 GMT+0000 (heure moyenne de Greenwich)} @ http://localhost:3001/_next/static/chunks/0twy_next_dist_06yi1o8._.js:2482
[  156122ms] [LOG] [PostHog.js] send "$autocapture" {uuid: 019eeabd-2ac1-79ad-8790-cd0cd90500d4, event: $autocapture, properties: Object, timestamp: Sun Jun 21 2026 15:12:06 GMT+0000 (heure moyenne de Greenwich)} @ http://localhost:3001/_next/static/chunks/0twy_next_dist_06yi1o8._.js:2482
[  157372ms] [LOG] [PostHog.js] send "$autocapture" {uuid: 019eeabd-2fa3-7600-8bc0-4e34fcbca60e, event: $autocapture, properties: Object, timestamp: Sun Jun 21 2026 15:12:07 GMT+0000 (heure moyenne de Greenwich)} @ http://localhost:3001/_next/static/chunks/0twy_next_dist_06yi1o8._.js:2482
[  160426ms] [LOG] [PostHog.js] send "$$heatmap" {uuid: 019eeabd-3b91-7277-bd3b-958d7e3401aa, event: $$heatmap, properties: Object, timestamp: Sun Jun 21 2026 15:12:10 GMT+0000 (heure moyenne de Greenwich)} @ http://localhost:3001/_next/static/chunks/0twy_next_dist_06yi1o8._.js:2482
[  160805ms] [LOG] [PostHog.js] send "$autocapture" {uuid: 019eeabd-3d0c-7fa3-a93a-016022710fe5, event: $autocapture, properties: Object, timestamp: Sun Jun 21 2026 15:12:11 GMT+0000 (heure moyenne de Greenwich)} @ http://localhost:3001/_next/static/chunks/0twy_next_dist_06yi1o8._.js:2482
[  165428ms] [LOG] [PostHog.js] send "$$heatmap" {uuid: 019eeabd-4f1b-74b8-81fe-ce8432c6a963, event: $$heatmap, properties: Object, timestamp: Sun Jun 21 2026 15:12:15 GMT+0000 (heure moyenne de Greenwich)} @ http://localhost:3001/_next/static/chunks/0twy_next_dist_06yi1o8._.js:2482
[  170427ms] [LOG] [PostHog.js] send "$$heatmap" {uuid: 019eeabd-62a2-7907-931e-0ee8ee212647, event: $$heatmap, properties: Object, timestamp: Sun Jun 21 2026 15:12:20 GMT+0000 (heure moyenne de Greenwich)} @ http://localhost:3001/_next/static/chunks/0twy_next_dist_06yi1o8._.js:2482
[  175426ms] [LOG] [PostHog.js] send "$$heatmap" {uuid: 019eeabd-7629-7f90-a99a-bdebf0449a6c, event: $$heatmap, properties: Object, timestamp: Sun Jun 21 2026 15:12:25 GMT+0000 (heure moyenne de Greenwich)} @ http://localhost:3001/_next/static/chunks/0twy_next_dist_06yi1o8._.js:2482
[  180427ms] [LOG] [PostHog.js] send "$$heatmap" {uuid: 019eeabd-89b2-7490-b1f8-060920b78b68, event: $$heatmap, properties: Object, timestamp: Sun Jun 21 2026 15:12:30 GMT+0000 (heure moyenne de Greenwich)} @ http://localhost:3001/_next/static/chunks/0twy_next_dist_06yi1o8._.js:2482
[  190426ms] [LOG] [PostHog.js] send "$$heatmap" {uuid: 019eeabd-b0c1-7be8-89f8-4593cf6288b3, event: $$heatmap, properties: Object, timestamp: Sun Jun 21 2026 15:12:40 GMT+0000 (heure moyenne de Greenwich)} @ http://localhost:3001/_next/static/chunks/0twy_next_dist_06yi1o8._.js:2482
[  192855ms] [LOG] [PostHog.js] send "$autocapture" {uuid: 019eeabd-ba3e-73f6-a46e-0a06ea2e8c22, event: $autocapture, properties: Object, timestamp: Sun Jun 21 2026 15:12:43 GMT+0000 (heure moyenne de Greenwich)} @ http://localhost:3001/_next/static/chunks/0twy_next_dist_06yi1o8._.js:2482
[  194021ms] [LOG] [PostHog.js] send "$autocapture" {uuid: 019eeabd-becc-7633-99d9-6a5df0275ec5, event: $autocapture, properties: Object, timestamp: Sun Jun 21 2026 15:12:44 GMT+0000 (heure moyenne de Greenwich)} @ http://localhost:3001/_next/static/chunks/0twy_next_dist_06yi1o8._.js:2482
[  195426ms] [LOG] [PostHog.js] send "$$heatmap" {uuid: 019eeabd-c449-7dc3-b65e-0fd995367732, event: $$heatmap, properties: Object, timestamp: Sun Jun 21 2026 15:12:45 GMT+0000 (heure moyenne de Greenwich)} @ http://localhost:3001/_next/static/chunks/0twy_next_dist_06yi1o8._.js:2482
[  196388ms] [LOG] [PostHog.js] send "$autocapture" {uuid: 019eeabd-c80b-7faf-bd14-03efa009e972, event: $autocapture, properties: Object, timestamp: Sun Jun 21 2026 15:12:46 GMT+0000 (heure moyenne de Greenwich)} @ http://localhost:3001/_next/static/chunks/0twy_next_dist_06yi1o8._.js:2482
[  197137ms] [LOG] [PostHog.js] send "$autocapture" {uuid: 019eeabd-caf8-74a3-b59b-e67e8ec636e3, event: $autocapture, properties: Object, timestamp: Sun Jun 21 2026 15:12:47 GMT+0000 (heure moyenne de Greenwich)} @ http://localhost:3001/_next/static/chunks/0twy_next_dist_06yi1o8._.js:2482
[  200426ms] [LOG] [PostHog.js] send "$$heatmap" {uuid: 019eeabd-d7d1-7206-a452-196719f3827b, event: $$heatmap, properties: Object, timestamp: Sun Jun 21 2026 15:12:50 GMT+0000 (heure moyenne de Greenwich)} @ http://localhost:3001/_next/static/chunks/0twy_next_dist_06yi1o8._.js:2482
[  205426ms] [LOG] [PostHog.js] send "$$heatmap" {uuid: 019eeabd-eb59-7675-9f81-cce4e58a1a43, event: $$heatmap, properties: Object, timestamp: Sun Jun 21 2026 15:12:55 GMT+0000 (heure moyenne de Greenwich)} @ http://localhost:3001/_next/static/chunks/0twy_next_dist_06yi1o8._.js:2482
[  205588ms] [LOG] [PostHog.js] send "$autocapture" {uuid: 019eeabd-ebfb-775e-afac-7e5ddc31f6b2, event: $autocapture, properties: Object, timestamp: Sun Jun 21 2026 15:12:55 GMT+0000 (heure moyenne de Greenwich)} @ http://localhost:3001/_next/static/chunks/0twy_next_dist_06yi1o8._.js:2482
[  206371ms] [LOG] [PostHog.js] send "$autocapture" {uuid: 019eeabd-ef0a-7d91-a057-d62f03fb5ab8, event: $autocapture, properties: Object, timestamp: Sun Jun 21 2026 15:12:56 GMT+0000 (heure moyenne de Greenwich)} @ http://localhost:3001/_next/static/chunks/0twy_next_dist_06yi1o8._.js:2482
[  207121ms] [LOG] [PostHog.js] send "$autocapture" {uuid: 019eeabd-f1f8-79a4-9228-aea503a7bda3, event: $autocapture, properties: Object, timestamp: Sun Jun 21 2026 15:12:57 GMT+0000 (heure moyenne de Greenwich)} @ http://localhost:3001/_next/static/chunks/0twy_next_dist_06yi1o8._.js:2482
[  207971ms] [LOG] [PostHog.js] send "$autocapture" {uuid: 019eeabd-f54a-74cf-a533-3e70a1a4adf1, event: $autocapture, properties: Object, timestamp: Sun Jun 21 2026 15:12:58 GMT+0000 (heure moyenne de Greenwich)} @ http://localhost:3001/_next/static/chunks/0twy_next_dist_06yi1o8._.js:2482
[  210427ms] [LOG] [PostHog.js] send "$$heatmap" {uuid: 019eeabd-fee2-7177-bbb2-b915f19b97c1, event: $$heatmap, properties: Object, timestamp: Sun Jun 21 2026 15:13:00 GMT+0000 (heure moyenne de Greenwich)} @ http://localhost:3001/_next/static/chunks/0twy_next_dist_06yi1o8._.js:2482
[  215426ms] [LOG] [PostHog.js] send "$$heatmap" {uuid: 019eeabe-1269-7580-bcf2-7818121b94e8, event: $$heatmap, properties: Object, timestamp: Sun Jun 21 2026 15:13:05 GMT+0000 (heure moyenne de Greenwich)} @ http://localhost:3001/_next/static/chunks/0twy_next_dist_06yi1o8._.js:2482
[  220427ms] [LOG] [PostHog.js] send "$$heatmap" {uuid: 019eeabe-25f1-7f40-beb7-6ab9e9d33402, event: $$heatmap, properties: Object, timestamp: Sun Jun 21 2026 15:13:10 GMT+0000 (heure moyenne de Greenwich)} @ http://localhost:3001/_next/static/chunks/0twy_next_dist_06yi1o8._.js:2482
[  225427ms] [LOG] [PostHog.js] send "$$heatmap" {uuid: 019eeabe-397a-7dfd-b9d4-906d7809339c, event: $$heatmap, properties: Object, timestamp: Sun Jun 21 2026 15:13:15 GMT+0000 (heure moyenne de Greenwich)} @ http://localhost:3001/_next/static/chunks/0twy_next_dist_06yi1o8._.js:2482
[  230426ms] [LOG] [PostHog.js] send "$$heatmap" {uuid: 019eeabe-4d01-7f6e-8a1c-987b367ff911, event: $$heatmap, properties: Object, timestamp: Sun Jun 21 2026 15:13:20 GMT+0000 (heure moyenne de Greenwich)} @ http://localhost:3001/_next/static/chunks/0twy_next_dist_06yi1o8._.js:2482
[  235427ms] [LOG] [PostHog.js] send "$$heatmap" {uuid: 019eeabe-608a-7f00-a343-6d5220ec3753, event: $$heatmap, properties: Object, timestamp: Sun Jun 21 2026 15:13:25 GMT+0000 (heure moyenne de Greenwich)} @ http://localhost:3001/_next/static/chunks/0twy_next_dist_06yi1o8._.js:2482
[  260426ms] [LOG] [PostHog.js] send "$$heatmap" {uuid: 019eeabe-c230-7d92-ad99-c7bbd40906ef, event: $$heatmap, properties: Object, timestamp: Sun Jun 21 2026 15:13:50 GMT+0000 (heure moyenne de Greenwich)} @ http://localhost:3001/_next/static/chunks/0twy_next_dist_06yi1o8._.js:2482
[  265426ms] [LOG] [PostHog.js] send "$$heatmap" {uuid: 019eeabe-d5b9-72d6-9a37-1506f259ae07, event: $$heatmap, properties: Object, timestamp: Sun Jun 21 2026 15:13:55 GMT+0000 (heure moyenne de Greenwich)} @ http://localhost:3001/_next/static/chunks/0twy_next_dist_06yi1o8._.js:2482
[  273087ms] [LOG] [PostHog.js] send "$autocapture" {uuid: 019eeabe-f3a6-7025-81e5-0261c194bbf9, event: $autocapture, properties: Object, timestamp: Sun Jun 21 2026 15:14:03 GMT+0000 (heure moyenne de Greenwich)} @ http://localhost:3001/_next/static/chunks/0twy_next_dist_06yi1o8._.js:2482
[  274038ms] [LOG] [PostHog.js] send "$autocapture" {uuid: 019eeabe-f75c-732d-88a6-a8deddb56831, event: $autocapture, properties: Object, timestamp: Sun Jun 21 2026 15:14:04 GMT+0000 (heure moyenne de Greenwich)} @ http://localhost:3001/_next/static/chunks/0twy_next_dist_06yi1o8._.js:2482
[  275426ms] [LOG] [PostHog.js] send "$$heatmap" {uuid: 019eeabe-fcc9-7f83-a0ab-a885c720ad6e, event: $$heatmap, properties: Object, timestamp: Sun Jun 21 2026 15:14:05 GMT+0000 (heure moyenne de Greenwich)} @ http://localhost:3001/_next/static/chunks/0twy_next_dist_06yi1o8._.js:2482
[  276037ms] [LOG] [PostHog.js] send "$autocapture" {uuid: 019eeabe-ff2c-7353-bf60-f6419e8ded61, event: $autocapture, properties: Object, timestamp: Sun Jun 21 2026 15:14:06 GMT+0000 (heure moyenne de Greenwich)} @ http://localhost:3001/_next/static/chunks/0twy_next_dist_06yi1o8._.js:2482
[  276888ms] [LOG] [PostHog.js] send "$autocapture" {uuid: 019eeabf-027f-7afb-b6eb-2418c3421338, event: $autocapture, properties: Object, timestamp: Sun Jun 21 2026 15:14:07 GMT+0000 (heure moyenne de Greenwich)} @ http://localhost:3001/_next/static/chunks/0twy_next_dist_06yi1o8._.js:2482
[  277537ms] [LOG] [PostHog.js] send "$autocapture" {uuid: 019eeabf-0508-714f-bb66-7c7ac1e018d7, event: $autocapture, properties: Object, timestamp: Sun Jun 21 2026 15:14:07 GMT+0000 (heure moyenne de Greenwich)} @ http://localhost:3001/_next/static/chunks/0twy_next_dist_06yi1o8._.js:2482
[  278904ms] [LOG] [PostHog.js] send "$autocapture" {uuid: 019eeabf-0a5f-7225-a14b-cca3f5828763, event: $autocapture, properties: Object, timestamp: Sun Jun 21 2026 15:14:09 GMT+0000 (heure moyenne de Greenwich)} @ http://localhost:3001/_next/static/chunks/0twy_next_dist_06yi1o8._.js:2482
[  280426ms] [LOG] [PostHog.js] send "$$heatmap" {uuid: 019eeabf-1051-7dd9-ba4f-df7b5ab33643, event: $$heatmap, properties: Object, timestamp: Sun Jun 21 2026 15:14:10 GMT+0000 (heure moyenne de Greenwich)} @ http://localhost:3001/_next/static/chunks/0twy_next_dist_06yi1o8._.js:2482
[  283154ms] [LOG] [PostHog.js] send "$autocapture" {uuid: 019eeabf-1af9-71e2-abc9-5ae5d0815476, event: $autocapture, properties: Object, timestamp: Sun Jun 21 2026 15:14:13 GMT+0000 (heure moyenne de Greenwich)} @ http://localhost:3001/_next/static/chunks/0twy_next_dist_06yi1o8._.js:2482
[  284054ms] [LOG] [PostHog.js] send "$autocapture" {uuid: 019eeabf-1e7d-7054-81bd-9c1d561b91a4, event: $autocapture, properties: Object, timestamp: Sun Jun 21 2026 15:14:14 GMT+0000 (heure moyenne de Greenwich)} @ http://localhost:3001/_next/static/chunks/0twy_next_dist_06yi1o8._.js:2482
[  285427ms] [LOG] [PostHog.js] send "$$heatmap" {uuid: 019eeabf-23da-7ee8-8304-e92673f6ffc9, event: $$heatmap, properties: Object, timestamp: Sun Jun 21 2026 15:14:15 GMT+0000 (heure moyenne de Greenwich)} @ http://localhost:3001/_next/static/chunks/0twy_next_dist_06yi1o8._.js:2482
[  285804ms] [LOG] [PostHog.js] send "$autocapture" {uuid: 019eeabf-2553-74db-b51e-f6940a30c968, event: $autocapture, properties: Object, timestamp: Sun Jun 21 2026 15:14:16 GMT+0000 (heure moyenne de Greenwich)} @ http://localhost:3001/_next/static/chunks/0twy_next_dist_06yi1o8._.js:2482
[  290427ms] [LOG] [PostHog.js] send "$$heatmap" {uuid: 019eeabf-3762-7464-8d1f-68c8d75cf0b4, event: $$heatmap, properties: Object, timestamp: Sun Jun 21 2026 15:14:20 GMT+0000 (heure moyenne de Greenwich)} @ http://localhost:3001/_next/static/chunks/0twy_next_dist_06yi1o8._.js:2482
[  294087ms] [LOG] [PostHog.js] send "$autocapture" {uuid: 019eeabf-45ae-7c34-8a65-4412af0f8e55, event: $autocapture, properties: Object, timestamp: Sun Jun 21 2026 15:14:24 GMT+0000 (heure moyenne de Greenwich)} @ http://localhost:3001/_next/static/chunks/0twy_next_dist_06yi1o8._.js:2482
[  295425ms] [LOG] [PostHog.js] send "$$heatmap" {uuid: 019eeabf-4ae8-7e27-ae2b-bbd7dded65a9, event: $$heatmap, properties: Object, timestamp: Sun Jun 21 2026 15:14:25 GMT+0000 (heure moyenne de Greenwich)} @ http://localhost:3001/_next/static/chunks/0twy_next_dist_06yi1o8._.js:2482
[  295687ms] [LOG] [PostHog.js] send "$autocapture" {uuid: 019eeabf-4bee-7688-86bc-9d06b7707c3b, event: $autocapture, properties: Object, timestamp: Sun Jun 21 2026 15:14:25 GMT+0000 (heure moyenne de Greenwich)} @ http://localhost:3001/_next/static/chunks/0twy_next_dist_06yi1o8._.js:2482
[  296454ms] [LOG] [PostHog.js] send "$autocapture" {uuid: 019eeabf-4eed-7499-b567-2d659fbd8cea, event: $autocapture, properties: Object, timestamp: Sun Jun 21 2026 15:14:26 GMT+0000 (heure moyenne de Greenwich)} @ http://localhost:3001/_next/static/chunks/0twy_next_dist_06yi1o8._.js:2482
[  297103ms] [LOG] [PostHog.js] send "$autocapture" {uuid: 019eeabf-5176-700f-ae3f-acceb70ef78f, event: $autocapture, properties: Object, timestamp: Sun Jun 21 2026 15:14:27 GMT+0000 (heure moyenne de Greenwich)} @ http://localhost:3001/_next/static/chunks/0twy_next_dist_06yi1o8._.js:2482
[  297687ms] [LOG] [PostHog.js] send "$autocapture" {uuid: 019eeabf-53be-7ff0-9475-ba93eeff8e8b, event: $autocapture, properties: Object, timestamp: Sun Jun 21 2026 15:14:27 GMT+0000 (heure moyenne de Greenwich)} @ http://localhost:3001/_next/static/chunks/0twy_next_dist_06yi1o8._.js:2482
[  298237ms] [LOG] [PostHog.js] send "$autocapture" {uuid: 019eeabf-55e4-7f3c-88ab-ccd255f84801, event: $autocapture, properties: Object, timestamp: Sun Jun 21 2026 15:14:28 GMT+0000 (heure moyenne de Greenwich)} @ http://localhost:3001/_next/static/chunks/0twy_next_dist_06yi1o8._.js:2482
[  299737ms] [LOG] [PostHog.js] send "$autocapture" {uuid: 019eeabf-5bc0-7e5c-bc88-78289d57dc27, event: $autocapture, properties: Object, timestamp: Sun Jun 21 2026 15:14:29 GMT+0000 (heure moyenne de Greenwich)} @ http://localhost:3001/_next/static/chunks/0twy_next_dist_06yi1o8._.js:2482
[  300425ms] [LOG] [PostHog.js] send "$$heatmap" {uuid: 019eeabf-5e70-7b37-a150-3e5b69c91192, event: $$heatmap, properties: Object, timestamp: Sun Jun 21 2026 15:14:30 GMT+0000 (heure moyenne de Greenwich)} @ http://localhost:3001/_next/static/chunks/0twy_next_dist_06yi1o8._.js:2482
[  300604ms] [LOG] [PostHog.js] send "$autocapture" {uuid: 019eeabf-5f23-764f-97a7-df1cec81cedf, event: $autocapture, properties: Object, timestamp: Sun Jun 21 2026 15:14:30 GMT+0000 (heure moyenne de Greenwich)} @ http://localhost:3001/_next/static/chunks/0twy_next_dist_06yi1o8._.js:2482
[  301220ms] [LOG] [PostHog.js] send "$autocapture" {uuid: 019eeabf-618b-757c-b6bd-58481af271e4, event: $autocapture, properties: Object, timestamp: Sun Jun 21 2026 15:14:31 GMT+0000 (heure moyenne de Greenwich)} @ http://localhost:3001/_next/static/chunks/0twy_next_dist_06yi1o8._.js:2482
[  305425ms] [LOG] [PostHog.js] send "$$heatmap" {uuid: 019eeabf-71f8-7819-b13c-7503d56a8b85, event: $$heatmap, properties: Object, timestamp: Sun Jun 21 2026 15:14:35 GMT+0000 (heure moyenne de Greenwich)} @ http://localhost:3001/_next/static/chunks/0twy_next_dist_06yi1o8._.js:2482
[  305604ms] [LOG] [PostHog.js] send "$autocapture" {uuid: 019eeabf-72ab-78ae-9f48-02db44b42f45, event: $autocapture, properties: Object, timestamp: Sun Jun 21 2026 15:14:35 GMT+0000 (heure moyenne de Greenwich)} @ http://localhost:3001/_next/static/chunks/0twy_next_dist_06yi1o8._.js:2482
[  310425ms] [LOG] [PostHog.js] send "$$heatmap" {uuid: 019eeabf-8580-7790-923c-0dd7f059fd87, event: $$heatmap, properties: Object, timestamp: Sun Jun 21 2026 15:14:40 GMT+0000 (heure moyenne de Greenwich)} @ http://localhost:3001/_next/static/chunks/0twy_next_dist_06yi1o8._.js:2482
[  315426ms] [LOG] [PostHog.js] send "$$heatmap" {uuid: 019eeabf-9909-71b2-a59a-7b23a03a307b, event: $$heatmap, properties: Object, timestamp: Sun Jun 21 2026 15:14:45 GMT+0000 (heure moyenne de Greenwich)} @ http://localhost:3001/_next/static/chunks/0twy_next_dist_06yi1o8._.js:2482
[  320426ms] [LOG] [PostHog.js] send "$$heatmap" {uuid: 019eeabf-ac91-75bf-bdb4-a70cffd2984e, event: $$heatmap, properties: Object, timestamp: Sun Jun 21 2026 15:14:50 GMT+0000 (heure moyenne de Greenwich)} @ http://localhost:3001/_next/static/chunks/0twy_next_dist_06yi1o8._.js:2482
[  321104ms] [LOG] [PostHog.js] send "$autocapture" {uuid: 019eeabf-af37-703d-a02d-7c9148a24cf0, event: $autocapture, properties: Object, timestamp: Sun Jun 21 2026 15:14:51 GMT+0000 (heure moyenne de Greenwich)} @ http://localhost:3001/_next/static/chunks/0twy_next_dist_06yi1o8._.js:2482
[  325426ms] [LOG] [PostHog.js] send "$$heatmap" {uuid: 019eeabf-c019-7a49-9dc9-37f92604910a, event: $$heatmap, properties: Object, timestamp: Sun Jun 21 2026 15:14:55 GMT+0000 (heure moyenne de Greenwich)} @ http://localhost:3001/_next/static/chunks/0twy_next_dist_06yi1o8._.js:2482
[  328938ms] [LOG] [PostHog.js] send "$$heatmap" {uuid: 019eeabf-cdd1-7ec7-8b5c-e4ec2998a51a, event: $$heatmap, properties: Object, timestamp: Sun Jun 21 2026 15:14:59 GMT+0000 (heure moyenne de Greenwich)} @ http://localhost:3001/_next/static/chunks/0twy_next_dist_06yi1o8._.js:2482
[  329038ms] [LOG] [PostHog.js] send "$pageleave" {uuid: 019eeabf-ce35-72be-b5c9-31131c028afa, event: $pageleave, properties: Object, timestamp: Sun Jun 21 2026 15:14:59 GMT+0000 (heure moyenne de Greenwich)} @ http://localhost:3001/_next/static/chunks/0twy_next_dist_06yi1o8._.js:2482
[  329121ms] [LOG] [PostHog.js] set_config {config: Object, oldConfig: Object, newConfig: Object} @ http://localhost:3001/_next/static/chunks/036~_posthog-js_dist_module_0gzr43h.js:878
[  329122ms] [LOG] [PostHog.js] Persistence loaded localStorage+cookie {distinct_id: 019eea13-5def-7b1c-975b-49305a733d4a, $sesid: Array(3), $initial_person_info: Object, $initialization_time: 2026-06-21T15:11:50.639Z, $configured_session_timeout_ms: 1800000} @ http://localhost:3001/_next/static/chunks/036~_posthog-js_dist_module_0gzr43h.js:878
[  329124ms] [LOG] [PostHog.js] Persistence loaded sessionStorage {$sdk_debug_extensions_init_method: synchronous, $sdk_debug_extensions_init_time_ms: 2, $referrer: $direct, $referring_domain: $direct} @ http://localhost:3001/_next/static/chunks/036~_posthog-js_dist_module_0gzr43h.js:878
[  329124ms] [LOG] [PostHog.js] Initializing extensions synchronously @ http://localhost:3001/_next/static/chunks/036~_posthog-js_dist_module_0gzr43h.js:878
[  329124ms] [LOG] [PostHog.js] History API monitoring enabled, starting... @ http://localhost:3001/_next/static/chunks/036~_posthog-js_dist_module_0gzr43h.js:878
[  329125ms] [LOG] [PostHog.js] [Heatmaps] starting... @ http://localhost:3001/_next/static/chunks/036~_posthog-js_dist_module_0gzr43h.js:878
[  329125ms] [LOG] [PostHog.js] [Web Vitals] enabled, starting... @ http://localhost:3001/_next/static/chunks/036~_posthog-js_dist_module_0gzr43h.js:878
[  329126ms] [LOG] [PostHog.js] [ExceptionAutocapture] enabled @ http://localhost:3001/_next/static/chunks/036~_posthog-js_dist_module_0gzr43h.js:878
[  329126ms] [LOG] [PostHog.js] [ExceptionAutocapture] enabled @ http://localhost:3001/_next/static/chunks/036~_posthog-js_dist_module_0gzr43h.js:878
[  329126ms] [LOG] [PostHog.js] Starting in debug mode {this: qo, config: Object, thisC: Object, p: Object, s: Object} @ http://localhost:3001/_next/static/chunks/036~_posthog-js_dist_module_0gzr43h.js:878
[  329131ms] [INFO] %cDownload the React DevTools for a better development experience: https://react.dev/link/react-devtools font-weight:bold @ http://localhost:3001/_next/static/chunks/0twy_next_dist_06yi1o8._.js:2482
[  329145ms] [LOG] [PostHog.js] [Dead Clicks] starting... @ http://localhost:3001/_next/static/chunks/0twy_next_dist_06yi1o8._.js:2482
[  329146ms] [LOG] [PostHog.js] [RemoteConfig] __preview_remote_config is disabled. Logging config instead {analytics: Object, autocaptureExceptions: true, autocapture_opt_out: false, captureDeadClicks: false, capturePerformance: Object} @ http://localhost:3001/_next/static/chunks/0twy_next_dist_06yi1o8._.js:2482
[  329151ms] [LOG] [PostHog.js] send "$pageview" {uuid: 019eeabf-cea6-7c4e-9e0d-eef96a14456c, event: $pageview, properties: Object, timestamp: Sun Jun 21 2026 15:14:59 GMT+0000 (heure moyenne de Greenwich)} @ http://localhost:3001/_next/static/chunks/0twy_next_dist_06yi1o8._.js:2482
[  329162ms] [LOG] [HMR] connected @ http://localhost:3001/_next/static/chunks/0twy_next_dist_06yi1o8._.js:2482
[  329602ms] [LOG] [PostHog.js] Persistence loaded sessionStorage {$sdk_debug_extensions_init_method: synchronous, $sdk_debug_extensions_init_time_ms: 2, $referrer: $direct, $referring_domain: $direct} @ http://localhost:3001/_next/static/chunks/0twy_next_dist_06yi1o8._.js:2482
[  329603ms] [LOG] [PostHog.js] set_config {config: Object, oldConfig: Object, newConfig: Object} @ http://localhost:3001/_next/static/chunks/0twy_next_dist_06yi1o8._.js:2482
[  329603ms] [LOG] [PostHog.js] [ExceptionAutocapture] enabled @ http://localhost:3001/_next/static/chunks/0twy_next_dist_06yi1o8._.js:2482
[  329603ms] [LOG] [PostHog.js] [Surveys] flags response received, isSurveysEnabled: false @ http://localhost:3001/_next/static/chunks/0twy_next_dist_06yi1o8._.js:2482
[  329604ms] [LOG] [PostHog.js] [ExceptionAutocapture] enabled @ http://localhost:3001/_next/static/chunks/0twy_next_dist_06yi1o8._.js:2482
[  329605ms] [LOG] [PostHog.js] [Surveys] Surveys loaded successfully @ http://localhost:3001/_next/static/chunks/0twy_next_dist_06yi1o8._.js:2482
[  334128ms] [LOG] [PostHog.js] send "$$heatmap" {uuid: 019eeabf-e217-7419-b2f6-88cc76ff073a, event: $$heatmap, properties: Object, timestamp: Sun Jun 21 2026 15:15:04 GMT+0000 (heure moyenne de Greenwich)} @ http://localhost:3001/_next/static/chunks/0twy_next_dist_06yi1o8._.js:2482
[  334156ms] [LOG] [PostHog.js] send "$web_vitals" {uuid: 019eeabf-e232-7186-8712-1b62f2b718dc, event: $web_vitals, properties: Object, timestamp: Sun Jun 21 2026 15:15:04 GMT+0000 (heure moyenne de Greenwich)} @ http://localhost:3001/_next/static/chunks/0twy_next_dist_06yi1o8._.js:2482
[  339128ms] [LOG] [PostHog.js] send "$$heatmap" {uuid: 019eeabf-f59e-74c0-95f3-8b7954abe822, event: $$heatmap, properties: Object, timestamp: Sun Jun 21 2026 15:15:09 GMT+0000 (heure moyenne de Greenwich)} @ http://localhost:3001/_next/static/chunks/0twy_next_dist_06yi1o8._.js:2482
[  344127ms] [LOG] [PostHog.js] send "$$heatmap" {uuid: 019eeac0-0926-7da2-91d5-97697b5fc4e9, event: $$heatmap, properties: Object, timestamp: Sun Jun 21 2026 15:15:14 GMT+0000 (heure moyenne de Greenwich)} @ http://localhost:3001/_next/static/chunks/0twy_next_dist_06yi1o8._.js:2482
[  349128ms] [LOG] [PostHog.js] send "$$heatmap" {uuid: 019eeac0-1cae-7a01-af9a-d2da4a8515ca, event: $$heatmap, properties: Object, timestamp: Sun Jun 21 2026 15:15:19 GMT+0000 (heure moyenne de Greenwich)} @ http://localhost:3001/_next/static/chunks/0twy_next_dist_06yi1o8._.js:2482
[  454070ms] [LOG] [PostHog.js] send "$$heatmap" {uuid: 019eeac1-b69c-7fce-9e24-70401d8a755d, event: $$heatmap, properties: Object, timestamp: Sun Jun 21 2026 15:17:04 GMT+0000 (heure moyenne de Greenwich)} @ http://localhost:3001/_next/static/chunks/0twy_next_dist_06yi1o8._.js:2482
[  459068ms] [LOG] [PostHog.js] send "$$heatmap" {uuid: 019eeac1-ca23-77ec-826c-868f0f0badc1, event: $$heatmap, properties: Object, timestamp: Sun Jun 21 2026 15:17:09 GMT+0000 (heure moyenne de Greenwich)} @ http://localhost:3001/_next/static/chunks/0twy_next_dist_06yi1o8._.js:2482
[  463799ms] [LOG] [PostHog.js] send "$web_vitals" {uuid: 019eeac1-dc9e-77d5-84d4-4f4789c3f05c, event: $web_vitals, properties: Object, timestamp: Sun Jun 21 2026 15:17:14 GMT+0000 (heure moyenne de Greenwich)} @ http://localhost:3001/_next/static/chunks/0twy_next_dist_06yi1o8._.js:2482
[  464068ms] [LOG] [PostHog.js] send "$$heatmap" {uuid: 019eeac1-ddab-706f-b401-6343e24f1524, event: $$heatmap, properties: Object, timestamp: Sun Jun 21 2026 15:17:14 GMT+0000 (heure moyenne de Greenwich)} @ http://localhost:3001/_next/static/chunks/0twy_next_dist_06yi1o8._.js:2482
[  469068ms] [LOG] [PostHog.js] send "$$heatmap" {uuid: 019eeac1-f133-75a8-a625-68b4e2be2e7e, event: $$heatmap, properties: Object, timestamp: Sun Jun 21 2026 15:17:19 GMT+0000 (heure moyenne de Greenwich)} @ http://localhost:3001/_next/static/chunks/0twy_next_dist_06yi1o8._.js:2482
[  474069ms] [LOG] [PostHog.js] send "$$heatmap" {uuid: 019eeac2-04bb-77e9-860a-497b8ec07242, event: $$heatmap, properties: Object, timestamp: Sun Jun 21 2026 15:17:24 GMT+0000 (heure moyenne de Greenwich)} @ http://localhost:3001/_next/static/chunks/0twy_next_dist_06yi1o8._.js:2482
