[     228ms] [LOG] [PostHog.js] set_config {config: Object, oldConfig: Object, newConfig: Object} @ http://localhost:3001/_next/static/chunks/036~_posthog-js_dist_module_0gzr43h.js:878
[     229ms] [LOG] [PostHog.js] Persistence loaded localStorage+cookie {} @ http://localhost:3001/_next/static/chunks/036~_posthog-js_dist_module_0gzr43h.js:878
[     229ms] [LOG] [PostHog.js] Persistence loaded sessionStorage {} @ http://localhost:3001/_next/static/chunks/036~_posthog-js_dist_module_0gzr43h.js:878
[     231ms] [LOG] [PostHog.js] Initializing extensions synchronously @ http://localhost:3001/_next/static/chunks/036~_posthog-js_dist_module_0gzr43h.js:878
[     231ms] [LOG] [PostHog.js] History API monitoring enabled, starting... @ http://localhost:3001/_next/static/chunks/036~_posthog-js_dist_module_0gzr43h.js:878
[     232ms] [LOG] [PostHog.js] [ExceptionAutocapture] enabled @ http://localhost:3001/_next/static/chunks/036~_posthog-js_dist_module_0gzr43h.js:878
[     232ms] [LOG] [PostHog.js] [ExceptionAutocapture] enabled @ http://localhost:3001/_next/static/chunks/036~_posthog-js_dist_module_0gzr43h.js:878
[     233ms] [LOG] [PostHog.js] Starting in debug mode {this: qo, config: Object, thisC: Object, p: Object, s: Object} @ http://localhost:3001/_next/static/chunks/036~_posthog-js_dist_module_0gzr43h.js:878
[     236ms] [LOG] [Client Instrumentation Hook] Slow execution detected: 17ms (Note: Code download overhead is not included in this measurement) @ http://localhost:3001/_next/static/chunks/0twy_next_dist_06yi1o8._.js:1690
[     257ms] [INFO] %cDownload the React DevTools for a better development experience: https://react.dev/link/react-devtools font-weight:bold @ http://localhost:3001/_next/static/chunks/0twy_next_dist_06yi1o8._.js:2482
[     345ms] [LOG] [PostHog.js] [SessionId] new session ID generated {sessionId: 019eea13-5e5f-7af8-9dc2-e72af9ebfe63, windowId: 019eea13-5e5f-7af8-9dc2-e72be8557606, changeReason: Object} @ http://localhost:3001/_next/static/chunks/0twy_next_dist_06yi1o8._.js:2482
[     346ms] [LOG] [PostHog.js] send "$pageview" {uuid: 019eea13-5e48-767b-93bc-6270b7d0c31e, event: $pageview, properties: Object, timestamp: Sun Jun 21 2026 12:06:38 GMT+0000 (heure moyenne de Greenwich)} @ http://localhost:3001/_next/static/chunks/0twy_next_dist_06yi1o8._.js:2482
[     350ms] [LOG] [HMR] connected @ http://localhost:3001/_next/static/chunks/0twy_next_dist_06yi1o8._.js:2482
[     925ms] [LOG] [PostHog.js] [RemoteConfig] __preview_remote_config is disabled. Logging config instead {analytics: Object, autocaptureExceptions: true, autocapture_opt_out: false, captureDeadClicks: false, capturePerformance: Object} @ http://localhost:3001/_next/static/chunks/0twy_next_dist_06yi1o8._.js:2482
[     945ms] [LOG] [PostHog.js] Persistence loaded sessionStorage {$sdk_debug_extensions_init_method: synchronous, $sdk_debug_extensions_init_time_ms: 2, $referrer: $direct, $referring_domain: $direct} @ http://localhost:3001/_next/static/chunks/0twy_next_dist_06yi1o8._.js:2482
[     946ms] [LOG] [PostHog.js] set_config {config: Object, oldConfig: Object, newConfig: Object} @ http://localhost:3001/_next/static/chunks/0twy_next_dist_06yi1o8._.js:2482
[     946ms] [LOG] [PostHog.js] [ExceptionAutocapture] enabled @ http://localhost:3001/_next/static/chunks/0twy_next_dist_06yi1o8._.js:2482
[     946ms] [LOG] [PostHog.js] [Heatmaps] starting... @ http://localhost:3001/_next/static/chunks/0twy_next_dist_06yi1o8._.js:2482
[     947ms] [LOG] [PostHog.js] [Surveys] flags response received, isSurveysEnabled: false @ http://localhost:3001/_next/static/chunks/0twy_next_dist_06yi1o8._.js:2482
[     947ms] [LOG] [PostHog.js] [Web Vitals] enabled, starting... @ http://localhost:3001/_next/static/chunks/0twy_next_dist_06yi1o8._.js:2482
[     947ms] [LOG] [PostHog.js] [ExceptionAutocapture] enabled @ http://localhost:3001/_next/static/chunks/0twy_next_dist_06yi1o8._.js:2482
[    1487ms] [LOG] [PostHog.js] [Surveys] Surveys loaded successfully @ http://localhost:3001/_next/static/chunks/0twy_next_dist_06yi1o8._.js:2482
[    1489ms] [LOG] [PostHog.js] [Dead Clicks] starting... @ http://localhost:3001/_next/static/chunks/0twy_next_dist_06yi1o8._.js:2482
[    5949ms] [LOG] [PostHog.js] send "$$heatmap" {uuid: 019eea13-7442-7b70-8d05-51534092a3a8, event: $$heatmap, properties: Object, timestamp: Sun Jun 21 2026 12:06:44 GMT+0000 (heure moyenne de Greenwich)} @ http://localhost:3001/_next/static/chunks/0twy_next_dist_06yi1o8._.js:2482
[    6575ms] [LOG] [PostHog.js] send "$web_vitals" {uuid: 019eea13-76b4-7c76-8b2a-c62a66b71231, event: $web_vitals, properties: Object, timestamp: Sun Jun 21 2026 12:06:44 GMT+0000 (heure moyenne de Greenwich)} @ http://localhost:3001/_next/static/chunks/0twy_next_dist_06yi1o8._.js:2482
[   10948ms] [LOG] [PostHog.js] send "$$heatmap" {uuid: 019eea13-87ca-710d-b867-9a5b7521f3f7, event: $$heatmap, properties: Object, timestamp: Sun Jun 21 2026 12:06:49 GMT+0000 (heure moyenne de Greenwich)} @ http://localhost:3001/_next/static/chunks/0twy_next_dist_06yi1o8._.js:2482
[   15950ms] [LOG] [PostHog.js] send "$$heatmap" {uuid: 019eea13-9b53-771a-9e3d-732d5ccac398, event: $$heatmap, properties: Object, timestamp: Sun Jun 21 2026 12:06:54 GMT+0000 (heure moyenne de Greenwich)} @ http://localhost:3001/_next/static/chunks/0twy_next_dist_06yi1o8._.js:2482
[   40948ms] [LOG] [PostHog.js] send "$$heatmap" {uuid: 019eea13-fcfa-7503-9f2f-e1bffc99921f, event: $$heatmap, properties: Object, timestamp: Sun Jun 21 2026 12:07:19 GMT+0000 (heure moyenne de Greenwich)} @ http://localhost:3001/_next/static/chunks/0twy_next_dist_06yi1o8._.js:2482
[   60949ms] [LOG] [PostHog.js] send "$$heatmap" {uuid: 019eea14-4b1a-7091-ab4c-cabb2b82533d, event: $$heatmap, properties: Object, timestamp: Sun Jun 21 2026 12:07:39 GMT+0000 (heure moyenne de Greenwich)} @ http://localhost:3001/_next/static/chunks/0twy_next_dist_06yi1o8._.js:2482
[   81132ms] [LOG] [PostHog.js] send "$autocapture" {uuid: 019eea14-99f1-7f03-b024-b670bda1d3f1, event: $autocapture, properties: Object, timestamp: Sun Jun 21 2026 12:07:59 GMT+0000 (heure moyenne de Greenwich)} @ http://localhost:3001/_next/static/chunks/0twy_next_dist_06yi1o8._.js:2482
[   81556ms] [LOG] [PostHog.js] send "$autocapture" {uuid: 019eea14-9b9a-7432-9a7d-baee1b2986d1, event: $autocapture, properties: Object, timestamp: Sun Jun 21 2026 12:07:59 GMT+0000 (heure moyenne de Greenwich)} @ http://localhost:3001/_next/static/chunks/0twy_next_dist_06yi1o8._.js:2482
[   82140ms] [LOG] [PostHog.js] send "$autocapture" {uuid: 019eea14-9de2-7f3e-8faf-d949db1d2ebf, event: $autocapture, properties: Object, timestamp: Sun Jun 21 2026 12:08:00 GMT+0000 (heure moyenne de Greenwich)} @ http://localhost:3001/_next/static/chunks/0twy_next_dist_06yi1o8._.js:2482
[   85076ms] [LOG] [PostHog.js] send "$autocapture" {uuid: 019eea14-a959-79e4-8a58-872b7b1a39b0, event: $autocapture, properties: Object, timestamp: Sun Jun 21 2026 12:08:03 GMT+0000 (heure moyenne de Greenwich)} @ http://localhost:3001/_next/static/chunks/0twy_next_dist_06yi1o8._.js:2482
[   85948ms] [LOG] [PostHog.js] send "$$heatmap" {uuid: 019eea14-acc2-70f1-9393-11e425eb1db6, event: $$heatmap, properties: Object, timestamp: Sun Jun 21 2026 12:08:04 GMT+0000 (heure moyenne de Greenwich)} @ http://localhost:3001/_next/static/chunks/0twy_next_dist_06yi1o8._.js:2482
[   86141ms] [LOG] [PostHog.js] send "$web_vitals" {uuid: 019eea14-ad83-72e2-b4da-e8036698fdd3, event: $web_vitals, properties: Object, timestamp: Sun Jun 21 2026 12:08:04 GMT+0000 (heure moyenne de Greenwich)} @ http://localhost:3001/_next/static/chunks/0twy_next_dist_06yi1o8._.js:2482
[   86273ms] [LOG] [PostHog.js] send "$autocapture" {uuid: 019eea14-ae07-70bd-ad7d-7e01d8743d45, event: $autocapture, properties: Object, timestamp: Sun Jun 21 2026 12:08:04 GMT+0000 (heure moyenne de Greenwich)} @ http://localhost:3001/_next/static/chunks/0twy_next_dist_06yi1o8._.js:2482
[   87759ms] [LOG] [PostHog.js] send "$autocapture" {uuid: 019eea14-b3d4-77fb-a7b8-d749048d0042, event: $autocapture, properties: Object, timestamp: Sun Jun 21 2026 12:08:05 GMT+0000 (heure moyenne de Greenwich)} @ http://localhost:3001/_next/static/chunks/0twy_next_dist_06yi1o8._.js:2482
[   88707ms] [LOG] [PostHog.js] send "$autocapture" {uuid: 019eea14-b789-7980-a32c-213b1613fd7f, event: $autocapture, properties: Object, timestamp: Sun Jun 21 2026 12:08:06 GMT+0000 (heure moyenne de Greenwich)} @ http://localhost:3001/_next/static/chunks/0twy_next_dist_06yi1o8._.js:2482
[   90444ms] [LOG] [PostHog.js] send "$autocapture" {uuid: 019eea14-be51-7f73-b0c2-73d687231f18, event: $autocapture, properties: Object, timestamp: Sun Jun 21 2026 12:08:08 GMT+0000 (heure moyenne de Greenwich)} @ http://localhost:3001/_next/static/chunks/0twy_next_dist_06yi1o8._.js:2482
[   90947ms] [LOG] [PostHog.js] send "$$heatmap" {uuid: 019eea14-c049-79c6-aa85-482734765b92, event: $$heatmap, properties: Object, timestamp: Sun Jun 21 2026 12:08:09 GMT+0000 (heure moyenne de Greenwich)} @ http://localhost:3001/_next/static/chunks/0twy_next_dist_06yi1o8._.js:2482
