[     172ms] [LOG] [PostHog.js] set_config {config: Object, oldConfig: Object, newConfig: Object} @ http://localhost:3001/_next/static/chunks/036~_posthog-js_dist_module_0gzr43h.js:878
[     173ms] [LOG] [PostHog.js] Persistence loaded localStorage+cookie {distinct_id: 019eea13-5def-7b1c-975b-49305a733d4a, $sesid: Array(3), $initial_person_info: Object, $initialization_time: 2026-06-21T15:19:18.304Z, $configured_session_timeout_ms: 1800000} @ http://localhost:3001/_next/static/chunks/036~_posthog-js_dist_module_0gzr43h.js:878
[     174ms] [LOG] [PostHog.js] Persistence loaded sessionStorage {$sdk_debug_extensions_init_method: synchronous, $sdk_debug_extensions_init_time_ms: 2, $referrer: $direct, $referring_domain: $direct} @ http://localhost:3001/_next/static/chunks/036~_posthog-js_dist_module_0gzr43h.js:878
[     175ms] [LOG] [PostHog.js] Initializing extensions synchronously @ http://localhost:3001/_next/static/chunks/036~_posthog-js_dist_module_0gzr43h.js:878
[     175ms] [LOG] [PostHog.js] History API monitoring enabled, starting... @ http://localhost:3001/_next/static/chunks/036~_posthog-js_dist_module_0gzr43h.js:878
[     175ms] [LOG] [PostHog.js] [Heatmaps] starting... @ http://localhost:3001/_next/static/chunks/036~_posthog-js_dist_module_0gzr43h.js:878
[     176ms] [LOG] [PostHog.js] [Web Vitals] enabled, starting... @ http://localhost:3001/_next/static/chunks/036~_posthog-js_dist_module_0gzr43h.js:878
[     176ms] [LOG] [PostHog.js] [ExceptionAutocapture] enabled @ http://localhost:3001/_next/static/chunks/036~_posthog-js_dist_module_0gzr43h.js:878
[     176ms] [LOG] [PostHog.js] [ExceptionAutocapture] enabled @ http://localhost:3001/_next/static/chunks/036~_posthog-js_dist_module_0gzr43h.js:878
[     176ms] [LOG] [PostHog.js] Starting in debug mode {this: qo, config: Object, thisC: Object, p: Object, s: Object} @ http://localhost:3001/_next/static/chunks/036~_posthog-js_dist_module_0gzr43h.js:878
[     197ms] [INFO] %cDownload the React DevTools for a better development experience: https://react.dev/link/react-devtools font-weight:bold @ http://localhost:3001/_next/static/chunks/0twy_next_dist_06yi1o8._.js:2482
[     261ms] [LOG] [PostHog.js] send "$pageview" {uuid: 019eeac7-7faa-7afa-8084-4c5fd651c3dc, event: $pageview, properties: Object, timestamp: Sun Jun 21 2026 15:23:23 GMT+0000 (heure moyenne de Greenwich)} @ http://localhost:3001/_next/static/chunks/0twy_next_dist_06yi1o8._.js:2482
[     269ms] [LOG] [HMR] connected @ http://localhost:3001/_next/static/chunks/0twy_next_dist_06yi1o8._.js:2482
[     271ms] [LOG] [PostHog.js] [Dead Clicks] starting... @ http://localhost:3001/_next/static/chunks/0twy_next_dist_06yi1o8._.js:2482
[     273ms] [LOG] [PostHog.js] [RemoteConfig] __preview_remote_config is disabled. Logging config instead {analytics: Object, autocaptureExceptions: true, autocapture_opt_out: false, captureDeadClicks: false, capturePerformance: Object} @ http://localhost:3001/_next/static/chunks/0twy_next_dist_06yi1o8._.js:2482
[    1420ms] [LOG] [PostHog.js] Persistence loaded sessionStorage {$sdk_debug_extensions_init_method: synchronous, $sdk_debug_extensions_init_time_ms: 2, $referrer: $direct, $referring_domain: $direct} @ http://localhost:3001/_next/static/chunks/0twy_next_dist_06yi1o8._.js:2482
[    1420ms] [LOG] [PostHog.js] set_config {config: Object, oldConfig: Object, newConfig: Object} @ http://localhost:3001/_next/static/chunks/0twy_next_dist_06yi1o8._.js:2482
[    1420ms] [LOG] [PostHog.js] [ExceptionAutocapture] enabled @ http://localhost:3001/_next/static/chunks/0twy_next_dist_06yi1o8._.js:2482
[    1421ms] [LOG] [PostHog.js] [Surveys] flags response received, isSurveysEnabled: false @ http://localhost:3001/_next/static/chunks/0twy_next_dist_06yi1o8._.js:2482
[    1421ms] [LOG] [PostHog.js] [ExceptionAutocapture] enabled @ http://localhost:3001/_next/static/chunks/0twy_next_dist_06yi1o8._.js:2482
[    1426ms] [LOG] [PostHog.js] [Surveys] Surveys loaded successfully @ http://localhost:3001/_next/static/chunks/0twy_next_dist_06yi1o8._.js:2482
[    5278ms] [LOG] [PostHog.js] send "$web_vitals" {uuid: 019eeac7-934b-7f96-bc37-1797a821144d, event: $web_vitals, properties: Object, timestamp: Sun Jun 21 2026 15:23:28 GMT+0000 (heure moyenne de Greenwich)} @ http://localhost:3001/_next/static/chunks/0twy_next_dist_06yi1o8._.js:2482
[   28665ms] [LOG] [PostHog.js] send "$autocapture" {uuid: 019eeac7-eea7-76b4-bc5d-38bee081cf13, event: $autocapture, properties: Object, timestamp: Sun Jun 21 2026 15:23:51 GMT+0000 (heure moyenne de Greenwich)} @ http://localhost:3001/_next/static/chunks/0twy_next_dist_06yi1o8._.js:2482
[   30178ms] [LOG] [PostHog.js] send "$$heatmap" {uuid: 019eeac7-f48f-7bd5-b6ef-aa9c978cfe80, event: $$heatmap, properties: Object, timestamp: Sun Jun 21 2026 15:23:53 GMT+0000 (heure moyenne de Greenwich)} @ http://localhost:3001/_next/static/chunks/0twy_next_dist_06yi1o8._.js:2482
[   33733ms] [LOG] [PostHog.js] send "$web_vitals" {uuid: 019eeac8-0272-7e8d-8c35-b660372160f4, event: $web_vitals, properties: Object, timestamp: Sun Jun 21 2026 15:23:56 GMT+0000 (heure moyenne de Greenwich)} @ http://localhost:3001/_next/static/chunks/0twy_next_dist_06yi1o8._.js:2482
[   35179ms] [LOG] [PostHog.js] send "$$heatmap" {uuid: 019eeac8-0817-790b-b9e8-3b66624fe4d7, event: $$heatmap, properties: Object, timestamp: Sun Jun 21 2026 15:23:58 GMT+0000 (heure moyenne de Greenwich)} @ http://localhost:3001/_next/static/chunks/0twy_next_dist_06yi1o8._.js:2482
[   40177ms] [LOG] [PostHog.js] send "$$heatmap" {uuid: 019eeac8-1b9f-7d60-b166-511518dd5804, event: $$heatmap, properties: Object, timestamp: Sun Jun 21 2026 15:24:03 GMT+0000 (heure moyenne de Greenwich)} @ http://localhost:3001/_next/static/chunks/0twy_next_dist_06yi1o8._.js:2482
[   81777ms] [LOG] [PostHog.js] send "$autocapture" {uuid: 019eeac8-be1f-7b37-9a45-39de7f07959a, event: $autocapture, properties: Object, timestamp: Sun Jun 21 2026 15:24:44 GMT+0000 (heure moyenne de Greenwich)} @ http://localhost:3001/_next/static/chunks/0twy_next_dist_06yi1o8._.js:2482
[   85178ms] [LOG] [PostHog.js] send "$$heatmap" {uuid: 019eeac8-cb67-7ebe-bf8f-a3b80bbdd0b4, event: $$heatmap, properties: Object, timestamp: Sun Jun 21 2026 15:24:48 GMT+0000 (heure moyenne de Greenwich)} @ http://localhost:3001/_next/static/chunks/0twy_next_dist_06yi1o8._.js:2482
[  165175ms] [LOG] [PostHog.js] send "$$heatmap" {uuid: 019eeaca-03e5-735b-b359-2ec94d6537e9, event: $$heatmap, properties: Object, timestamp: Sun Jun 21 2026 15:26:08 GMT+0000 (heure moyenne de Greenwich)} @ http://localhost:3001/_next/static/chunks/0twy_next_dist_06yi1o8._.js:2482
[  175175ms] [LOG] [PostHog.js] send "$$heatmap" {uuid: 019eeaca-2af4-7dea-9a2f-dd07fe912b14, event: $$heatmap, properties: Object, timestamp: Sun Jun 21 2026 15:26:18 GMT+0000 (heure moyenne de Greenwich)} @ http://localhost:3001/_next/static/chunks/0twy_next_dist_06yi1o8._.js:2482
[  180174ms] [LOG] [PostHog.js] send "$$heatmap" {uuid: 019eeaca-3e7c-7d29-9543-455ae526146a, event: $$heatmap, properties: Object, timestamp: Sun Jun 21 2026 15:26:23 GMT+0000 (heure moyenne de Greenwich)} @ http://localhost:3001/_next/static/chunks/0twy_next_dist_06yi1o8._.js:2482
