[       3ms] [LOG] [PostHog.js] send "$$heatmap" {uuid: 019eea14-c3bc-7f9a-864c-f01a60166d53, event: $$heatmap, properties: Object, timestamp: Sun Jun 21 2026 12:08:09 GMT+0000 (heure moyenne de Greenwich)} @ http://localhost:3001/_next/static/chunks/0twy_next_dist_06yi1o8._.js:2482
[      74ms] [LOG] [PostHog.js] send "$pageleave" {uuid: 019eea14-c403-7b62-9ae9-0e96e17c976c, event: $pageleave, properties: Object, timestamp: Sun Jun 21 2026 12:08:09 GMT+0000 (heure moyenne de Greenwich)} @ http://localhost:3001/_next/static/chunks/0twy_next_dist_06yi1o8._.js:2482
[      75ms] [ERROR] [PostHog.js] TypeError: Failed to fetch
    at method (http://localhost:3001/_next/static/chunks/036~_posthog-js_dist_module_0gzr43h.js:3106:9)
    at http://localhost:3001/_next/static/chunks/036~_posthog-js_dist_module_0gzr43h.js:5682:13
    at qo._send_request (http://localhost:3001/_next/static/chunks/036~_posthog-js_dist_module_0gzr43h.js:5683:11)
    at go.retriableRequest (http://localhost:3001/_next/static/chunks/036~_posthog-js_dist_module_0gzr43h.js:4700:29)
    at qo.Kr (http://localhost:3001/_next/static/chunks/036~_posthog-js_dist_module_0gzr43h.js:5692:27)
    at fo.Te (http://localhost:3001/_next/static/chunks/036~_posthog-js_dist_module_0gzr43h.js:5531:40)
    at e (http://localhost:3001/_next/static/chunks/036~_posthog-js_dist_module_0gzr43h.js:4663:27)
    at http://localhost:3001/_next/static/chunks/036~_posthog-js_dist_module_0gzr43h.js:4665:32 @ http://localhost:3001/_next/static/chunks/0twy_next_dist_06yi1o8._.js:3323
[      76ms] [WARNING] [PostHog.js] Enqueued failed request for retry in 3715 @ http://localhost:3001/_next/static/chunks/0twy_next_dist_06yi1o8._.js:2482
[     159ms] [LOG] [PostHog.js] set_config {config: Object, oldConfig: Object, newConfig: Object} @ http://localhost:3001/_next/static/chunks/036~_posthog-js_dist_module_0gzr43h.js:878
[     159ms] [LOG] [PostHog.js] Persistence loaded localStorage+cookie {distinct_id: 019eea13-5def-7b1c-975b-49305a733d4a, $sesid: Array(3), $initial_person_info: Object, $initialization_time: 2026-06-21T12:06:38.316Z, $configured_session_timeout_ms: 1800000} @ http://localhost:3001/_next/static/chunks/036~_posthog-js_dist_module_0gzr43h.js:878
[     160ms] [LOG] [PostHog.js] Persistence loaded sessionStorage {$sdk_debug_extensions_init_method: synchronous, $sdk_debug_extensions_init_time_ms: 2, $referrer: $direct, $referring_domain: $direct} @ http://localhost:3001/_next/static/chunks/036~_posthog-js_dist_module_0gzr43h.js:878
[     160ms] [LOG] [PostHog.js] Initializing extensions synchronously @ http://localhost:3001/_next/static/chunks/036~_posthog-js_dist_module_0gzr43h.js:878
[     160ms] [LOG] [PostHog.js] History API monitoring enabled, starting... @ http://localhost:3001/_next/static/chunks/036~_posthog-js_dist_module_0gzr43h.js:878
[     160ms] [LOG] [PostHog.js] [Heatmaps] starting... @ http://localhost:3001/_next/static/chunks/036~_posthog-js_dist_module_0gzr43h.js:878
[     161ms] [LOG] [PostHog.js] [Web Vitals] enabled, starting... @ http://localhost:3001/_next/static/chunks/036~_posthog-js_dist_module_0gzr43h.js:878
[     161ms] [LOG] [PostHog.js] [ExceptionAutocapture] enabled @ http://localhost:3001/_next/static/chunks/036~_posthog-js_dist_module_0gzr43h.js:878
[     161ms] [LOG] [PostHog.js] [ExceptionAutocapture] enabled @ http://localhost:3001/_next/static/chunks/036~_posthog-js_dist_module_0gzr43h.js:878
[     161ms] [LOG] [PostHog.js] Starting in debug mode {this: qo, config: Object, thisC: Object, p: Object, s: Object} @ http://localhost:3001/_next/static/chunks/036~_posthog-js_dist_module_0gzr43h.js:878
[     164ms] [INFO] %cDownload the React DevTools for a better development experience: https://react.dev/link/react-devtools font-weight:bold @ http://localhost:3001/_next/static/chunks/0twy_next_dist_06yi1o8._.js:2482
[     173ms] [LOG] [PostHog.js] [Dead Clicks] starting... @ http://localhost:3001/_next/static/chunks/0twy_next_dist_06yi1o8._.js:2482
[     173ms] [LOG] [PostHog.js] [RemoteConfig] __preview_remote_config is disabled. Logging config instead {analytics: Object, autocaptureExceptions: true, autocapture_opt_out: false, captureDeadClicks: false, capturePerformance: Object} @ http://localhost:3001/_next/static/chunks/0twy_next_dist_06yi1o8._.js:2482
[     178ms] [LOG] [PostHog.js] send "$pageview" {uuid: 019eea14-c46a-777e-ba7e-cc37f3dfcc58, event: $pageview, properties: Object, timestamp: Sun Jun 21 2026 12:08:10 GMT+0000 (heure moyenne de Greenwich)} @ http://localhost:3001/_next/static/chunks/0twy_next_dist_06yi1o8._.js:2482
[     190ms] [LOG] [HMR] connected @ http://localhost:3001/_next/static/chunks/0twy_next_dist_06yi1o8._.js:2482
[     682ms] [LOG] [PostHog.js] Persistence loaded sessionStorage {$sdk_debug_extensions_init_method: synchronous, $sdk_debug_extensions_init_time_ms: 1, $referrer: $direct, $referring_domain: $direct} @ http://localhost:3001/_next/static/chunks/0twy_next_dist_06yi1o8._.js:2482
[     682ms] [LOG] [PostHog.js] set_config {config: Object, oldConfig: Object, newConfig: Object} @ http://localhost:3001/_next/static/chunks/0twy_next_dist_06yi1o8._.js:2482
[     682ms] [LOG] [PostHog.js] [ExceptionAutocapture] enabled @ http://localhost:3001/_next/static/chunks/0twy_next_dist_06yi1o8._.js:2482
[     683ms] [LOG] [PostHog.js] [Surveys] flags response received, isSurveysEnabled: false @ http://localhost:3001/_next/static/chunks/0twy_next_dist_06yi1o8._.js:2482
[     683ms] [LOG] [PostHog.js] [ExceptionAutocapture] enabled @ http://localhost:3001/_next/static/chunks/0twy_next_dist_06yi1o8._.js:2482
[     684ms] [LOG] [PostHog.js] [Surveys] Surveys loaded successfully @ http://localhost:3001/_next/static/chunks/0twy_next_dist_06yi1o8._.js:2482
[    1582ms] [LOG] [PostHog.js] send "$autocapture" {uuid: 019eea14-c9e6-7753-9ab8-abdd92509869, event: $autocapture, properties: Object, timestamp: Sun Jun 21 2026 12:08:11 GMT+0000 (heure moyenne de Greenwich)} @ http://localhost:3001/_next/static/chunks/0twy_next_dist_06yi1o8._.js:2482
[    2583ms] [LOG] [PostHog.js] send "$autocapture" {uuid: 019eea14-cdcf-74f0-be13-b7b426f74b61, event: $autocapture, properties: Object, timestamp: Sun Jun 21 2026 12:08:12 GMT+0000 (heure moyenne de Greenwich)} @ http://localhost:3001/_next/static/chunks/0twy_next_dist_06yi1o8._.js:2482
[    5164ms] [LOG] [PostHog.js] send "$$heatmap" {uuid: 019eea14-d7e3-7cb4-a1a4-0a82aed2a05d, event: $$heatmap, properties: Object, timestamp: Sun Jun 21 2026 12:08:15 GMT+0000 (heure moyenne de Greenwich)} @ http://localhost:3001/_next/static/chunks/0twy_next_dist_06yi1o8._.js:2482
[    5182ms] [LOG] [PostHog.js] send "$web_vitals" {uuid: 019eea14-d7f6-7a1a-b4ce-33b89b0c53d0, event: $web_vitals, properties: Object, timestamp: Sun Jun 21 2026 12:08:15 GMT+0000 (heure moyenne de Greenwich)} @ http://localhost:3001/_next/static/chunks/0twy_next_dist_06yi1o8._.js:2482
[   10163ms] [LOG] [PostHog.js] send "$$heatmap" {uuid: 019eea14-eb6b-7e34-944c-1a8252398b20, event: $$heatmap, properties: Object, timestamp: Sun Jun 21 2026 12:08:20 GMT+0000 (heure moyenne de Greenwich)} @ http://localhost:3001/_next/static/chunks/0twy_next_dist_06yi1o8._.js:2482
[   55162ms] [LOG] [PostHog.js] send "$$heatmap" {uuid: 019eea15-9b33-7b29-828b-541d60402ce5, event: $$heatmap, properties: Object, timestamp: Sun Jun 21 2026 12:09:05 GMT+0000 (heure moyenne de Greenwich)} @ http://localhost:3001/_next/static/chunks/0twy_next_dist_06yi1o8._.js:2482
[   59293ms] [LOG] [Fast Refresh] rebuilding @ http://localhost:3001/_next/static/chunks/0twy_next_dist_06yi1o8._.js:2482
[   59469ms] [LOG] [Fast Refresh] done in 231ms @ http://localhost:3001/_next/static/chunks/0twy_next_dist_06yi1o8._.js:2482
[   70165ms] [LOG] [PostHog.js] send "$$heatmap" {uuid: 019eea15-d5cc-739c-a38e-e1b12f089ca5, event: $$heatmap, properties: Object, timestamp: Sun Jun 21 2026 12:09:20 GMT+0000 (heure moyenne de Greenwich)} @ http://localhost:3001/_next/static/chunks/0twy_next_dist_06yi1o8._.js:2482
[   71633ms] [LOG] [PostHog.js] send "$autocapture" {uuid: 019eea15-db89-7600-b89d-23a6b334b5a7, event: $autocapture, properties: Object, timestamp: Sun Jun 21 2026 12:09:21 GMT+0000 (heure moyenne de Greenwich)} @ http://localhost:3001/_next/static/chunks/0twy_next_dist_06yi1o8._.js:2482
[   72579ms] [LOG] [PostHog.js] send "$autocapture" {uuid: 019eea15-df3c-74eb-a28f-13a3bf4bce9b, event: $autocapture, properties: Object, timestamp: Sun Jun 21 2026 12:09:22 GMT+0000 (heure moyenne de Greenwich)} @ http://localhost:3001/_next/static/chunks/0twy_next_dist_06yi1o8._.js:2482
[   74113ms] [LOG] [PostHog.js] send "$autocapture" {uuid: 019eea15-e53a-752d-a901-6625f21d266f, event: $autocapture, properties: Object, timestamp: Sun Jun 21 2026 12:09:24 GMT+0000 (heure moyenne de Greenwich)} @ http://localhost:3001/_next/static/chunks/0twy_next_dist_06yi1o8._.js:2482
[   75162ms] [LOG] [PostHog.js] send "$$heatmap" {uuid: 019eea15-e952-772c-ac17-33f92df62385, event: $$heatmap, properties: Object, timestamp: Sun Jun 21 2026 12:09:25 GMT+0000 (heure moyenne de Greenwich)} @ http://localhost:3001/_next/static/chunks/0twy_next_dist_06yi1o8._.js:2482
[   75165ms] [LOG] [PostHog.js] send "$autocapture" {uuid: 019eea15-e956-71ab-8888-28ab9b0eb417, event: $autocapture, properties: Object, timestamp: Sun Jun 21 2026 12:09:25 GMT+0000 (heure moyenne de Greenwich)} @ http://localhost:3001/_next/static/chunks/0twy_next_dist_06yi1o8._.js:2482
